

-------------------------------------------
             [ASteCA v0.2.0-beta]
-------------------------------------------

Checking input parameters...

  WARNING: params_input_01.dat file does not exist.
  Falling back to 'params_input.dat' file.

PARSEC v1.1 theoretical isochrones read,
interpolated and stored:
  23 metallicity values (z),
  83 age values (per z),
  21 reddening values,
  9 distance values,
  101 mass values,
  1 binary fraction values.
  = 3.6e+07 approx total models.

Full check done.

(Force matplotlib to not use any Xwindows backend)

Analyzing cluster NGC419 (semi).
 Set max extinction value: 0.1, step: 0.02
 SMC cluster
Data obtained from input file (N_stars: 102649).
Frame's 2D histogram obtained
Semi center fixed: (6960, 1930) px.
Radial density profile (RDP) calculated.
Field density calculated (9.1E-03 stars/px^2).
Semi radius set: 460 px.
Core & tidal radii obtained: 466.5, 918.4 px.
Stars accepted/rejected based on their errors.
Stars separated in/out of cluster's boundaries.
Area of cluster obtained.
Approximate number of members in cluster obtained (2359).
Contamination index obtained (0.72).
Using defined number of field regions (10).
LF and completeness magnitude levels obtained.
Integrated color magnitude distribution obtained (1.38).
Obtaining KDE p-value for cluster vs field regions.
  15% done
  30% done
  50% done
  70% done
  85% done
  100% done
Probability of physical cluster obtained (1.00).
Applying decontamination algorithm.
  25% done
  50% done
  MPs converged. Breaking out (714).
Reduced membership function applied.
Membership probabilities saved to file.
Searching for optimal parameters.
Optimization terminated successfully.
         Current function value: -2858.070728
         Iterations: 16
         Function evaluations: 46
Optimization terminated successfully.
         Current function value: -1370.809122
         Iterations: 15
         Function evaluations: 42
-3.327 6.228 12.707 26.286
Using Genetic Algorithm (dolphin; knuth).
   10% done       (0.009591, 8.95, 0.06, 18.88, 30100, 0.5)
   20% done       (0.009591, 8.95, 0.06, 18.88, 30100, 0.5)
   30% done       (0.009591, 8.95, 0.06, 18.88, 30100, 0.5)
   40% done       (0.009591, 8.95, 0.06, 18.88, 30100, 0.5)
   50% done       (0.009591, 8.95, 0.06, 18.88, 30100, 0.5)
Best fit parameters obtained.
Begin bootstrap process (10).
Optimization terminated successfully.
         Current function value: -2842.869525
         Iterations: 16
         Function evaluations: 46
Optimization terminated successfully.
         Current function value: -1361.184447
         Iterations: 15
         Function evaluations: 43
-3.327 6.228 12.707 26.286
  10% done
Optimization terminated successfully.
         Current function value: -2931.587628
         Iterations: 16
         Function evaluations: 45
Optimization terminated successfully.
         Current function value: -1394.643219
         Iterations: 17
         Function evaluations: 48
-3.327 6.228 12.707 26.286
  20% done
Optimization terminated successfully.
         Current function value: -2305.959123
         Iterations: 16
         Function evaluations: 46
Optimization terminated successfully.
         Current function value: -1388.563211
         Iterations: 15
         Function evaluations: 42
-3.327 5.175 12.707 26.286
  30% done
Optimization terminated successfully.
         Current function value: -2699.539077
         Iterations: 17
         Function evaluations: 48
Optimization terminated successfully.
         Current function value: -1267.142232
         Iterations: 15
         Function evaluations: 42
-2.792 6.228 12.957 26.286
  40% done
Optimization terminated successfully.
         Current function value: -2893.591170
         Iterations: 17
         Function evaluations: 48
Optimization terminated successfully.
         Current function value: -1458.978567
         Iterations: 15
         Function evaluations: 42
-3.327 6.228 12.707 26.286
  50% done
Optimization terminated successfully.
         Current function value: -2469.906625
         Iterations: 16
         Function evaluations: 46
Optimization terminated successfully.
         Current function value: -1386.485432
         Iterations: 15
         Function evaluations: 42
-3.327 5.628 12.707 26.286
  60% done
Optimization terminated successfully.
         Current function value: -2568.579140
         Iterations: 16
         Function evaluations: 46
Optimization terminated successfully.
         Current function value: -1321.896820
         Iterations: 16
         Function evaluations: 46
-2.83 6.228 12.957 26.246
  70% done
Optimization terminated successfully.
         Current function value: -2744.216411
         Iterations: 16
         Function evaluations: 46
Optimization terminated successfully.
         Current function value: -1382.452966
         Iterations: 15
         Function evaluations: 43
-3.327 6.228 12.707 26.286
  80% done
Optimization terminated successfully.
         Current function value: -2191.902087
         Iterations: 17
         Function evaluations: 48
Optimization terminated successfully.
         Current function value: -1435.017288
         Iterations: 15
         Function evaluations: 43
-2.83 5.354 12.957 26.286
  90% done
Optimization terminated successfully.
         Current function value: -2871.335544
         Iterations: 16
         Function evaluations: 46
Optimization terminated successfully.
         Current function value: -1390.068832
         Iterations: 15
         Function evaluations: 42
-3.327 6.228 12.707 26.286
  100% done
Best fit synthetic cluster saved to file.
Output data file created.
Cluster's parameters and flags added to output file.
Plots created.
Photometric data file moved.
End of analysis for NGC419 in 9853m 34s.

Full iteration completed in 9853m 50s.
