

-------------------------------------------
             [ASteCA v0.1.9-beta]
-------------------------------------------

  WARNING: params_input_10.dat file does not exist.
  Falling back to 'params_input.dat' file.

PARSEC v1.1 theoretical isochrones read,
interpolated and stored:
  23 metallicity values (z),
  83 age values (per z),
  21 reddening values,
  9 distance values,
  51 mass values,
  1 binary fraction values.
  = 1.8e+07 approx total models.
Full check done.

(Force matplotlib to not use any Xwindows backend)

Analyzing cluster NGC1860 (semi).
 Set max extinction value: 0.08, step: 0.01
 LMC cluster
Data obtained from input file (N_stars: 41455).
Frame's 2D histogram obtained
Semi center found: (1606.9, 1183.47) px.
Radial density profile (RDP) calculated.
Field density calculated (9.6E-03 stars/px^2).
Auto radius found: 133.705 px.
Tidal radius obtained: 289.511 px.
Stars accepted/rejected based on their errors.
Stars separated in/out of cluster's boundaries.
Area of cluster obtained.
Approximate number of members in cluster obtained (190).
Contamination index obtained (0.74).
Using defined number of field regions (10).
LF and completeness magnitude levels obtained.
Integrated color magnitude distribution obtained (-0.33).
Obtaining KDE p-value for cluster vs field regions.
  15% done
  30% done
  50% done
  70% done
  85% done
  100% done
Probability of physical cluster obtained (1.00).
Applying decontamination algorithm.
  25% done
  50% done
  MPs converged. Breaking out (527).
Reduced membership function skipped.
Membership probabilities saved to file.
Searching for optimal parameters.
Optimization terminated successfully.
         Current function value: -265.343125
         Iterations: 15
         Function evaluations: 44
Optimization terminated successfully.
         Current function value: -237.365035
         Iterations: 15
         Function evaluations: 42
Using Genetic Algorithm (dolphin; knuth).
   10% done       (0.007618, 8.75, 0.05, 18.46, 9810, 0.5)
   20% done       (0.007618, 8.75, 0.05, 18.46, 9810, 0.5)
   30% done       (0.007618, 8.75, 0.05, 18.46, 9810, 0.5)
   40% done       (0.009591, 8.8, 0.01, 18.58, 8410, 0.5)
   50% done       (0.009591, 8.8, 0.01, 18.58, 8410, 0.5)
   60% done       (0.009591, 8.8, 0.01, 18.58, 8410, 0.5)
   70% done       (0.009591, 8.8, 0.01, 18.58, 8410, 0.5)
   80% done       (0.009591, 8.8, 0.01, 18.58, 8410, 0.5)
Best fit params obtained.
Begin bootstrap process (10).
Optimization terminated successfully.
         Current function value: -261.114338
         Iterations: 15
         Function evaluations: 44
Optimization terminated successfully.
         Current function value: -239.321192
         Iterations: 15
         Function evaluations: 43
  10% done
Optimization terminated successfully.
         Current function value: -245.224026
         Iterations: 15
         Function evaluations: 44
Optimization terminated successfully.
         Current function value: -167.852456
         Iterations: 16
         Function evaluations: 44
  20% done
Optimization terminated successfully.
         Current function value: -261.571655
         Iterations: 15
         Function evaluations: 43
Optimization terminated successfully.
         Current function value: -228.032208
         Iterations: 15
         Function evaluations: 44
  30% done
Optimization terminated successfully.
         Current function value: -255.800654
         Iterations: 15
         Function evaluations: 44
Optimization terminated successfully.
         Current function value: -214.921896
         Iterations: 15
         Function evaluations: 44
  40% done
Optimization terminated successfully.
         Current function value: -251.956901
         Iterations: 16
         Function evaluations: 45
Optimization terminated successfully.
         Current function value: -251.709490
         Iterations: 15
         Function evaluations: 44
  50% done
Optimization terminated successfully.
         Current function value: -271.132281
         Iterations: 18
         Function evaluations: 49
Optimization terminated successfully.
         Current function value: -245.714021
         Iterations: 15
         Function evaluations: 43
  60% done
Optimization terminated successfully.
         Current function value: -274.986424
         Iterations: 15
         Function evaluations: 44
Optimization terminated successfully.
         Current function value: -237.612820
         Iterations: 17
         Function evaluations: 47
  70% done
Optimization terminated successfully.
         Current function value: -241.380405
         Iterations: 19
         Function evaluations: 52
Optimization terminated successfully.
         Current function value: -237.361450
         Iterations: 17
         Function evaluations: 47
  80% done
Optimization terminated successfully.
         Current function value: -292.296658
         Iterations: 15
         Function evaluations: 44
Optimization terminated successfully.
         Current function value: -211.977240
         Iterations: 16
         Function evaluations: 45
  90% done
Optimization terminated successfully.
         Current function value: -274.032399
         Iterations: 15
         Function evaluations: 44
Optimization terminated successfully.
         Current function value: -201.628440
         Iterations: 15
         Function evaluations: 44
  100% done
Best fit synthetic cluster saved to file.
Cluster's parameters and flags added to output file.
Top tier models saved to file and plotted.
Plots created.
Photometric data file moved.
End of analysis for NGC1860 in 1381m 37s.

Full iteration completed in 1381m 54s.
