

-------------------------------------------
             [ASteCA v0.1.9-beta]
-------------------------------------------

  WARNING: params_input_05.dat file does not exist.
  Falling back to 'params_input.dat' file.

PARSEC v1.1 theoretical isochrones read,
interpolated and stored:
  23 metallicity values (z),
  83 age values (per z),
  21 reddening values,
  9 distance values,
  51 mass values,
  1 binary fraction values.
  = 1.8e+07 approx total models.
Full check done.

(Force matplotlib to not use any Xwindows backend)

Analyzing cluster L91 (semi).
 Set max extinction value: 0.1, step: 0.02
 SMC cluster
Data obtained from input file (N_stars: 59217).
Frame's 2D histogram obtained
Semi center found: (3807.35, 6395.27) px.
Radial density profile (RDP) calculated.
Field density calculated (4.9E-03 stars/px^2).
Auto radius found: 250.677 px.
Tidal radius obtained: 591.828 px.
Stars accepted/rejected based on their errors.
Stars separated in/out of cluster's boundaries.
Area of cluster obtained.
Approximate number of members in cluster obtained (620).
Contamination index obtained (0.61).
Using defined number of field regions (10).
LF and completeness magnitude levels obtained.
Integrated color magnitude distribution obtained (1.09).
Obtaining KDE p-value for cluster vs field regions.
  15% done
  30% done
  50% done
  70% done
  85% done
  100% done
Probability of physical cluster obtained (0.87).
Applying decontamination algorithm.
  25% done
  50% done
  MPs converged. Breaking out (510).
Reduced membership function skipped.
Membership probabilities saved to file.
Searching for optimal parameters.
Optimization terminated successfully.
         Current function value: -1058.304241
         Iterations: 17
         Function evaluations: 48
Optimization terminated successfully.
         Current function value: -841.121864
         Iterations: 16
         Function evaluations: 47
Using Genetic Algorithm (dolphin; knuth).
   10% done       (0.006051, 9.1, 0.1, 18.96, 8810, 0.5)
   20% done       (0.006051, 9.15, 0.08, 18.96, 8210, 0.5)
   30% done       (0.006051, 9.15, 0.08, 18.96, 8210, 0.5)
   40% done       (0.006051, 9.15, 0.08, 18.96, 8210, 0.5)
   50% done       (0.006051, 9.15, 0.08, 18.96, 8210, 0.5)
Best fit params obtained.
Begin bootstrap process (10).
Optimization terminated successfully.
         Current function value: -1058.419518
         Iterations: 16
         Function evaluations: 45
Optimization terminated successfully.
         Current function value: -833.791343
         Iterations: 18
         Function evaluations: 49
  10% done
Optimization terminated successfully.
         Current function value: -896.635249
         Iterations: 16
         Function evaluations: 46
Optimization terminated successfully.
         Current function value: -782.500417
         Iterations: 16
         Function evaluations: 46
  20% done
Optimization terminated successfully.
         Current function value: -1084.520161
         Iterations: 17
         Function evaluations: 47
Optimization terminated successfully.
         Current function value: -828.862449
         Iterations: 16
         Function evaluations: 45
  30% done
Optimization terminated successfully.
         Current function value: -1066.577077
         Iterations: 17
         Function evaluations: 47
Optimization terminated successfully.
         Current function value: -747.836716
         Iterations: 16
         Function evaluations: 46
  40% done
Optimization terminated successfully.
         Current function value: -1092.929211
         Iterations: 16
         Function evaluations: 46
Optimization terminated successfully.
         Current function value: -802.406066
         Iterations: 16
         Function evaluations: 45
  50% done
Optimization terminated successfully.
         Current function value: -1085.418804
         Iterations: 16
         Function evaluations: 45
Optimization terminated successfully.
         Current function value: -831.063047
         Iterations: 16
         Function evaluations: 45
  60% done
Optimization terminated successfully.
         Current function value: -1041.446886
         Iterations: 16
         Function evaluations: 45
Optimization terminated successfully.
         Current function value: -804.286009
         Iterations: 16
         Function evaluations: 46
  70% done
Optimization terminated successfully.
         Current function value: -1145.064397
         Iterations: 19
         Function evaluations: 51
Optimization terminated successfully.
         Current function value: -765.737283
         Iterations: 16
         Function evaluations: 45
  80% done
Optimization terminated successfully.
         Current function value: -1071.221311
         Iterations: 16
         Function evaluations: 45
Optimization terminated successfully.
         Current function value: -846.233510
         Iterations: 16
         Function evaluations: 45
  90% done
Optimization terminated successfully.
         Current function value: -1047.196896
         Iterations: 17
         Function evaluations: 47
Optimization terminated successfully.
         Current function value: -892.225929
         Iterations: 16
         Function evaluations: 45
  100% done
Best fit synthetic cluster saved to file.
Cluster's parameters and flags added to output file.
Top tier models saved to file and plotted.
Plots created.
Photometric data file moved.
End of analysis for L91 in 1700m 7s.

Full iteration completed in 1700m 25s.
