

-------------------------------------------
             [ASteCA v0.1.9-beta]
-------------------------------------------

  WARNING: params_input_24.dat file does not exist.
  Falling back to 'params_input.dat' file.

PARSEC v1.1 theoretical isochrones read,
interpolated and stored:
  23 metallicity values (z),
  83 age values (per z),
  21 reddening values,
  9 distance values,
  51 mass values,
  1 binary fraction values.
  = 1.8e+07 approx total models.
Full check done.

(Force matplotlib to not use any Xwindows backend)

Analyzing cluster H88-269 (semi).
 Set max extinction value: 0.14, step: 0.02
 LMC cluster
Data obtained from input file (N_stars: 7290).
Frame's 2D histogram obtained
Semi center fixed: (2760, 4314) px.
Radial density profile (RDP) calculated.
Field density calculated (9.0E-03 stars/px^2).
Semi radius set: 73 px.
Tidal radius obtained: 294.413 px.
Stars accepted/rejected based on their errors.
Stars separated in/out of cluster's boundaries.
Area of cluster obtained.
Approximate number of members in cluster obtained (25).
Contamination index obtained (0.86).
Using defined number of field regions (7).
LF and completeness magnitude levels obtained.
Integrated color magnitude distribution obtained (0.06).
Obtaining KDE p-value for cluster vs field regions.
  15% done
  30% done
  50% done
  70% done
  85% done
  100% done
Probability of physical cluster obtained (0.98).
Applying decontamination algorithm.
  25% done
  MPs converged. Breaking out (387).
  WARNING: the number of estimated true cluster members
  (structural vs. photometric) differ greatly.
Reduced membership function skipped.
Membership probabilities saved to file.
Searching for optimal parameters.
Optimization terminated successfully.
         Current function value: -66.509800
         Iterations: 16
         Function evaluations: 44
Optimization terminated successfully.
         Current function value: -26.331040
         Iterations: 14
         Function evaluations: 41
Using Genetic Algorithm (dolphin; knuth).
   10% done       (0.0152, 8.9, 0.08, 18.44, 4010, 0.5)
   20% done       (0.0152, 8.9, 0.08, 18.44, 4010, 0.5)
   30% done       (0.0152, 8.85, 0.1, 18.44, 2810, 0.5)
   40% done       (0.0152, 8.85, 0.1, 18.44, 2810, 0.5)
   50% done       (0.0152, 8.85, 0.1, 18.44, 2810, 0.5)
   60% done       (0.0152, 8.85, 0.1, 18.44, 2810, 0.5)
Best fit params obtained.
Begin bootstrap process (10).
Optimization terminated successfully.
         Current function value: -61.849503
         Iterations: 14
         Function evaluations: 41
Optimization terminated successfully.
         Current function value: -26.634379
         Iterations: 14
         Function evaluations: 41
  10% done
Optimization terminated successfully.
         Current function value: -40.832495
         Iterations: 14
         Function evaluations: 41
Optimization terminated successfully.
         Current function value: -24.668604
         Iterations: 15
         Function evaluations: 42
  20% done
Optimization terminated successfully.
         Current function value: -69.763386
         Iterations: 15
         Function evaluations: 42
Optimization terminated successfully.
         Current function value: -14.898942
         Iterations: 15
         Function evaluations: 42
  30% done
Optimization terminated successfully.
         Current function value: -37.532227
         Iterations: 16
         Function evaluations: 45
Optimization terminated successfully.
         Current function value: -23.990659
         Iterations: 15
         Function evaluations: 42
  40% done
Optimization terminated successfully.
         Current function value: -45.087151
         Iterations: 14
         Function evaluations: 41
Optimization terminated successfully.
         Current function value: -29.325939
         Iterations: 14
         Function evaluations: 41
  50% done
Optimization terminated successfully.
         Current function value: -45.094915
         Iterations: 14
         Function evaluations: 41
Optimization terminated successfully.
         Current function value: -25.305477
         Iterations: 15
         Function evaluations: 42
  60% done
Optimization terminated successfully.
         Current function value: -56.534172
         Iterations: 16
         Function evaluations: 44
Optimization terminated successfully.
         Current function value: -28.039997
         Iterations: 14
         Function evaluations: 41
  70% done
Optimization terminated successfully.
         Current function value: -78.888859
         Iterations: 16
         Function evaluations: 44
Optimization terminated successfully.
         Current function value: -38.448367
         Iterations: 15
         Function evaluations: 42
  80% done
Optimization terminated successfully.
         Current function value: -65.089756
         Iterations: 15
         Function evaluations: 42
Optimization terminated successfully.
         Current function value: -26.599700
         Iterations: 14
         Function evaluations: 41
  90% done
Optimization terminated successfully.
         Current function value: -66.666774
         Iterations: 15
         Function evaluations: 42
Optimization terminated successfully.
         Current function value: -14.893650
         Iterations: 14
         Function evaluations: 41
  100% done
Best fit synthetic cluster saved to file.
Cluster's parameters and flags added to output file.
Plots created.
Photometric data file moved.
End of analysis for H88-269 in 1863m 4s.

Full iteration completed in 1863m 17s.
