

-------------------------------------------
             [ASteCA v0.1.9-beta]
-------------------------------------------

  WARNING: params_input_15.dat file does not exist.
  Falling back to 'params_input.dat' file.

PARSEC v1.1 theoretical isochrones read,
interpolated and stored:
  23 metallicity values (z),
  83 age values (per z),
  21 reddening values,
  9 distance values,
  51 mass values,
  1 binary fraction values.
  = 1.8e+07 approx total models.
Full check done.

(Force matplotlib to not use any Xwindows backend)

Analyzing cluster KMHK979 (semi).
 Set max extinction value: 0.08, step: 0.01
 LMC cluster
Data obtained from input file (N_stars: 33823).
Frame's 2D histogram obtained
Semi center fixed: (387, 7390) px.
Radial density profile (RDP) calculated.
Field density calculated (7.9E-03 stars/px^2).
Semi radius set: 73 px.
Tidal radius obtained: 72.4985 px.
Stars accepted/rejected based on their errors.
Stars separated in/out of cluster's boundaries.
Area of cluster obtained.
  WARNING: only 0 true members estimated in cluster region.
  WARNING: CI value obtained is too high: 1.25
Using defined number of field regions (15).
LF and completeness magnitude levels obtained.
Integrated color magnitude distribution obtained (-0.35).
Obtaining KDE p-value for cluster vs field regions.
  15% done
  30% done
  50% done
  70% done
  85% done
  100% done
Probability of physical cluster obtained (0.72).
Applying decontamination algorithm.
  MPs converged. Breaking out (1).
  WARNING: the number of estimated true cluster members
  (structural vs. photometric) differ greatly.
Reduced membership function skipped.
Membership probabilities saved to file.
Searching for optimal parameters.
Optimization terminated successfully.
         Current function value: -16.967602
         Iterations: 17
         Function evaluations: 47
Optimization terminated successfully.
         Current function value: -3.432610
         Iterations: 14
         Function evaluations: 39
Using Genetic Algorithm (dolphin; knuth).
   10% done       (0.0152, 7.9, 0.06, 18.44, 1210, 0.5)
   20% done       (0.0152, 7.9, 0.06, 18.44, 1210, 0.5)
   30% done       (0.0152, 7.9, 0.06, 18.44, 1210, 0.5)
   40% done       (0.0152, 7.9, 0.06, 18.44, 1210, 0.5)
   50% done       (0.0152, 7.25, 0.07, 18.42, 610, 0.5)
   60% done       (0.0152, 7.25, 0.07, 18.42, 610, 0.5)
   70% done       (0.0152, 7.25, 0.07, 18.42, 610, 0.5)
   80% done       (0.0152, 7.25, 0.07, 18.42, 610, 0.5)
Best fit params obtained.
Begin bootstrap process (10).
Optimization terminated successfully.
         Current function value: -5.190655
         Iterations: 15
         Function evaluations: 42
Optimization terminated successfully.
         Current function value: -4.293921
         Iterations: 14
         Function evaluations: 39
  10% done
Optimization terminated successfully.
         Current function value: -6.716197
         Iterations: 15
         Function evaluations: 42
Optimization terminated successfully.
         Current function value: -3.759247
         Iterations: 13
         Function evaluations: 38
  20% done
Optimization terminated successfully.
         Current function value: -5.829519
         Iterations: 14
         Function evaluations: 39
Optimization terminated successfully.
         Current function value: -3.783051
         Iterations: 14
         Function evaluations: 39
  30% done
Optimization terminated successfully.
         Current function value: -28.722862
         Iterations: 14
         Function evaluations: 41
Optimization terminated successfully.
         Current function value: -6.980081
         Iterations: 13
         Function evaluations: 38
  40% done
Optimization terminated successfully.
         Current function value: -21.348096
         Iterations: 16
         Function evaluations: 45
Optimization terminated successfully.
         Current function value: -6.396985
         Iterations: 14
         Function evaluations: 39
  50% done
Optimization terminated successfully.
         Current function value: -27.525252
         Iterations: 16
         Function evaluations: 45
Optimization terminated successfully.
         Current function value: -15.601915
         Iterations: 14
         Function evaluations: 41
  60% done
Optimization terminated successfully.
         Current function value: -21.844719
         Iterations: 16
         Function evaluations: 45
Optimization terminated successfully.
         Current function value: -8.476748
         Iterations: 13
         Function evaluations: 38
  70% done
Optimization terminated successfully.
         Current function value: -21.010647
         Iterations: 17
         Function evaluations: 47
Optimization terminated successfully.
         Current function value: -6.458002
         Iterations: 13
         Function evaluations: 38
  80% done
Optimization terminated successfully.
         Current function value: -29.237040
         Iterations: 18
         Function evaluations: 50
Optimization terminated successfully.
         Current function value: -11.073826
         Iterations: 14
         Function evaluations: 41
  90% done
Optimization terminated successfully.
         Current function value: -9.516099
         Iterations: 15
         Function evaluations: 42
Optimization terminated successfully.
         Current function value: 4.290722
         Iterations: 13
         Function evaluations: 38
  100% done
Best fit synthetic cluster saved to file.
Cluster's parameters and flags added to output file.
Plots created.
Photometric data file moved.
End of analysis for KMHK979 in 1237m 41s.

Full iteration completed in 1237m 57s.
