

-------------------------------------------
             [ASteCA v0.1.9-beta]
-------------------------------------------

  WARNING: params_input_01.dat file does not exist.
  Falling back to 'params_input.dat' file.

PARSEC v1.1 theoretical isochrones read,
interpolated and stored:
  23 metallicity values (z),
  83 age values (per z),
  21 reddening values,
  9 distance values,
  51 mass values,
  1 binary fraction values.
  = 1.8e+07 approx total models.
Full check done.

(Force matplotlib to not use any Xwindows backend)

Analyzing cluster H88-245 (semi).
 Set max extinction value: 0.12, step: 0.02
 LMC cluster
Data obtained from input file (N_stars: 107964).
Frame's 2D histogram obtained
Semi center fixed: (2750, 1625) px.
Radial density profile (RDP) calculated.
Field density calculated (9.5E-03 stars/px^2).
Semi radius set: 70 px.
  WARNING: tidal radius could not be obtained.
Stars accepted/rejected based on their errors.
Stars separated in/out of cluster's boundaries.
Area of cluster obtained.
Approximate number of members in cluster obtained (20).
Contamination index obtained (0.88).
Using defined number of field regions (10).
LF and completeness magnitude levels obtained.
Integrated color magnitude distribution obtained (1.16).
Obtaining KDE p-value for cluster vs field regions.
  15% done
  30% done
  50% done
  70% done
  85% done
  100% done
Probability of physical cluster obtained (0.41).
Applying decontamination algorithm.
  25% done
  50% done
  75% done
  MPs converged. Breaking out (797).
  WARNING: the number of estimated true cluster members
  (structural vs. photometric) differ greatly.
Reduced membership function skipped.
Membership probabilities saved to file.
Searching for optimal parameters.
Optimization terminated successfully.
         Current function value: -40.072381
         Iterations: 14
         Function evaluations: 41
Optimization terminated successfully.
         Current function value: -26.192895
         Iterations: 15
         Function evaluations: 42
Using Genetic Algorithm (dolphin; knuth).
   10% done       (0.007618, 9, 0.08, 18.44, 1610, 0.5)
   20% done       (0.007618, 9, 0.08, 18.44, 1610, 0.5)
   30% done       (0.007618, 9, 0.08, 18.44, 1610, 0.5)
   40% done       (0.007618, 9, 0.08, 18.44, 1610, 0.5)
Best fit params obtained.
Begin bootstrap process (10).
Optimization terminated successfully.
         Current function value: -11.235932
         Iterations: 14
         Function evaluations: 41
Optimization terminated successfully.
         Current function value: -28.579013
         Iterations: 14
         Function evaluations: 41
  10% done
Optimization terminated successfully.
         Current function value: -44.482388
         Iterations: 14
         Function evaluations: 41
Optimization terminated successfully.
         Current function value: -27.352970
         Iterations: 14
         Function evaluations: 41
  20% done
Optimization terminated successfully.
         Current function value: -37.191254
         Iterations: 14
         Function evaluations: 41
Optimization terminated successfully.
         Current function value: -21.018119
         Iterations: 14
         Function evaluations: 41
  30% done
Optimization terminated successfully.
         Current function value: -44.935538
         Iterations: 14
         Function evaluations: 41
Optimization terminated successfully.
         Current function value: -29.998569
         Iterations: 14
         Function evaluations: 41
  40% done
Optimization terminated successfully.
         Current function value: -41.290388
         Iterations: 15
         Function evaluations: 42
Optimization terminated successfully.
         Current function value: -25.253104
         Iterations: 14
         Function evaluations: 41
  50% done
Optimization terminated successfully.
         Current function value: -3.722696
         Iterations: 14
         Function evaluations: 39
Optimization terminated successfully.
         Current function value: -32.258886
         Iterations: 14
         Function evaluations: 41
  60% done
Optimization terminated successfully.
         Current function value: -42.439693
         Iterations: 14
         Function evaluations: 41
Optimization terminated successfully.
         Current function value: -21.424381
         Iterations: 15
         Function evaluations: 42
  70% done
Optimization terminated successfully.
         Current function value: -11.113153
         Iterations: 15
         Function evaluations: 42
Optimization terminated successfully.
         Current function value: -29.734392
         Iterations: 15
         Function evaluations: 42
  80% done
Optimization terminated successfully.
         Current function value: -52.768506
         Iterations: 14
         Function evaluations: 41
Optimization terminated successfully.
         Current function value: -38.209537
         Iterations: 15
         Function evaluations: 42
  90% done
Optimization terminated successfully.
         Current function value: -40.564355
         Iterations: 14
         Function evaluations: 41
Optimization terminated successfully.
         Current function value: -24.929621
         Iterations: 15
         Function evaluations: 42
  100% done
Best fit synthetic cluster saved to file.
Output data file created.
Cluster's parameters and flags added to output file.
Plots created.
Photometric data file moved.
End of analysis for H88-245 in 926m 56s.

Full iteration completed in 927m 14s.
