

-------------------------------------------
             [ASteCA v0.1.9-beta]
-------------------------------------------

  WARNING: params_input_06.dat file does not exist.
  Falling back to 'params_input.dat' file.

PARSEC v1.1 theoretical isochrones read,
interpolated and stored:
  23 metallicity values (z),
  83 age values (per z),
  21 reddening values,
  9 distance values,
  51 mass values,
  1 binary fraction values.
  = 1.8e+07 approx total models.
Full check done.

(Force matplotlib to not use any Xwindows backend)

Analyzing cluster BSDL341 (semi).
 Set max extinction value: 0.09, step: 0.01
 LMC cluster
Data obtained from input file (N_stars: 61564).
Frame's 2D histogram obtained
Semi center found: (1235.81, 5364.04) px.
Radial density profile (RDP) calculated.
Field density calculated (6.2E-03 stars/px^2).
Auto radius found: 209.758 px.
Tidal radius obtained: 897.534 px.
Stars accepted/rejected based on their errors.
Stars separated in/out of cluster's boundaries.
Area of cluster obtained.
Approximate number of members in cluster obtained (219).
Contamination index obtained (0.80).
Using defined number of field regions (10).
LF and completeness magnitude levels obtained.
Integrated color magnitude distribution obtained (1.11).
Obtaining KDE p-value for cluster vs field regions.
  15% done
  30% done
  50% done
  70% done
  85% done
  100% done
Probability of physical cluster obtained (0.28).
Applying decontamination algorithm.
  25% done
  50% done
  75% done
  MPs converged. Breaking out (937).
  WARNING: the number of estimated true cluster members
  (structural vs. photometric) differ greatly.
Reduced membership function skipped.
Membership probabilities saved to file.
Searching for optimal parameters.
Optimization terminated successfully.
         Current function value: -1108.808688
         Iterations: 16
         Function evaluations: 45
Optimization terminated successfully.
         Current function value: -530.890789
         Iterations: 16
         Function evaluations: 44
Using Genetic Algorithm (dolphin; knuth).
   10% done       (0.0152, 8.4, 0.08, 18.44, 3410, 0.5)
   20% done       (0.0152, 8.4, 0.08, 18.44, 3410, 0.5)
   30% done       (0.0152, 8.4, 0.08, 18.44, 3410, 0.5)
   40% done       (0.0152, 8.4, 0.08, 18.44, 3410, 0.5)
Best fit params obtained.
Begin bootstrap process (10).
Optimization terminated successfully.
         Current function value: -1110.783701
         Iterations: 16
         Function evaluations: 45
Optimization terminated successfully.
         Current function value: -574.396415
         Iterations: 16
         Function evaluations: 44
  10% done
Optimization terminated successfully.
         Current function value: -1148.938681
         Iterations: 20
         Function evaluations: 54
Optimization terminated successfully.
         Current function value: -510.451774
         Iterations: 15
         Function evaluations: 43
  20% done
Optimization terminated successfully.
         Current function value: -1149.224143
         Iterations: 18
         Function evaluations: 49
Optimization terminated successfully.
         Current function value: -538.355712
         Iterations: 17
         Function evaluations: 46
  30% done
Optimization terminated successfully.
         Current function value: -578.401955
         Iterations: 16
         Function evaluations: 46
Optimization terminated successfully.
         Current function value: -447.143666
         Iterations: 15
         Function evaluations: 43
  40% done
Optimization terminated successfully.
         Current function value: -1075.245671
         Iterations: 16
         Function evaluations: 45
Optimization terminated successfully.
         Current function value: -536.793683
         Iterations: 17
         Function evaluations: 46
  50% done
Optimization terminated successfully.
         Current function value: -1061.902928
         Iterations: 17
         Function evaluations: 48
Optimization terminated successfully.
         Current function value: -527.065907
         Iterations: 17
         Function evaluations: 47
  60% done
Optimization terminated successfully.
         Current function value: -1173.505078
         Iterations: 17
         Function evaluations: 46
Optimization terminated successfully.
         Current function value: -540.472033
         Iterations: 15
         Function evaluations: 43
  70% done
Optimization terminated successfully.
         Current function value: -1130.438403
         Iterations: 17
         Function evaluations: 48
Optimization terminated successfully.
         Current function value: -554.775071
         Iterations: 15
         Function evaluations: 43
  80% done
Optimization terminated successfully.
         Current function value: -585.553038
         Iterations: 16
         Function evaluations: 46
Optimization terminated successfully.
         Current function value: -471.982991
         Iterations: 15
         Function evaluations: 42
  90% done
Optimization terminated successfully.
         Current function value: -1083.059067
         Iterations: 17
         Function evaluations: 46
Optimization terminated successfully.
         Current function value: -554.963427
         Iterations: 16
         Function evaluations: 44
  100% done
Best fit synthetic cluster saved to file.
Cluster's parameters and flags added to output file.
Top tier models saved to file and plotted.
Plots created.
Photometric data file moved.
End of analysis for BSDL341 in 1536m 10s.

Full iteration completed in 1536m 27s.
