

-------------------------------------------
             [ASteCA v0.1.9-beta]
-------------------------------------------

  WARNING: params_input_27.dat file does not exist.
  Falling back to 'params_input.dat' file.

PARSEC v1.1 theoretical isochrones read,
interpolated and stored:
  23 metallicity values (z),
  83 age values (per z),
  21 reddening values,
  9 distance values,
  51 mass values,
  1 binary fraction values.
  = 1.8e+07 approx total models.
Full check done.

(Force matplotlib to not use any Xwindows backend)

Analyzing cluster HS247 (semi).
 Set max extinction value: 0.14, step: 0.02
 LMC cluster
Data obtained from input file (N_stars: 5327).
Frame's 2D histogram obtained
Semi center fixed: (4874, 8051) px.
Radial density profile (RDP) calculated.
Field density calculated (9.8E-03 stars/px^2).
Semi radius set: 73 px.
  WARNING: tidal radius could not be obtained.
  WARNING: core radius could not be obtained.
Stars accepted/rejected based on their errors.
Stars separated in/out of cluster's boundaries.
Area of cluster obtained.
  WARNING: only 7 true members estimated in cluster region.
Contamination index obtained (0.96).
Using defined number of field regions (15).
LF and completeness magnitude levels obtained.
Integrated color magnitude distribution obtained (-0.02).
Obtaining KDE p-value for cluster vs field regions.
  15% done
  30% done
  50% done
  70% done
  85% done
  100% done
Probability of physical cluster obtained (1.00).
Applying decontamination algorithm.
  25% done
  50% done
  MPs converged. Breaking out (548).
  WARNING: the number of estimated true cluster members
  (structural vs. photometric) differ greatly.
Reduced membership function skipped.
Membership probabilities saved to file.
Searching for optimal parameters.
Optimization terminated successfully.
         Current function value: -55.088640
         Iterations: 14
         Function evaluations: 41
Optimization terminated successfully.
         Current function value: -20.616293
         Iterations: 15
         Function evaluations: 42
Using Genetic Algorithm (dolphin; knuth).
   10% done       (0.0152, 8.65, 0.08, 18.6, 1210, 0.5)
   20% done       (0.0152, 8.65, 0.08, 18.6, 1210, 0.5)
   30% done       (0.0152, 8.65, 0.08, 18.6, 1210, 0.5)
   40% done       (0.012074, 8.75, 0.04, 18.4, 610, 0.5)
   50% done       (0.012074, 8.75, 0.04, 18.4, 610, 0.5)
   60% done       (0.012074, 8.75, 0.04, 18.4, 610, 0.5)
   70% done       (0.012074, 8.75, 0.04, 18.4, 610, 0.5)
Best fit params obtained.
Begin bootstrap process (10).
Optimization terminated successfully.
         Current function value: -32.794914
         Iterations: 15
         Function evaluations: 42
Optimization terminated successfully.
         Current function value: -25.428265
         Iterations: 14
         Function evaluations: 41
  10% done
Optimization terminated successfully.
         Current function value: -57.899479
         Iterations: 14
         Function evaluations: 41
Optimization terminated successfully.
         Current function value: -19.930336
         Iterations: 15
         Function evaluations: 42
  20% done
Optimization terminated successfully.
         Current function value: -65.359377
         Iterations: 15
         Function evaluations: 42
Optimization terminated successfully.
         Current function value: -15.513259
         Iterations: 15
         Function evaluations: 42
  30% done
Optimization terminated successfully.
         Current function value: -35.271150
         Iterations: 14
         Function evaluations: 41
Optimization terminated successfully.
         Current function value: -28.304695
         Iterations: 14
         Function evaluations: 41
  40% done
Optimization terminated successfully.
         Current function value: -37.111409
         Iterations: 17
         Function evaluations: 47
Optimization terminated successfully.
         Current function value: -20.146382
         Iterations: 14
         Function evaluations: 41
  50% done
Optimization terminated successfully.
         Current function value: -51.731298
         Iterations: 14
         Function evaluations: 41
Optimization terminated successfully.
         Current function value: -19.450338
         Iterations: 15
         Function evaluations: 42
  60% done
Optimization terminated successfully.
         Current function value: -39.460464
         Iterations: 15
         Function evaluations: 42
Optimization terminated successfully.
         Current function value: -27.085170
         Iterations: 15
         Function evaluations: 42
  70% done
Optimization terminated successfully.
         Current function value: -30.113053
         Iterations: 15
         Function evaluations: 42
Optimization terminated successfully.
         Current function value: -30.371270
         Iterations: 14
         Function evaluations: 41
  80% done
Optimization terminated successfully.
         Current function value: -40.610108
         Iterations: 14
         Function evaluations: 41
Optimization terminated successfully.
         Current function value: -24.237365
         Iterations: 14
         Function evaluations: 41
  90% done
Optimization terminated successfully.
         Current function value: -79.575857
         Iterations: 15
         Function evaluations: 41
Optimization terminated successfully.
         Current function value: -25.449020
         Iterations: 15
         Function evaluations: 42
  100% done
Best fit synthetic cluster saved to file.
Cluster's parameters and flags added to output file.
Top tier models saved to file and plotted.
Plots created.
Photometric data file moved.
End of analysis for HS247 in 1604m 39s.

Full iteration completed in 1604m 52s.
