

-------------------------------------------
             [ASteCA v0.1.9-beta]
-------------------------------------------

  WARNING: params_input_22.dat file does not exist.
  Falling back to 'params_input.dat' file.

PARSEC v1.1 theoretical isochrones read,
interpolated and stored:
  23 metallicity values (z),
  83 age values (per z),
  21 reddening values,
  9 distance values,
  51 mass values,
  1 binary fraction values.
  = 1.8e+07 approx total models.
Full check done.

(Force matplotlib to not use any Xwindows backend)

Analyzing cluster H88-307 (semi).
 Set max extinction value: 0.26, step: 0.02
 LMC cluster
Data obtained from input file (N_stars: 7932).
Frame's 2D histogram obtained
Semi center fixed: (2905, 559) px.
Radial density profile (RDP) calculated.
Field density calculated (1.1E-02 stars/px^2).
Semi radius set: 197.1 px.
  WARNING: tidal radius could not be obtained.
  WARNING: core radius could not be obtained.
Stars accepted/rejected based on their errors.
Stars separated in/out of cluster's boundaries.
Area of cluster obtained.
  WARNING: only 0 true members estimated in cluster region.
  WARNING: CI value obtained is too high: 1.20
  WARNING: Number of FR defined (10) larger than
  the maximum allowed (6). Using max number.
LF and completeness magnitude levels obtained.
Integrated color magnitude distribution obtained (0.39).
Obtaining KDE p-value for cluster vs field regions.
  15% done
  30% done
  50% done
  70% done
  85% done
  100% done
Probability of physical cluster obtained (0.95).
Applying decontamination algorithm.
  25% done
  MPs converged. Breaking out (297).
  WARNING: the number of estimated true cluster members
  (structural vs. photometric) differ greatly.
Reduced membership function skipped.
Membership probabilities saved to file.
Searching for optimal parameters.
Optimization terminated successfully.
         Current function value: -566.967006
         Iterations: 15
         Function evaluations: 43
Optimization terminated successfully.
         Current function value: -386.375485
         Iterations: 16
         Function evaluations: 44
Using Genetic Algorithm (dolphin; knuth).
   10% done       (0.0152, 7.9, 0.26, 18.4, 5210, 0.5)
   20% done       (0.0152, 7.9, 0.26, 18.4, 5210, 0.5)
   30% done       (0.0152, 7.9, 0.26, 18.4, 5210, 0.5)
   40% done       (0.0152, 7.9, 0.26, 18.4, 5210, 0.5)
Best fit params obtained.
Begin bootstrap process (10).
Optimization terminated successfully.
         Current function value: -414.711974
         Iterations: 16
         Function evaluations: 44
Optimization terminated successfully.
         Current function value: -390.571652
         Iterations: 15
         Function evaluations: 43
  10% done
Optimization terminated successfully.
         Current function value: -487.279980
         Iterations: 16
         Function evaluations: 45
Optimization terminated successfully.
         Current function value: -402.010977
         Iterations: 15
         Function evaluations: 43
  20% done
Optimization terminated successfully.
         Current function value: -509.063043
         Iterations: 15
         Function evaluations: 42
Optimization terminated successfully.
         Current function value: -383.554851
         Iterations: 15
         Function evaluations: 43
  30% done
Optimization terminated successfully.
         Current function value: -572.115938
         Iterations: 15
         Function evaluations: 43
Optimization terminated successfully.
         Current function value: -419.190992
         Iterations: 17
         Function evaluations: 46
  40% done
Optimization terminated successfully.
         Current function value: -521.392036
         Iterations: 15
         Function evaluations: 44
Optimization terminated successfully.
         Current function value: -380.344048
         Iterations: 16
         Function evaluations: 45
  50% done
Optimization terminated successfully.
         Current function value: -454.332157
         Iterations: 15
         Function evaluations: 43
Optimization terminated successfully.
         Current function value: -358.885919
         Iterations: 15
         Function evaluations: 43
  60% done
Optimization terminated successfully.
         Current function value: -571.800397
         Iterations: 16
         Function evaluations: 45
Optimization terminated successfully.
         Current function value: -342.120261
         Iterations: 16
         Function evaluations: 45
  70% done
Optimization terminated successfully.
         Current function value: -531.100037
         Iterations: 15
         Function evaluations: 42
Optimization terminated successfully.
         Current function value: -394.623839
         Iterations: 15
         Function evaluations: 44
  80% done
Optimization terminated successfully.
         Current function value: -580.475107
         Iterations: 17
         Function evaluations: 47
Optimization terminated successfully.
         Current function value: -355.608618
         Iterations: 15
         Function evaluations: 43
  90% done
Optimization terminated successfully.
         Current function value: -542.067476
         Iterations: 16
         Function evaluations: 45
Optimization terminated successfully.
         Current function value: -399.095421
         Iterations: 17
         Function evaluations: 47
  100% done
Best fit synthetic cluster saved to file.
Cluster's parameters and flags added to output file.
Top tier models saved to file and plotted.
Plots created.
Photometric data file moved.
End of analysis for H88-307 in 1777m 20s.

Full iteration completed in 1777m 34s.
