

-------------------------------------------
             [ASteCA v0.1.9-beta]
-------------------------------------------

  WARNING: params_input_12.dat file does not exist.
  Falling back to 'params_input.dat' file.

PARSEC v1.1 theoretical isochrones read,
interpolated and stored:
  23 metallicity values (z),
  83 age values (per z),
  21 reddening values,
  9 distance values,
  51 mass values,
  1 binary fraction values.
  = 1.8e+07 approx total models.
Full check done.

(Force matplotlib to not use any Xwindows backend)

Analyzing cluster KMHK1055 (semi).
 Set max extinction value: 0.14, step: 0.02
 LMC cluster
Data obtained from input file (N_stars: 40189).
Frame's 2D histogram obtained
Semi center found: (7888.08, 4443.75) px.
Radial density profile (RDP) calculated.
Field density calculated (5.0E-03 stars/px^2).
Auto radius found: 163.548 px.
  WARNING: tidal radius could not be obtained.
Stars accepted/rejected based on their errors.
Stars separated in/out of cluster's boundaries.
Area of cluster obtained.
Approximate number of members in cluster obtained (97).
Contamination index obtained (0.81).
Using defined number of field regions (10).
LF and completeness magnitude levels obtained.
Integrated color magnitude distribution obtained (1.20).
Obtaining KDE p-value for cluster vs field regions.
  15% done
  30% done
  50% done
  70% done
  85% done
  100% done
Probability of physical cluster obtained (0.98).
Applying decontamination algorithm.
  25% done
  50% done
  75% done
  MPs converged. Breaking out (766).
Reduced membership function skipped.
Membership probabilities saved to file.
Searching for optimal parameters.
Optimization terminated successfully.
         Current function value: -220.793730
         Iterations: 18
         Function evaluations: 50
Optimization terminated successfully.
         Current function value: -134.898285
         Iterations: 18
         Function evaluations: 50
Using Genetic Algorithm (dolphin; knuth).
   10% done       (0.007618, 9, 0.08, 18.42, 5010, 0.5)
   20% done       (0.007618, 9, 0.08, 18.42, 5010, 0.5)
   30% done       (0.007618, 9, 0.08, 18.42, 5010, 0.5)
   40% done       (0.007618, 9, 0.08, 18.42, 5010, 0.5)
   50% done       (0.007618, 9, 0.08, 18.42, 4010, 0.5)
   60% done       (0.007618, 9, 0.08, 18.42, 4010, 0.5)
   70% done       (0.007618, 9, 0.08, 18.42, 4010, 0.5)
   80% done       (0.007618, 9, 0.08, 18.42, 4010, 0.5)
Best fit params obtained.
Begin bootstrap process (10).
Optimization terminated successfully.
         Current function value: -213.179917
         Iterations: 15
         Function evaluations: 43
Optimization terminated successfully.
         Current function value: -112.231268
         Iterations: 15
         Function evaluations: 41
  10% done
Optimization terminated successfully.
         Current function value: -132.102054
         Iterations: 16
         Function evaluations: 45
Optimization terminated successfully.
         Current function value: -89.794407
         Iterations: 14
         Function evaluations: 41
  20% done
Optimization terminated successfully.
         Current function value: -225.439009
         Iterations: 15
         Function evaluations: 42
Optimization terminated successfully.
         Current function value: -128.104583
         Iterations: 16
         Function evaluations: 44
  30% done
Optimization terminated successfully.
         Current function value: -159.413346
         Iterations: 16
         Function evaluations: 45
Optimization terminated successfully.
         Current function value: -118.839670
         Iterations: 15
         Function evaluations: 44
  40% done
Optimization terminated successfully.
         Current function value: -178.819978
         Iterations: 16
         Function evaluations: 44
Optimization terminated successfully.
         Current function value: -105.806408
         Iterations: 14
         Function evaluations: 41
  50% done
Optimization terminated successfully.
         Current function value: -204.483796
         Iterations: 15
         Function evaluations: 43
Optimization terminated successfully.
         Current function value: -120.767020
         Iterations: 15
         Function evaluations: 41
  60% done
Optimization terminated successfully.
         Current function value: -164.134625
         Iterations: 17
         Function evaluations: 48
Optimization terminated successfully.
         Current function value: -142.513771
         Iterations: 16
         Function evaluations: 44
  70% done
Optimization terminated successfully.
         Current function value: -225.498504
         Iterations: 16
         Function evaluations: 46
Optimization terminated successfully.
         Current function value: -160.966221
         Iterations: 16
         Function evaluations: 44
  80% done
Optimization terminated successfully.
         Current function value: -233.894597
         Iterations: 16
         Function evaluations: 45
Optimization terminated successfully.
         Current function value: -153.740931
         Iterations: 17
         Function evaluations: 47
  90% done
Optimization terminated successfully.
         Current function value: -132.081806
         Iterations: 16
         Function evaluations: 44
Optimization terminated successfully.
         Current function value: -104.554092
         Iterations: 15
         Function evaluations: 42
  100% done
Best fit synthetic cluster saved to file.
Cluster's parameters and flags added to output file.
Plots created.
Photometric data file moved.
End of analysis for KMHK1055 in 1231m 9s.

Full iteration completed in 1231m 26s.
