

-------------------------------------------
             [ASteCA v0.1.9-beta]
-------------------------------------------

  WARNING: params_input_25.dat file does not exist.
  Falling back to 'params_input.dat' file.

PARSEC v1.1 theoretical isochrones read,
interpolated and stored:
  23 metallicity values (z),
  83 age values (per z),
  21 reddening values,
  9 distance values,
  51 mass values,
  1 binary fraction values.
  = 1.8e+07 approx total models.
Full check done.

(Force matplotlib to not use any Xwindows backend)

Analyzing cluster BS35 (semi).
 Set max extinction value: 0.1, step: 0.02
 SMC cluster
Data obtained from input file (N_stars: 9099).
Frame's 2D histogram obtained
Semi center fixed: (360, 4625) px.
Radial density profile (RDP) calculated.
Field density calculated (1.3E-02 stars/px^2).
Semi radius set: 62.5 px.
  WARNING: tidal radius could not be obtained.
  WARNING: core radius could not be obtained.
Stars accepted/rejected based on their errors.
Stars separated in/out of cluster's boundaries.
Area of cluster obtained.
  WARNING: only 1 true members estimated in cluster region.
Contamination index obtained (1.00).
Using defined number of field regions (10).
LF and completeness magnitude levels obtained.
Integrated color magnitude distribution obtained (-1.69).
Obtaining KDE p-value for cluster vs field regions.
  15% done
  30% done
  50% done
  70% done
  85% done
  100% done
Probability of physical cluster obtained (0.83).
Applying decontamination algorithm.
  MPs converged. Breaking out (240).
  WARNING: the number of estimated true cluster members
  (structural vs. photometric) differ greatly.
Reduced membership function skipped.
Membership probabilities saved to file.
Searching for optimal parameters.
Optimization terminated successfully.
         Current function value: -68.876426
         Iterations: 14
         Function evaluations: 41
Optimization terminated successfully.
         Current function value: -57.319888
         Iterations: 15
         Function evaluations: 42
Using Genetic Algorithm (dolphin; knuth).
   10% done       (0.0152, 8.1, 0.08, 18.92, 1210, 0.5)
   20% done       (0.0152, 8.1, 0.08, 18.92, 1210, 0.5)
   30% done       (0.0152, 8.1, 0.08, 18.92, 1210, 0.5)
   40% done       (0.0152, 8.1, 0.08, 18.92, 1210, 0.5)
Best fit params obtained.
Begin bootstrap process (10).
Optimization terminated successfully.
         Current function value: -67.273056
         Iterations: 14
         Function evaluations: 41
Optimization terminated successfully.
         Current function value: -67.156813
         Iterations: 15
         Function evaluations: 42
  10% done
Optimization terminated successfully.
         Current function value: -63.911673
         Iterations: 15
         Function evaluations: 42
Optimization terminated successfully.
         Current function value: -52.764485
         Iterations: 15
         Function evaluations: 42
  20% done
Optimization terminated successfully.
         Current function value: -74.448583
         Iterations: 15
         Function evaluations: 42
Optimization terminated successfully.
         Current function value: -66.492235
         Iterations: 18
         Function evaluations: 50
  30% done
Optimization terminated successfully.
         Current function value: -82.473206
         Iterations: 16
         Function evaluations: 44
Optimization terminated successfully.
         Current function value: -50.439966
         Iterations: 15
         Function evaluations: 41
  40% done
Optimization terminated successfully.
         Current function value: -45.878323
         Iterations: 15
         Function evaluations: 42
Optimization terminated successfully.
         Current function value: -48.559654
         Iterations: 15
         Function evaluations: 42
  50% done
Optimization terminated successfully.
         Current function value: -71.590836
         Iterations: 15
         Function evaluations: 41
Optimization terminated successfully.
         Current function value: -66.128416
         Iterations: 16
         Function evaluations: 45
  60% done
Optimization terminated successfully.
         Current function value: -75.335589
         Iterations: 14
         Function evaluations: 41
Optimization terminated successfully.
         Current function value: -59.036722
         Iterations: 15
         Function evaluations: 44
  70% done
Optimization terminated successfully.
         Current function value: -84.651170
         Iterations: 14
         Function evaluations: 41
Optimization terminated successfully.
         Current function value: -72.009154
         Iterations: 16
         Function evaluations: 44
  80% done
Optimization terminated successfully.
         Current function value: -74.201232
         Iterations: 14
         Function evaluations: 41
Optimization terminated successfully.
         Current function value: -63.350138
         Iterations: 14
         Function evaluations: 41
  90% done
Optimization terminated successfully.
         Current function value: -68.855774
         Iterations: 14
         Function evaluations: 41
Optimization terminated successfully.
         Current function value: -51.172237
         Iterations: 14
         Function evaluations: 41
  100% done
Best fit synthetic cluster saved to file.
Cluster's parameters and flags added to output file.
Top tier models saved to file and plotted.
Plots created.
Photometric data file moved.
End of analysis for BS35 in 1482m 27s.

Full iteration completed in 1482m 40s.
