

-------------------------------------------
             [ASteCA v0.1.9-beta]
-------------------------------------------

  WARNING: params_input_03.dat file does not exist.
  Falling back to 'params_input.dat' file.

PARSEC v1.1 theoretical isochrones read,
interpolated and stored:
  23 metallicity values (z),
  83 age values (per z),
  21 reddening values,
  9 distance values,
  51 mass values,
  1 binary fraction values.
  = 1.8e+07 approx total models.
Full check done.

(Force matplotlib to not use any Xwindows backend)

Analyzing cluster NGC2093 (semi).
 Set max extinction value: 0.24, step: 0.02
 LMC cluster
Data obtained from input file (N_stars: 90396).
Frame's 2D histogram obtained
Semi center fixed: (7305, 2205) px.
Radial density profile (RDP) calculated.
Field density calculated (9.0E-03 stars/px^2).
Semi radius set: 100 px.
  WARNING: tidal radius could not be obtained.
  WARNING: core radius could not be obtained.
Stars accepted/rejected based on their errors.
Stars separated in/out of cluster's boundaries.
Area of cluster obtained.
Approximate number of members in cluster obtained (14).
Contamination index obtained (0.95).
Using defined number of field regions (15).
LF and completeness magnitude levels obtained.
Integrated color magnitude distribution obtained (-0.10).
Obtaining KDE p-value for cluster vs field regions.
  15% done
  30% done
  50% done
  70% done
  85% done
  100% done
Probability of physical cluster obtained (1.00).
Applying decontamination algorithm.
  25% done
  MPs converged. Breaking out (498).
Reduced membership function skipped.
Membership probabilities saved to file.
Searching for optimal parameters.
Optimization terminated successfully.
         Current function value: -155.261489
         Iterations: 15
         Function evaluations: 44
Optimization terminated successfully.
         Current function value: -28.931422
         Iterations: 14
         Function evaluations: 41
Using Genetic Algorithm (dolphin; knuth).
   10% done       (0.007618, 7.9, 0.18, 18.56, 610, 0.5)
   20% done       (0.007618, 7.9, 0.18, 18.56, 610, 0.5)
   30% done       (0.007618, 7.9, 0.18, 18.56, 610, 0.5)
   40% done       (0.007618, 7.9, 0.18, 18.56, 610, 0.5)
Best fit params obtained.
Begin bootstrap process (10).
Optimization terminated successfully.
         Current function value: -172.687837
         Iterations: 16
         Function evaluations: 44
Optimization terminated successfully.
         Current function value: -41.178612
         Iterations: 14
         Function evaluations: 41
  10% done
Optimization terminated successfully.
         Current function value: -167.260219
         Iterations: 16
         Function evaluations: 45
Optimization terminated successfully.
         Current function value: -18.205856
         Iterations: 16
         Function evaluations: 45
  20% done
Optimization terminated successfully.
         Current function value: -151.261258
         Iterations: 15
         Function evaluations: 44
Optimization terminated successfully.
         Current function value: -27.119162
         Iterations: 15
         Function evaluations: 42
  30% done
Optimization terminated successfully.
         Current function value: -151.146132
         Iterations: 16
         Function evaluations: 45
Optimization terminated successfully.
         Current function value: -37.261162
         Iterations: 15
         Function evaluations: 42
  40% done
Optimization terminated successfully.
         Current function value: -166.386385
         Iterations: 16
         Function evaluations: 44
Optimization terminated successfully.
         Current function value: -31.988511
         Iterations: 14
         Function evaluations: 41
  50% done
Optimization terminated successfully.
         Current function value: -162.124186
         Iterations: 16
         Function evaluations: 45
Optimization terminated successfully.
         Current function value: -48.750323
         Iterations: 14
         Function evaluations: 41
  60% done
Optimization terminated successfully.
         Current function value: -169.720476
         Iterations: 17
         Function evaluations: 48
Optimization terminated successfully.
         Current function value: -24.455017
         Iterations: 15
         Function evaluations: 42
  70% done
Optimization terminated successfully.
         Current function value: -162.480269
         Iterations: 15
         Function evaluations: 44
Optimization terminated successfully.
         Current function value: -13.731363
         Iterations: 14
         Function evaluations: 41
  80% done
Optimization terminated successfully.
         Current function value: -167.325801
         Iterations: 15
         Function evaluations: 44
Optimization terminated successfully.
         Current function value: -26.141352
         Iterations: 14
         Function evaluations: 41
  90% done
Optimization terminated successfully.
         Current function value: -147.524631
         Iterations: 16
         Function evaluations: 44
Optimization terminated successfully.
         Current function value: -20.265248
         Iterations: 15
         Function evaluations: 42
  100% done
Best fit synthetic cluster saved to file.
Cluster's parameters and flags added to output file.
Top tier models saved to file and plotted.
Plots created.
Photometric data file moved.
End of analysis for NGC2093 in 1012m 29s.

Full iteration completed in 1012m 47s.
