

-------------------------------------------
             [ASteCA v0.1.9-beta]
-------------------------------------------

  WARNING: params_input_17.dat file does not exist.
  Falling back to 'params_input.dat' file.

PARSEC v1.1 theoretical isochrones read,
interpolated and stored:
  23 metallicity values (z),
  83 age values (per z),
  21 reddening values,
  9 distance values,
  51 mass values,
  1 binary fraction values.
  = 1.8e+07 approx total models.
Full check done.

(Force matplotlib to not use any Xwindows backend)

Analyzing cluster B34 (semi).
 Set max extinction value: 0.1, step: 0.02
 SMC cluster
Data obtained from input file (N_stars: 40323).
Frame's 2D histogram obtained
Semi center fixed: (543.35, 1446.43) px.
Radial density profile (RDP) calculated.
Field density calculated (1.1E-02 stars/px^2).
Semi radius set: 65 px.
Tidal radius obtained: 618.522 px.
Stars accepted/rejected based on their errors.
Stars separated in/out of cluster's boundaries.
Area of cluster obtained.
Approximate number of members in cluster obtained (35).
Contamination index obtained (0.80).
Using defined number of field regions (10).
LF and completeness magnitude levels obtained.
Integrated color magnitude distribution obtained (1.07).
Obtaining KDE p-value for cluster vs field regions.
  15% done
  30% done
  50% done
  70% done
  85% done
  100% done
Probability of physical cluster obtained (0.32).
Applying decontamination algorithm.
  25% done
  MPs converged. Breaking out (469).
  WARNING: the number of estimated true cluster members
  (structural vs. photometric) differ greatly.
Reduced membership function skipped.
Membership probabilities saved to file.
Searching for optimal parameters.
Optimization terminated successfully.
         Current function value: -29.041310
         Iterations: 14
         Function evaluations: 41
Optimization terminated successfully.
         Current function value: -108.428281
         Iterations: 15
         Function evaluations: 42
Using Genetic Algorithm (dolphin; knuth).
   10% done       (0.003818, 9.05, 0.04, 19.04, 3810, 0.5)
   20% done       (0.003818, 9.05, 0.04, 19.04, 3810, 0.5)
   30% done       (0.003818, 9.05, 0.04, 19.04, 3810, 0.5)
   40% done       (0.003818, 9.05, 0.04, 19.04, 3810, 0.5)
Best fit params obtained.
Begin bootstrap process (10).
Optimization terminated successfully.
         Current function value: -29.871018
         Iterations: 15
         Function evaluations: 42
Optimization terminated successfully.
         Current function value: -21.916228
         Iterations: 15
         Function evaluations: 42
  10% done
Optimization terminated successfully.
         Current function value: -33.226318
         Iterations: 15
         Function evaluations: 42
Optimization terminated successfully.
         Current function value: -110.387203
         Iterations: 15
         Function evaluations: 43
  20% done
Optimization terminated successfully.
         Current function value: -31.136397
         Iterations: 15
         Function evaluations: 42
Optimization terminated successfully.
         Current function value: -113.312197
         Iterations: 15
         Function evaluations: 42
  30% done
Optimization terminated successfully.
         Current function value: -29.026324
         Iterations: 14
         Function evaluations: 41
Optimization terminated successfully.
         Current function value: -96.888282
         Iterations: 15
         Function evaluations: 42
  40% done
Optimization terminated successfully.
         Current function value: -56.382817
         Iterations: 14
         Function evaluations: 41
Optimization terminated successfully.
         Current function value: -49.864224
         Iterations: 15
         Function evaluations: 42
  50% done
Optimization terminated successfully.
         Current function value: -29.972166
         Iterations: 14
         Function evaluations: 41
Optimization terminated successfully.
         Current function value: -21.572474
         Iterations: 14
         Function evaluations: 41
  60% done
Optimization terminated successfully.
         Current function value: -43.158747
         Iterations: 15
         Function evaluations: 42
Optimization terminated successfully.
         Current function value: -37.048883
         Iterations: 14
         Function evaluations: 41
  70% done
Optimization terminated successfully.
         Current function value: -33.286005
         Iterations: 15
         Function evaluations: 42
Optimization terminated successfully.
         Current function value: -101.991030
         Iterations: 15
         Function evaluations: 43
  80% done
Optimization terminated successfully.
         Current function value: -33.720866
         Iterations: 14
         Function evaluations: 41
Optimization terminated successfully.
         Current function value: -107.898256
         Iterations: 15
         Function evaluations: 43
  90% done
Optimization terminated successfully.
         Current function value: -35.517045
         Iterations: 14
         Function evaluations: 41
Optimization terminated successfully.
         Current function value: -97.450416
         Iterations: 15
         Function evaluations: 44
  100% done
Best fit synthetic cluster saved to file.
Cluster's parameters and flags added to output file.
Top tier models saved to file and plotted.
Plots created.
Photometric data file moved.
End of analysis for B34 in 1497m 0s.

Full iteration completed in 1497m 15s.
