

-------------------------------------------
             [ASteCA v0.1.9-beta]
-------------------------------------------

  WARNING: params_input_23.dat file does not exist.
  Falling back to 'params_input.dat' file.

PARSEC v1.1 theoretical isochrones read,
interpolated and stored:
  23 metallicity values (z),
  83 age values (per z),
  21 reddening values,
  9 distance values,
  51 mass values,
  1 binary fraction values.
  = 1.8e+07 approx total models.
Full check done.

(Force matplotlib to not use any Xwindows backend)

Analyzing cluster H88-320 (semi).
 Set max extinction value: 0.24, step: 0.02
 LMC cluster
Data obtained from input file (N_stars: 7908).
Frame's 2D histogram obtained
Semi center fixed: (5595, 2411) px.
Radial density profile (RDP) calculated.
Field density calculated (1.0E-02 stars/px^2).
Semi radius set: 98.5 px.
  WARNING: tidal radius could not be obtained.
Stars accepted/rejected based on their errors.
Stars separated in/out of cluster's boundaries.
Area of cluster obtained.
Approximate number of members in cluster obtained (47).
Contamination index obtained (0.87).
Using defined number of field regions (7).
LF and completeness magnitude levels obtained.
Integrated color magnitude distribution obtained (0.35).
Obtaining KDE p-value for cluster vs field regions.
  15% done
  30% done
  50% done
  70% done
  85% done
  100% done
Probability of physical cluster obtained (0.88).
Applying decontamination algorithm.
  25% done
  50% done
  75% done
  100% done
  WARNING: the number of estimated true cluster members
  (structural vs. photometric) differ greatly.
Reduced membership function skipped.
Membership probabilities saved to file.
Searching for optimal parameters.
Optimization terminated successfully.
         Current function value: -127.489492
         Iterations: 16
         Function evaluations: 45
Optimization terminated successfully.
         Current function value: -85.473522
         Iterations: 15
         Function evaluations: 41
Using Genetic Algorithm (dolphin; knuth).
   10% done       (0.006051, 8.2, 0.18, 18.58, 1010, 0.5)
   20% done       (0.006051, 8.2, 0.18, 18.58, 1010, 0.5)
   30% done       (0.006051, 8.2, 0.18, 18.58, 1010, 0.5)
   40% done       (0.003818, 8.05, 0.24, 18.44, 1210, 0.5)
   50% done       (0.003818, 8.05, 0.24, 18.44, 1210, 0.5)
   60% done       (0.003818, 8.05, 0.24, 18.44, 1210, 0.5)
   70% done       (0.003818, 8.05, 0.24, 18.44, 1210, 0.5)
Best fit params obtained.
Begin bootstrap process (10).
Optimization terminated successfully.
         Current function value: -170.360190
         Iterations: 16
         Function evaluations: 45
Optimization terminated successfully.
         Current function value: -96.345188
         Iterations: 16
         Function evaluations: 44
  10% done
Optimization terminated successfully.
         Current function value: -127.325813
         Iterations: 16
         Function evaluations: 44
Optimization terminated successfully.
         Current function value: -84.510372
         Iterations: 14
         Function evaluations: 41
  20% done
Optimization terminated successfully.
         Current function value: -107.420682
         Iterations: 15
         Function evaluations: 44
Optimization terminated successfully.
         Current function value: -87.423887
         Iterations: 14
         Function evaluations: 41
  30% done
Optimization terminated successfully.
         Current function value: -151.240728
         Iterations: 16
         Function evaluations: 44
Optimization terminated successfully.
         Current function value: -102.106099
         Iterations: 17
         Function evaluations: 46
  40% done
Optimization terminated successfully.
         Current function value: -142.239924
         Iterations: 16
         Function evaluations: 44
Optimization terminated successfully.
         Current function value: -87.296276
         Iterations: 16
         Function evaluations: 45
  50% done
Optimization terminated successfully.
         Current function value: -128.764319
         Iterations: 16
         Function evaluations: 45
Optimization terminated successfully.
         Current function value: -91.502022
         Iterations: 15
         Function evaluations: 44
  60% done
Optimization terminated successfully.
         Current function value: -129.349940
         Iterations: 15
         Function evaluations: 43
Optimization terminated successfully.
         Current function value: -91.723580
         Iterations: 15
         Function evaluations: 44
  70% done
Optimization terminated successfully.
         Current function value: -141.872911
         Iterations: 16
         Function evaluations: 45
Optimization terminated successfully.
         Current function value: -128.505034
         Iterations: 14
         Function evaluations: 41
  80% done
Optimization terminated successfully.
         Current function value: -119.691983
         Iterations: 16
         Function evaluations: 45
Optimization terminated successfully.
         Current function value: -84.578782
         Iterations: 15
         Function evaluations: 41
  90% done
Optimization terminated successfully.
         Current function value: -122.243041
         Iterations: 15
         Function evaluations: 43
Optimization terminated successfully.
         Current function value: -111.975402
         Iterations: 16
         Function evaluations: 44
  100% done
Best fit synthetic cluster saved to file.
Cluster's parameters and flags added to output file.
Top tier models saved to file and plotted.
Plots created.
Photometric data file moved.
End of analysis for H88-320 in 1916m 49s.

Full iteration completed in 1917m 2s.
