# Maia et al. (2013)
# Mass distribution and structural parameters of Small Magellanic Cloud star
# clusters
#
# Masses for analyzed clusters, obtained with two different methods.
#
#     ID  MASS_LF   MASS_CMD    WTD_MEAN
   ngc241 1860  862  2474 1134  2125  712 
   ngc242  912  396  1387  613  1098  364 
   h86-76 1002  442  1403  585  1174  366 
   h86-85 1113  645  1673  894  1347  551 
   h86-87 ---- ----  3144 1692  3144 1692 
   h86-90 ---- ----   808  331   808  331 
   h86-97 2897 1575  3728 1983  3264 1266 
      b48 2808 1866  3975 2044  3364 1383 
      l39 1318  628  1665  775  1473  498 
 sogle196  774  461  1136  417   964  310 
      b55 1277  599  1540  679  1400  452 
     bs75 ---- ----  1215  441   943  260 
     bs80 1249  490  1735  667  1454  413 
  h86-174  481  198   770  311   593  184 
     hw32  216   67   351  110   267   64 
  h86-188  674  297  1461  518   960  298 
  h86-190  322  142   445  188   374  117 
      k43 1934  933  2305 1076  2106  712 
     b103  911  470  1714  567  1274  368 
      b99  719  347  1292  494   955  301 
     b111  464  176   511  189   486  129 
      k47 ---- ----   609  258   609  258 
     b124  328  122   454  169   380  104 
     hw52  605  178   997  297   751  173 
      k55 1637  517  2114  666  1845  421 
      k57 1604  616  2195  840  1854  520 
     b134  429  132   779  261   546  146 
      k61  986  387  1234  473  1097  305 
      k63  934  299  1009  299   971  211 
