

-------------------------------------------
            ASteCA v0.1.9-beta
-------------------------------------------

PARSEC v1.1 theoretical isochrones read,
interpolated and stored:
  23 metallicity values (z),
  83 age values (per z),
  21 reddening values,
  9 distance values,
  51 mass values,
  1 binary fraction values.
  = 1.8e+07 approx total models.
Full check done.

(Force matplotlib to not use any Xwindows backend)

Analizing cluster HS130 (semi).
 Set max extinction value: 0.16
Data obtained from input file (N_stars: 74286).
Frame's 2D histogram obtained
Semi center found: (274.949, 1939.95) px.
Radial density profile (RDP) calculated.
Field density calculated (9.1E-03 stars/px^2).
Auto radius found: 133.164 px.
  WARNING: tidal radius could not be obtained.
Stars accepted/rejected based on their errors.
Stars separated in/out of cluster's boundaries.
Area of cluster obtained.
Approximate number of members in cluster obtained (144).
Contamination index obtained (0.78).
Using defined number of field regions (10).
LF and completeness magnitude levels obtained.
Integrated color magnitude distribution obtained (-0.17).
Skipping KDE p-value test for cluster.
Applying decontamination algorithm.
  25% done
  50% done
  75% done
  MPs converged. Breaking out (990).
  WARNING: the number of estimated true cluster members
  (structural vs. photometric) differ greatly.
Reduced membership function applied.
Membership probabilities saved to file.
Searching for optimal parameters.
Optimization terminated successfully.
         Current function value: -84.268346
         Iterations: 14
         Function evaluations: 41
Optimization terminated successfully.
         Current function value: -40.187222
         Iterations: 16
         Function evaluations: 45
Using Genetic Algorithm (dolphin/knuth).
   10% done       (0.009591, 7.6, 0.12, 18.35, 610, 0.5)
   20% done       (0.007618, 7.55, 0.1, 18.3, 410, 0.5)
   30% done       (0.007618, 7.55, 0.1, 18.3, 410, 0.5)
   40% done       (0.007618, 7.55, 0.1, 18.3, 410, 0.5)
   50% done       (0.007618, 7.55, 0.1, 18.3, 410, 0.5)
   60% done       (0.007618, 7.55, 0.1, 18.3, 410, 0.5)
   70% done       (0.007618, 7.55, 0.1, 18.3, 410, 0.5)
Best fit params obtained.
Begin bootstrap process (10).
Optimization terminated successfully.
         Current function value: -93.294745
         Iterations: 14
         Function evaluations: 41
Optimization terminated successfully.
         Current function value: -42.038619
         Iterations: 14
         Function evaluations: 41
  10% done
Optimization terminated successfully.
         Current function value: -94.302467
         Iterations: 14
         Function evaluations: 41
Optimization terminated successfully.
         Current function value: -76.976612
         Iterations: 15
         Function evaluations: 44
  20% done
Optimization terminated successfully.
         Current function value: -76.005484
         Iterations: 15
         Function evaluations: 42
Optimization terminated successfully.
         Current function value: -35.862337
         Iterations: 14
         Function evaluations: 41
  30% done
Optimization terminated successfully.
         Current function value: -32.611997
         Iterations: 15
         Function evaluations: 42
Optimization terminated successfully.
         Current function value: -45.760038
         Iterations: 14
         Function evaluations: 41
  40% done
Optimization terminated successfully.
         Current function value: -81.804972
         Iterations: 14
         Function evaluations: 41
Optimization terminated successfully.
         Current function value: -27.047907
         Iterations: 14
         Function evaluations: 41
  50% done
Optimization terminated successfully.
         Current function value: -4.338747
         Iterations: 13
         Function evaluations: 38
Optimization terminated successfully.
         Current function value: -26.333261
         Iterations: 14
         Function evaluations: 41
  60% done
Optimization terminated successfully.
         Current function value: -65.992511
         Iterations: 14
         Function evaluations: 41
Optimization terminated successfully.
         Current function value: -17.766813
         Iterations: 14
         Function evaluations: 41
  70% done
Optimization terminated successfully.
         Current function value: -72.321196
         Iterations: 16
         Function evaluations: 44
Optimization terminated successfully.
         Current function value: -36.699327
         Iterations: 14
         Function evaluations: 41
  80% done
Optimization terminated successfully.
         Current function value: -41.162722
         Iterations: 14
         Function evaluations: 41
Optimization terminated successfully.
         Current function value: -36.558017
         Iterations: 14
         Function evaluations: 41
  90% done
Optimization terminated successfully.
         Current function value: -41.224843
         Iterations: 14
         Function evaluations: 41
Optimization terminated successfully.
         Current function value: -44.977769
         Iterations: 14
         Function evaluations: 41
  100% done
Best fit synthetic cluster saved to file.
Cluster's parameters and flags added to output file.
Top tier models saved to file and plotted.
Plots created.
Photometric data file moved.
End of analysis for HS130 in 1533m 40s.

Analizing cluster LW224 (semi).
 Set max extinction value: 0.18
Data obtained from input file (N_stars: 24224).
Frame's 2D histogram obtained
Semi center found: (2001.11, 151.111) px.
Radial density profile (RDP) calculated.
Field density calculated (6.1E-03 stars/px^2).
Auto radius found: 110.363 px.
Tidal radius obtained: 208.899 px.
Stars accepted/rejected based on their errors.
Stars separated in/out of cluster's boundaries.
Area of cluster obtained.
Approximate number of members in cluster obtained (53).
Contamination index obtained (0.79).
Using defined number of field regions (10).
LF and completeness magnitude levels obtained.
Integrated color magnitude distribution obtained (1.55).
Skipping KDE p-value test for cluster.
Applying decontamination algorithm.
  25% done
  50% done
  MPs converged. Breaking out (553).
  WARNING: the number of estimated true cluster members
  (structural vs. photometric) differ greatly.
Reduced membership function applied.
Membership probabilities saved to file.
Searching for optimal parameters.
Optimization terminated successfully.
         Current function value: -45.231296
         Iterations: 17
         Function evaluations: 47
Optimization terminated successfully.
         Current function value: -34.079589
         Iterations: 14
         Function evaluations: 41
Using Genetic Algorithm (dolphin/knuth).
   10% done       (0.012074, 6.7, 0.14, 18.45, 1210, 0.5)
   20% done       (0.012074, 6.7, 0.14, 18.45, 1210, 0.5)
   30% done       (0.012074, 6.7, 0.14, 18.45, 1210, 0.5)
   40% done       (0.0152, 6.7, 0.16, 18.35, 1210, 0.5)
   50% done       (0.0152, 6.7, 0.16, 18.35, 1210, 0.5)
   60% done       (0.0152, 6.7, 0.16, 18.35, 1210, 0.5)
   70% done       (0.0152, 6.7, 0.16, 18.35, 1210, 0.5)
   80% done       (0.0152, 6.7, 0.16, 18.35, 1210, 0.5)
Best fit params obtained.
Begin bootstrap process (10).
Optimization terminated successfully.
         Current function value: -45.934298
         Iterations: 15
         Function evaluations: 42
Optimization terminated successfully.
         Current function value: -2.118965
         Iterations: 14
         Function evaluations: 39
  10% done
Optimization terminated successfully.
         Current function value: -45.335146
         Iterations: 16
         Function evaluations: 45
Optimization terminated successfully.
         Current function value: -41.210466
         Iterations: 16
         Function evaluations: 44
  20% done
Optimization terminated successfully.
         Current function value: -35.363748
         Iterations: 15
         Function evaluations: 43
Optimization terminated successfully.
         Current function value: -8.935913
         Iterations: 14
         Function evaluations: 39
  30% done
Optimization terminated successfully.
         Current function value: -51.519408
         Iterations: 16
         Function evaluations: 44
Optimization terminated successfully.
         Current function value: -34.582465
         Iterations: 15
         Function evaluations: 44
  40% done
Optimization terminated successfully.
         Current function value: -43.740450
         Iterations: 15
         Function evaluations: 42
Optimization terminated successfully.
         Current function value: -17.392573
         Iterations: 13
         Function evaluations: 38
  50% done
Optimization terminated successfully.
         Current function value: -27.116506
         Iterations: 14
         Function evaluations: 41
Optimization terminated successfully.
         Current function value: -8.333160
         Iterations: 13
         Function evaluations: 38
  60% done
Optimization terminated successfully.
         Current function value: -22.128919
         Iterations: 14
         Function evaluations: 41
Optimization terminated successfully.
         Current function value: 0.542363
         Iterations: 14
         Function evaluations: 39
  70% done
Optimization terminated successfully.
         Current function value: -49.361105
         Iterations: 15
         Function evaluations: 43
Optimization terminated successfully.
         Current function value: -32.346153
         Iterations: 16
         Function evaluations: 44
  80% done
Optimization terminated successfully.
         Current function value: -46.621954
         Iterations: 16
         Function evaluations: 45
Optimization terminated successfully.
         Current function value: -35.458770
         Iterations: 15
         Function evaluations: 44
  90% done
Optimization terminated successfully.
         Current function value: -36.407230
         Iterations: 16
         Function evaluations: 45
Optimization terminated successfully.
         Current function value: -7.656968
         Iterations: 13
         Function evaluations: 38
  100% done
Best fit synthetic cluster saved to file.
Cluster's parameters and flags added to output file.
Plots created.
Photometric data file moved.
End of analysis for LW224 in 1271m 20s.

Analizing cluster NGC1839 (semi).
 Set max extinction value: 0.16
Data obtained from input file (N_stars: 61269).
Frame's 2D histogram obtained
Semi center found: (1477.47, 1839.39) px.
Radial density profile (RDP) calculated.
Field density calculated (1.6E-02 stars/px^2).
Auto radius found: 403.444 px.
  WARNING: tidal radius could not be obtained.
Stars accepted/rejected based on their errors.
Stars separated in/out of cluster's boundaries.
Area of cluster obtained.
Approximate number of members in cluster obtained (212).
Contamination index obtained (0.97).
  WARNING: Number of FR defined (10) larger than
  the maximum allowed (7). Using max number.
LF and completeness magnitude levels obtained.
Integrated color magnitude distribution obtained (0.51).
Skipping KDE p-value test for cluster.
Applying decontamination algorithm.
  25% done
  50% done
  75% done
  100% done
  WARNING: the number of estimated true cluster members
  (structural vs. photometric) differ greatly.
Reduced membership function applied.
Membership probabilities saved to file.
Searching for optimal parameters.
Optimization terminated successfully.
         Current function value: -2256.356790
         Iterations: 17
         Function evaluations: 48
Optimization terminated successfully.
         Current function value: -1434.071832
         Iterations: 16
         Function evaluations: 45
Using Genetic Algorithm (dolphin/knuth).
   10% done       (0.0152, 6.6, 0.16, 18.45, 8610, 0.5)
   20% done       (0.0152, 6.6, 0.16, 18.45, 8610, 0.5)
   30% done       (0.0152, 6.6, 0.16, 18.45, 8610, 0.5)
   40% done       (0.0152, 6.6, 0.16, 18.45, 8410, 0.5)
   50% done       (0.0152, 6.6, 0.16, 18.45, 8410, 0.5)
   60% done       (0.0152, 6.6, 0.16, 18.45, 8410, 0.5)
   70% done       (0.0152, 6.6, 0.16, 18.45, 8410, 0.5)
   80% done       (0.0152, 6.6, 0.16, 18.45, 8410, 0.5)
   90% done       (0.0152, 6.6, 0.16, 18.45, 8410, 0.5)
Best fit params obtained.
Begin bootstrap process (10).
Optimization terminated successfully.
         Current function value: -2219.275607
         Iterations: 18
         Function evaluations: 50
Optimization terminated successfully.
         Current function value: -1214.138798
         Iterations: 16
         Function evaluations: 45
  10% done
Optimization terminated successfully.
         Current function value: -2153.903018
         Iterations: 17
         Function evaluations: 49
Optimization terminated successfully.
         Current function value: -1389.262427
         Iterations: 16
         Function evaluations: 46
  20% done
Optimization terminated successfully.
         Current function value: -2230.104842
         Iterations: 17
         Function evaluations: 47
Optimization terminated successfully.
         Current function value: -1408.790551
         Iterations: 16
         Function evaluations: 45
  30% done
Optimization terminated successfully.
         Current function value: -2222.192361
         Iterations: 17
         Function evaluations: 47
Optimization terminated successfully.
         Current function value: -1382.573011
         Iterations: 16
         Function evaluations: 47
  40% done
Optimization terminated successfully.
         Current function value: -2280.240086
         Iterations: 17
         Function evaluations: 50
Optimization terminated successfully.
         Current function value: -1377.717109
         Iterations: 17
         Function evaluations: 47
  50% done
Optimization terminated successfully.
         Current function value: -2380.048981
         Iterations: 21
         Function evaluations: 56
Optimization terminated successfully.
         Current function value: -1501.264942
         Iterations: 16
         Function evaluations: 46
  60% done
Optimization terminated successfully.
         Current function value: -2277.191143
         Iterations: 20
         Function evaluations: 55
Optimization terminated successfully.
         Current function value: -1469.696143
         Iterations: 16
         Function evaluations: 45
  70% done
Optimization terminated successfully.
         Current function value: -2172.641221
         Iterations: 17
         Function evaluations: 48
Optimization terminated successfully.
         Current function value: -1409.977699
         Iterations: 16
         Function evaluations: 45
  80% done
Optimization terminated successfully.
         Current function value: -2206.217556
         Iterations: 19
         Function evaluations: 52
Optimization terminated successfully.
         Current function value: -1436.296040
         Iterations: 19
         Function evaluations: 52
  90% done
Optimization terminated successfully.
         Current function value: -2097.439287
         Iterations: 17
         Function evaluations: 48
Optimization terminated successfully.
         Current function value: -1386.728886
         Iterations: 16
         Function evaluations: 46
  100% done
Best fit synthetic cluster saved to file.
Cluster's parameters and flags added to output file.
Top tier models saved to file and plotted.
Plots created.
Photometric data file moved.
End of analysis for NGC1839 in 4186m 33s.

Analizing cluster NGC2108 (semi).
 Set max extinction value: 0.28
Data obtained from input file (N_stars: 110809).
Frame's 2D histogram obtained
Semi center found: (3840.35, 4709.85) px.
Radial density profile (RDP) calculated.
Field density calculated (9.0E-03 stars/px^2).
Auto radius found: 358.473 px.
Tidal radius obtained: 6559.99 px.
Stars accepted/rejected based on their errors.
Stars separated in/out of cluster's boundaries.
Area of cluster obtained.
Approximate number of members in cluster obtained (1005).
Contamination index obtained (0.78).
Using defined number of field regions (10).
LF and completeness magnitude levels obtained.
Integrated color magnitude distribution obtained (1.15).
Skipping KDE p-value test for cluster.
Applying decontamination algorithm.
  25% done
  50% done
  75% done
  MPs converged. Breaking out (935).
  WARNING: the number of estimated true cluster members
  (structural vs. photometric) differ greatly.
Reduced membership function applied.
Membership probabilities saved to file.
Searching for optimal parameters.
Optimization terminated successfully.
         Current function value: -786.495806
         Iterations: 17
         Function evaluations: 47
Optimization terminated successfully.
         Current function value: -553.568507
         Iterations: 15
         Function evaluations: 43
Using Genetic Algorithm (dolphin/knuth).
   10% done       (0.006051, 9, 0.16, 18.35, 7810, 0.5)
   20% done       (0.007618, 9, 0.14, 18.5, 7810, 0.5)
   30% done       (0.007618, 9, 0.14, 18.5, 7810, 0.5)
   40% done       (0.007618, 9, 0.14, 18.5, 7810, 0.5)
   50% done       (0.007618, 9, 0.14, 18.5, 7810, 0.5)
   60% done       (0.007618, 9, 0.14, 18.5, 7810, 0.5)
Best fit params obtained.
Begin bootstrap process (10).
Optimization terminated successfully.
         Current function value: -754.152290
         Iterations: 16
         Function evaluations: 45
Optimization terminated successfully.
         Current function value: -522.696751
         Iterations: 15
         Function evaluations: 43
  10% done
Optimization terminated successfully.
         Current function value: -759.443684
         Iterations: 17
         Function evaluations: 47
Optimization terminated successfully.
         Current function value: -595.803232
         Iterations: 15
         Function evaluations: 43
  20% done
Optimization terminated successfully.
         Current function value: -700.901380
         Iterations: 16
         Function evaluations: 45
Optimization terminated successfully.
         Current function value: -538.042199
         Iterations: 16
         Function evaluations: 45
  30% done
Optimization terminated successfully.
         Current function value: -822.164831
         Iterations: 16
         Function evaluations: 46
Optimization terminated successfully.
         Current function value: -533.168445
         Iterations: 16
         Function evaluations: 45
  40% done
Optimization terminated successfully.
         Current function value: -659.154469
         Iterations: 16
         Function evaluations: 46
Optimization terminated successfully.
         Current function value: -621.578481
         Iterations: 15
         Function evaluations: 44
  50% done
Optimization terminated successfully.
         Current function value: -747.963459
         Iterations: 16
         Function evaluations: 45
Optimization terminated successfully.
         Current function value: -519.333240
         Iterations: 15
         Function evaluations: 43
  60% done
Optimization terminated successfully.
         Current function value: -662.254310
         Iterations: 17
         Function evaluations: 47
Optimization terminated successfully.
         Current function value: -501.042126
         Iterations: 15
         Function evaluations: 43
  70% done
Optimization terminated successfully.
         Current function value: -836.599939
         Iterations: 16
         Function evaluations: 45
Optimization terminated successfully.
         Current function value: -570.445636
         Iterations: 15
         Function evaluations: 43
  80% done
Optimization terminated successfully.
         Current function value: -721.657400
         Iterations: 16
         Function evaluations: 46
Optimization terminated successfully.
         Current function value: -525.015762
         Iterations: 15
         Function evaluations: 43
  90% done
Optimization terminated successfully.
         Current function value: -805.046546
         Iterations: 17
         Function evaluations: 48
Optimization terminated successfully.
         Current function value: -535.098544
         Iterations: 15
         Function evaluations: 43
  100% done
Best fit synthetic cluster saved to file.
Cluster's parameters and flags added to output file.
Top tier models saved to file and plotted.
Plots created.
Photometric data file moved.
End of analysis for NGC2108 in 2755m 28s.

Analizing clust