

-------------------------------------------
            ASteCA v0.1.9-beta
-------------------------------------------

PARSEC v1.1 theoretical isochrones read,
interpolated and stored:
  23 metallicity values (z),
  83 age values (per z),
  21 reddening values,
  9 distance values,
  51 mass values,
  1 binary fraction values.
  = 1.8e+07 approx total models.
Full check done.

(Force matplotlib to not use any Xwindows backend)

Analizing cluster BRHT45A (semi).
 Set max extinction value: 0.18
Data obtained from input file (N_stars: 5985).
Frame's 2D histogram obtained
Semi center found: (1836.03, 3619.15) px.
Radial density profile (RDP) calculated.
Field density calculated (8.2E-03 stars/px^2).
Auto radius found: 66.5932 px.
  WARNING: tidal radius could not be obtained.
Stars accepted/rejected based on their errors.
Stars separated in/out of cluster's boundaries.
Area of cluster obtained.
Approximate number of members in cluster obtained (44).
Contamination index obtained (0.72).
Using defined number of field regions (10).
LF and completeness magnitude levels obtained.
Integrated color magnitude distribution obtained (-0.36).
Skipping KDE p-value test for cluster.
Applying decontamination algorithm.
  25% done
  50% done
  MPs converged. Breaking out (570).
Reduced membership function applied.
Membership probabilities saved to file.
Searching for optimal parameters.
Optimization terminated successfully.
         Current function value: -7.102139
         Iterations: 15
         Function evaluations: 42
Optimization terminated successfully.
         Current function value: -3.201553
         Iterations: 14
         Function evaluations: 39
Using Genetic Algorithm (dolphin/knuth).
   10% done       (0.012074, 8, 0.08, 18.35, 410, 0.5)
   20% done       (0.0152, 7.8, 0.14, 18.6, 410, 0.5)
   30% done       (0.0152, 7.8, 0.14, 18.6, 410, 0.5)
   40% done       (0.0152, 7.8, 0.14, 18.6, 410, 0.5)
   50% done       (0.0152, 7.8, 0.14, 18.6, 410, 0.5)
   60% done       (0.0152, 7.8, 0.14, 18.6, 410, 0.5)
Best fit params obtained.
Begin bootstrap process (10).
Optimization terminated successfully.
         Current function value: -3.307536
         Iterations: 14
         Function evaluations: 39
Optimization terminated successfully.
         Current function value: -8.462871
         Iterations: 14
         Function evaluations: 41
  10% done
Optimization terminated successfully.
         Current function value: -4.044701
         Iterations: 14
         Function evaluations: 41
Optimization terminated successfully.
         Current function value: -5.122025
         Iterations: 14
         Function evaluations: 39
  20% done
Optimization terminated successfully.
         Current function value: -16.125162
         Iterations: 14
         Function evaluations: 41
Optimization terminated successfully.
         Current function value: -9.434921
         Iterations: 14
         Function evaluations: 39
  30% done
Optimization terminated successfully.
         Current function value: -11.382011
         Iterations: 14
         Function evaluations: 41
Optimization terminated successfully.
         Current function value: -4.903483
         Iterations: 14
         Function evaluations: 39
  40% done
Optimization terminated successfully.
         Current function value: -4.260017
         Iterations: 14
         Function evaluations: 41
Optimization terminated successfully.
         Current function value: -6.784505
         Iterations: 14
         Function evaluations: 39
  50% done
Optimization terminated successfully.
         Current function value: -9.707643
         Iterations: 13
         Function evaluations: 38
Optimization terminated successfully.
         Current function value: -1.642348
         Iterations: 14
         Function evaluations: 39
  60% done
Optimization terminated successfully.
         Current function value: -3.213658
         Iterations: 13
         Function evaluations: 38
Optimization terminated successfully.
         Current function value: -0.153007
         Iterations: 14
         Function evaluations: 39
  70% done
Optimization terminated successfully.
         Current function value: -11.190284
         Iterations: 14
         Function evaluations: 41
Optimization terminated successfully.
         Current function value: -6.134266
         Iterations: 14
         Function evaluations: 39
  80% done
Optimization terminated successfully.
         Current function value: -10.092747
         Iterations: 15
         Function evaluations: 42
Optimization terminated successfully.
         Current function value: -3.665713
         Iterations: 14
         Function evaluations: 39
  90% done
Optimization terminated successfully.
         Current function value: -12.312945
         Iterations: 15
         Function evaluations: 42
Optimization terminated successfully.
         Current function value: -5.417937
         Iterations: 14
         Function evaluations: 39
  100% done
Best fit synthetic cluster saved to file.
Cluster's parameters and flags added to output file.
Top tier models saved to file and plotted.
Plots created.
Photometric data file moved.
End of analysis for BRHT45A in 1604m 9s.

Analizing cluster H88-265 (semi).
 Set max extinction value: 0.22
Data obtained from input file (N_stars: 7918).
Frame's 2D histogram obtained
Semi center found: (1513.93, 3540.71) px.
Radial density profile (RDP) calculated.
Field density calculated (1.1E-02 stars/px^2).
Auto radius found: 59.2789 px.
Tidal radius obtained: 216.588 px.
Stars accepted/rejected based on their errors.
Stars separated in/out of cluster's boundaries.
Area of cluster obtained.
  WARNING: only 4 true members estimated in cluster region.
Contamination index obtained (0.96).
Using defined number of field regions (10).
LF and completeness magnitude levels obtained.
Integrated color magnitude distribution obtained (-0.29).
Skipping KDE p-value test for cluster.
Applying decontamination algorithm.
  25% done
  MPs converged. Breaking out (494).
  WARNING: the number of estimated true cluster members
  (structural vs. photometric) differ greatly.
Reduced membership function applied.
Membership probabilities saved to file.
Searching for optimal parameters.
Optimization terminated successfully.
         Current function value: 3.157967
         Iterations: 14
         Function evaluations: 39
Optimization terminated successfully.
         Current function value: -0.505595
         Iterations: 12
         Function evaluations: 35
Using Genetic Algorithm (dolphin/knuth).
   10% done       (0.0152, 7.7, 0.22, 18.35, 610, 0.5)
   20% done       (0.0152, 7.7, 0.2, 18.35, 610, 0.5)
   30% done       (0.0152, 7.7, 0.2, 18.35, 610, 0.5)
   40% done       (0.0152, 7.7, 0.2, 18.35, 610, 0.5)
   50% done       (0.0152, 7.65, 0.2, 18.35, 410, 0.5)
   60% done       (0.0152, 7.65, 0.2, 18.35, 410, 0.5)
   70% done       (0.0152, 7.65, 0.2, 18.35, 410, 0.5)
   80% done       (0.0152, 7.65, 0.2, 18.35, 410, 0.5)
   90% done       (0.0152, 7.65, 0.2, 18.35, 410, 0.5)
Best fit params obtained.
Begin bootstrap process (10).
Optimization terminated successfully.
         Current function value: 0.163501
         Iterations: 13
         Function evaluations: 38
Optimization terminated successfully.
         Current function value: -1.463955
         Iterations: 13
         Function evaluations: 38
  10% done
Optimization terminated successfully.
         Current function value: 1.551541
         Iterations: 14
         Function evaluations: 39
Optimization terminated successfully.
         Current function value: -0.172971
         Iterations: 13
         Function evaluations: 38
  20% done
Optimization terminated successfully.
         Current function value: 1.488810
         Iterations: 14
         Function evaluations: 39
Optimization terminated successfully.
         Current function value: -4.295015
         Iterations: 12
         Function evaluations: 35
  30% done
Optimization terminated successfully.
         Current function value: -0.771637
         Iterations: 13
         Function evaluations: 38
Optimization terminated successfully.
         Current function value: -2.167700
         Iterations: 12
         Function evaluations: 35
  40% done
Optimization terminated successfully.
         Current function value: 1.761735
         Iterations: 13
         Function evaluations: 36
Optimization terminated successfully.
         Current function value: -2.857249
         Iterations: 13
         Function evaluations: 36
  50% done
Optimization terminated successfully.
         Current function value: 4.340500
         Iterations: 14
         Function evaluations: 39
Optimization terminated successfully.
         Current function value: -3.002336
         Iterations: 12
         Function evaluations: 35
  60% done
Optimization terminated successfully.
         Current function value: -1.571100
         Iterations: 13
         Function evaluations: 38
Optimization terminated successfully.
         Current function value: -3.412329
         Iterations: 13
         Function evaluations: 36
  70% done
Optimization terminated successfully.
         Current function value: 2.059355
         Iterations: 12
         Function evaluations: 35
Optimization terminated successfully.
         Current function value: 2.775317
         Iterations: 12
         Function evaluations: 35
  80% done
Optimization terminated successfully.
         Current function value: 3.326522
         Iterations: 13
         Function evaluations: 36
Optimization terminated successfully.
         Current function value: -3.238724
         Iterations: 12
         Function evaluations: 35
  90% done
Optimization terminated successfully.
         Current function value: 0.914438
         Iterations: 13
         Function evaluations: 36
Optimization terminated successfully.
         Current function value: 1.487299
         Iterations: 13
         Function evaluations: 36
  100% done
Best fit synthetic cluster saved to file.
Cluster's parameters and flags added to output file.
Plots created.
Photometric data file moved.
End of analysis for H88-265 in 1651m 14s.

Analizing cluster HS154 (semi).
 Set max extinction value: 0.16
Data obtained from input file (N_stars: 51078).
Frame's 2D histogram obtained
Semi center found: (5711.01, 6663.23) px.
Radial density profile (RDP) calculated.
Field density calculated (4.4E-03 stars/px^2).
Auto radius found: 184.59 px.
Tidal radius obtained: 854.74 px.
Stars accepted/rejected based on their errors.
Stars separated in/out of cluster's boundaries.
Area of cluster obtained.
Approximate number of members in cluster obtained (48).
Contamination index obtained (0.91).
Using defined number of field regions (10).
LF and completeness magnitude levels obtained.
Integrated color magnitude distribution obtained (-3.10).
Skipping KDE p-value test for cluster.
Applying decontamination algorithm.
  25% done
  50% done
  75% done
  100% done
  WARNING: the number of estimated true cluster members
  (structural vs. photometric) differ greatly.
Reduced membership function applied.
Membership probabilities saved to file.
Searching for optimal parameters.
Optimization terminated successfully.
         Current function value: -26.499667
         Iterations: 14
         Function evaluations: 41
Optimization terminated successfully.
         Current function value: -34.637439
         Iterations: 15
         Function evaluations: 42
Using Genetic Algorithm (dolphin/knuth).
   10% done       (0.012074, 7.15, 0.14, 18.45, 210, 0.5)
   20% done       (0.012074, 8.3, 0.16, 18.45, 410, 0.5)
   30% done       (0.012074, 8.15, 0.16, 18.35, 210, 0.5)
   40% done       (0.012074, 8.15, 0.16, 18.35, 210, 0.5)
   50% done       (0.012074, 8.15, 0.16, 18.35, 210, 0.5)
   60% done       (0.012074, 8.15, 0.16, 18.35, 210, 0.5)
   70% done       (0.012074, 8.15, 0.16, 18.35, 210, 0.5)
   80% done       (0.012074, 8.15, 0.16, 18.35, 210, 0.5)
Best fit params obtained.
Begin bootstrap process (10).
Optimization terminated successfully.
         Current function value: -21.862553
         Iterations: 15
         Function evaluations: 42
Optimization terminated successfully.
         Current function value: -33.450367
         Iterations: 14
         Function evaluations: 39
  10% done
Optimization terminated successfully.
         Current function value: -30.595277
         Iterations: 14
         Function evaluations: 41
Optimization terminated successfully.
         Current function value: -27.100827
         Iterations: 15
         Function evaluations: 42
  20% done
Optimization terminated successfully.
         Current function value: -21.676556
         Iterations: 15
         Function evaluations: 42
Optimization terminated successfully.
         Current function value: -46.542539
         Iterations: 15
         Function evaluations: 42
  30% done
Optimization terminated successfully.
         Current function value: -26.720459
         Iterations: 15
         Function evaluations: 42
Optimization terminated successfully.
         Current function value: -28.494239
         Iterations: 15
         Function evaluations: 42
  40% done
Optimization terminated successfully.
         Current function value: -24.666893
         Iterations: 14
         Function evaluations: 41
Optimization terminated successfully.
         Current function value: -12.538135
         Iterations: 15
         Function evaluations: 42
  50% done
Optimization terminated successfully.
         Current function value: -29.350135
         Iterations: 14
         Function evaluations: 41
Optimization terminated successfully.
         Current function value: -30.566463
         Iterations: 14
         Function evaluations: 39
  60% done
Optimization terminated successfully.
         Current function value: -23.567179
         Iterations: 14
         Function evaluations: 41
Optimization terminated successfully.
         Current function value: -27.591941
         Iterations: 13
         Function evaluations: 38
  70% done
Optimization terminated successfully.
         Current function value: -20.584268
         Iterations: 15
         Function evaluations: 42
Optimization terminated successfully.
         Current function value: -22.003387
         Iterations: 14
         Function evaluations: 41
  80% done
Optimization terminated successfully.
         Current function value: -20.856793
         Iterations: 14
         Function evaluations: 41
Optimization terminated successfully.
         Current function value: -21.907401
         Iterations: 13
         Function evaluations: 38
  90% done
Optimization terminated successfully.
         Current function value: -25.582119
         Iterations: 13
         Function evaluations: 38
Optimization terminated successfully.
         Current function value: -17.428644
         Iterations: 14
         Function evaluations: 39
  100% done
Best fit synthetic cluster saved to file.
Cluster's parameters and flags added to output file.
Top tier models saved to file and plotted.
Plots created.
Photometric data file moved.
End of analysis for HS154 in 1304m 13s.

Analizing cluster KMHK151 (semi).
 Set max extinction value: 0.16
Data obtained from input file (N_stars: 22935).
Frame's 2D histogram obtained
Semi center found: (1236.01, 1936.21) px.
Radial density profile (RDP) calculated.
Field density calculated (2.7E-03 stars/px^2).
Auto radius found: 113.555 px.
Tidal radius obtained: 330.067 px.
Stars accepted/rejected based on their errors.
Stars separated in/out of cluster's boundaries.
Area of cluster obtained.
Approximate number of members in cluster obtained (65).
Contamination index obtained (0.63).
Using defined number of field regions (10).
LF and completeness magnitude levels obtained.
Integrated color magnitude distribution obtained (1.30).
Skipping KDE p-value test for cluster.
Applying decontamination algorithm.
  25% done
  MPs converged. Breaking out (461).
Reduced membership function applied.
Membership probabilities saved to file.
Searching for optimal parameters.
Optimization terminated successfully.
         Current function value: -24.946179
         Iterations: 14
         Function evaluations: 41
Optimization terminated successfully.
         Current function value: -31.871654
         Iterations: 15
         Function evaluations: 42
Using Genetic Algorithm (dolphin/knuth).
   10% done       (0.006051, 8.95, 0.14, 18.6, 810, 0.5)
   20% done       (0.006051, 8.95, 0.14, 18.6, 810, 0.5)
   30% done       (0.006051, 8.95, 0.14, 18.6, 810, 0.5)
   40% done       (0.006051, 8.95, 0.14, 18.6, 810, 0.5)
   50% done       (0.006051, 8.95, 0.14, 18.6, 810, 0.5)
Best fit params obtained.
Begin bootstrap process (10).
Optimization terminated successfully.
         Current function value: -23.587360
         Iterations: 14
         Function evaluations: 41
Optimization terminated successfully.
         Current function value: -43.711100
         Iterations: 16
         Function evaluations: 45
  10% done
Optimization terminated successfully.
         Current function value: -18.265057
         Iterations: 14
         Function evaluations: 41
Optimization terminated successfully.
         Current function value: -37.639261
         Iterations: 15
         Function evaluations: 42
  20% done
Optimization terminated successfully.
         Current function value: -26.071312
         Iterations: 16
         Function evaluations: 44
Optimization terminated successfully.
         Current function value: -44.141084
         Iterations: 15
         Function evaluations: 43
  30% done
Optimization terminated successfully.
         Current function value: -16.031629
         Iterations: 14
         Function evaluations: 41
Optimization terminated successfully.
         Current function value: -7.294832
         Iterations: 14
         Function evaluations: 39
  40% done
Optimization terminated successfully.
         Current function value: -40.458199
         Iterations: 16
         Function evaluations: 45
Optimization terminated successfully.
         Current function value: -37.369952
         Iterations: 15
         Function evaluations: 42
  50% done
Optimization terminated successfully.
         Current function value: -27.237055
         Iterations: 14
         Function evaluations: 41
Optimization terminated successfully.
         Current function value: -32.934548
         Iterations: 14
         Function evaluations: 41
  60% done
Optimization terminated successfully.
         Current function value: -26.956588
         Iterations: 16
         Function evaluations: 45
Optimization terminated successfully.
         Current function value: -19.200486
         Iterations: 14
         Function evaluations: 39
  70% done
Optimization terminated successfully.
         Current function value: -27.356287
         Iterations: 15
         Function evaluations: 42
Optimization terminated successfully.
         Current function value: -9.903616
         Iterations: 14
         Function evaluations: 41
  80% done
Optimization terminated successfully.
         Current function value: -26.140007
         Iterations: 16
         Function evaluations: 44
Optimization terminated successfully.
         Current function value: -5.855837
         Iterations: 13
         Function evaluations: 38
  90% done
Optimization terminated successfully.
         Current function value: -37.062554
         Iterations: 15
         Function evaluations: 42
Optimization terminated successfully.
         Current function value: -39.330437
         Iterations: 16
         Function evaluations: 45
  100% done
Best fit synthetic cluster saved to file.
Cluster's parameters and flags added to output file.
Plots created.
Photometric data file moved.
End of analysis for KMHK151 in 1270m 4s.

Analizing cluster SL229 (semi).
 Set max extinction value: 0.16
Data obtained from input file (N_stars: 108687).
Frame's 2D histogram obtained
Semi center found: (1227.07, 3083.89) px.
Radial density profile (RDP) calculated.
Field density calculated (1.0E-02 stars/px^2).
Auto radius found: 86.5734 px.
  WARNING: tidal radius could not be obtained.
  WARNING: core radius could not be obtained.
Stars accepted/rejected based on their errors.
Stars separated in/out of cluster's boundaries.
Area of cluster obtained.
Approximate number of members in cluster obtained (29).
Contamination index obtained (0.89).
Using defined number of field regions (10).
LF and completeness magnitude levels obtained.
Integrated color magnitude distribution obtained (0.50).
Skipping KDE p-value test for cluster.
Applying decontamination algorithm.
  25% done
  50% done
  MPs converged. Breaking out (704).
Reduced membership function applied.
Membership probabilities saved to file.
Searching for optimal parameters.
Optimization terminated successfully.
         Current function value: -90.595211
         Iterations: 15
         Function evaluations: 43
Optimization terminated successfully.
         Current function value: -25.128615
         Iterations: 14
         Function evaluations: 41
Using Genetic Algorithm (dolphin/knuth).
   10% done       (0.0152, 8.15, 0.12, 18.55, 1010, 0.5)
   20% done       (0.007618, 8.65, 0.04, 18.35, 1010, 0.5)
   30% done       (0.007618, 8.65, 0.04, 18.35, 1010, 0.5)
   40% done       (0.007618, 8.65, 0.04, 18.35, 1010, 0.5)
   50% done       (0.0152, 8.5, 0.06, 18.6, 1010, 0.5)
   60% done       (0.0152, 8.5, 0.06, 18.6, 1010, 0.5)
   70% done       (0.0152, 8.5, 0.06, 18.6, 1010, 0.5)
   80% done       (0.0152, 8.5, 0.06, 18.6, 1010, 0.5)
   90% done       (0.0152, 8.5, 0.06, 18.6, 1010, 0.5)
  100% done       (0.0152, 8.5, 0.06, 18.6, 1010, 0.5)
Best fit params obtained.
Begin bootstrap process (10).
Optimization terminated successfully.
         Current function value: -94.100947
         Iterations: 15
         Function evaluations: 43
Optimization terminated successfully.
         Current function value: -16.228088
         Iterations: 15
         Function evaluations: 42
  10% done
Optimization terminated successfully.
         Current function value: -110.277771
         Iterations: 15
         Function evaluations: 43
Optimization terminated successfully.
         Current function value: -38.682192
         Iterations: 15
         Function evaluations: 42
  20% done
Optimization terminated successfully.
         Current function value: -90.757042
         Iterations: 15
         Function evaluations: 42
Optimization terminated successfully.
         Current function value: -32.890944
         Iterations: 14
         Function evaluations: 41
  30% done
Optimization terminated successfully.
         Current function value: -92.682061
         Iterations: 16
         Function evaluations: 45
Optimization terminated successfully.
         Current function value: -20.863789
         Iterations: 14
         Function evaluations: 41
  40% done
Optimization terminated successfully.
         Current function value: -74.266922
         Iterations: 14
         Function evaluations: 41
Optimization terminated successfully.
         Current function value: -28.428119
         Iterations: 14
         Function evaluations: 41
  50% done
Optimization terminated successfully.
         Current function value: -95.743304
         Iterations: 15
         Function evaluations: 43
Optimization terminated successfully.
         Current function value: -22.910156
         Iterations: 15
         Function evaluations: 42
  60% done
Optimization terminated successfully.
         Current function value: -97.081357
         Iterations: 15
         Function evaluations: 43
Optimization terminated successfully.
         Current function value: -32.413236
         Iterations: 14
         Function evaluations: 41
  70% done
Optimization terminated successfully.
         Current function value: -101.727884
         Iterations: 16
         Function evaluations: 45
Optimization terminated successfully.
         Current function value: -11.411846
         Iterations: 15
         Function evaluations: 42
  80% done
Optimization terminated successfully.
         Current function value: -73.494551
         Iterations: 16
         Function evaluations: 45
Optimization terminated successfully.
         Current function value: -18.009554
         Iterations: 15
         Function evaluations: 42
  90% done
Optimization terminated successfully.
         Current function value: -85.016976
         Iterations: 16
         Function evaluations: 44
Optimization terminated successfully.
         Current function value: -13.691842
         Iterations: 14
         Function evaluations: 41
  100% done
Best fit synthetic cluster saved to file.
Cluster's parameters and flags added to output file.
Top tier models saved to file and plotted.
Plots created.
Photometric data file moved.
End of analysis for SL229 in 1659m 5s.

Analizing cluster SL244 (semi).
 Set max extinction value: 0.16
Data obtained from input file (N_stars: 61269).
Frame's 2D histogram obtained
Semi center found: (123.131, 1033.03) px.
Radial density profile (RDP) calculated.
Field density calculated (1.5E-02 stars/px^2).
Auto radius found: 119.419 px.
Tidal radius obtained: 231.381 px.
Stars accepted/rejected based on their errors.
Stars separated in/out of cluster's boundaries.
Area of cluster obtained.
Approximate number of members in cluster obtained (80).
Contamination index obtained (0.89).
Using defined number of field regions (10).
LF and completeness magnitude levels obtained.
Integrated color magnitude distribution obtained (0.15).
Skipping KDE p-value test for cluster.
Applying decontamination algorithm.
  25% done
  50% done
  75% done
  100% done
  WARNING: the number of estimated true cluster members
  (structural vs. photometric) differ greatly.
Reduced membership function applied.
Membership probabilities saved to file.
Searching for optimal parameters.
Optimization terminated successfully.
         Current function value: -108.844329
         Iterations: 15
         Function evaluations: 44
Optimization terminated successfully.
         Current function value: -106.790315
         Iterations: 14
         Function evaluations: 41
Using Genetic Algorithm (dolphin/knuth).
   10% done       (0.00152, 9.5, 0.06, 18.55, 7410, 0.5)
   20% done       (0.00152, 9.5, 0.06, 18.55, 7410, 0.5)
   30% done       (0.00152, 9.5, 0.06, 18.55, 7410, 0.5)
   40% done       (0.00152, 9.5, 0.06, 18.55, 7410, 0.5)
   50% done       (0.00152, 9.5, 0.06, 18.55, 7410, 0.5)
Best fit params obtained.
Begin bootstrap process (10).
Optimization terminated successfully.
         Current function value: -106.425300
         Iterations: 15
         Function evaluations: 43
Optimization terminated successfully.
         Current function value: -108.147266
         Iterations: 15
         Function evaluations: 41
  10% done
Optimization terminated successfully.
         Current function value: -75.293387
         Iterations: 14
         Function evaluations: 41
Optimization terminated successfully.
         Current function value: -87.151136
         Iterations: 16
         Function evaluations: 44
  20% done
Optimization terminated successfully.
         Current function value: -114.784339
         Iterations: 15
         Function evaluations: 44
Optimization terminated successfully.
         Current function value: -114.649684
         Iterations: 16
         Function evaluations: 44
  30% done
Optimization terminated successfully.
         Current function value: -69.413810
         Iterations: 14
         Function evaluations: 41
Optimization terminated successfully.
         Current function value: -111.903238
         Iterations: 14
         Function evaluations: 41
  40% done
Optimization terminated successfully.
         Current function value: -87.439963
         Iterations: 14
         Function evaluations: 41
Optimization terminated successfully.
         Current function value: -89.134135
         Iterations: 15
         Function evaluations: 42
  50% done
Optimization terminated successfully.
         Current function value: -117.999745
         Iterations: 15
         Function evaluations: 44
Optimization terminated successfully.
         Current function value: -108.947894
         Iterations: 14
         Function evaluations: 41
  60% done
Optimization terminated successfully.
         Current function value: -116.309139
         Iterations: 17
         Function evaluations: 48
Optimization terminated successfully.
         Current function value: -109.311512
         Iterations: 15
         Func