

-------------------------------------------
            ASteCA v0.1.9-beta
-------------------------------------------

PARSEC v1.1 theoretical isochrones read,
interpolated and stored:
  23 metallicity values (z),
  83 age values (per z),
  21 reddening values,
  9 distance values,
  51 mass values,
  1 binary fraction values.
  = 1.8e+07 approx total models.
Full check done.

(Force matplotlib to not use any Xwindows backend)

Analizing cluster BRHT38B (semi).
 Set max extinction value: 0.4
Data obtained from input file (N_stars: 3898).
Frame's 2D histogram obtained
Semi center found: (6192.93, 3138.99) px.
Radial density profile (RDP) calculated.
Field density calculated (4.4E-03 stars/px^2).
Auto radius found: 67.2065 px.
  WARNING: tidal radius could not be obtained.
  WARNING: core radius could not be obtained.
Stars accepted/rejected based on their errors.
Stars separated in/out of cluster's boundaries.
Area of cluster obtained.
Approximate number of members in cluster obtained (33).
Contamination index obtained (0.65).
Using defined number of field regions (10).
LF and completeness magnitude levels obtained.
Integrated color magnitude distribution obtained (-0.15).
Skipping KDE p-value test for cluster.
Applying decontamination algorithm.
  25% done
  50% done
  MPs converged. Breaking out (624).
Reduced membership function applied.
Membership probabilities saved to file.
Searching for optimal parameters.
Optimization terminated successfully.
         Current function value: -45.586770
         Iterations: 16
         Function evaluations: 45
Optimization terminated successfully.
         Current function value: -5.632917
         Iterations: 14
         Function evaluations: 39
Using Genetic Algorithm (dolphin/knuth).
   10% done       (0.004807, 8, 0.14, 18.65, 610, 0.5)
   20% done       (0.003818, 8, 0.14, 18.45, 410, 0.5)
   30% done       (0.003818, 8, 0.14, 18.45, 410, 0.5)
   40% done       (0.003818, 8, 0.14, 18.45, 410, 0.5)
   50% done       (0.003818, 8, 0.14, 18.45, 410, 0.5)
   60% done       (0.003818, 8, 0.14, 18.45, 410, 0.5)
Best fit params obtained.
Begin bootstrap process (10).
Optimization terminated successfully.
         Current function value: -3.797244
         Iterations: 14
         Function evaluations: 39
Optimization terminated successfully.
         Current function value: 1.550201
         Iterations: 14
         Function evaluations: 39
  10% done
Optimization terminated successfully.
         Current function value: -44.159446
         Iterations: 14
         Function evaluations: 41
Optimization terminated successfully.
         Current function value: -11.469443
         Iterations: 14
         Function evaluations: 39
  20% done
Optimization terminated successfully.
         Current function value: -45.671784
         Iterations: 16
         Function evaluations: 45
Optimization terminated successfully.
         Current function value: -6.995967
         Iterations: 13
         Function evaluations: 38
  30% done
Optimization terminated successfully.
         Current function value: -45.113222
         Iterations: 15
         Function evaluations: 43
Optimization terminated successfully.
         Current function value: -3.444895
         Iterations: 13
         Function evaluations: 38
  40% done
Optimization terminated successfully.
         Current function value: -16.117117
         Iterations: 14
         Function evaluations: 41
Optimization terminated successfully.
         Current function value: -5.852889
         Iterations: 13
         Function evaluations: 38
  50% done
Optimization terminated successfully.
         Current function value: -7.685061
         Iterations: 13
         Function evaluations: 38
Optimization terminated successfully.
         Current function value: -1.579564
         Iterations: 13
         Function evaluations: 38
  60% done
Optimization terminated successfully.
         Current function value: -47.141376
         Iterations: 16
         Function evaluations: 45
Optimization terminated successfully.
         Current function value: -9.881824
         Iterations: 13
         Function evaluations: 38
  70% done
Optimization terminated successfully.
         Current function value: -42.921412
         Iterations: 15
         Function evaluations: 43
Optimization terminated successfully.
         Current function value: -12.020075
         Iterations: 13
         Function evaluations: 38
  80% done
Optimization terminated successfully.
         Current function value: -1.153069
         Iterations: 14
         Function evaluations: 39
Optimization terminated successfully.
         Current function value: -4.046973
         Iterations: 13
         Function evaluations: 38
  90% done
Optimization terminated successfully.
         Current function value: -48.549994
         Iterations: 15
         Function evaluations: 43
Optimization terminated successfully.
         Current function value: -6.006839
         Iterations: 13
         Function evaluations: 38
  100% done
Best fit synthetic cluster saved to file.
Cluster's parameters and flags added to output file.
Plots created.
Photometric data file moved.
End of analysis for BRHT38B in 1775m 16s.

Analizing cluster BSDL675 (semi).
 Set max extinction value: 0.16
Data obtained from input file (N_stars: 57359).
Frame's 2D histogram obtained
Semi center found: (681.97, 193.03) px.
Radial density profile (RDP) calculated.
Field density calculated (6.8E-03 stars/px^2).
Auto radius found: 112.046 px.
  WARNING: tidal radius could not be obtained.
Stars accepted/rejected based on their errors.
Stars separated in/out of cluster's boundaries.
Area of cluster obtained.
Approximate number of members in cluster obtained (55).
Contamination index obtained (0.83).
Using defined number of field regions (10).
LF and completeness magnitude levels obtained.
Integrated color magnitude distribution obtained (1.49).
Skipping KDE p-value test for cluster.
Applying decontamination algorithm.
  25% done
  50% done
  75% done
  MPs converged. Breaking out (882).
  WARNING: the number of estimated true cluster members
  (structural vs. photometric) differ greatly.
Reduced membership function applied.
Membership probabilities saved to file.
Searching for optimal parameters.
Optimization terminated successfully.
         Current function value: -67.105719
         Iterations: 17
         Function evaluations: 47
Optimization terminated successfully.
         Current function value: -39.079865
         Iterations: 14
         Function evaluations: 41
Using Genetic Algorithm (dolphin/knuth).
   10% done       (0.007618, 8.95, 0.14, 18.65, 610, 0.5)
   20% done       (0.007618, 8.95, 0.14, 18.65, 610, 0.5)
   30% done       (0.007618, 8.95, 0.14, 18.65, 610, 0.5)
   40% done       (0.007618, 8.95, 0.14, 18.65, 610, 0.5)
   50% done       (0.007618, 8.95, 0.14, 18.65, 610, 0.5)
Best fit params obtained.
Begin bootstrap process (10).
Optimization terminated successfully.
         Current function value: -63.499812
         Iterations: 15
         Function evaluations: 43
Optimization terminated successfully.
         Current function value: -26.317772
         Iterations: 14
         Function evaluations: 39
  10% done
Optimization terminated successfully.
         Current function value: -68.355929
         Iterations: 16
         Function evaluations: 45
Optimization terminated successfully.
         Current function value: -33.683802
         Iterations: 14
         Function evaluations: 39
  20% done
Optimization terminated successfully.
         Current function value: -68.983366
         Iterations: 15
         Function evaluations: 44
Optimization terminated successfully.
         Current function value: -38.617598
         Iterations: 14
         Function evaluations: 41
  30% done
Optimization terminated successfully.
         Current function value: -77.314206
         Iterations: 16
         Function evaluations: 45
Optimization terminated successfully.
         Current function value: -48.373285
         Iterations: 15
         Function evaluations: 42
  40% done
Optimization terminated successfully.
         Current function value: -62.912750
         Iterations: 16
         Function evaluations: 44
Optimization terminated successfully.
         Current function value: -36.066295
         Iterations: 15
         Function evaluations: 42
  50% done
Optimization terminated successfully.
         Current function value: -80.962886
         Iterations: 17
         Function evaluations: 47
Optimization terminated successfully.
         Current function value: -36.729102
         Iterations: 15
         Function evaluations: 42
  60% done
Optimization terminated successfully.
         Current function value: -78.892594
         Iterations: 15
         Function evaluations: 43
Optimization terminated successfully.
         Current function value: -44.442571
         Iterations: 15
         Function evaluations: 42
  70% done
Optimization terminated successfully.
         Current function value: -80.168363
         Iterations: 17
         Function evaluations: 47
Optimization terminated successfully.
         Current function value: -36.965491
         Iterations: 14
         Function evaluations: 41
  80% done
Optimization terminated successfully.
         Current function value: -81.991298
         Iterations: 17
         Function evaluations: 47
Optimization terminated successfully.
         Current function value: -39.722161
         Iterations: 14
         Function evaluations: 41
  90% done
Optimization terminated successfully.
         Current function value: -72.082037
         Iterations: 16
         Function evaluations: 45
Optimization terminated successfully.
         Current function value: -49.843151
         Iterations: 15
         Function evaluations: 42
  100% done
Best fit synthetic cluster saved to file.
Cluster's parameters and flags added to output file.
Plots created.
Photometric data file moved.
End of analysis for BSDL675 in 1581m 57s.

Analizing cluster H88-26 (semi).
 Set max extinction value: 0.18
Data obtained from input file (N_stars: 80849).
Frame's 2D histogram obtained
Semi center found: (2364.05, 1308.99) px.
Radial density profile (RDP) calculated.
Field density calculated (7.4E-03 stars/px^2).
Auto radius found: 111.989 px.
Tidal radius obtained: 320.256 px.
Stars accepted/rejected based on their errors.
Stars separated in/out of cluster's boundaries.
Area of cluster obtained.
Approximate number of members in cluster obtained (37).
Contamination index obtained (0.89).
Using defined number of field regions (10).
LF and completeness magnitude levels obtained.
Integrated color magnitude distribution obtained (0.05).
Skipping KDE p-value test for cluster.
Applying decontamination algorithm.
  25% done
  50% done
  MPs converged. Breaking out (693).
  WARNING: the number of estimated true cluster members
  (structural vs. photometric) differ greatly.
Reduced membership function applied.
Membership probabilities saved to file.
Searching for optimal parameters.
Optimization terminated successfully.
         Current function value: -39.325286
         Iterations: 16
         Function evaluations: 44
Optimization terminated successfully.
         Current function value: -24.627826
         Iterations: 15
         Function evaluations: 42
Using Genetic Algorithm (dolphin/knuth).
   10% done       (0.003033, 9, 0.14, 18.6, 810, 0.5)
   20% done       (0.003033, 9, 0.14, 18.6, 810, 0.5)
   30% done       (0.003033, 9, 0.14, 18.6, 810, 0.5)
   40% done       (0.007618, 9, 0.02, 18.65, 610, 0.5)
   50% done       (0.007618, 9.05, 0, 18.4, 610, 0.5)
   60% done       (0.007618, 9.05, 0, 18.4, 610, 0.5)
   70% done       (0.007618, 9.05, 0, 18.4, 610, 0.5)
   80% done       (0.007618, 9.05, 0, 18.4, 610, 0.5)
   90% done       (0.007618, 9, 0.02, 18.65, 410, 0.5)
  100% done       (0.007618, 9, 0.02, 18.65, 410, 0.5)
Best fit params obtained.
Begin bootstrap process (10).
Optimization terminated successfully.
         Current function value: -55.265998
         Iterations: 15
         Function evaluations: 44
Optimization terminated successfully.
         Current function value: -24.188733
         Iterations: 14
         Function evaluations: 39
  10% done
Optimization terminated successfully.
         Current function value: -20.132479
         Iterations: 14
         Function evaluations: 41
Optimization terminated successfully.
         Current function value: -24.946201
         Iterations: 14
         Function evaluations: 41
  20% done
Optimization terminated successfully.
         Current function value: -9.830222
         Iterations: 15
         Function evaluations: 42
Optimization terminated successfully.
         Current function value: -5.069215
         Iterations: 14
         Function evaluations: 39
  30% done
Optimization terminated successfully.
         Current function value: -6.560370
         Iterations: 15
         Function evaluations: 42
Optimization terminated successfully.
         Current function value: -28.441628
         Iterations: 15
         Function evaluations: 42
  40% done
Optimization terminated successfully.
         Current function value: -51.947879
         Iterations: 16
         Function evaluations: 44
Optimization terminated successfully.
         Current function value: -20.987748
         Iterations: 14
         Function evaluations: 39
  50% done
Optimization terminated successfully.
         Current function value: -32.291119
         Iterations: 14
         Function evaluations: 41
Optimization terminated successfully.
         Current function value: -19.031017
         Iterations: 14
         Function evaluations: 41
  60% done
Optimization terminated successfully.
         Current function value: -36.437349
         Iterations: 15
         Function evaluations: 42
Optimization terminated successfully.
         Current function value: -14.850652
         Iterations: 14
         Function evaluations: 41
  70% done
Optimization terminated successfully.
         Current function value: -37.099684
         Iterations: 14
         Function evaluations: 41
Optimization terminated successfully.
         Current function value: -12.691133
         Iterations: 14
         Function evaluations: 39
  80% done
Optimization terminated successfully.
         Current function value: -42.604039
         Iterations: 15
         Function evaluations: 42
Optimization terminated successfully.
         Current function value: -23.183076
         Iterations: 14
         Function evaluations: 39
  90% done
Optimization terminated successfully.
         Current function value: -10.888388
         Iterations: 14
         Function evaluations: 39
Optimization terminated successfully.
         Current function value: -13.189641
         Iterations: 14
         Function evaluations: 39
  100% done
Best fit synthetic cluster saved to file.
Cluster's parameters and flags added to output file.
Top tier models saved to file and plotted.
Plots created.
Photometric data file moved.
End of analysis for H88-26 in 1670m 18s.

Analizing cluster HS329 (semi).
 Set max extinction value: 0.18
Data obtained from input file (N_stars: 40621).
Frame's 2D histogram obtained
Semi center found: (169.192, 7486.87) px.
Radial density profile (RDP) calculated.
Field density calculated (8.2E-03 stars/px^2).
Auto radius found: 105.73 px.
Tidal radius obtained: 327.177 px.
Stars accepted/rejected based on their errors.
Stars separated in/out of cluster's boundaries.
Area of cluster obtained.
Approximate number of members in cluster obtained (85).
Contamination index obtained (0.77).
Using defined number of field regions (10).
LF and completeness magnitude levels obtained.
Integrated color magnitude distribution obtained (4.32).
Skipping KDE p-value test for cluster.
Applying decontamination algorithm.
  25% done
  50% done
  MPs converged. Breaking out (646).
Reduced membership function applied.
Membership probabilities saved to file.
Searching for optimal parameters.
Optimization terminated successfully.
         Current function value: -62.211823
         Iterations: 14
         Function evaluations: 41
Optimization terminated successfully.
         Current function value: -69.142063
         Iterations: 15
         Function evaluations: 44
Using Genetic Algorithm (dolphin/knuth).
   10% done       (0.006051, 6.9, 0.14, 18.4, 610, 0.5)
   20% done       (0.012074, 6.9, 0.18, 18.55, 610, 0.5)
   30% done       (0.012074, 6.9, 0.18, 18.55, 610, 0.5)
   40% done       (0.012074, 6.9, 0.18, 18.55, 610, 0.5)
   50% done       (0.012074, 6.9, 0.18, 18.55, 610, 0.5)
   60% done       (0.012074, 6.9, 0.18, 18.55, 610, 0.5)
   70% done       (0.012074, 6.9, 0.18, 18.55, 610, 0.5)
Best fit params obtained.
Begin bootstrap process (10).
Optimization terminated successfully.
         Current function value: -54.931394
         Iterations: 16
         Function evaluations: 45
Optimization terminated successfully.
         Current function value: -86.391875
         Iterations: 15
         Function evaluations: 44
  10% done
Optimization terminated successfully.
         Current function value: -63.022309
         Iterations: 15
         Function evaluations: 41
Optimization terminated successfully.
         Current function value: -88.250122
         Iterations: 15
         Function evaluations: 44
  20% done
Optimization terminated successfully.
         Current function value: -53.999321
         Iterations: 17
         Function evaluations: 47
Optimization terminated successfully.
         Current function value: -77.170023
         Iterations: 16
         Function evaluations: 45
  30% done
Optimization terminated successfully.
         Current function value: -24.217350
         Iterations: 14
         Function evaluations: 41
Optimization terminated successfully.
         Current function value: -54.446757
         Iterations: 14
         Function evaluations: 41
  40% done
Optimization terminated successfully.
         Current function value: -49.444978
         Iterations: 14
         Function evaluations: 41
Optimization terminated successfully.
         Current function value: -68.673228
         Iterations: 14
         Function evaluations: 41
  50% done
Optimization terminated successfully.
         Current function value: -40.693235
         Iterations: 16
         Function evaluations: 44
Optimization terminated successfully.
         Current function value: -91.634841
         Iterations: 18
         Function evaluations: 50
  60% done
Optimization terminated successfully.
         Current function value: -49.778694
         Iterations: 14
         Function evaluations: 41
Optimization terminated successfully.
         Current function value: -67.385139
         Iterations: 15
         Function evaluations: 42
  70% done
Optimization terminated successfully.
         Current function value: -52.950024
         Iterations: 15
         Function evaluations: 42
Optimization terminated successfully.
         Current function value: -61.241399
         Iterations: 15
         Function evaluations: 42
  80% done
Optimization terminated successfully.
         Current function value: -73.760597
         Iterations: 16
         Function evaluations: 44
Optimization terminated successfully.
         Current function value: -103.706379
         Iterations: 15
         Function evaluations: 43
  90% done
Optimization terminated successfully.
         Current function value: -63.083369
         Iterations: 15
         Function evaluations: 41
Optimization terminated successfully.
         Current function value: -99.085397
         Iterations: 16
         Function evaluations: 45
  100% done
Best fit synthetic cluster saved to file.
Cluster's parameters and flags added to output file.
Top tier models saved to file and plotted.
Plots created.
Photometric data file moved.
End of analysis for HS329 in 1714m 1s.

Analizing cluster KMHK1702 (semi).
 Set max extinction value: 0.16
Data obtained from input file (N_stars: 14899).
Frame's 2D histogram obtained
Semi center found: (170.99, 432.071) px.
Radial density profile (RDP) calculated.
Field density calculated (1.7E-03 stars/px^2).
Auto radius found: 119.542 px.
  WARNING: tidal radius could not be obtained.
Stars accepted/rejected based on their errors.
Stars separated in/out of cluster's boundaries.
Area of cluster obtained.
Approximate number of members in cluster obtained (87).
Contamination index obtained (0.47).
Using defined number of field regions (10).
LF and completeness magnitude levels obtained.
Integrated color magnitude distribution obtained (1.57).
Skipping KDE p-value test for cluster.
Applying decontamination algorithm.
  25% done
  MPs converged. Breaking out (279).
Reduced membership function applied.
Membership probabilities saved to file.
Searching for optimal parameters.
Optimization terminated successfully.
         Current function value: -32.797802
         Iterations: 15
         Function evaluations: 42
Optimization terminated successfully.
         Current function value: -11.027239
         Iterations: 14
         Function evaluations: 41
Using Genetic Algorithm (dolphin/knuth).
   10% done       (0.006051, 9.05, 0.04, 18.55, 1210, 0.5)
   20% done       (0.006051, 9.05, 0.04, 18.55, 1210, 0.5)
   30% done       (0.006051, 9.05, 0.04, 18.55, 1210, 0.5)
   40% done       (0.006051, 9.05, 0.04, 18.55, 1210, 0.5)
   50% done       (0.006051, 9.05, 0.04, 18.55, 1210, 0.5)
Best fit params obtained.
Begin bootstrap process (10).
Optimization terminated successfully.
         Current function value: -19.901537
         Iterations: 14
         Function evaluations: 41
Optimization terminated successfully.
         Current function value: -9.305841
         Iterations: 14
         Function evaluations: 39
  10% done
Optimization terminated successfully.
         Current function value: -24.480725
         Iterations: 15
         Function evaluations: 42
Optimization terminated successfully.
         Current function value: -2.906682
         Iterations: 14
         Function evaluations: 39
  20% done
Optimization terminated successfully.
         Current function value: -34.072667
         Iterations: 17
         Function evaluations: 47
Optimization terminated successfully.
         Current function value: -16.878544
         Iterations: 14
         Function evaluations: 41
  30% done
Optimization terminated successfully.
         Current function value: -36.347714
         Iterations: 16
         Function evaluations: 45
Optimization terminated successfully.
         Current function value: -3.632365
         Iterations: 13
         Function evaluations: 38
  40% done
Optimization terminated successfully.
         Current function value: -31.330423
         Iterations: 14
         Function evaluations: 41
Optimization terminated successfully.
         Current function value: -9.851306
         Iterations: 14
         Function evaluations: 39
  50% done
Optimization terminated successfully.
         Current function value: -28.845236
         Iterations: 14
         Function evaluations: 41
Optimization terminated successfully.
         Current function value: -34.562603
         Iterations: 15
         Function evaluations: 42
  60% done
Optimization terminated successfully.
         Current function value: -18.770422
         Iterations: 14
         Function evaluations: 41
Optimization terminated successfully.
         Current function value: -6.077158
         Iterations: 14
         Function evaluations: 39
  70% done
Optimization terminated successfully.
         Current function value: -25.659560
         Iterations: 14
         Function evaluations: 41
Optimization terminated successfully.
         Current function value: -15.732173
         Iterations: 14
         Function evaluations: 41
  80% done
Optimization terminated successfully.
         Current function value: -34.074150
         Iterations: 16
         Function evaluations: 45
Optimization terminated successfully.
         Current function value: -18.778382
         Iterations: 14
         Function evaluations: 41
  90% done
Optimization terminated successfully.
         Current function value: -39.091994
         Iterations: 17
         Function evaluations: 47
Optimization terminated successfully.
         Current function value: -9.392373
         Iterations: 13
         Function evaluations: 38
  100% done
Best fit synthetic cluster saved to file