

-------------------------------------------
            ASteCA v0.1.9-beta
-------------------------------------------

PARSEC v1.1 theoretical isochrones read,
interpolated and stored:
  23 metallicity values (z),
  83 age values (per z),
  21 reddening values,
  9 distance values,
  51 mass values,
  1 binary fraction values.
  = 1.8e+07 approx total models.
Full check done.

(Force matplotlib to not use any Xwindows backend)

Analizing cluster BSDL654 (semi).
 Set max extinction value: 0.16
Data obtained from input file (N_stars: 57755).
Frame's 2D histogram obtained
Semi center found: (1065.03, 3303.01) px.
Radial density profile (RDP) calculated.
Field density calculated (6.8E-03 stars/px^2).
Auto radius found: 167.454 px.
  WARNING: tidal radius could not be obtained.
Stars accepted/rejected based on their errors.
Stars separated in/out of cluster's boundaries.
Area of cluster obtained.
Approximate number of members in cluster obtained (85).
Contamination index obtained (0.88).
Using defined number of field regions (10).
LF and completeness magnitude levels obtained.
Integrated color magnitude distribution obtained (-0.56).
Skipping KDE p-value test for cluster.
Applying decontamination algorithm.
  25% done
  50% done
  75% done
  100% done
  WARNING: the number of estimated true cluster members
  (structural vs. photometric) differ greatly.
Reduced membership function applied.
Membership probabilities saved to file.
Searching for optimal parameters.
Optimization terminated successfully.
         Current function value: -54.448058
         Iterations: 15
         Function evaluations: 44
Optimization terminated successfully.
         Current function value: -37.187897
         Iterations: 15
         Function evaluations: 42
Using Genetic Algorithm (dolphin/knuth).
   10% done       (0.006051, 7, 0.12, 18.45, 210, 0.5)
   20% done       (0.006051, 7, 0.12, 18.45, 210, 0.5)
   30% done       (0.006051, 7, 0.12, 18.45, 210, 0.5)
   40% done       (0.006051, 7, 0.12, 18.45, 210, 0.5)
   50% done       (0.006051, 7, 0.12, 18.45, 210, 0.5)
Best fit params obtained.
Begin bootstrap process (10).
Optimization terminated successfully.
         Current function value: -57.085306
         Iterations: 15
         Function evaluations: 44
Optimization terminated successfully.
         Current function value: -33.770124
         Iterations: 15
         Function evaluations: 42
  10% done
Optimization terminated successfully.
         Current function value: -45.929597
         Iterations: 16
         Function evaluations: 44
Optimization terminated successfully.
         Current function value: -11.176811
         Iterations: 13
         Function evaluations: 38
  20% done
Optimization terminated successfully.
         Current function value: -36.404659
         Iterations: 14
         Function evaluations: 41
Optimization terminated successfully.
         Current function value: -49.024262
         Iterations: 15
         Function evaluations: 42
  30% done
Optimization terminated successfully.
         Current function value: -49.956123
         Iterations: 16
         Function evaluations: 44
Optimization terminated successfully.
         Current function value: -32.567555
         Iterations: 15
         Function evaluations: 42
  40% done
Optimization terminated successfully.
         Current function value: -58.455638
         Iterations: 15
         Function evaluations: 44
Optimization terminated successfully.
         Current function value: -28.578965
         Iterations: 15
         Function evaluations: 42
  50% done
Optimization terminated successfully.
         Current function value: -63.442559
         Iterations: 15
         Function evaluations: 43
Optimization terminated successfully.
         Current function value: -51.825794
         Iterations: 16
         Function evaluations: 45
  60% done
Optimization terminated successfully.
         Current function value: -56.914296
         Iterations: 16
         Function evaluations: 45
Optimization terminated successfully.
         Current function value: -25.145662
         Iterations: 14
         Function evaluations: 41
  70% done
Optimization terminated successfully.
         Current function value: -57.672110
         Iterations: 15
         Function evaluations: 42
Optimization terminated successfully.
         Current function value: -37.022779
         Iterations: 14
         Function evaluations: 41
  80% done
Optimization terminated successfully.
         Current function value: -46.484641
         Iterations: 16
         Function evaluations: 44
Optimization terminated successfully.
         Current function value: -51.203244
         Iterations: 14
         Function evaluations: 41
  90% done
Optimization terminated successfully.
         Current function value: -51.083170
         Iterations: 16
         Function evaluations: 44
Optimization terminated successfully.
         Current function value: -23.147485
         Iterations: 14
         Function evaluations: 41
  100% done
Best fit synthetic cluster saved to file.
Cluster's parameters and flags added to output file.
Top tier models saved to file and plotted.
Plots created.
Photometric data file moved.
End of analysis for BSDL654 in 1534m 48s.

Analizing cluster H88-333 (semi).
 Set max extinction value: 0.28
Data obtained from input file (N_stars: 88027).
Frame's 2D histogram obtained
Semi center found: (1800.15, 6549.09) px.
Radial density profile (RDP) calculated.
Field density calculated (7.6E-03 stars/px^2).
Auto radius found: 166.42 px.
Tidal radius obtained: 557.481 px.
Stars accepted/rejected based on their errors.
Stars separated in/out of cluster's boundaries.
Area of cluster obtained.
Approximate number of members in cluster obtained (103).
Contamination index obtained (0.87).
Using defined number of field regions (10).
LF and completeness magnitude levels obtained.
Integrated color magnitude distribution obtained (0.74).
Skipping KDE p-value test for cluster.
Applying decontamination algorithm.
  25% done
  50% done
  75% done
  MPs converged. Breaking out (873).
  WARNING: the number of estimated true cluster members
  (structural vs. photometric) differ greatly.
Reduced membership function applied.
Membership probabilities saved to file.
Searching for optimal parameters.
Optimization terminated successfully.
         Current function value: -64.251116
         Iterations: 17
         Function evaluations: 48
Optimization terminated successfully.
         Current function value: -72.753793
         Iterations: 14
         Function evaluations: 41
Using Genetic Algorithm (dolphin/knuth).
   10% done       (0.012074, 8.45, 0.1, 18.4, 810, 0.5)
   20% done       (0.012074, 8.45, 0.1, 18.4, 810, 0.5)
   30% done       (0.012074, 8.45, 0.1, 18.4, 810, 0.5)
   40% done       (0.012074, 8.45, 0.1, 18.4, 810, 0.5)
   50% done       (0.012074, 8.35, 0.12, 18.45, 610, 0.5)
   60% done       (0.012074, 8.35, 0.12, 18.45, 610, 0.5)
   70% done       (0.012074, 8.35, 0.12, 18.45, 610, 0.5)
   80% done       (0.012074, 8.35, 0.12, 18.45, 610, 0.5)
   90% done       (0.012074, 8.35, 0.12, 18.45, 610, 0.5)
  100% done       (0.012074, 8.35, 0.12, 18.45, 610, 0.5)
Best fit params obtained.
Begin bootstrap process (10).
Optimization terminated successfully.
         Current function value: -55.542727
         Iterations: 14
         Function evaluations: 41
Optimization terminated successfully.
         Current function value: -73.828106
         Iterations: 14
         Function evaluations: 41
  10% done
Optimization terminated successfully.
         Current function value: -71.350474
         Iterations: 15
         Function evaluations: 44
Optimization terminated successfully.
         Current function value: -90.326754
         Iterations: 15
         Function evaluations: 42
  20% done
Optimization terminated successfully.
         Current function value: -72.499608
         Iterations: 17
         Function evaluations: 46
Optimization terminated successfully.
         Current function value: -86.215435
         Iterations: 14
         Function evaluations: 41
  30% done
Optimization terminated successfully.
         Current function value: -57.489027
         Iterations: 14
         Function evaluations: 41
Optimization terminated successfully.
         Current function value: -85.998119
         Iterations: 14
         Function evaluations: 41
  40% done
Optimization terminated successfully.
         Current function value: -69.111162
         Iterations: 17
         Function evaluations: 48
Optimization terminated successfully.
         Current function value: -47.567478
         Iterations: 14
         Function evaluations: 41
  50% done
Optimization terminated successfully.
         Current function value: -49.715284
         Iterations: 15
         Function evaluations: 42
Optimization terminated successfully.
         Current function value: -83.131612
         Iterations: 15
         Function evaluations: 42
  60% done
Optimization terminated successfully.
         Current function value: -78.178533
         Iterations: 15
         Function evaluations: 42
Optimization terminated successfully.
         Current function value: -61.890435
         Iterations: 14
         Function evaluations: 41
  70% done
Optimization terminated successfully.
         Current function value: -69.234618
         Iterations: 14
         Function evaluations: 41
Optimization terminated successfully.
         Current function value: -70.863741
         Iterations: 14
         Function evaluations: 41
  80% done
Optimization terminated successfully.
         Current function value: -62.056163
         Iterations: 15
         Function evaluations: 41
Optimization terminated successfully.
         Current function value: -91.378743
         Iterations: 14
         Function evaluations: 41
  90% done
Optimization terminated successfully.
         Current function value: -54.878153
         Iterations: 15
         Function evaluations: 42
Optimization terminated successfully.
         Current function value: -39.849897
         Iterations: 14
         Function evaluations: 41
  100% done
Best fit synthetic cluster saved to file.
Cluster's parameters and flags added to output file.
Top tier models saved to file and plotted.
Plots created.
Photometric data file moved.
End of analysis for H88-333 in 1881m 43s.

Analizing cluster HS156 (semi).
 Set max extinction value: 0.16
Data obtained from input file (N_stars: 51294).
Frame's 2D histogram obtained
Semi center found: (1276.97, 281.97) px.
Radial density profile (RDP) calculated.
Field density calculated (6.5E-03 stars/px^2).
Auto radius found: 113.428 px.
  WARNING: tidal radius could not be obtained.
Stars accepted/rejected based on their errors.
Stars separated in/out of cluster's boundaries.
Area of cluster obtained.
Approximate number of members in cluster obtained (113).
Contamination index obtained (0.70).
Using defined number of field regions (10).
LF and completeness magnitude levels obtained.
Integrated color magnitude distribution obtained (1.06).
Skipping KDE p-value test for cluster.
Applying decontamination algorithm.
  25% done
  50% done
  MPs converged. Breaking out (654).
Reduced membership function applied.
Membership probabilities saved to file.
Searching for optimal parameters.
Optimization terminated successfully.
         Current function value: -15.469176
         Iterations: 14
         Function evaluations: 41
Optimization terminated successfully.
         Current function value: -18.765327
         Iterations: 16
         Function evaluations: 45
Using Genetic Algorithm (dolphin/knuth).
   10% done       (0.012074, 9, 0.1, 18.65, 610, 0.5)
   20% done       (0.012074, 9, 0.1, 18.65, 610, 0.5)
   30% done       (0.012074, 9, 0.1, 18.65, 610, 0.5)
   40% done       (0.012074, 9, 0.1, 18.65, 610, 0.5)
   50% done       (0.012074, 9, 0.1, 18.65, 610, 0.5)
Best fit params obtained.
Begin bootstrap process (10).
Optimization terminated successfully.
         Current function value: -17.710433
         Iterations: 14
         Function evaluations: 39
Optimization terminated successfully.
         Current function value: -19.094947
         Iterations: 14
         Function evaluations: 41
  10% done
Optimization terminated successfully.
         Current function value: -26.033542
         Iterations: 14
         Function evaluations: 41
Optimization terminated successfully.
         Current function value: -21.509854
         Iterations: 15
         Function evaluations: 42
  20% done
Optimization terminated successfully.
         Current function value: -16.250701
         Iterations: 14
         Function evaluations: 41
Optimization terminated successfully.
         Current function value: -20.644311
         Iterations: 15
         Function evaluations: 42
  30% done
Optimization terminated successfully.
         Current function value: -8.010473
         Iterations: 14
         Function evaluations: 41
Optimization terminated successfully.
         Current function value: -22.302673
         Iterations: 15
         Function evaluations: 42
  40% done
Optimization terminated successfully.
         Current function value: -29.615673
         Iterations: 14
         Function evaluations: 41
Optimization terminated successfully.
         Current function value: -24.691958
         Iterations: 14
         Function evaluations: 41
  50% done
Optimization terminated successfully.
         Current function value: -15.144403
         Iterations: 14
         Function evaluations: 39
Optimization terminated successfully.
         Current function value: -26.241255
         Iterations: 17
         Function evaluations: 47
  60% done
Optimization terminated successfully.
         Current function value: -17.807514
         Iterations: 14
         Function evaluations: 39
Optimization terminated successfully.
         Current function value: -27.606130
         Iterations: 14
         Function evaluations: 41
  70% done
Optimization terminated successfully.
         Current function value: -17.316707
         Iterations: 14
         Function evaluations: 39
Optimization terminated successfully.
         Current function value: -26.035857
         Iterations: 16
         Function evaluations: 44
  80% done
Optimization terminated successfully.
         Current function value: -33.203034
         Iterations: 14
         Function evaluations: 41
Optimization terminated successfully.
         Current function value: -27.188131
         Iterations: 15
         Function evaluations: 42
  90% done
Optimization terminated successfully.
         Current function value: -7.742102
         Iterations: 14
         Function evaluations: 39
Optimization terminated successfully.
         Current function value: -3.601577
         Iterations: 15
         Function evaluations: 42
  100% done
Best fit synthetic cluster saved to file.
Cluster's parameters and flags added to output file.
Top tier models saved to file and plotted.
Plots created.
Photometric data file moved.
End of analysis for HS156 in 1498m 16s.

Analizing cluster KMHK1719 (semi).
 Set max extinction value: 0.16
Data obtained from input file (N_stars: 6136).
Frame's 2D histogram obtained
Semi center found: (156.97, 628.99) px.
Radial density profile (RDP) calculated.
Field density calculated (1.4E-03 stars/px^2).
Auto radius found: 65.9885 px.
Tidal radius obtained: 180.196 px.
Stars accepted/rejected based on their errors.
Stars separated in/out of cluster's boundaries.
Area of cluster obtained.
Approximate number of members in cluster obtained (38).
Contamination index obtained (0.34).
Using defined number of field regions (10).
LF and completeness magnitude levels obtained.
Integrated color magnitude distribution obtained (1.52).
Skipping KDE p-value test for cluster.
Applying decontamination algorithm.
  MPs converged. Breaking out (131).
Reduced membership function applied.
Membership probabilities saved to file.
Searching for optimal parameters.
Optimization terminated successfully.
         Current function value: -22.721965
         Iterations: 15
         Function evaluations: 44
Optimization terminated successfully.
         Current function value: -12.570246
         Iterations: 14
         Function evaluations: 41
Using Genetic Algorithm (dolphin/knuth).
   10% done       (0.006051, 9.25, 0.04, 18.45, 2410, 0.5)
   20% done       (0.012074, 6.85, 0.16, 18.55, 610, 0.5)
   30% done       (0.012074, 6.85, 0.16, 18.55, 610, 0.5)
   40% done       (0.012074, 6.85, 0.16, 18.55, 610, 0.5)
   50% done       (0.012074, 6.85, 0.16, 18.55, 610, 0.5)
   60% done       (0.012074, 6.85, 0.16, 18.55, 610, 0.5)
   70% done       (0.012074, 6.85, 0.16, 18.55, 610, 0.5)
Best fit params obtained.
Begin bootstrap process (10).
Optimization terminated successfully.
         Current function value: -25.738899
         Iterations: 16
         Function evaluations: 45
Optimization terminated successfully.
         Current function value: -11.856595
         Iterations: 14
         Function evaluations: 41
  10% done
Optimization terminated successfully.
         Current function value: -26.111288
         Iterations: 15
         Function evaluations: 44
Optimization terminated successfully.
         Current function value: -23.431692
         Iterations: 14
         Function evaluations: 41
  20% done
Optimization terminated successfully.
         Current function value: -23.799252
         Iterations: 15
         Function evaluations: 42
Optimization terminated successfully.
         Current function value: -11.653160
         Iterations: 14
         Function evaluations: 41
  30% done
Optimization terminated successfully.
         Current function value: -33.185836
         Iterations: 17
         Function evaluations: 47
Optimization terminated successfully.
         Current function value: -23.289862
         Iterations: 14
         Function evaluations: 41
  40% done
Optimization terminated successfully.
         Current function value: -29.369802
         Iterations: 15
         Function evaluations: 44
Optimization terminated successfully.
         Current function value: -16.991690
         Iterations: 15
         Function evaluations: 42
  50% done
Optimization terminated successfully.
         Current function value: -17.993003
         Iterations: 15
         Function evaluations: 44
Optimization terminated successfully.
         Current function value: -12.553005
         Iterations: 15
         Function evaluations: 42
  60% done
Optimization terminated successfully.
         Current function value: -22.473438
         Iterations: 15
         Function evaluations: 42
Optimization terminated successfully.
         Current function value: -13.037020
         Iterations: 17
         Function evaluations: 47
  70% done
Optimization terminated successfully.
         Current function value: -25.255450
         Iterations: 16
         Function evaluations: 44
Optimization terminated successfully.
         Current function value: -19.630677
         Iterations: 14
         Function evaluations: 41
  80% done
Optimization terminated successfully.
         Current function value: -28.057734
         Iterations: 15
         Function evaluations: 43
Optimization terminated successfully.
         Current function value: -17.937833
         Iterations: 15
         Function evaluations: 42
  90% done
Optimization terminated successfully.
         Current function value: -25.498635
         Iterations: 17
         Function evaluations: 47
Optimization terminated successfully.
         Current function value: -13.994101
         Iterations: 15
         Function evaluations: 42
  100% done
Best fit synthetic cluster saved to file.
Cluster's parameters and flags added to output file.
Top tier models saved to file and plotted.
Plots created.
Photometric data file moved.
End of analysis for KMHK1719 in 1606m 55s.

Analizing cluster NGC1997 (semi).
 Set max extinction value: 0.16
Data obtained from input file (N_stars: 4643).
Frame's 2D histogram obtained
Semi center found: (817.529, 670.1) px.
Radial density profile (RDP) calculated.
Field density calculated (1.2E-03 stars/px^2).
Auto radius found: 127.462 px.
Tidal radius obtained: 949.045 px.
Stars accepted/rejected based on their errors.
Stars separated in/out of cluster's boundaries.
Area of cluster obtained.
Approximate number of members in cluster obtained (120).
Contamination index obtained (0.34).
Using defined number of field regions (10).
LF and completeness magnitude levels obtained.
Integrated color magnitude distribution obtained (1.69).
Skipping KDE p-value test for cluster.
Applying decontamination algorithm.
  MPs converged. Breaking out (187).
Reduced membership function applied.
Membership probabilities saved to file.
Searching for optimal parameters.
Optimization terminated successfully.
         Current function value: -42.649047
         Iterations: 14
         Function evaluations: 41
Optimization terminated successfully.
         Current function value: -14.382000
         Iterations: 15
         Function evaluations: 42
Using Genetic Algorithm (dolphin/knuth).
   10% done       (0.001914, 9.45, 0.04, 18.4, 7410, 0.5)
   20% done       (0.001914, 9.45, 0.04, 18.4, 7410, 0.5)
   30% done       (0.001914, 9.45, 0.04, 18.4, 7410, 0.5)
   40% done       (0.001914, 9.45, 0.04, 18.4, 7410, 0.5)
   50% done       (0.001914, 9.45, 0.04, 18.4, 7410, 0.5)
Best fit params obtained.
Begin bootstrap process (10).
Optimization terminated successfully.
         Current function value: -55.573059
         Iterations: 15
         Function evaluations: 44
Optimization terminated successfully.
         Current function value: -16.457027
         Iterations: 15
         Function evaluations: 42
  10% done
Optimization terminated successfully.
         Current function value: -22.202327
         Iterations: 14
         Function evaluations: 41
Optimization terminated successfully.
         Current function value: -7.584082
         Iterations: 13
         Function evaluations: 38
  20% done
Optimization terminated successfully.
         Current function value: -38.279956
         Iterations: 16
         Function evaluations: 44
Optimization terminated successfully.
         Current function value: -13.659063
         Iterations: 15
         Function evaluations: 42
  30% done
Optimization terminated successfully.
         Current function value: -48.539315
         Iterations: 14
         Function evaluations: 41
Optimization terminated successfully.
         Current function value: -25.724108
         Iterations: 14
         Function evaluations: 41
  40% done
Optimization terminated successfully.
         Current function value: -32.326571
         Iterations: 15
         Function evaluations: 42
Optimization terminated successfully.
         Current function value: -20.578081
         Iterations: 15
         Function evaluations: 42
  50% done
Optimization terminated successfully.
         Current function value: -45.076632
         Iterations: 14
         Function evaluations: 41
Optimization terminated successfully.
         Current function value: -12.341314
         Iterations: 13
         Function evaluations: 38
  60% done
Optimization terminated successfully.
         Current function value: -61.503419
         Iterations: 14
         Function evaluations: 41
Optimization terminated successfully.
         Current function value: -20.842778
         Iterations: 14
         Function evaluations: 41
  70% done
Optimization terminated successfully.
         Current function value: -46.897496
         Iterations: 15
         Function evaluations: 41
Optimization terminated successfully.
         Current function value: -19.136829
         Iterations: 13
         Function evaluations: 38
  80% done
Optimization terminated successfully.
         Current function value: -62.531501
         Iterations: 15
         Function evaluations: 42
Optimization terminated successfully.
         Current function value: -9.517048
         Iterations: 14
         Function evaluations: 39
  90% done
Optimization terminated successfully.
         Current function value: -49.336269
         Iterations: 14
         Function evaluations: 41
Optimization terminated successfully.
         Current function value: -32.417373
         Iterations: 15
         Function evaluations: 42
  100% done
Best fit synthetic cluster saved to file.
Cluster's parameters and flags added to output file.
Plots created.
Photometric data file moved.
End of analysis for NGC1997 in 1582m 38s.

Analizing cluster SL290 (semi).
 Set max extinction value: 0.2
Data obtained from input file (N_stars: 66866).
Frame's 2D histogram obtained
Semi center found: (2240.91, 1703.03) px.
Radial density profile (RDP) calculated.
Field density calculated (5.7E-03 stars/px^2).
Auto radius found: 121.073 px.
Tidal radius obtained: 328.598 px.
Stars accepted/rejected based on their errors.
Stars separated in/out of cluster's boundaries.
Area of cluster obtained.
Approximate number of members in cluster obtained (25).
Contamination index obtained (0.91).
Using defined number of field regions (10).
LF and completeness magnitude levels obtained.
Integrated color magnitude distribution obtained (1.04).
Skipping KDE p-value test for cluster.
Applying decontamination algorithm.
  25% done
  50% done
  75% done
  MPs converged. Breaking out (754).
  WARNING: the number of estimated true cluster members
  (structural vs. photometric) differ greatly.
Reduced membership function applied.
Membership probabilities saved to file.
Searching for optimal parameters.
Optimization terminated successfully.
         Current function value: -40.993832
         Iterations: 13
         Function evaluations: 38
Optimization terminated successfully.
         Current function value: -43.919615
         Iterations: 14
         Function evaluations: 41
Using Genetic Algorithm (dolphin/knuth).
   10% done       (0.012074, 8.9, 0.02, 18.65, 610, 0.5)
   20% done       (0.007618, 8.9, 0.08, 18.7, 1010, 0.5)
   30% done       (0.007618, 8.9, 0.08, 18.7, 1010, 0.5)
   40% done       (0.007618, 8.9, 0.08, 18.7, 1010, 0.5)
   50% done       (0.007618, 8.9, 0.08, 18.7, 1010, 0.5)
   60% done       (0.007618, 8.9, 0.08, 18.7, 1010, 0.5)
   70% done       (0.006051, 8.9, 0.08, 18.6, 1010, 0.5)
   80% done       (0.006051, 8.9, 0.08, 18.6, 1010, 0.5)
   90% done       (0.006051, 8.9, 0.08, 18.6, 1010, 0.5)
  100% done       (0.004807, 8.9, 0.1, 18.65, 1010, 0.5)
Best fit params obtained.
Begin bootstrap process (10).
Optimization terminated successfully.
         Current function value: -26.655646
         Iterations: 14
         Function evaluations: 39
Optimization terminated successfully.
         Current function value: -41.463617
         Iterations: 14
         Function evaluations: 41
  10% done
Optimization terminated successfully.
         Current function value: -36.126684
         Iterations: 13
         Function evaluations: 38
Optimization terminated successfully.
         Current function value: -48.796382
         Iterations: 15
         Function evaluations: 42
  20% done
Optimization terminated successfully.
         Current function value: -32.723566
         Iterations: 13
         Function evaluations: 38
Optimization terminated successfully.
         Current function value: -34.801965
         Iterations: 15
         Function evaluations: 42
  30% done
Optimization terminated successfully.
         Current function value: -49.427764
         Iterations: 14
         Function evaluations: 41
Optimization terminated successfully.
         Current function value: -58.679276
         Iterations: 14
         Function evaluations: 41
  40% done
Optimization terminated successfully.
         Current function value: -35.285484
         Iterations: 14
         Function evaluations: 39
Optimization terminated successfully.
         Current function value: -22.987085
         Iterations: 14
         Function evaluations: 41
  50% done
Optimization terminated successfully.
         Current function value: -38.992602
         Iterations: 15
         Function evaluations: 42
Optimization terminated successfully.
         Current function value: -19.416614
         Iterations: 14
         Function evaluations: 41
  60% done
Optimization terminated successfully.
         Current function value: -60.652579
         Iterations: 16
         Function evaluations: 45
Optimization terminated successfully.
         Current function value: -53.279227
         Iterations: 