

-------------------------------------------
            ASteCA v0.1.9-beta
-------------------------------------------

PARSEC v1.1 theoretical isochrones read,
interpolated and stored:
  23 metallicity values (z),
  83 age values (per z),
  21 reddening values,
  9 distance values,
  51 mass values,
  1 binary fraction values.
  = 1.8e+07 approx total models.
Full check done.

(Force matplotlib to not use any Xwindows backend)

Analizing cluster BSDL268 (semi).
 Set max extinction value: 0.24
Data obtained from input file (N_stars: 4490).
Frame's 2D histogram obtained
Semi center found: (5020.81, 3349.6) px.
Radial density profile (RDP) calculated.
Field density calculated (5.6E-03 stars/px^2).
Auto radius found: 52.2425 px.
Tidal radius obtained: 89.6533 px.
Stars accepted/rejected based on their errors.
Stars separated in/out of cluster's boundaries.
Area of cluster obtained.
Approximate number of members in cluster obtained (10).
Contamination index obtained (0.83).
Using defined number of field regions (10).
LF and completeness magnitude levels obtained.
Integrated color magnitude distribution obtained (-0.52).
Skipping KDE p-value test for cluster.
Applying decontamination algorithm.
  25% done
  50% done
  MPs converged. Breaking out (590).
  WARNING: the number of estimated true cluster members
  (structural vs. photometric) differ greatly.
Reduced membership function applied.
Membership probabilities saved to file.
Searching for optimal parameters.
Optimization terminated successfully.
         Current function value: -3.922840
         Iterations: 13
         Function evaluations: 38
Optimization terminated successfully.
         Current function value: -1.386294
         Iterations: 12
         Function evaluations: 35
Using Genetic Algorithm (dolphin/knuth).
   10% done       (0.0152, 7.6, 0.1, 18.5, 210, 0.5)
   20% done       (0.0152, 7.6, 0.1, 18.5, 210, 0.5)
   30% done       (0.0152, 7.6, 0.1, 18.5, 210, 0.5)
   40% done       (0.0152, 7.6, 0.1, 18.5, 210, 0.5)
   50% done       (0.0152, 7.6, 0.1, 18.5, 210, 0.5)
Best fit params obtained.
Begin bootstrap process (10).
Optimization terminated successfully.
         Current function value: -0.731866
         Iterations: 13
         Function evaluations: 36
Optimization terminated successfully.
         Current function value: 1.994661
         Iterations: 13
         Function evaluations: 36
  10% done
Optimization terminated successfully.
         Current function value: 0.541100
         Iterations: 13
         Function evaluations: 36
Optimization terminated successfully.
         Current function value: -2.616243
         Iterations: 12
         Function evaluations: 35
  20% done
Optimization terminated successfully.
         Current function value: -0.438953
         Iterations: 12
         Function evaluations: 35
Optimization terminated successfully.
         Current function value: 2.194133
         Iterations: 12
         Function evaluations: 35
  30% done
Optimization terminated successfully.
         Current function value: -4.342694
         Iterations: 14
         Function evaluations: 39
Optimization terminated successfully.
         Current function value: -0.087011
         Iterations: 12
         Function evaluations: 35
  40% done
Optimization terminated successfully.
         Current function value: -16.344425
         Iterations: 15
         Function evaluations: 42
Optimization terminated successfully.
         Current function value: -6.761229
         Iterations: 13
         Function evaluations: 38
  50% done
Optimization terminated successfully.
         Current function value: -1.520323
         Iterations: 13
         Function evaluations: 36
Optimization terminated successfully.
         Current function value: -2.475835
         Iterations: 13
         Function evaluations: 36
  60% done
Optimization terminated successfully.
         Current function value: -3.733331
         Iterations: 12
         Function evaluations: 35
Optimization terminated successfully.
         Current function value: -2.986660
         Iterations: 12
         Function evaluations: 35
  70% done
Optimization terminated successfully.
         Current function value: -7.478188
         Iterations: 13
         Function evaluations: 38
Optimization terminated successfully.
         Current function value: 1.479369
         Iterations: 13
         Function evaluations: 36
  80% done
Optimization terminated successfully.
         Current function value: -2.986660
         Iterations: 13
         Function evaluations: 36
Optimization terminated successfully.
         Current function value: 1.994661
         Iterations: 13
         Function evaluations: 36
  90% done
Optimization terminated successfully.
         Current function value: -12.198249
         Iterations: 15
         Function evaluations: 41
Optimization terminated successfully.
         Current function value: -4.549994
         Iterations: 13
         Function evaluations: 38
  100% done
Best fit synthetic cluster saved to file.
Cluster's parameters and flags added to output file.
Plots created.
Photometric data file moved.
End of analysis for BSDL268 in 2005m 41s.

Analizing cluster H88-40 (semi).
 Set max extinction value: 0.16
Data obtained from input file (N_stars: 73329).
Frame's 2D histogram obtained
Semi center found: (6941.97, 3125.91) px.
Radial density profile (RDP) calculated.
Field density calculated (6.6E-03 stars/px^2).
Auto radius found: 186.682 px.
Tidal radius obtained: 974.986 px.
Stars accepted/rejected based on their errors.
Stars separated in/out of cluster's boundaries.
Area of cluster obtained.
Approximate number of members in cluster obtained (172).
Contamination index obtained (0.81).
Using defined number of field regions (10).
LF and completeness magnitude levels obtained.
Integrated color magnitude distribution obtained (1.10).
Skipping KDE p-value test for cluster.
Applying decontamination algorithm.
  25% done
  50% done
  75% done
  MPs converged. Breaking out (891).
  WARNING: the number of estimated true cluster members
  (structural vs. photometric) differ greatly.
Reduced membership function applied.
Membership probabilities saved to file.
Searching for optimal parameters.
Optimization terminated successfully.
         Current function value: -74.876376
         Iterations: 17
         Function evaluations: 47
Optimization terminated successfully.
         Current function value: -56.870848
         Iterations: 14
         Function evaluations: 41
Using Genetic Algorithm (dolphin/knuth).
   10% done       (0.0152, 8.9, 0.08, 18.4, 1210, 0.5)
   20% done       (0.006051, 8.95, 0.16, 18.4, 1210, 0.5)
   30% done       (0.012074, 9.05, 0.04, 18.4, 810, 0.5)
   40% done       (0.012074, 9.05, 0.04, 18.4, 810, 0.5)
   50% done       (0.012074, 9.05, 0.04, 18.4, 810, 0.5)
   60% done       (0.012074, 9.05, 0.04, 18.4, 810, 0.5)
   70% done       (0.012074, 9.05, 0.04, 18.4, 810, 0.5)
Best fit params obtained.
Begin bootstrap process (10).
Optimization terminated successfully.
         Current function value: -59.350932
         Iterations: 14
         Function evaluations: 41
Optimization terminated successfully.
         Current function value: -46.192510
         Iterations: 14
         Function evaluations: 41
  10% done
Optimization terminated successfully.
         Current function value: -94.845263
         Iterations: 18
         Function evaluations: 48
Optimization terminated successfully.
         Current function value: -75.143965
         Iterations: 14
         Function evaluations: 41
  20% done
Optimization terminated successfully.
         Current function value: -64.445584
         Iterations: 14
         Function evaluations: 41
Optimization terminated successfully.
         Current function value: -47.232337
         Iterations: 14
         Function evaluations: 41
  30% done
Optimization terminated successfully.
         Current function value: -77.205332
         Iterations: 18
         Function evaluations: 50
Optimization terminated successfully.
         Current function value: -51.667501
         Iterations: 15
         Function evaluations: 42
  40% done
Optimization terminated successfully.
         Current function value: -64.262294
         Iterations: 14
         Function evaluations: 41
Optimization terminated successfully.
         Current function value: -45.602014
         Iterations: 14
         Function evaluations: 41
  50% done
Optimization terminated successfully.
         Current function value: -61.579165
         Iterations: 16
         Function evaluations: 45
Optimization terminated successfully.
         Current function value: -42.599420
         Iterations: 15
         Function evaluations: 42
  60% done
Optimization terminated successfully.
         Current function value: -101.621310
         Iterations: 14
         Function evaluations: 41
Optimization terminated successfully.
         Current function value: -56.613803
         Iterations: 14
         Function evaluations: 41
  70% done
Optimization terminated successfully.
         Current function value: -66.143294
         Iterations: 17
         Function evaluations: 47
Optimization terminated successfully.
         Current function value: -37.257105
         Iterations: 14
         Function evaluations: 41
  80% done
Optimization terminated successfully.
         Current function value: -64.529739
         Iterations: 15
         Function evaluations: 42
Optimization terminated successfully.
         Current function value: -50.220012
         Iterations: 15
         Function evaluations: 42
  90% done
Optimization terminated successfully.
         Current function value: -91.886479
         Iterations: 16
         Function evaluations: 44
Optimization terminated successfully.
         Current function value: -63.499861
         Iterations: 14
         Function evaluations: 41
  100% done
Best fit synthetic cluster saved to file.
Cluster's parameters and flags added to output file.
Top tier models saved to file and plotted.
Plots created.
Photometric data file moved.
End of analysis for H88-40 in 2024m 49s.

Analizing cluster KMHK1055 (semi).
 Set max extinction value: 0.24
Data obtained from input file (N_stars: 40189).
Frame's 2D histogram obtained
Semi center found: (7888.08, 4443.75) px.
Radial density profile (RDP) calculated.
Field density calculated (5.0E-03 stars/px^2).
Auto radius found: 163.548 px.
  WARNING: tidal radius could not be obtained.
Stars accepted/rejected based on their errors.
Stars separated in/out of cluster's boundaries.
Area of cluster obtained.
Approximate number of members in cluster obtained (97).
Contamination index obtained (0.81).
Using defined number of field regions (10).
LF and completeness magnitude levels obtained.
Integrated color magnitude distribution obtained (1.20).
Skipping KDE p-value test for cluster.
Applying decontamination algorithm.
  25% done
  50% done
  MPs converged. Breaking out (716).
Reduced membership function applied.
Membership probabilities saved to file.
Searching for optimal parameters.
Optimization terminated successfully.
         Current function value: -49.945263
         Iterations: 15
         Function evaluations: 44
Optimization terminated successfully.
         Current function value: -39.932501
         Iterations: 15
         Function evaluations: 42
Using Genetic Algorithm (dolphin/knuth).
   10% done       (0.0152, 6.9, 0.12, 18.65, 1210, 0.5)
   20% done       (0.0152, 6.9, 0.12, 18.65, 1210, 0.5)
   30% done       (0.0152, 6.9, 0.12, 18.65, 1210, 0.5)
   40% done       (0.012074, 6.9, 0.08, 18.6, 810, 0.5)
   50% done       (0.012074, 6.9, 0.12, 18.5, 810, 0.5)
   60% done       (0.012074, 6.9, 0.12, 18.5, 810, 0.5)
   70% done       (0.012074, 6.9, 0.12, 18.5, 810, 0.5)
   80% done       (0.012074, 6.9, 0.12, 18.5, 810, 0.5)
   90% done       (0.012074, 6.9, 0.12, 18.5, 810, 0.5)
  100% done       (0.012074, 6.9, 0.12, 18.5, 810, 0.5)
Best fit params obtained.
Begin bootstrap process (10).
Optimization terminated successfully.
         Current function value: -70.134369
         Iterations: 14
         Function evaluations: 41
Optimization terminated successfully.
         Current function value: -30.644312
         Iterations: 15
         Function evaluations: 42
  10% done
Optimization terminated successfully.
         Current function value: -59.375920
         Iterations: 15
         Function evaluations: 43
Optimization terminated successfully.
         Current function value: -53.641420
         Iterations: 14
         Function evaluations: 41
  20% done
Optimization terminated successfully.
         Current function value: -64.760037
         Iterations: 16
         Function evaluations: 45
Optimization terminated successfully.
         Current function value: -44.826823
         Iterations: 14
         Function evaluations: 41
  30% done
Optimization terminated successfully.
         Current function value: -65.850220
         Iterations: 17
         Function evaluations: 48
Optimization terminated successfully.
         Current function value: -55.411315
         Iterations: 14
         Function evaluations: 41
  40% done
Optimization terminated successfully.
         Current function value: -68.046599
         Iterations: 15
         Function evaluations: 43
Optimization terminated successfully.
         Current function value: -43.230053
         Iterations: 14
         Function evaluations: 41
  50% done
Optimization terminated successfully.
         Current function value: -61.748231
         Iterations: 19
         Function evaluations: 52
Optimization terminated successfully.
         Current function value: -36.599302
         Iterations: 14
         Function evaluations: 41
  60% done
Optimization terminated successfully.
         Current function value: -49.539705
         Iterations: 14
         Function evaluations: 41
Optimization terminated successfully.
         Current function value: -45.131099
         Iterations: 15
         Function evaluations: 42
  70% done
Optimization terminated successfully.
         Current function value: -58.135299
         Iterations: 15
         Function evaluations: 44
Optimization terminated successfully.
         Current function value: -32.149405
         Iterations: 14
         Function evaluations: 41
  80% done
Optimization terminated successfully.
         Current function value: -80.471572
         Iterations: 18
         Function evaluations: 50
Optimization terminated successfully.
         Current function value: -57.820557
         Iterations: 15
         Function evaluations: 42
  90% done
Optimization terminated successfully.
         Current function value: -68.477856
         Iterations: 15
         Function evaluations: 42
Optimization terminated successfully.
         Current function value: -48.587119
         Iterations: 15
         Function evaluations: 42
  100% done
Best fit synthetic cluster saved to file.
Cluster's parameters and flags added to output file.
Top tier models saved to file and plotted.
Plots created.
Photometric data file moved.
End of analysis for KMHK1055 in 2173m 1s.

Analizing cluster NGC1644 (semi).
 Set max extinction value: 0.14
Data obtained from input file (N_stars: 13298).
Frame's 2D histogram obtained
Semi center found: (4774.95, 6106.97) px.
Radial density profile (RDP) calculated.
Field density calculated (1.0E-03 stars/px^2).
Auto radius found: 248.213 px.
Tidal radius obtained: 515.139 px.
Stars accepted/rejected based on their errors.
Stars separated in/out of cluster's boundaries.
Area of cluster obtained.
Approximate number of members in cluster obtained (742).
Contamination index obtained (0.21).
Using defined number of field regions (10).
LF and completeness magnitude levels obtained.
Integrated color magnitude distribution obtained (1.01).
Skipping KDE p-value test for cluster.
Applying decontamination algorithm.
  MPs converged. Breaking out (108).
Reduced membership function applied.
Membership probabilities saved to file.
Searching for optimal parameters.
Optimization terminated successfully.
         Current function value: -572.235414
         Iterations: 17
         Function evaluations: 47
Optimization terminated successfully.
         Current function value: -273.550401
         Iterations: 17
         Function evaluations: 47
Using Genetic Algorithm (dolphin/knuth).
   10% done       (0.007618, 9.05, 0.02, 18.65, 8010, 0.5)
   20% done       (0.007618, 9.05, 0.02, 18.65, 8010, 0.5)
   30% done       (0.007618, 9.05, 0.02, 18.65, 8010, 0.5)
   40% done       (0.007618, 9.05, 0.02, 18.65, 8010, 0.5)
   50% done       (0.007618, 9.05, 0.02, 18.65, 8010, 0.5)
Best fit params obtained.
Begin bootstrap process (10).
Optimization terminated successfully.
         Current function value: -481.071620
         Iterations: 17
         Function evaluations: 47
Optimization terminated successfully.
         Current function value: -253.634623
         Iterations: 15
         Function evaluations: 43
  10% done
Optimization terminated successfully.
         Current function value: -500.819090
         Iterations: 17
         Function evaluations: 48
Optimization terminated successfully.
         Current function value: -243.108029
         Iterations: 15
         Function evaluations: 43
  20% done
Optimization terminated successfully.
         Current function value: -590.818126
         Iterations: 16
         Function evaluations: 46
Optimization terminated successfully.
         Current function value: -264.895218
         Iterations: 15
         Function evaluations: 42
  30% done
Optimization terminated successfully.
         Current function value: -622.066670
         Iterations: 16
         Function evaluations: 44
Optimization terminated successfully.
         Current function value: -250.698524
         Iterations: 16
         Function evaluations: 45
  40% done
Optimization terminated successfully.
         Current function value: -605.805581
         Iterations: 16
         Function evaluations: 46
Optimization terminated successfully.
         Current function value: -287.583289
         Iterations: 16
         Function evaluations: 44
  50% done
Optimization terminated successfully.
         Current function value: -608.238103
         Iterations: 17
         Function evaluations: 47
Optimization terminated successfully.
         Current function value: -261.367996
         Iterations: 15
         Function evaluations: 43
  60% done
Optimization terminated successfully.
         Current function value: -504.931185
         Iterations: 17
         Function evaluations: 47
Optimization terminated successfully.
         Current function value: -245.265869
         Iterations: 17
         Function evaluations: 47
  70% done
Optimization terminated successfully.
         Current function value: -561.941305
         Iterations: 16
         Function evaluations: 45
Optimization terminated successfully.
         Current function value: -202.279366
         Iterations: 15
         Function evaluations: 43
  80% done
Optimization terminated successfully.
         Current function value: -467.258949
         Iterations: 17
         Function evaluations: 48
Optimization terminated successfully.
         Current function value: -258.383711
         Iterations: 16
         Function evaluations: 44
  90% done
Optimization terminated successfully.
         Current function value: -532.040972
         Iterations: 16
         Function evaluations: 46
Optimization terminated successfully.
         Current function value: -266.567454
         Iterations: 16
         Function evaluations: 44
  100% done
Best fit synthetic cluster saved to file.
Cluster's parameters and flags added to output file.
Top tier models saved to file and plotted.
Plots created.
Photometric data file moved.
End of analysis for NGC1644 in 2729m 34s.

Analizing cluster NGC1860 (semi).
 Set max extinction value: 0.18
Data obtained from input file (N_stars: 41455).
Frame's 2D histogram obtained
Semi center found: (1606.9, 1183.47) px.
Radial density profile (RDP) calculated.
Field density calculated (9.6E-03 stars/px^2).
Auto radius found: 133.705 px.
Tidal radius obtained: 289.511 px.
Stars accepted/rejected based on their errors.
Stars separated in/out of cluster's boundaries.
Area of cluster obtained.
Approximate number of members in cluster obtained (190).
Contamin