

-------------------------------------------
            ASteCA v0.1.9-beta
-------------------------------------------

PARSEC v1.1 theoretical isochrones read,
interpolated and stored:
  23 metallicity values (z),
  83 age values (per z),
  21 reddening values,
  9 distance values,
  51 mass values,
  1 binary fraction values.
  = 1.8e+07 approx total models.
Full check done.

(Force matplotlib to not use any Xwindows backend)

Analizing cluster HS411 (semi).
 Set max extinction value: 0.28
Data obtained from input file (N_stars: 6011).
Frame's 2D histogram obtained
Semi center found: (1070.05, 6953.91) px.
Radial density profile (RDP) calculated.
Field density calculated (7.6E-03 stars/px^2).
Auto radius found: 71.6091 px.
Tidal radius obtained: 141.551 px.
Stars accepted/rejected based on their errors.
Stars separated in/out of cluster's boundaries.
Area of cluster obtained.
Approximate number of members in cluster obtained (49).
Contamination index obtained (0.72).
Using defined number of field regions (10).
LF and completeness magnitude levels obtained.
Integrated color magnitude distribution obtained (0.06).
Skipping KDE p-value test for cluster.
Applying decontamination algorithm.
  25% done
  MPs converged. Breaking out (477).
Reduced membership function applied.
Membership probabilities saved to file.
Searching for optimal parameters.
Optimization terminated successfully.
         Current function value: -11.587249
         Iterations: 15
         Function evaluations: 42
Optimization terminated successfully.
         Current function value: -12.297628
         Iterations: 14
         Function evaluations: 41
Using Genetic Algorithm (dolphin/knuth).
   10% done       (0.007618, 8.7, 0.14, 18.45, 610, 0.5)
   20% done       (0.007618, 8.7, 0.14, 18.45, 610, 0.5)
   30% done       (0.007618, 8.8, 0.06, 18.4, 410, 0.5)
   40% done       (0.007618, 8.8, 0.06, 18.4, 410, 0.5)
   50% done       (0.007618, 8.8, 0.06, 18.4, 410, 0.5)
   60% done       (0.007618, 8.8, 0.06, 18.4, 410, 0.5)
   70% done       (0.007618, 8.8, 0.06, 18.4, 410, 0.5)
Best fit params obtained.
Begin bootstrap process (10).
Optimization terminated successfully.
         Current function value: -10.142937
         Iterations: 13
         Function evaluations: 38
Optimization terminated successfully.
         Current function value: -17.564915
         Iterations: 14
         Function evaluations: 41
  10% done
Optimization terminated successfully.
         Current function value: -14.744583
         Iterations: 15
         Function evaluations: 42
Optimization terminated successfully.
         Current function value: -11.285753
         Iterations: 14
         Function evaluations: 41
  20% done
Optimization terminated successfully.
         Current function value: -13.293225
         Iterations: 15
         Function evaluations: 42
Optimization terminated successfully.
         Current function value: -16.320410
         Iterations: 15
         Function evaluations: 42
  30% done
Optimization terminated successfully.
         Current function value: -13.773596
         Iterations: 15
         Function evaluations: 42
Optimization terminated successfully.
         Current function value: -12.735591
         Iterations: 14
         Function evaluations: 41
  40% done
Optimization terminated successfully.
         Current function value: -7.933082
         Iterations: 14
         Function evaluations: 39
Optimization terminated successfully.
         Current function value: -9.176691
         Iterations: 14
         Function evaluations: 41
  50% done
Optimization terminated successfully.
         Current function value: -5.971583
         Iterations: 13
         Function evaluations: 38
Optimization terminated successfully.
         Current function value: -7.276125
         Iterations: 14
         Function evaluations: 41
  60% done
Optimization terminated successfully.
         Current function value: -22.882823
         Iterations: 15
         Function evaluations: 42
Optimization terminated successfully.
         Current function value: -20.756703
         Iterations: 15
         Function evaluations: 42
  70% done
Optimization terminated successfully.
         Current function value: -21.263778
         Iterations: 14
         Function evaluations: 41
Optimization terminated successfully.
         Current function value: -23.845235
         Iterations: 15
         Function evaluations: 42
  80% done
Optimization terminated successfully.
         Current function value: -15.344796
         Iterations: 14
         Function evaluations: 41
Optimization terminated successfully.
         Current function value: -20.716097
         Iterations: 14
         Function evaluations: 41
  90% done
Optimization terminated successfully.
         Current function value: -15.841609
         Iterations: 15
         Function evaluations: 42
Optimization terminated successfully.
         Current function value: -15.189276
         Iterations: 15
         Function evaluations: 42
  100% done
Best fit synthetic cluster saved to file.
Cluster's parameters and flags added to output file.
Top tier models saved to file and plotted.
Plots created.
Photometric data file moved.
End of analysis for HS411 in 1498m 54s.

Analizing cluster LW211 (semi).
 Set max extinction value: 0.18
Data obtained from input file (N_stars: 17372).
Frame's 2D histogram obtained
Semi center found: (953.03, 1241.21) px.
Radial density profile (RDP) calculated.
Field density calculated (2.1E-03 stars/px^2).
Auto radius found: 177.914 px.
  WARNING: tidal radius could not be obtained.
Stars accepted/rejected based on their errors.
Stars separated in/out of cluster's boundaries.
Area of cluster obtained.
Approximate number of members in cluster obtained (135).
Contamination index obtained (0.61).
Using defined number of field regions (10).
LF and completeness magnitude levels obtained.
Integrated color magnitude distribution obtained (2.11).
Skipping KDE p-value test for cluster.
Applying decontamination algorithm.
  25% done
  MPs converged. Breaking out (418).
Reduced membership function applied.
Membership probabilities saved to file.
Searching for optimal parameters.
Optimization terminated successfully.
         Current function value: -108.084077
         Iterations: 18
         Function evaluations: 49
Optimization terminated successfully.
         Current function value: -66.636474
         Iterations: 14
         Function evaluations: 41
Using Genetic Algorithm (dolphin/knuth).
   10% done       (0.012074, 9.2, 0.06, 18.7, 1610, 0.5)
   20% done       (0.012074, 9.2, 0.06, 18.7, 1610, 0.5)
   30% done       (0.012074, 9.2, 0.06, 18.7, 1610, 0.5)
   40% done       (0.012074, 9.2, 0.06, 18.7, 1610, 0.5)
   50% done       (0.012074, 9.2, 0.06, 18.7, 1610, 0.5)
Best fit params obtained.
Begin bootstrap process (10).
Optimization terminated successfully.
         Current function value: -123.361227
         Iterations: 16
         Function evaluations: 46
Optimization terminated successfully.
         Current function value: -69.835284
         Iterations: 14
         Function evaluations: 41
  10% done
Optimization terminated successfully.
         Current function value: -116.085992
         Iterations: 17
         Function evaluations: 47
Optimization terminated successfully.
         Current function value: -64.247585
         Iterations: 15
         Function evaluations: 42
  20% done
Optimization terminated successfully.
         Current function value: -109.627112
         Iterations: 15
         Function evaluations: 43
Optimization terminated successfully.
         Current function value: -55.544447
         Iterations: 14
         Function evaluations: 41
  30% done
Optimization terminated successfully.
         Current function value: -123.352746
         Iterations: 15
         Function evaluations: 42
Optimization terminated successfully.
         Current function value: -72.405227
         Iterations: 14
         Function evaluations: 41
  40% done
Optimization terminated successfully.
         Current function value: -96.779792
         Iterations: 16
         Function evaluations: 45
Optimization terminated successfully.
         Current function value: -54.312838
         Iterations: 14
         Function evaluations: 41
  50% done
Optimization terminated successfully.
         Current function value: -112.610851
         Iterations: 16
         Function evaluations: 45
Optimization terminated successfully.
         Current function value: -65.340839
         Iterations: 16
         Function evaluations: 44
  60% done
Optimization terminated successfully.
         Current function value: -114.528790
         Iterations: 16
         Function evaluations: 45
Optimization terminated successfully.
         Current function value: -61.633845
         Iterations: 14
         Function evaluations: 41
  70% done
Optimization terminated successfully.
         Current function value: -110.743047
         Iterations: 17
         Function evaluations: 48
Optimization terminated successfully.
         Current function value: -70.976715
         Iterations: 15
         Function evaluations: 42
  80% done
Optimization terminated successfully.
         Current function value: -119.699060
         Iterations: 16
         Function evaluations: 45
Optimization terminated successfully.
         Current function value: -67.774020
         Iterations: 16
         Function evaluations: 45
  90% done
Optimization terminated successfully.
         Current function value: -80.891027
         Iterations: 15
         Function evaluations: 43
Optimization terminated successfully.
         Current function value: -53.274677
         Iterations: 15
         Function evaluations: 42
  100% done
Best fit synthetic cluster saved to file.
Cluster's parameters and flags added to output file.
Top tier models saved to file and plotted.
Plots created.
Photometric data file moved.
End of analysis for LW211 in 1544m 28s.

Analizing cluster NGC1846 (semi).
 Set max extinction value: 0.16
Data obtained from input file (N_stars: 37826).
Frame's 2D histogram obtained
Semi center found: (8017.27, 2368.23) px.
Radial density profile (RDP) calculated.
Field density calculated (4.8E-03 stars/px^2).
Auto radius found: 528.034 px.
Tidal radius obtained: 1004.88 px.
Stars accepted/rejected based on their errors.
Stars separated in/out of cluster's boundaries.
Area of cluster obtained.
Approximate number of members in cluster obtained (1083).
Contamination index obtained (0.77).
Using defined number of field regions (10).
LF and completeness magnitude levels obtained.
Integrated color magnitude distribution obtained (1.51).
Skipping KDE p-value test for cluster.
Applying decontamination algorithm.
  25% done
  50% done
  MPs converged. Breaking out (552).
Reduced membership function applied.
Membership probabilities saved to file.
Searching for optimal parameters.
Optimization terminated successfully.
         Current function value: -1368.753556
         Iterations: 15
         Function evaluations: 44
Optimization terminated successfully.
         Current function value: -1176.732739
         Iterations: 15
         Function evaluations: 43
Using Genetic Algorithm (dolphin/knuth).
   10% done       (0.006051, 9, 0.16, 18.3, 9210, 0.5)
   20% done       (0.006051, 9, 0.16, 18.3, 9210, 0.5)
   30% done       (0.006051, 9, 0.16, 18.3, 9210, 0.5)
   40% done       (0.006051, 9, 0.16, 18.3, 9210, 0.5)
   50% done       (0.006051, 9, 0.16, 18.3, 9210, 0.5)
Best fit params obtained.
Begin bootstrap process (10).
Optimization terminated successfully.
         Current function value: -1333.381752
         Iterations: 15
         Function evaluations: 43
Optimization terminated successfully.
         Current function value: -1085.371664
         Iterations: 15
         Function evaluations: 43
  10% done
Optimization terminated successfully.
         Current function value: -1165.805519
         Iterations: 15
         Function evaluations: 42
Optimization terminated successfully.
         Current function value: -1278.548718
         Iterations: 15
         Function evaluations: 43
  20% done
Optimization terminated successfully.
         Current function value: -1341.105996
         Iterations: 15
         Function evaluations: 42
Optimization terminated successfully.
         Current function value: -1153.929395
         Iterations: 15
         Function evaluations: 43
  30% done
Optimization terminated successfully.
         Current function value: -1114.980825
         Iterations: 15
         Function evaluations: 44
Optimization terminated successfully.
         Current function value: -1175.890177
         Iterations: 15
         Function evaluations: 43
  40% done
Optimization terminated successfully.
         Current function value: -1098.979318
         Iterations: 16
         Function evaluations: 46
Optimization terminated successfully.
         Current function value: -1082.982256
         Iterations: 15
         Function evaluations: 43
  50% done
Optimization terminated successfully.
         Current function value: -1393.786555
         Iterations: 15
         Function evaluations: 44
Optimization terminated successfully.
         Current function value: -1159.736435
         Iterations: 15
         Function evaluations: 43
  60% done
Optimization terminated successfully.
         Current function value: -1368.779718
         Iterations: 15
         Function evaluations: 42
Optimization terminated successfully.
         Current function value: -1160.735177
         Iterations: 15
         Function evaluations: 43
  70% done
Optimization terminated successfully.
         Current function value: -1368.075849
         Iterations: 15
         Function evaluations: 42
Optimization terminated successfully.
         Current function value: -1225.792797
         Iterations: 15
         Function evaluations: 43
  80% done
Optimization terminated successfully.
         Current function value: -1372.754328
         Iterations: 15
         Function evaluations: 44
Optimization terminated successfully.
         Current function value: -1140.857443
         Iterations: 15
         Function evaluations: 43
  90% done
Optimization terminated successfully.
         Current function value: -1406.646731
         Iterations: 15
         Function evaluations: 44
Optimization terminated successfully.
         Current function value: -1163.226229
         Iterations: 15
         Function evaluations: 44
  100% done
Best fit synthetic cluster saved to file.
Cluster's parameters and flags added to output file.
Top tier models saved to file and plotted.
Plots created.
Photometric data file moved.
End of analysis for NGC1846 in 2451m 58s.

Analizing cluster NGC1865 (semi).
 Set max extinction value: 0.2
Data obtained from input file (N_stars: 41455).
Frame's 2D histogram obtained
Semi center found: (174.599, 1360.56) px.
Radial density profile (RDP) calculated.
Field density calculated (9.8E-03 stars/px^2).
Auto radius found: 167.246 px.
Tidal radius obtained: 405.025 px.
Stars accepted/rejected based on their errors.
Stars separated in/out of cluster's boundaries.
Area of cluster obtained.
Approximate number of members in cluster obtained (289).
Contamination index obtained (0.75).
Using defined number of field regions (10).
LF and completeness magnitude levels obtained.
Integrated color magnitude distribution obtained (0.79).
Skipping KDE p-value test for cluster.
Applying decontamination algorithm.
  25% done
  50% done
  MPs converged. Breaking out (651).
  WARNING: the number of estimated true cluster members
  (structural vs. photometric) differ greatly.
Reduced membership function applied.
Membership probabilities saved to file.
Searching for optimal parameters.
Optimization terminated successfully.
         Current function value: -243.852130
         Iterations: 15
         Function evaluations: 42
Optimization terminated successfully.
         Current function value: -166.226102
         Iterations: 15
         Function evaluations: 44
Using Genetic Algorithm (dolphin/knuth).
   10% done       (0.012074, 8.5, 0.14, 18.45, 7610, 0.5)
   20% done       (0.0152, 8.6, 0.12, 18.4, 6210, 0.5)
   30% done       (0.0152, 8.6, 0.12, 18.4, 6210, 0.5)
   40% done       (0.006051, 8.65, 0.14, 18.35, 7210, 0.5)
   50% done       (0.006051, 8.65, 0.14, 18.35, 7210, 0.5)
   60% done       (0.006051, 8.65, 0.14, 18.35, 7210, 0.5)
   70% done       (0.006051, 8.65, 0.14, 18.35, 7210, 0.5)
   80% done       (0.006051, 8.65, 0.14, 18.35, 7210, 0.5)
   90% done       (0.006051, 8.65, 0.14, 18.35, 7210, 0.5)
Best fit params obtained.
Begin bootstrap process (10).
Optimization terminated successfully.
         Current function value: -238.584915
         Iterations: 16
         Function evaluations: 44
Optimization terminated successfully.
         Current function value: -153.469917
         Iterations: 16
         Function evaluations: 44
  10% done
Optimization terminated successfully.
         Current function value: -284.935072
         Iterations: 18
         Function evaluations: 49
Optimization terminated successfully.
         Current function value: -123.680880
         Iterations: 15
         Function evaluations: 44
  20% done
Optimization terminated successfully.
         Current function value: -276.697518
         Iterations: 15
         Function evaluations: 42
Optimization terminated successfully.
         Current function value: -187.106214
         Iterations: 15
         Function evaluations: 44
  30% done
Optimization terminated successfully.
         Current function value: -248.006728
         Iterations: 15
         Function evaluations: 42
Optimization terminated successfully.
         Current function value: -130.094273
         Iterations: 15
         Function evaluations: 41
  40% done
Optimization terminated successfully.
         Current function value: -224.433748
         Iterations: 15
         Function evaluations: 43
Optimization terminated successfully.
         Current function value: -134.006714
         Iterations: 15
         Function evaluations: 44
  50% done
Optimization terminated successfully.
         Current function value: -296.451143
         Iterations: 16
         Function evaluations: 44
Optimization terminated successfully.
         Current function value: -171.391228
         Iterations: 15
         Function evaluations: 43
  60% done
Optimization terminated successfully.
         Current function value: -263.090683
         Iterations: 17
         Function evaluations: 48
Optimization terminated successfully.
         Current function value: -186.744677
         Iterations: 15
         Function evaluations: 44
  70% done
Optimization terminated successfully.
         Current function value: -267.808585
         Iterations: 15
         Function evaluations: 42
Optimization terminated successfully.
         Current function value: -118.417154
         Iterations: 15
         Function evaluations: 44
  80% done
Optimization terminated successfully.
         Current function value: -248.430314
         Iterations: 15
         Function evaluations: 42
Optimization terminated successfully.
         Current function value: -178.990972
         Iterations: 15
         Function evaluations: 44
  90% done
Optimization terminated successfully.
         Current function value: -271.276605
         Iterations: 16
         Function evaluations: 45
Optimization terminated successfully.
         Current function value: -101.090928
         Iterations: 14
         Function evaluations: 41
  100% done
Best fit synthetic cluster saved to file.
Cluster's parameters and flags added to output file.
Top tier models saved to file and plotted.
Plots created.
Photometric data file moved.
End of analysis for NGC1865 in 2305m 43s.

Analizing cluster NGC2161 (semi).
 Set max extinction value: 0.18
Data obtained from input file (N_stars: 3475).
Frame's 2D histogram obtained
Semi center found: (1002.68, 550.051) px.
Radial density profile (RDP) calculated.
Field density calculated (8.2E-04 stars/px^2).
Auto radius found: 147.48 px.
Tidal radius obtained: 384.517 px.
Stars accepted/rejected based on their errors.
Stars separated in/out of cluster's boundaries.
Area of cluster obtained.
Approximate number of members in cluster obtained (478).
Contamination index obtained (0.10).
Using defined number of field regions (10).
LF and completeness magnitude levels obtained.
Integrated color magnitude distribution obtained (1.49).
Skipping KDE p-value test for cluster.
Applying decontamination algorithm.
  MPs converged. Breaking out (78).
Reduced membership function applied.
Membership probabilities saved to file.
Searching for optimal parameters.
Optimization terminated successfully.
         Current function value: -420.590774
         Iterations: 16
         Function evaluations: 44
Optimization terminated successfully.
         Current function value: -209.671421
         Iterations: 15
         Function evaluations: 44
Using Genetic Algorithm (dolphin/knuth).
   10% done       (0.006051, 9, 0.18, 18.7, 7210, 0.5)
   20% done       (0.006051, 9, 0.18, 18.7, 7210, 0.5)
   30% done       (0.006051, 9, 0.18, 18.7, 7210, 0.5)
   40% done       (0.006051, 9.05, 0.12, 18.7, 8810, 0.5)
   50% done       (0.006051, 9.05, 0.12, 18.7, 8810, 0.5)
   60% done       (0.006051, 9.05, 0.12, 18.7, 8810, 0.5)
   70% done       (0.007618, 9.05, 0.12, 18.65, 7010, 0.5)
   80% done       (0.007618, 9.05, 0.12, 18.65, 7010, 0.5)
   90% done       (0.007618, 9.05, 0.12, 18.65, 7010, 0.5)
  100% done       (0.007618, 9.05, 0.12, 18.65, 7010, 0.5)
Best fit params obtained.
Begin bootstrap process (10).
Optimization terminated successfully.
         Current function value: -385.629688
         Iterations: 17
         Function evaluations: 46
Optimization terminated successfully.
         Current function value: -201.180642
         Iterations: 15
         Function evaluations: 44
  10% done
Optimization terminated successfully.
         Current function value: -436.821827
         Iterations: 16
         Function evaluations: 44
Optimization terminated successfully.
         Current function value: -223.840525
         Iterations: 15
         Function evaluations: 44
  20% done
Optimization terminated successfully.
         Current function value: -441.455720
         Iterations: 17
         Function evaluations: 47
Optimization terminated successfully.
         Current function value: -234.203115
         Iterations: 15
         Function evaluations: 43
  30% done
Optimization terminated successfully.
         Current function value: -210.340747
         Iterations: 16
         Function evaluations: 45
Optimization terminated successfully.
         Current function value: -210.486530
         Iterations: 16
         Function evaluations: 45
  40% done
Optimization terminated successfully.
         Current function value: -452.491612
         Iterations: 15
         Function evaluations: 43
Optimization terminated successfully.
         Current function value: -213.056891
         Iterations: 16
         Function evaluations: 45
  50% done
Optimization terminated successfully.
         Current function value: -453.194995
         Iterations: 16
         Function evaluations: 45
Optimization terminated successfully.
         Current function value: -220.498052
         Iterations: 15
         Function evaluations: 43
  60% done
Optimization terminated successfully.
         Current function value: -349.892191
         Iterations: 16
         Function evaluations: 46
Optimization terminated successfully.
         Current function value: -236.749691
         Iterations: 15
         Function evaluations: 43
  70% done
Optimization terminated successfully.
         Current function value: -385.607514
         Iterations: 16
         Function evaluations: 45
Optimization terminated successfully.
         Current function value: -196.394492
         Iterations: 15
         Function evaluations: 44
  80% done
Optimization terminated successfully.
         Current function value: -461.462909
         Iterations: 16
         Function evaluations: 45
Optimization terminated successfully.
         Current function value: -183.167347
         Iterations: 15
         Function evaluations: 44
  90% done
Optimization terminated successfully.
         Current function value: -417.160625
         Iterations: 15
         Function evaluations: 42
Optimization 