

-------------------------------------------
            ASteCA v0.1.9-beta
-------------------------------------------

PARSEC v1.1 theoretical isochrones read,
interpolated and stored:
  23 metallicity values (z),
  83 age values (per z),
  21 reddening values,
  9 distance values,
  51 mass values,
  1 binary fraction values.
  = 1.8e+07 approx total models.
Full check done.

(Force matplotlib to not use any Xwindows backend)

Analizing cluster BSDL761 (semi).
 Set max extinction value: 0.16
Data obtained from input file (N_stars: 54351).
Frame's 2D histogram obtained
Semi center found: (737.172, 2730.05) px.
Radial density profile (RDP) calculated.
Field density calculated (6.4E-03 stars/px^2).
Auto radius found: 122.541 px.
Tidal radius obtained: 338.663 px.
Stars accepted/rejected based on their errors.
Stars separated in/out of cluster's boundaries.
Area of cluster obtained.
Approximate number of members in cluster obtained (25).
Contamination index obtained (0.92).
Using defined number of field regions (10).
LF and completeness magnitude levels obtained.
Integrated color magnitude distribution obtained (-0.17).
Skipping KDE p-value test for cluster.
Applying decontamination algorithm.
  25% done
  50% done
  75% done
  100% done
  WARNING: the number of estimated true cluster members
  (structural vs. photometric) differ greatly.
Reduced membership function applied.
Membership probabilities saved to file.
Searching for optimal parameters.
Optimization terminated successfully.
         Current function value: -29.440362
         Iterations: 14
         Function evaluations: 39
Optimization terminated successfully.
         Current function value: -2.315219
         Iterations: 13
         Function evaluations: 38
Using Genetic Algorithm (dolphin/knuth).
   10% done       (0.012074, 8.3, 0.14, 18.65, 210, 0.5)
   20% done       (0.012074, 8.6, 0.04, 18.35, 210, 0.5)
   30% done       (0.012074, 8.6, 0.04, 18.35, 210, 0.5)
   40% done       (0.012074, 8.6, 0.04, 18.35, 210, 0.5)
   50% done       (0.012074, 8.6, 0.04, 18.35, 210, 0.5)
   60% done       (0.012074, 8.6, 0.04, 18.35, 210, 0.5)
Best fit params obtained.
Begin bootstrap process (10).
Optimization terminated successfully.
         Current function value: -5.839618
         Iterations: 13
         Function evaluations: 38
Optimization terminated successfully.
         Current function value: 3.402512
         Iterations: 13
         Function evaluations: 38
  10% done
Optimization terminated successfully.
         Current function value: -29.771491
         Iterations: 15
         Function evaluations: 42
Optimization terminated successfully.
         Current function value: 1.142195
         Iterations: 13
         Function evaluations: 38
  20% done
Optimization terminated successfully.
         Current function value: 1.285992
         Iterations: 13
         Function evaluations: 38
Optimization terminated successfully.
         Current function value: -1.587259
         Iterations: 14
         Function evaluations: 39
  30% done
Optimization terminated successfully.
         Current function value: -29.562587
         Iterations: 14
         Function evaluations: 39
Optimization terminated successfully.
         Current function value: -4.892776
         Iterations: 13
         Function evaluations: 38
  40% done
Optimization terminated successfully.
         Current function value: -23.773862
         Iterations: 14
         Function evaluations: 39
Optimization terminated successfully.
         Current function value: 0.636453
         Iterations: 13
         Function evaluations: 38
  50% done
Optimization terminated successfully.
         Current function value: -9.196026
         Iterations: 13
         Function evaluations: 38
Optimization terminated successfully.
         Current function value: -1.384618
         Iterations: 13
         Function evaluations: 38
  60% done
Optimization terminated successfully.
         Current function value: -5.302361
         Iterations: 13
         Function evaluations: 38
Optimization terminated successfully.
         Current function value: -0.370524
         Iterations: 13
         Function evaluations: 38
  70% done
Optimization terminated successfully.
         Current function value: -28.227655
         Iterations: 14
         Function evaluations: 39
Optimization terminated successfully.
         Current function value: -3.390247
         Iterations: 13
         Function evaluations: 38
  80% done
Optimization terminated successfully.
         Current function value: -4.001288
         Iterations: 13
         Function evaluations: 38
Optimization terminated successfully.
         Current function value: -1.559683
         Iterations: 13
         Function evaluations: 38
  90% done
Optimization terminated successfully.
         Current function value: -28.411317
         Iterations: 13
         Function evaluations: 38
Optimization terminated successfully.
         Current function value: -11.512560
         Iterations: 13
         Function evaluations: 38
  100% done
Best fit synthetic cluster saved to file.
Cluster's parameters and flags added to output file.
Top tier models saved to file and plotted.
Plots created.
Photometric data file moved.
End of analysis for BSDL761 in 2156m 26s.

Analizing cluster KMHK378 (semi).
 Set max extinction value: 0.24
Data obtained from input file (N_stars: 4653).
Frame's 2D histogram obtained
Semi center found: (3602.95, 6474.23) px.
Radial density profile (RDP) calculated.
Field density calculated (6.2E-03 stars/px^2).
Auto radius found: 76.9631 px.
  WARNING: tidal radius could not be obtained.
  WARNING: core radius could not be obtained.
Stars accepted/rejected based on their errors.
Stars separated in/out of cluster's boundaries.
Area of cluster obtained.
  WARNING: only 3 true members estimated in cluster region.
Contamination index obtained (0.97).
Using defined number of field regions (10).
LF and completeness magnitude levels obtained.
Integrated color magnitude distribution obtained (0.27).
Skipping KDE p-value test for cluster.
Applying decontamination algorithm.
  25% done
  50% done
  MPs converged. Breaking out (523).
  WARNING: the number of estimated true cluster members
  (structural vs. photometric) differ greatly.
Reduced membership function applied.
Membership probabilities saved to file.
Searching for optimal parameters.
Optimization terminated successfully.
         Current function value: -10.124205
         Iterations: 13
         Function evaluations: 38
Optimization terminated successfully.
         Current function value: -5.365732
         Iterations: 14
         Function evaluations: 41
Using Genetic Algorithm (dolphin/knuth).
   10% done       (0.0152, 6.9, 0.2, 18.5, 210, 0.5)
   20% done       (0.0152, 6.9, 0.2, 18.5, 210, 0.5)
   30% done       (0.0152, 6.9, 0.2, 18.5, 210, 0.5)
   40% done       (0.0152, 6.9, 0.2, 18.5, 210, 0.5)
   50% done       (0.0152, 6.9, 0.2, 18.5, 210, 0.5)
Best fit params obtained.
Begin bootstrap process (10).
Optimization terminated successfully.
         Current function value: -3.118335
         Iterations: 12
         Function evaluations: 35
Optimization terminated successfully.
         Current function value: -1.559852
         Iterations: 13
         Function evaluations: 38
  10% done
Optimization terminated successfully.
         Current function value: -5.743003
         Iterations: 14
         Function evaluations: 39
Optimization terminated successfully.
         Current function value: -9.798665
         Iterations: 14
         Function evaluations: 41
  20% done
Optimization terminated successfully.
         Current function value: -0.464032
         Iterations: 12
         Function evaluations: 35
Optimization terminated successfully.
         Current function value: -5.697432
         Iterations: 15
         Function evaluations: 42
  30% done
Optimization terminated successfully.
         Current function value: -8.451053
         Iterations: 12
         Function evaluations: 35
Optimization terminated successfully.
         Current function value: 1.056053
         Iterations: 14
         Function evaluations: 39
  40% done
Optimization terminated successfully.
         Current function value: -10.434360
         Iterations: 13
         Function evaluations: 38
Optimization terminated successfully.
         Current function value: -11.905524
         Iterations: 14
         Function evaluations: 41
  50% done
Optimization terminated successfully.
         Current function value: -17.995661
         Iterations: 15
         Function evaluations: 41
Optimization terminated successfully.
         Current function value: -7.244969
         Iterations: 14
         Function evaluations: 39
  60% done
Optimization terminated successfully.
         Current function value: -7.096925
         Iterations: 13
         Function evaluations: 38
Optimization terminated successfully.
         Current function value: -13.244410
         Iterations: 15
         Function evaluations: 42
  70% done
Optimization terminated successfully.
         Current function value: -14.662627
         Iterations: 19
         Function evaluations: 51
Optimization terminated successfully.
         Current function value: -4.313220
         Iterations: 13
         Function evaluations: 38
  80% done
Optimization terminated successfully.
         Current function value: -9.496126
         Iterations: 14
         Function evaluations: 39
Optimization terminated successfully.
         Current function value: -8.891578
         Iterations: 15
         Function evaluations: 42
  90% done
Optimization terminated successfully.
         Current function value: -13.815329
         Iterations: 14
         Function evaluations: 41
Optimization terminated successfully.
         Current function value: -7.282140
         Iterations: 14
         Function evaluations: 41
  100% done
Best fit synthetic cluster saved to file.
Cluster's parameters and flags added to output file.
Plots created.
Photometric data file moved.
End of analysis for KMHK378 in 1523m 31s.

Analizing cluster KMHK506 (semi).
 Set max extinction value: 0.16
Data obtained from input file (N_stars: 82151).
Frame's 2D histogram obtained
Semi center found: (1577.27, 655.404) px.
Radial density profile (RDP) calculated.
Field density calculated (9.6E-03 stars/px^2).
Auto radius found: 160.362 px.
Tidal radius obtained: 263.828 px.
Stars accepted/rejected based on their errors.
Stars separated in/out of cluster's boundaries.
Area of cluster obtained.
Approximate number of members in cluster obtained (20).
Contamination index obtained (0.98).
Using defined number of field regions (10).
LF and completeness magnitude levels obtained.
Integrated color magnitude distribution obtained (0.55).
Skipping KDE p-value test for cluster.
Applying decontamination algorithm.
  25% done
  50% done
  75% done
  100% done
  WARNING: the number of estimated true cluster members
  (structural vs. photometric) differ greatly.
Reduced membership function applied.
Membership probabilities saved to file.
Searching for optimal parameters.
Optimization terminated successfully.
         Current function value: -57.032368
         Iterations: 14
         Function evaluations: 41
Optimization terminated successfully.
         Current function value: -25.818125
         Iterations: 15
         Function evaluations: 42
Using Genetic Algorithm (dolphin/knuth).
   10% done       (0.004807, 8.8, 0.14, 18.55, 410, 0.5)
   20% done       (0.004807, 8.8, 0.14, 18.55, 410, 0.5)
   30% done       (0.004807, 8.8, 0.14, 18.55, 410, 0.5)
   40% done       (0.007618, 8.95, 0.02, 18.65, 410, 0.5)
   50% done       (0.007618, 8.95, 0.02, 18.65, 410, 0.5)
   60% done       (0.007618, 8.95, 0.02, 18.65, 410, 0.5)
   70% done       (0.007618, 8.95, 0.02, 18.65, 410, 0.5)
   80% done       (0.007618, 8.95, 0.02, 18.65, 410, 0.5)
Best fit params obtained.
Begin bootstrap process (10).
Optimization terminated successfully.
         Current function value: -67.862144
         Iterations: 15
         Function evaluations: 44
Optimization terminated successfully.
         Current function value: -9.886623
         Iterations: 13
         Function evaluations: 38
  10% done
Optimization terminated successfully.
         Current function value: -64.075240
         Iterations: 15
         Function evaluations: 41
Optimization terminated successfully.
         Current function value: -21.484280
         Iterations: 15
         Function evaluations: 42
  20% done
Optimization terminated successfully.
         Current function value: -65.459509
         Iterations: 15
         Function evaluations: 42
Optimization terminated successfully.
         Current function value: -27.357584
         Iterations: 15
         Function evaluations: 42
  30% done
Optimization terminated successfully.
         Current function value: -53.808332
         Iterations: 14
         Function evaluations: 41
Optimization terminated successfully.
         Current function value: -30.236369
         Iterations: 15
         Function evaluations: 42
  40% done
Optimization terminated successfully.
         Current function value: -46.296813
         Iterations: 15
         Function evaluations: 42
Optimization terminated successfully.
         Current function value: -22.672338
         Iterations: 13
         Function evaluations: 38
  50% done
Optimization terminated successfully.
         Current function value: -50.993461
         Iterations: 14
         Function evaluations: 41
Optimization terminated successfully.
         Current function value: -27.026096
         Iterations: 14
         Function evaluations: 41
  60% done
Optimization terminated successfully.
         Current function value: -63.572941
         Iterations: 14
         Function evaluations: 41
Optimization terminated successfully.
         Current function value: -20.533360
         Iterations: 13
         Function evaluations: 38
  70% done
Optimization terminated successfully.
         Current function value: -72.938322
         Iterations: 15
         Function evaluations: 44
Optimization terminated successfully.
         Current function value: -19.673609
         Iterations: 13
         Function evaluations: 38
  80% done
Optimization terminated successfully.
         Current function value: -40.475715
         Iterations: 16
         Function evaluations: 44
Optimization terminated successfully.
         Current function value: -24.336144
         Iterations: 14
         Function evaluations: 41
  90% done
Optimization terminated successfully.
         Current function value: -35.526299
         Iterations: 14
         Function evaluations: 41
Optimization terminated successfully.
         Current function value: -22.493996
         Iterations: 14
         Function evaluations: 41
  100% done
Best fit synthetic cluster saved to file.
Cluster's parameters and flags added to output file.
Plots created.
Photometric data file moved.
End of analysis for KMHK506 in 1908m 2s.

Analizing cluster NGC1793 (semi).
 Set max extinction value: 0.24
Data obtained from input file (N_stars: 3538).
Frame's 2D histogram obtained
Semi center found: (7064.97, 7836.21) px.
Radial density profile (RDP) calculated.
Field density calculated (5.0E-03 stars/px^2).
Auto radius found: 27.0174 px.
Tidal radius obtained: 44.8063 px.
Stars accepted/rejected based on their errors.
Stars separated in/out of cluster's boundaries.
Area of cluster obtained.
  WARNING: only 6 true members estimated in cluster region.
Contamination index obtained (0.67).
Using defined number of field regions (10).
LF and completeness magnitude levels obtained.
Integrated color magnitude distribution obtained (-0.44).
Skipping KDE p-value test for cluster.
Applying decontamination algorithm.
  MPs converged. Breaking out (221).
  WARNING: the number of estimated true cluster members
  (structural vs. photometric) differ greatly.
Reduced membership function applied.
Membership probabilities saved to file.
Searching for optimal parameters.
Optimization terminated successfully.
         Current function value: 1.402043
         Iterations: 13
         Function evaluations: 36
Optimization terminated successfully.
         Current function value: -0.127066
         Iterations: 13
         Function evaluations: 36
Using Genetic Algorithm (dolphin/knuth).
   10% done       (0.012074, 6.7, 0.16, 18.65, 210, 0.5)
   20% done       (0.012074, 6.75, 0.22, 18.5, 210, 0.5)
   30% done       (0.012074, 6.75, 0.22, 18.5, 210, 0.5)
   40% done       (0.012074, 6.75, 0.22, 18.5, 210, 0.5)
   50% done       (0.012074, 6.75, 0.22, 18.5, 210, 0.5)
   60% done       (0.012074, 6.75, 0.22, 18.5, 210, 0.5)
   70% done       (0.012074, 6.75, 0.22, 18.5, 210, 0.5)
Best fit params obtained.
Begin bootstrap process (10).
Optimization terminated successfully.
         Current function value: 0.491973
         Iterations: 13
         Function evaluations: 36
Optimization terminated successfully.
         Current function value: -0.127066
         Iterations: 13
         Function evaluations: 36
  10% done
Optimization terminated successfully.
         Current function value: 1.339271
         Iterations: 13
         Function evaluations: 36
Optimization terminated successfully.
         Current function value: -3.006845
         Iterations: 13
         Function evaluations: 38
  20% done
Optimization terminated successfully.
         Current function value: 1.034318
         Iterations: 13
         Function evaluations: 36
Optimization terminated successfully.
         Current function value: -0.127066
         Iterations: 12
         Function evaluations: 35
  30% done
Optimization terminated successfully.
         Current function value: 0.405465
         Iterations: 12
         Function evaluations: 35
Optimization terminated successfully.
         Current function value: -3.640447
         Iterations: 14
         Function evaluations: 41
  40% done
Optimization terminated successfully.
         Current function value: -1.648659
         Iterations: 12
         Function evaluations: 35
Optimization terminated successfully.
         Current function value: 1.402043
         Iterations: 13
         Function evaluations: 36
  50% done
Optimization terminated successfully.
         Current function value: 1.791256
         Iterations: 13
         Function evaluations: 36
Optimization terminated successfully.
         Current function value: -1.225678
         Iterations: 13
         Function evaluations: 36
  60% done
Optimization terminated successfully.
         Current function value: -0.127066
         Iterations: 12
         Function evaluations: 35
Optimization terminated successfully.
         Current function value: -1.705252
         Iterations: 12
         Function evaluations: 35
  70% done
Optimization terminated successfully.
         Current function value: 0.095310
         Iterations: 12
         Function evaluations: 35
Optimization terminated successfully.
         Current function value: 0.491973
         Iterations: 12
         Function evaluations: 35
  80% done
Optimization terminated successfully.
         Current function value: 1.402043
         Iterations: 13
         Function evaluations: 36
Optimization terminated successfully.
         Current function value: -0.951598
         Iterations: 13
         Function evaluations: 36
  90% done
Optimization terminated successfully.
         Current function value: 0.272178
         Iterations: 13
         Function evaluations: 36
Optimization terminated successfully.
         Current function value: -0.951598
         Iterations: 13
         Function evaluations: 36
  100% done
Best fit synthetic cluster saved to file.
Cluster's parameters and flags added to output file.
Plots created.
Photometric data file moved.
End of analysis for NGC1793 in 2419m 57s.

Analizing cluster NGC1863 (semi).
 Set max extinction value: 0.18
Data obtained from input file (N_stars: 41455).
Frame's 2D histogram obtained
Semi center found: (782.929, 938.99) px.
Radial density profile (RDP) calculated.
Field density calculated (9.1E-03 stars/px^2).
Auto radius found: 96.4774 px.
Tidal radius obtained: 141.868 px.
Stars accepted/rejected based on their errors.
Stars separated in/out of cluster's boundaries.
Area of cluster obtained.
Approximate number of members in cluster obtained