

-------------------------------------------
            ASteCA v0.1.9-beta
-------------------------------------------

PARSEC v1.1 theoretical isochrones read,
interpolated and stored:
  23 metallicity values (z),
  83 age values (per z),
  21 reddening values,
  9 distance values,
  51 mass values,
  1 binary fraction values.
  = 1.8e+07 approx total models.
Full check done.

(Force matplotlib to not use any Xwindows backend)

Analizing cluster C11 (semi).
 Set max extinction value: 0.18
Data obtained from input file (N_stars: 30792).
Frame's 2D histogram obtained
Semi center found: (1528.03, 516.97) px.
Radial density profile (RDP) calculated.
Field density calculated (3.9E-03 stars/px^2).
Auto radius found: 149.451 px.
  WARNING: tidal radius could not be obtained.
Stars accepted/rejected based on their errors.
Stars separated in/out of cluster's boundaries.
Area of cluster obtained.
Approximate number of members in cluster obtained (98).
Contamination index obtained (0.73).
Using defined number of field regions (10).
LF and completeness magnitude levels obtained.
Integrated color magnitude distribution obtained (-0.94).
Skipping KDE p-value test for cluster.
Applying decontamination algorithm.
  25% done
  50% done
  75% done
  MPs converged. Breaking out (851).
  WARNING: the number of estimated true cluster members
  (structural vs. photometric) differ greatly.
Reduced membership function applied.
Membership probabilities saved to file.
Searching for optimal parameters.
Optimization terminated successfully.
         Current function value: -8.279899
         Iterations: 15
         Function evaluations: 42
Optimization terminated successfully.
         Current function value: -16.666548
         Iterations: 14
         Function evaluations: 41
Using Genetic Algorithm (dolphin/knuth).
   10% done       (0.003033, 8, 0.1, 18.45, 610, 0.5)
   20% done       (0.003818, 7.3, 0.16, 18.5, 410, 0.5)
   30% done       (0.003818, 7.3, 0.16, 18.5, 410, 0.5)
   40% done       (0.002409, 7.2, 0.16, 18.45, 410, 0.5)
   50% done       (0.002409, 7.2, 0.16, 18.45, 410, 0.5)
   60% done       (0.002409, 7.2, 0.16, 18.45, 410, 0.5)
   70% done       (0.002409, 7.2, 0.16, 18.45, 410, 0.5)
   80% done       (0.002409, 7.2, 0.16, 18.45, 410, 0.5)
   90% done       (0.002409, 7.2, 0.16, 18.45, 410, 0.5)
Best fit params obtained.
Begin bootstrap process (10).
Optimization terminated successfully.
         Current function value: -20.548306
         Iterations: 16
         Function evaluations: 45
Optimization terminated successfully.
         Current function value: -58.262430
         Iterations: 14
         Function evaluations: 41
  10% done
Optimization terminated successfully.
         Current function value: -13.649878
         Iterations: 14
         Function evaluations: 41
Optimization terminated successfully.
         Current function value: -53.751175
         Iterations: 14
         Function evaluations: 41
  20% done
Optimization terminated successfully.
         Current function value: -1.317157
         Iterations: 14
         Function evaluations: 39
Optimization terminated successfully.
         Current function value: -13.562320
         Iterations: 14
         Function evaluations: 39
  30% done
Optimization terminated successfully.
         Current function value: -16.767789
         Iterations: 14
         Function evaluations: 41
Optimization terminated successfully.
         Current function value: -16.142347
         Iterations: 15
         Function evaluations: 42
  40% done
Optimization terminated successfully.
         Current function value: -20.248064
         Iterations: 15
         Function evaluations: 42
Optimization terminated successfully.
         Current function value: -32.330162
         Iterations: 14
         Function evaluations: 41
  50% done
Optimization terminated successfully.
         Current function value: -1.951442
         Iterations: 13
         Function evaluations: 38
Optimization terminated successfully.
         Current function value: -17.777433
         Iterations: 14
         Function evaluations: 41
  60% done
Optimization terminated successfully.
         Current function value: -4.117368
         Iterations: 14
         Function evaluations: 39
Optimization terminated successfully.
         Current function value: -24.727367
         Iterations: 14
         Function evaluations: 41
  70% done
Optimization terminated successfully.
         Current function value: -8.048047
         Iterations: 13
         Function evaluations: 38
Optimization terminated successfully.
         Current function value: -15.601096
         Iterations: 14
         Function evaluations: 41
  80% done
Optimization terminated successfully.
         Current function value: -2.589384
         Iterations: 14
         Function evaluations: 41
Optimization terminated successfully.
         Current function value: -21.212550
         Iterations: 14
         Function evaluations: 41
  90% done
Optimization terminated successfully.
         Current function value: -11.926878
         Iterations: 14
         Function evaluations: 41
Optimization terminated successfully.
         Current function value: -17.435385
         Iterations: 15
         Function evaluations: 42
  100% done
Best fit synthetic cluster saved to file.
Cluster's parameters and flags added to output file.
Plots created.
Photometric data file moved.
End of analysis for C11 in 1771m 19s.

Analizing cluster H88-245 (semi).
 Set max extinction value: 0.22
Data obtained from input file (N_stars: 107964).
Frame's 2D histogram obtained
Semi center found: (2789.39, 1573.48) px.
Radial density profile (RDP) calculated.
Field density calculated (9.4E-03 stars/px^2).
Auto radius found: 245.311 px.
Tidal radius obtained: 749.594 px.
Stars accepted/rejected based on their errors.
Stars separated in/out of cluster's boundaries.
Area of cluster obtained.
Approximate number of members in cluster obtained (120).
Contamination index obtained (0.94).
Using defined number of field regions (10).
LF and completeness magnitude levels obtained.
Integrated color magnitude distribution obtained (2.22).
Skipping KDE p-value test for cluster.
Applying decontamination algorithm.
  25% done
  50% done
  75% done
  100% done
  WARNING: the number of estimated true cluster members
  (structural vs. photometric) differ greatly.
Reduced membership function applied.
Membership probabilities saved to file.
Searching for optimal parameters.
Optimization terminated successfully.
         Current function value: -70.775467
         Iterations: 14
         Function evaluations: 41
Optimization terminated successfully.
         Current function value: -84.649954
         Iterations: 14
         Function evaluations: 41
Using Genetic Algorithm (dolphin/knuth).
   10% done       (0.0152, 8.9, 0.16, 18.6, 5210, 0.5)
   20% done       (0.0152, 8.85, 0.2, 18.35, 1610, 0.5)
   30% done       (0.0152, 8.9, 0.18, 18.35, 3210, 0.5)
   40% done       (0.012074, 8.85, 0.22, 18.55, 3410, 0.5)
   50% done       (0.012074, 8.85, 0.22, 18.55, 3410, 0.5)
   60% done       (0.012074, 8.85, 0.22, 18.55, 3410, 0.5)
   70% done       (0.012074, 8.85, 0.22, 18.55, 3410, 0.5)
   80% done       (0.012074, 8.85, 0.22, 18.55, 3410, 0.5)
Best fit params obtained.
Begin bootstrap process (10).
Optimization terminated successfully.
         Current function value: -93.935509
         Iterations: 14
         Function evaluations: 41
Optimization terminated successfully.
         Current function value: -91.014897
         Iterations: 14
         Function evaluations: 41
  10% done
Optimization terminated successfully.
         Current function value: -77.840468
         Iterations: 14
         Function evaluations: 41
Optimization terminated successfully.
         Current function value: -99.613900
         Iterations: 14
         Function evaluations: 41
  20% done
Optimization terminated successfully.
         Current function value: -42.888453
         Iterations: 14
         Function evaluations: 41
Optimization terminated successfully.
         Current function value: -86.205948
         Iterations: 15
         Function evaluations: 41
  30% done
Optimization terminated successfully.
         Current function value: -104.056162
         Iterations: 16
         Function evaluations: 45
Optimization terminated successfully.
         Current function value: -97.233338
         Iterations: 14
         Function evaluations: 41
  40% done
Optimization terminated successfully.
         Current function value: -72.002104
         Iterations: 15
         Function evaluations: 42
Optimization terminated successfully.
         Current function value: -87.721153
         Iterations: 14
         Function evaluations: 41
  50% done
Optimization terminated successfully.
         Current function value: -80.314066
         Iterations: 14
         Function evaluations: 41
Optimization terminated successfully.
         Current function value: -91.688029
         Iterations: 14
         Function evaluations: 41
  60% done
Optimization terminated successfully.
         Current function value: -77.813412
         Iterations: 14
         Function evaluations: 41
Optimization terminated successfully.
         Current function value: -102.128211
         Iterations: 14
         Function evaluations: 41
  70% done
Optimization terminated successfully.
         Current function value: -69.225133
         Iterations: 14
         Function evaluations: 41
Optimization terminated successfully.
         Current function value: -120.665247
         Iterations: 15
         Function evaluations: 44
  80% done
Optimization terminated successfully.
         Current function value: -46.000327
         Iterations: 14
         Function evaluations: 41
Optimization terminated successfully.
         Current function value: -100.615833
         Iterations: 15
         Function evaluations: 44
  90% done
Optimization terminated successfully.
         Current function value: -77.288708
         Iterations: 14
         Function evaluations: 41
Optimization terminated successfully.
         Current function value: -94.480001
         Iterations: 14
         Function evaluations: 41
  100% done
Best fit synthetic cluster saved to file.
Cluster's parameters and flags added to output file.
Top tier models saved to file and plotted.
Plots created.
Photometric data file moved.
End of analysis for H88-245 in 2069m 44s.

Analizing cluster H88-307 (semi).
 Set max extinction value: 0.36
Data obtained from input file (N_stars: 7932).
Frame's 2D histogram obtained
Semi center found: (2901.97, 515.566) px.
Radial density profile (RDP) calculated.
Field density calculated (1.1E-02 stars/px^2).
Auto radius found: 54.8807 px.
Tidal radius obtained: 124.526 px.
Stars accepted/rejected based on their errors.
Stars separated in/out of cluster's boundaries.
Area of cluster obtained.
  WARNING: only 3 true members estimated in cluster region.
Contamination index obtained (0.97).
Using defined number of field regions (10).
LF and completeness magnitude levels obtained.
Integrated color magnitude distribution obtained (0.17).
Skipping KDE p-value test for cluster.
Applying decontamination algorithm.
  25% done
  50% done
  MPs converged. Breaking out (653).
Reduced membership function applied.
Membership probabilities saved to file.
Searching for optimal parameters.
Optimization terminated successfully.
         Current function value: -7.350973
         Iterations: 14
         Function evaluations: 39
Optimization terminated successfully.
         Current function value: -0.088411
         Iterations: 12
         Function evaluations: 35
Using Genetic Algorithm (dolphin/knuth).
   10% done       (0.012074, 6.9, 0.24, 18.35, 210, 0.5)
   20% done       (0.012074, 6.9, 0.24, 18.35, 210, 0.5)
   30% done       (0.012074, 6.9, 0.24, 18.35, 210, 0.5)
   40% done       (0.012074, 6.9, 0.24, 18.35, 210, 0.5)
   50% done       (0.012074, 6.9, 0.24, 18.35, 210, 0.5)
   60% done       (0.012074, 6.9, 0.24, 18.35, 210, 0.5)
Best fit params obtained.
Begin bootstrap process (10).
Optimization terminated successfully.
         Current function value: -3.309341
         Iterations: 13
         Function evaluations: 38
Optimization terminated successfully.
         Current function value: -1.738261
         Iterations: 13
         Function evaluations: 36
  10% done
Optimization terminated successfully.
         Current function value: -10.251498
         Iterations: 14
         Function evaluations: 39
Optimization terminated successfully.
         Current function value: -0.324567
         Iterations: 13
         Function evaluations: 36
  20% done
Optimization terminated successfully.
         Current function value: -9.771624
         Iterations: 13
         Function evaluations: 38
Optimization terminated successfully.
         Current function value: -8.186774
         Iterations: 12
         Function evaluations: 35
  30% done
Optimization terminated successfully.
         Current function value: 2.381521
         Iterations: 13
         Function evaluations: 38
Optimization terminated successfully.
         Current function value: -9.372916
         Iterations: 13
         Function evaluations: 38
  40% done
Optimization terminated successfully.
         Current function value: -6.754990
         Iterations: 14
         Function evaluations: 39
Optimization terminated successfully.
         Current function value: -0.957496
         Iterations: 13
         Function evaluations: 36
  50% done
Optimization terminated successfully.
         Current function value: -9.115405
         Iterations: 14
         Function evaluations: 39
Optimization terminated successfully.
         Current function value: -0.288556
         Iterations: 12
         Function evaluations: 35
  60% done
Optimization terminated successfully.
         Current function value: 2.665325
         Iterations: 14
         Function evaluations: 39
Optimization terminated successfully.
         Current function value: -6.397987
         Iterations: 13
         Function evaluations: 38
  70% done
Optimization terminated successfully.
         Current function value: -14.321282
         Iterations: 15
         Function evaluations: 42
Optimization terminated successfully.
         Current function value: -0.339522
         Iterations: 12
         Function evaluations: 35
  80% done
Optimization terminated successfully.
         Current function value: -2.649357
         Iterations: 14
         Function evaluations: 39
Optimization terminated successfully.
         Current function value: 1.403430
         Iterations: 13
         Function evaluations: 36
  90% done
Optimization terminated successfully.
         Current function value: -1.815708
         Iterations: 14
         Function evaluations: 41
Optimization terminated successfully.
         Current function value: 0.413032
         Iterations: 12
         Function evaluations: 35
  100% done
Best fit synthetic cluster saved to file.
Cluster's parameters and flags added to output file.
Plots created.
Photometric data file moved.
End of analysis for H88-307 in 1366m 11s.

Analizing cluster HS121 (semi).
 Set max extinction value: 0.16
Data obtained from input file (N_stars: 60600).
Frame's 2D histogram obtained
Semi center found: (8108.99, 4906.21) px.
Radial density profile (RDP) calculated.
Field density calculated (8.5E-03 stars/px^2).
Auto radius found: 171.691 px.
Tidal radius obtained: 396.55 px.
Stars accepted/rejected based on their errors.
Stars separated in/out of cluster's boundaries.
Area of cluster obtained.
Approximate number of members in cluster obtained (77).
Contamination index obtained (0.91).
Using defined number of field regions (10).
LF and completeness magnitude levels obtained.
Integrated color magnitude distribution obtained (1.73).
Skipping KDE p-value test for cluster.
Applying decontamination algorithm.
  25% done
  50% done
  75% done
  100% done
  WARNING: the number of estimated true cluster members
  (structural vs. photometric) differ greatly.
Reduced membership function applied.
Membership probabilities saved to file.
Searching for optimal parameters.
Optimization terminated successfully.
         Current function value: -63.515844
         Iterations: 14
         Function evaluations: 41
Optimization terminated successfully.
         Current function value: -49.520856
         Iterations: 14
         Function evaluations: 41
Using Genetic Algorithm (dolphin/knuth).
   10% done       (0.006051, 8.95, 0.1, 18.7, 610, 0.5)
   20% done       (0.012074, 8.95, 0.04, 18.7, 410, 0.5)
   30% done       (0.012074, 8.95, 0.04, 18.7, 410, 0.5)
   40% done       (0.012074, 8.95, 0.04, 18.7, 410, 0.5)
   50% done       (0.012074, 8.95, 0.04, 18.7, 410, 0.5)
   60% done       (0.007618, 8.9, 0.1, 18.45, 610, 0.5)
   70% done       (0.007618, 8.9, 0.1, 18.45, 610, 0.5)
   80% done       (0.012074, 8.9, 0.06, 18.65, 610, 0.5)
   90% done       (0.012074, 8.9, 0.06, 18.65, 610, 0.5)
  100% done       (0.012074, 8.9, 0.06, 18.65, 610, 0.5)
Best fit params obtained.
Begin bootstrap process (10).
Optimization terminated successfully.
         Current function value: -83.963543
         Iterations: 16
         Function evaluations: 45
Optimization terminated successfully.
         Current function value: -25.669143
         Iterations: 14
         Function evaluations: 39
  10% done
Optimization terminated successfully.
         Current function value: -28.199682
         Iterations: 14
         Function evaluations: 39
Optimization terminated successfully.
         Current function value: -34.568472
         Iterations: 13
         Function evaluations: 38
  20% done
Optimization terminated successfully.
         Current function value: -42.416897
         Iterations: 14
         Function evaluations: 41
Optimization terminated successfully.
         Current function value: -24.570023
         Iterations: 14
         Function evaluations: 39
  30% done
Optimization terminated successfully.
         Current function value: -61.155403
         Iterations: 14
         Function evaluations: 41
Optimization terminated successfully.
         Current function value: -36.029340
         Iterations: 15
         Function evaluations: 42
  40% done
Optimization terminated successfully.
         Current function value: -47.829200
         Iterations: 15
         Function evaluations: 42
Optimization terminated successfully.
         Current function value: -50.704217
         Iterations: 14
         Function evaluations: 41
  50% done
Optimization terminated successfully.
         Current function value: -57.049440
         Iterations: 14
         Function evaluations: 41
Optimization terminated successfully.
         Current function value: -29.358049
         Iterations: 13
         Function evaluations: 38
  60% done
Optimization terminated successfully.
         Current function value: -57.326692
         Iterations: 14
         Function evaluations: 41
Optimization terminated successfully.
         Current function value: -23.115328
         Iterations: 13
         Function evaluations: 38
  70% done
Optimization terminated successfully.
         Current function value: -50.378614
         Iterations: 14
         Function evaluations: 41
Optimization terminated successfully.
         Current function value: -32.966376
         Iterations: 14
         Function evaluations: 41
  80% done
Optimization terminated successfully.
         Current function value: -50.330464
         Iterations: 14
         Function evaluations: 41
Optimization terminated successfully.
         Current function value: -46.405031
         Iterations: 14
         Function evaluations: 41
  90% done
Optimization terminated successfully.
         Current function value: -73.545200
         Iterations: 16
         Function evaluations: 44
Optimization terminated successfully.
         Current function value: -47.897911
         Iterations: 14
         Function evaluations: 41
  100% done
Best fit synthetic cluster saved to file.
Cluster's parameters and flags added to output file.
Top tier models saved to file and plotted.
Plots created.
Photometric data file moved.
End of analysis for HS121 in 1526m 52s.

Analizing cluster HS412 (semi).
 Set max extinction value: 0.28
Data obtained from input file (N_stars: 5917).
Frame's 2D histogram obtained
Semi center found: (2514.69, 7149.62) px.
Radial density profile (RDP) calculated.
Field density calculated (7.0E-03 stars/px^2).
Auto radius found: 42.9012 px.
Tidal radius obtained: 93.2665 px.
Stars accepted/rejected based on their errors.
Stars separated in/out of cluster's boundaries.
Area of cluster obtained.
Approximate number of members in cluster obtained (27).
Contamination index obtained (0.60).
Using defined number of field regions (10).
LF and completeness magnitude levels obtained.
Integrated color magnitude distribution obtained (0.21).
Skipping KDE p-value test for cluster.
Applying decontamination algorithm.
  25% done
  MPs converged. Breaking out (459).
Reduced membership function applied.
Membership probabilities saved to file.
Searching for optimal parameters.
Optimization terminated successfully.
         Current function value: 0.832909
         Iterations: 14
         Function evaluations: 39
Optimization terminated successfully.
         Current function value: 1.615483
         Iterations: 13
         Function evaluations: 38
Using Genetic Algorithm (dolphin/knuth).
   10% done       (0.004807, 8.55, 0.08, 18.7, 410, 0.5)
   20% done       (0.004807, 8.55, 0.08, 18.7, 410, 0.5)
   30% done       (0.004807, 8.55, 0.08, 18.7, 410, 0.5)
   40% done       (0.00152, 8.7, 0.12, 18.4, 210, 0.5)
   50% done       (0.00152, 8.7, 0.12, 18.4, 210, 0.5)
   60% done       (0.00152, 8.7, 0.12, 18.4, 210, 0.5)
   70% done       (0.00152, 8.7, 0.12, 18.4, 210, 0.5)
   80% done       (0.00152, 8.7, 0.12, 18.4, 210, 0.5)
Best fit params obtained.
Begin bootstrap process (10).
Optimization terminated successfully.
         Current function value: 0.697108
         Iterations: 14
         Function evaluations: 39
Optimization terminated successfully.
         Current function value: 1.676594
         Iterations: 13
         Function evaluations: 36
  10% done
Optimization terminated successfully.
         Current function value: -2.612740
         Iterations: 14
         Function evaluations: 39
Optimization terminated successfully.
         Current function value: 1.842504
         Iterations: 13
         Function evaluations: 38
  20% done
Optimization terminated successfully.
         Current function value: 1.976110
         Iterations: 13
         Function evaluations: 36
Optimization terminated successfully.
         Current function value: -8.571867
         Iterations: 14
         Function evaluations: 39
  30% done
Optimization terminated successfully.
         Current function value: -1.921524
         Iterations: 13
         Function evaluations: 36
Optimization terminated successfully.
         Current function value: -6.768362
         Iterations: 13
         Function evaluations: 38
  40% done
Optimization terminated successfully.
         Current function value: -2.470552
         Iterations: 14
         Function evaluations: 39
Optimization terminated successfully.
         Current function value: 0.853343
         Iterations: 13
         Function evaluations: 38
  50% done
Optimization terminated successfully.
         Current function value: -3.263442
         Iterations: 14
         Function evaluations: 39
Optimization terminated successfully.
         Current function value: -3.976747
         Iterations: 14
         Function evaluations: 39
  60% done
Optimization terminated successfully.
         Current function value: -2.813411
         Iterations: 14
         Function evaluations: 39
Optimization terminated successfully.
         Current function value: 1.037841
         Iterations: 13
         Function evaluations: 36
  70% done
Optimization terminated successfully.
         Current function value: 0.496437
         Iterations: 14
         Function evaluations: 39
Optimization terminated successfully.
         Current function value: 2.158542
         Iterations: 12
         Function evaluations: 35
  80% done
Optimization terminated successfully.
         Current function value: -3.460038
         Iterations: 14
         Function evaluations: 39
Optimization terminated successfully.
         Current function value: 1.063414
         Iterations: 13
         Function evaluations: 38
  90% done
Optimization terminated successfully.
         Current function value: 1.976110
         Iterations: 13
         Function evaluations: 36
Optimization terminated successfully.
         Current function value: -8.314097
         Iterations: 13
         Function evaluations: 38
  100% done
Best fit synthetic cluster saved to file.
Cluster's parameters and flags added to output file.
Top tier models saved to file and plotted.
Plots created.
Photometric data file moved.
End of analysis for HS412 in 1675m 33s.

Analizing cluster SL293 (semi).
 Set max extinction value: 0.16
Data obtained from input file (N_stars: 48909).
Frame's 2D histogram obtained
Semi center found: (4967.03, 6901.14) px.
Radial density profile (RDP) calculated.
Field density calculated (4.4E-03 stars/px^2).
Auto radius found: 136.202 px.
Tidal radius obtained: 530.679 px.
Stars accepted/rejected based on their errors.
Stars separated in/out of cluster's boundaries.
Area of cluster obtained.
Approximate number of members in cluster obtained (58).
Contamination index obtained (0.81).
Using defined number of field regions (10).
LF and completeness magnitude levels obtained.
Integrated color magnitude distribution obtained (0.72).
Skipping KDE p-value test for cluster.
Applying decontamination algorithm.
  25% done
  50% done
  75% done
  MPs converged. Breaking out (863).
Reduced membership function applied.
Membership probabilities saved to file.
Searching for optimal parameters.
Optimization terminated successfully.
         Current function value: -61.329288
         Iterations: 17
         Function evaluations: 47
Optimization terminated successfully.
         Current function value: -24.694817
         Iterations: 15
         Function evaluations: 42
Using Genetic Algorithm (dolphin/knuth).
   10% done       (0.007618, 8.75, 0.04, 18.45, 610, 0.5)
   20% done       (0.007618, 8.75, 0.04, 18.45, 610, 0.5)
   30% done       (0.007618, 8.7, 0.06, 18.45, 610, 0.5)
   40% done       (0.007618, 8.7, 0.06, 18.45, 610, 0.5)
   50% done       (0.012074, 8.65, 0.02, 18.5, 610, 0.5)
   60% done       (0.012074, 8.65, 0.02, 18.5, 610, 0.5)
   70% done       (0.012074, 8.65, 0.02, 18.5, 610, 0.5)
   80% done       (0.012074, 8.65, 0.02, 18.5, 610, 0.5)
   90% done       (0.012074, 8.65, 0.02, 18.5, 610, 0.5)
Best fit params obtained.
Begin bootstrap process (10).
Optimization terminated successfully.
         Current function value: -46.687609
         Iterations: 15
         Function evaluations: 43
Optimization terminated successfully.
         Current function value: -11.452232
         Iterations: 13
         Function evaluations: 38
  10% done
Optimization terminated successfully.
         Current function value: -75.287336
         Iterations: 16
         Function evaluations: 45
Optimization terminated successfully.
         Current function value: -23.133205
         Iterations: 13
         Function evaluations: 38
  20% done
Optimization terminated successfully.
         Current function value: -65.134782
         Iterations: 15
         Function evaluations: 42
Optimization terminated successfully.
         Current function value: -7.951604
         Iterations: 15
         Function evaluations: 42
  30% done
Optimization terminated successfully.
         Current function value: -53.032144
         Iterations: 15
         Function evaluations: 42
Optimization terminated successfully.
         Current function value: -24.041375
         Iterations: 14
         Function evaluations: 41
  40% done
Optimization terminated successfully.
         Current function value: -79.539013
         Iterations: 17
         Function evaluations: 47
Optimization terminated successfully.
         Current function value: -2.435800
         Iterations: 14
         Function evaluations: 39
  50% done
Optimization terminated successfully.
         Current function value: -61.806700
         Iterations: 17
         Function evaluations: 48
Optimization terminated successfully.