

-------------------------------------------
            ASteCA v0.1.9-beta
-------------------------------------------

PARSEC v1.1 theoretical isochrones read,
interpolated and stored:
  23 metallicity values (z),
  83 age values (per z),
  21 reddening values,
  9 distance values,
  51 mass values,
  1 binary fraction values.
  = 1.8e+07 approx total models.
Full check done.

(Force matplotlib to not use any Xwindows backend)

Analizing cluster BSDL3158 (semi).
 Set max extinction value: 0.18
Data obtained from input file (N_stars: 30197).
Frame's 2D histogram obtained
Semi center found: (1649.09, 2044.95) px.
Radial density profile (RDP) calculated.
Field density calculated (3.6E-03 stars/px^2).
Auto radius found: 197.385 px.
  WARNING: tidal radius could not be obtained.
Stars accepted/rejected based on their errors.
Stars separated in/out of cluster's boundaries.
Area of cluster obtained.
Approximate number of members in cluster obtained (162).
Contamination index obtained (0.73).
Using defined number of field regions (10).
LF and completeness magnitude levels obtained.
Integrated color magnitude distribution obtained (1.50).
Skipping KDE p-value test for cluster.
Applying decontamination algorithm.
  25% done
  50% done
  75% done
  MPs converged. Breaking out (828).
  WARNING: the number of estimated true cluster members
  (structural vs. photometric) differ greatly.
Reduced membership function applied.
Membership probabilities saved to file.
Searching for optimal parameters.
Optimization terminated successfully.
         Current function value: -104.526111
         Iterations: 15
         Function evaluations: 43
Optimization terminated successfully.
         Current function value: -85.333232
         Iterations: 16
         Function evaluations: 45
Using Genetic Algorithm (dolphin/knuth).
   10% done       (0.007618, 9.35, 0.06, 18.65, 1410, 0.5)
   20% done       (0.007618, 9.35, 0.06, 18.65, 1410, 0.5)
   30% done       (0.007618, 9.35, 0.06, 18.65, 1410, 0.5)
   40% done       (0.007618, 9.35, 0.06, 18.65, 1410, 0.5)
   50% done       (0.007618, 9.35, 0.06, 18.65, 1410, 0.5)
Best fit params obtained.
Begin bootstrap process (10).
Optimization terminated successfully.
         Current function value: -112.599222
         Iterations: 15
         Function evaluations: 44
Optimization terminated successfully.
         Current function value: -100.553638
         Iterations: 15
         Function evaluations: 43
  10% done
Optimization terminated successfully.
         Current function value: -86.867830
         Iterations: 16
         Function evaluations: 44
Optimization terminated successfully.
         Current function value: -68.705486
         Iterations: 15
         Function evaluations: 44
  20% done
Optimization terminated successfully.
         Current function value: -97.305645
         Iterations: 16
         Function evaluations: 45
Optimization terminated successfully.
         Current function value: -82.130372
         Iterations: 16
         Function evaluations: 44
  30% done
Optimization terminated successfully.
         Current function value: -104.210639
         Iterations: 15
         Function evaluations: 43
Optimization terminated successfully.
         Current function value: -72.499960
         Iterations: 18
         Function evaluations: 49
  40% done
Optimization terminated successfully.
         Current function value: -78.321271
         Iterations: 14
         Function evaluations: 41
Optimization terminated successfully.
         Current function value: -53.376645
         Iterations: 14
         Function evaluations: 41
  50% done
Optimization terminated successfully.
         Current function value: -123.002876
         Iterations: 15
         Function evaluations: 43
Optimization terminated successfully.
         Current function value: -119.105657
         Iterations: 15
         Function evaluations: 43
  60% done
Optimization terminated successfully.
         Current function value: -114.603439
         Iterations: 17
         Function evaluations: 46
Optimization terminated successfully.
         Current function value: -123.529144
         Iterations: 15
         Function evaluations: 43
  70% done
Optimization terminated successfully.
         Current function value: -109.522772
         Iterations: 15
         Function evaluations: 42
Optimization terminated successfully.
         Current function value: -82.373542
         Iterations: 17
         Function evaluations: 46
  80% done
Optimization terminated successfully.
         Current function value: -113.983979
         Iterations: 15
         Function evaluations: 42
Optimization terminated successfully.
         Current function value: -90.128555
         Iterations: 16
         Function evaluations: 44
  90% done
Optimization terminated successfully.
         Current function value: -96.549708
         Iterations: 14
         Function evaluations: 41
Optimization terminated successfully.
         Current function value: -91.358317
         Iterations: 15
         Function evaluations: 44
  100% done
Best fit synthetic cluster saved to file.
Cluster's parameters and flags added to output file.
Plots created.
Photometric data file moved.
End of analysis for BSDL3158 in 1604m 19s.

Analizing cluster H88-316 (semi).
 Set max extinction value: 0.36
Data obtained from input file (N_stars: 7943).
Frame's 2D histogram obtained
Semi center found: (3198.39, 1961.11) px.
Radial density profile (RDP) calculated.
Field density calculated (1.0E-02 stars/px^2).
Auto radius found: 84.8387 px.
Tidal radius obtained: 267.202 px.
Stars accepted/rejected based on their errors.
Stars separated in/out of cluster's boundaries.
Area of cluster obtained.
Approximate number of members in cluster obtained (19).
Contamination index obtained (0.93).
Using defined number of field regions (10).
LF and completeness magnitude levels obtained.
Integrated color magnitude distribution obtained (0.97).
Skipping KDE p-value test for cluster.
Applying decontamination algorithm.
  25% done
  MPs converged. Breaking out (429).
  WARNING: the number of estimated true cluster members
  (structural vs. photometric) differ greatly.
Reduced membership function applied.
Membership probabilities saved to file.
Searching for optimal parameters.
Optimization terminated successfully.
         Current function value: 1.432779
         Iterations: 14
         Function evaluations: 39
Optimization terminated successfully.
         Current function value: -18.693220
         Iterations: 13
         Function evaluations: 38
Using Genetic Algorithm (dolphin/knuth).
   10% done       (0.012074, 8.9, 0.02, 18.65, 210, 0.5)
   20% done       (0.012074, 8.9, 0.02, 18.65, 210, 0.5)
   30% done       (0.012074, 8.9, 0.02, 18.65, 210, 0.5)
   40% done       (0.012074, 8.9, 0.02, 18.65, 210, 0.5)
   50% done       (0.012074, 8.9, 0.02, 18.65, 210, 0.5)
Best fit params obtained.
Begin bootstrap process (10).
Optimization terminated successfully.
         Current function value: -0.042128
         Iterations: 13
         Function evaluations: 38
Optimization terminated successfully.
         Current function value: -10.696480
         Iterations: 12
         Function evaluations: 35
  10% done
Optimization terminated successfully.
         Current function value: -1.449624
         Iterations: 14
         Function evaluations: 39
Optimization terminated successfully.
         Current function value: -19.992503
         Iterations: 13
         Function evaluations: 38
  20% done
Optimization terminated successfully.
         Current function value: -0.854449
         Iterations: 13
         Function evaluations: 38
Optimization terminated successfully.
         Current function value: -21.601941
         Iterations: 13
         Function evaluations: 38
  30% done
Optimization terminated successfully.
         Current function value: 1.452951
         Iterations: 13
         Function evaluations: 38
Optimization terminated successfully.
         Current function value: -15.438922
         Iterations: 12
         Function evaluations: 35
  40% done
Optimization terminated successfully.
         Current function value: -9.958536
         Iterations: 13
         Function evaluations: 38
Optimization terminated successfully.
         Current function value: -18.139980
         Iterations: 13
         Function evaluations: 38
  50% done
Optimization terminated successfully.
         Current function value: 1.373658
         Iterations: 14
         Function evaluations: 39
Optimization terminated successfully.
         Current function value: -19.145205
         Iterations: 13
         Function evaluations: 38
  60% done
Optimization terminated successfully.
         Current function value: -0.952688
         Iterations: 13
         Function evaluations: 38
Optimization terminated successfully.
         Current function value: -22.789892
         Iterations: 13
         Function evaluations: 38
  70% done
Optimization terminated successfully.
         Current function value: -0.077729
         Iterations: 13
         Function evaluations: 38
Optimization terminated successfully.
         Current function value: -24.104384
         Iterations: 13
         Function evaluations: 38
  80% done
Optimization terminated successfully.
         Current function value: -3.122778
         Iterations: 13
         Function evaluations: 38
Optimization terminated successfully.
         Current function value: -16.809131
         Iterations: 12
         Function evaluations: 35
  90% done
Optimization terminated successfully.
         Current function value: 3.403769
         Iterations: 13
         Function evaluations: 38
Optimization terminated successfully.
         Current function value: -10.134217
         Iterations: 13
         Function evaluations: 38
  100% done
Best fit synthetic cluster saved to file.
Cluster's parameters and flags added to output file.
Plots created.
Photometric data file moved.
End of analysis for H88-316 in 1437m 48s.

Analizing cluster H88-33 (semi).
 Set max extinction value: 0.16
Data obtained from input file (N_stars: 5824).
Frame's 2D histogram obtained
Semi center found: (4798.07, 2137.97) px.
Radial density profile (RDP) calculated.
Field density calculated (7.3E-03 stars/px^2).
Auto radius found: 94.396 px.
  WARNING: tidal radius could not be obtained.
Stars accepted/rejected based on their errors.
Stars separated in/out of cluster's boundaries.
Area of cluster obtained.
Approximate number of members in cluster obtained (33).
Contamination index obtained (0.86).
Using defined number of field regions (10).
LF and completeness magnitude levels obtained.
Integrated color magnitude distribution obtained (-0.39).
Skipping KDE p-value test for cluster.
Applying decontamination algorithm.
  25% done
  50% done
  MPs converged. Breaking out (730).
  WARNING: the number of estimated true cluster members
  (structural vs. photometric) differ greatly.
Reduced membership function applied.
Membership probabilities saved to file.
Searching for optimal parameters.
Optimization terminated successfully.
         Current function value: -16.514294
         Iterations: 13
         Function evaluations: 38
Optimization terminated successfully.
         Current function value: -7.513616
         Iterations: 18
         Function evaluations: 49
Using Genetic Algorithm (dolphin/knuth).
   10% done       (0.0152, 6.95, 0.1, 18.65, 210, 0.5)
   20% done       (0.0152, 6.95, 0.1, 18.65, 210, 0.5)
   30% done       (0.0152, 6.95, 0.1, 18.65, 210, 0.5)
   40% done       (0.0152, 6.95, 0.1, 18.65, 210, 0.5)
   50% done       (0.0152, 6.95, 0.1, 18.65, 210, 0.5)
   60% done       (0.0152, 6.95, 0.1, 18.65, 210, 0.5)
Best fit params obtained.
Begin bootstrap process (10).
Optimization terminated successfully.
         Current function value: -17.452563
         Iterations: 13
         Function evaluations: 38
Optimization terminated successfully.
         Current function value: -11.994843
         Iterations: 14
         Function evaluations: 41
  10% done
Optimization terminated successfully.
         Current function value: -14.883464
         Iterations: 13
         Function evaluations: 38
Optimization terminated successfully.
         Current function value: -8.280727
         Iterations: 15
         Function evaluations: 42
  20% done
Optimization terminated successfully.
         Current function value: -14.650111
         Iterations: 15
         Function evaluations: 42
Optimization terminated successfully.
         Current function value: -7.457049
         Iterations: 15
         Function evaluations: 42
  30% done
Optimization terminated successfully.
         Current function value: -5.848604
         Iterations: 12
         Function evaluations: 35
Optimization terminated successfully.
         Current function value: -8.713278
         Iterations: 14
         Function evaluations: 41
  40% done
Optimization terminated successfully.
         Current function value: -5.963985
         Iterations: 14
         Function evaluations: 41
Optimization terminated successfully.
         Current function value: -6.334472
         Iterations: 13
         Function evaluations: 38
  50% done
Optimization terminated successfully.
         Current function value: -14.883464
         Iterations: 13
         Function evaluations: 38
Optimization terminated successfully.
         Current function value: -11.215011
         Iterations: 16
         Function evaluations: 44
  60% done
Optimization terminated successfully.
         Current function value: -21.704310
         Iterations: 13
         Function evaluations: 38
Optimization terminated successfully.
         Current function value: -0.580012
         Iterations: 14
         Function evaluations: 39
  70% done
Optimization terminated successfully.
         Current function value: 0.435388
         Iterations: 12
         Function evaluations: 35
Optimization terminated successfully.
         Current function value: -6.321987
         Iterations: 14
         Function evaluations: 41
  80% done
Optimization terminated successfully.
         Current function value: -17.436680
         Iterations: 14
         Function evaluations: 39
Optimization terminated successfully.
         Current function value: -8.504699
         Iterations: 14
         Function evaluations: 39
  90% done
Optimization terminated successfully.
         Current function value: -6.301070
         Iterations: 13
         Function evaluations: 38
Optimization terminated successfully.
         Current function value: -14.664892
         Iterations: 15
         Function evaluations: 42
  100% done
Best fit synthetic cluster saved to file.
Cluster's parameters and flags added to output file.
Top tier models saved to file and plotted.
Plots created.
Photometric data file moved.
End of analysis for H88-33 in 1556m 13s.

Analizing cluster H88-67 (semi).
 Set max extinction value: 0.16
Data obtained from input file (N_stars: 97884).
Frame's 2D histogram obtained
Semi center found: (3938.13, 6122.93) px.
Radial density profile (RDP) calculated.
Field density calculated (8.0E-03 stars/px^2).
Auto radius found: 186.511 px.
Tidal radius obtained: 440.046 px.
Stars accepted/rejected based on their errors.
Stars separated in/out of cluster's boundaries.
Area of cluster obtained.
Approximate number of members in cluster obtained (142).
Contamination index obtained (0.86).
Using defined number of field regions (10).
LF and completeness magnitude levels obtained.
Integrated color magnitude distribution obtained (0.78).
Skipping KDE p-value test for cluster.
Applying decontamination algorithm.
  25% done
  50% done
  75% done
  100% done
  WARNING: the number of estimated true cluster members
  (structural vs. photometric) differ greatly.
Reduced membership function applied.
Membership probabilities saved to file.
Searching for optimal parameters.
Optimization terminated successfully.
         Current function value: -126.194760
         Iterations: 16
         Function evaluations: 44
Optimization terminated successfully.
         Current function value: -71.610450
         Iterations: 14
         Function evaluations: 41
Using Genetic Algorithm (dolphin/knuth).
   10% done       (0.004807, 9.1, 0.04, 18.55, 1010, 0.5)
   20% done       (0.004807, 9.1, 0.04, 18.55, 1010, 0.5)
   30% done       (0.004807, 9.1, 0.04, 18.55, 1010, 0.5)
   40% done       (0.004807, 9.1, 0.04, 18.55, 1010, 0.5)
   50% done       (0.004807, 9.05, 0.04, 18.65, 1210, 0.5)
   60% done       (0.004807, 9.05, 0.04, 18.65, 1210, 0.5)
   70% done       (0.006051, 9.05, 0.02, 18.6, 1610, 0.5)
   80% done       (0.006051, 9.05, 0.02, 18.6, 1610, 0.5)
   90% done       (0.006051, 9.05, 0.02, 18.6, 1610, 0.5)
  100% done       (0.006051, 9.05, 0.02, 18.6, 1610, 0.5)
Best fit params obtained.
Begin bootstrap process (10).
Optimization terminated successfully.
         Current function value: -145.052838
         Iterations: 15
         Function evaluations: 43
Optimization terminated successfully.
         Current function value: -90.215538
         Iterations: 14
         Function evaluations: 41
  10% done
Optimization terminated successfully.
         Current function value: -140.560668
         Iterations: 16
         Function evaluations: 45
Optimization terminated successfully.
         Current function value: -77.327554
         Iterations: 14
         Function evaluations: 41
  20% done
Optimization terminated successfully.
         Current function value: -119.906918
         Iterations: 15
         Function evaluations: 42
Optimization terminated successfully.
         Current function value: -82.420413
         Iterations: 14
         Function evaluations: 41
  30% done
Optimization terminated successfully.
         Current function value: -123.871775
         Iterations: 16
         Function evaluations: 44
Optimization terminated successfully.
         Current function value: -70.148784
         Iterations: 14
         Function evaluations: 41
  40% done
Optimization terminated successfully.
         Current function value: -140.987103
         Iterations: 18
         Function evaluations: 48
Optimization terminated successfully.
         Current function value: -129.960155
         Iterations: 15
         Function evaluations: 43
  50% done
Optimization terminated successfully.
         Current function value: -103.273739
         Iterations: 16
         Function evaluations: 45
Optimization terminated successfully.
         Current function value: -110.554678
         Iterations: 14
         Function evaluations: 41
  60% done
Optimization terminated successfully.
         Current function value: -120.477107
         Iterations: 15
         Function evaluations: 43
Optimization terminated successfully.
         Current function value: -70.429059
         Iterations: 14
         Function evaluations: 41
  70% done
Optimization terminated successfully.
         Current function value: -115.874433
         Iterations: 16
         Function evaluations: 45
Optimization terminated successfully.
         Current function value: -72.355852
         Iterations: 14
         Function evaluations: 41
  80% done
Optimization terminated successfully.
         Current function value: -138.199709
         Iterations: 15
         Function evaluations: 43
Optimization terminated successfully.
         Current function value: -69.946713
         Iterations: 14
         Function evaluations: 41
  90% done
Optimization terminated successfully.
         Current function value: -143.463263
         Iterations: 16
         Function evaluations: 45
Optimization terminated successfully.
         Current function value: -87.341346
         Iterations: 14
         Function evaluations: 41
  100% done
Best fit synthetic cluster saved to file.
Cluster's parameters and flags added to output file.
Top tier models saved to file and plotted.
Plots created.
Photometric data file moved.
End of analysis for H88-67 in 1564m 5s.

Analizing cluster HS178 (semi).
 Set max extinction value: 0.16
Data obtained from input file (N_stars: 45068).
Frame's 2D histogram obtained
Semi center found: (1061.11, 1088.99) px.
Radial density profile (RDP) calculated.
Field density calculated (5.6E-03 stars/px^2).
Auto radius found: 189.166 px.
  WARNING: tidal radius could not be obtained.
Stars accepted/rejected based on their errors.
Stars separated in/out of cluster's boundaries.
Area of cluster obtained.
Approximate number of members in cluster obtained (150).
Contamination index obtained (0.81).
Using defined number of field regions (10).
LF and completeness magnitude levels obtained.
Integrated color magnitude distribution obtained (-0.13).
Skipping KDE p-value test for cluster.
Applying decontamination algorithm.
  25% done
  50% done
  75% done
  MPs converged. Breaking out (948).
  WARNING: the number of estimated true cluster members
  (structural vs. photometric) differ greatly.
Reduced membership function applied.
Membership probabilities saved to file.
Searching for optimal parameters.
Optimization terminated successfully.
         Current function value: -104.394305
         Iterations: 17
         Function evaluations: 48
Optimization terminated successfully.
         Current function value: -40.509144
         Iterations: 14
         Function evaluations: 41
Using Genetic Algorithm (dolphin/knuth).
   10% done       (0.012074, 7.95, 0.14, 18.35, 610, 0.5)
   20% done       (0.012074, 7.95, 0.14, 18.35, 610, 0.5)
   30% done       (0.012074, 7.95, 0.14, 18.35, 610, 0.5)
   40% done       (0.012074, 7.95, 0.14, 18.35, 610, 0.5)
   50% done       (0.012074, 7.95, 0.14, 18.35, 610, 0.5)
Best fit params obtained.
Begin bootstrap process (10).
Optimization terminated successfully.
         Current function value: -70.201186
         Iterations: 15
         Function evaluations: 41
Optimization terminated successfully.
         Current function value: -41.360525
         Iterations: 14
         Function evaluations: 41
  10% done
Optimization terminated successfully.
         Current function value: -79.942558
         Iterations: 17
         Function evaluations: 47
Optimization terminated successfully.
         Current function value: -36.170566
         Iterations: 15
         Function evaluations: 42
  20% done
Optimization terminated successfully.
         Current function value: -58.129293
         Iterations: 14
         Function evaluations: 41
Optimization terminated successfully.
         Current function value: -36.491585
         Iterations: 15
         Function evaluations: 42
  30% done
Optimization terminated successfully.
         Current function value: -83.095777
         Iterations: 15
         Function evaluations: 44
Optimization terminated successfully.
         Current function value: -35.785222
         Iterations: 14
         Function evaluations: 41
  40% done
Optimization terminated successfully.
         Current function value: -100.289105
         Iterations: 15
         Function evaluations: 42
Optimization terminated successfully.
         Current function value: -14.031351
         Iterations: 15
         Function evaluations: 42
  50% done
Optimization terminated successfully.
         Current function value: -74.315070
         Iterations: 14
         Function evaluations: 41
Optimization terminated successfully.
         Current function value: -53.540683
         Iterations: 14
         Function evaluations: 41
  60% done
Optimization terminated successfully.
         Current function value: -55.828416
         Iterations: 14
         Function evaluations: 41
Optimization terminated successfully.
         Current function value: -55.822340
         Iterations: 14
         Function evaluations: 41
  70% done
Optimization terminated successfully.
         Current function value: -141.405693
         Iterations: 17
         Function evaluations: 48
Optimization terminated successfully.
         Current function value: -70.241622
         Iterations: 17
         Function evaluations: 47
  80% done
Optimization terminated successfully.
         Current function value: -69.517377
         Iterations: 14
         Function evaluations: 41
Optimization terminated successfully.
         Current function value: -46.128820
         Iterations: 14
         Function evaluations: 41
  90% done
Optimization terminated successfully.
         Current function value: -96.895573
         Iterations: 16
         Function evaluations: 44
Optimization terminated successfully.
         Current function value: -37.969073
         Iterations: 14
         Function evaluations: 41
  100% done
Best fit synthetic cluster saved to file.
Cluster's parameters and flags added to output file.
Top tier models saved to file and plotted.
Plots created.
Photometric data file moved.
End of analysis for HS178 in 1677m 12s.

Analizing cluster KMHK229 (semi).
 Set max extinction value: 0.24
Data obtained from input file (N_stars: 47964).
Frame's 2D histogram obtained
Semi center found: (6903.79, 957.172) px.
Radial density profile (RDP) calculated.
Field density calculated (5.5E-03 stars/px^2).
Auto radius found: 190.214 px.
  WARNING: tidal radius could not be obtained.
Stars accepted/rejected based on their errors.
Stars separated in/out of cluster's boundaries.
Area of cluster obtained.
Approximate number of members in cluster obtained (66).
Contamination index obtained (0.91).
Using defined number of field regions (10).
LF and completeness magnitude levels obtained.
Integrated color magnitude distribution obtained (1.82).
Skipping KDE p-value test for cluster.
Applying decontamination algorithm.
  25% done
  50% done
  75% done
  100% done
  WARNING: the number of estimated true cluster members
  (structural vs. photometric) differ greatly.
Reduced membership function applied.
Membership probabilities saved to file.
Searching for optimal parameters.
Optimization terminated successfully.
         Current function value: -26.266898
         Iterations: 13
         Function evaluations: 38
Optimization terminated successfully.
         Current function value: -28.438140
         Iterations: 16
         Function evaluations: 44
Using Genetic Algorithm (dolphin/knuth).
   10% done       (0.004807, 9.05, 0.18, 18.7, 810, 0.5)
   20% done       (0.004807, 9.05, 0.18, 18.7, 810, 0.5)
   30% done       (0.004807, 9.05, 0.18, 18.7, 810, 0.5)
   40% done       (0.004807, 9.05, 0.18, 18.7, 810, 0.5)
   50% done       (0.004807, 9.05, 0.18, 18.7, 810, 0.5)
Best fit params obtained.
Begin bootstrap process (10).
Optimization terminated successfully.
         Current function value: -40.550000
         Iterations: 14
         Function evaluations: 41
Optimization terminated successfully.
         Current function value: -39.661290
         Iterations: 16
         Function evaluations: 45
  10% done
Optimization terminated successfully.
         Current function value: -20.699265
         Iterations: 14
         Function evaluations: 39
Optimization terminated successfully.
         Current function value: -15.884642
         Iterations: 16
         Function evaluations: 44
  20% done
Optimization terminated successfully.
         Current function value: -28.095266
         Iterations: 14
         Function evaluations: 39
Optimization terminated successfully.
         Current function value: -33.660992
         Iterations: 16
         Function evaluations: 44
  30% done
Optimization terminated successfully.
         Current function value: -16.924546
         Iterations: 13
         Function evaluations: 38
Optimization terminated successfully.
         Current function value: -32.574389
         Iterations: 15
         Function evaluations: 42
  40% done
Optimization terminated successfully.
         Current function value: -34.814362
         Iterations: 15
         Function evaluations: 42
Optimization terminated successfully.
         Current function value: -35.899132
         Iterations: 15
         Function evaluations: 42
  50% done
Optimization terminated successfully.
         Current function value: -21.279602
         Iterations: 14
         Function evaluations: 39
Optimization terminated successfully.
         Current function value: -11.999497
         Iterations: 14
         Function evaluations: 41
  60% done
Optimization terminated successfully.
         Current function value: -30.030108
         Iterations: 13
         Function evaluations: 38
Optimization terminated successfully.
         Current function value: -25.812954
         Iterations: 16
         Function evaluations: 44
  70% done
Optimization terminated successfully.
         Current function value: -42.762177
         Iterations: 14
         Function evaluations: 41
Optimization terminated successfully.
         Current function value: -31.875763
         Iterations: 15
         Function evaluations: 42
  80% done
Optimization terminated successfully.
         Current function value: -28.357502
         Iterations: 14
         Function evaluations: 39
Optimization terminated successfully.
         Current function value: -27.147863
         Iterations: 14
         Function evaluations: 41
  90% done
Optimization terminated successfully.
         Current function value: -19.683545
         Iterations: 13
         Function evaluations: 38
Optimization terminated successfully.
         Current function value: -14.852846
         Iterations: 14
         Function evaluations: 41
  100% done
Best fit synthetic cluster saved to file.
Cluster's parameters and flags added to output file.
Plots created.
Photometric data file moved.
End of analysis for KMHK229 in 1413m 44s.

Analizing cluster SL151 (semi).
 Set max extinction value: 0.2
Data obtained from input file (N_stars: 60915).
Frame's 2D histogram obtained
Semi center found: (1678.03, 6671.57) px.
Radial density profile (RDP) calculated.
Field density calculated (5.9E-03 stars/px^2).
Auto radius found: 182.667 px.
Tidal radius obtained: 725.21 px.
Stars accepted/rejected based on their errors.
Stars separated in/out of cluster's boundaries.
Area of cluster obtained.
Approximate number of members in cluster obtained (103).
Contamination index obtained (0.86).
Using defined number of field regions (10).
LF and completeness magnitude levels obtained.
Integrated color magnitude distribution obtained (1.55).
Skipping KDE p-value test for cluster.
Applying decontamination algorithm.
  25% done
  50% done
  75% done
  MPs converged. Breaking out (983).
  WARNING: the number of estimated true cluster members
  (structural vs. photometric) differ greatly.
Reduced membership function applied.
Membership probabilities saved to file.
Searching for optimal parameters.
Optimization terminated successfully.
         Current function value: -136.066848
         Iterations: 16
         Function evaluations: 44
Optimization terminated successfully.
         Current function value: -54.400785
         Iterations: 14
         Function evaluations: 41
Using Genetic Algorithm (dolphin/knuth).
   10% done       (0.007618, 8.85, 0.16, 18.7, 3210, 0.5)
   20% done       (0.007618, 8.85, 0.16, 18.7, 3210, 0.5)
   30% done       (0.007618, 8.85, 0.16, 18.7, 3210, 0.5)
   40% done       (0.003818, 9.05, 0.16, 18.5, 1410, 0.5)
   50% done       (0.003818, 9.05, 0.16, 18.5, 1410, 0.5)
   60% done       (0.003818, 9.05, 0.16, 18.5, 1410, 0.5)
   70% done       (0.003818, 9.05, 0.16, 18.5, 1410, 0.5)
   80% done       (0.003818, 9.05, 0.16, 18.5, 1410, 0.5)
Best fit params obtained.
Begin bootstrap process (10).
Optimization terminated successfully.
         Current function value: -81.875941
         Iterations: 15
         Function evaluations: 42
Optimization terminated successfully.
         Current function value: -20.890896
         Iterations: 14
         Function evaluations: 41
  10% done
Optimization terminated successfully.
         Current function value: -119.816922
         Iterations: 16
         Function evaluations: 44
Optimization terminated successfully.
         Current function value: -49.466160
         Iterations: 19
         Function evaluations: 50
  20% done
Optimization terminated successfully.
         Current function value: -46.832055
         Iterations: 14
         Function evaluations: 41
Optimization terminated successfully.
         Current function value: -5.549152
         Iterations: 14
         Function evaluations: 41
  30% done
Optimization terminated successfully.
         Current function value: -160.770692
         Iterations: 14
         Function evaluations: 41
Optimization terminated successfully.
         Current function value: -62.0642