

-------------------------------------------
            ASteCA v0.1.9-beta
-------------------------------------------

PARSEC v1.1 theoretical isochrones read,
interpolated and stored:
  23 metallicity values (z),
  83 age values (per z),
  21 reddening values,
  9 distance values,
  51 mass values,
  1 binary fraction values.
  = 1.8e+07 approx total models.
Full check done.

(Force matplotlib to not use any Xwindows backend)

Analizing cluster BSDL779 (semi).
 Set max extinction value: 0.16
Data obtained from input file (N_stars: 47795).
Frame's 2D histogram obtained
Semi center found: (923.99, 881.01) px.
Radial density profile (RDP) calculated.
Field density calculated (5.5E-03 stars/px^2).
Auto radius found: 127.016 px.
Tidal radius obtained: 171.463 px.
Stars accepted/rejected based on their errors.
Stars separated in/out of cluster's boundaries.
Area of cluster obtained.
Approximate number of members in cluster obtained (83).
Contamination index obtained (0.77).
Using defined number of field regions (10).
LF and completeness magnitude levels obtained.
Integrated color magnitude distribution obtained (-0.14).
Skipping KDE p-value test for cluster.
Applying decontamination algorithm.
  25% done
  50% done
  MPs converged. Breaking out (718).
Reduced membership function applied.
Membership probabilities saved to file.
Searching for optimal parameters.
Optimization terminated successfully.
         Current function value: -30.073329
         Iterations: 15
         Function evaluations: 42
Optimization terminated successfully.
         Current function value: -24.108678
         Iterations: 15
         Function evaluations: 42
Using Genetic Algorithm (dolphin/knuth).
   10% done       (0.007618, 7, 0.12, 18.6, 410, 0.5)
   20% done       (0.007618, 7, 0.12, 18.6, 410, 0.5)
   30% done       (0.007618, 7, 0.12, 18.6, 410, 0.5)
   40% done       (0.007618, 7, 0.12, 18.6, 410, 0.5)
   50% done       (0.007618, 7, 0.16, 18.65, 410, 0.5)
   60% done       (0.007618, 7, 0.16, 18.65, 410, 0.5)
   70% done       (0.007618, 7, 0.16, 18.65, 410, 0.5)
   80% done       (0.007618, 7, 0.16, 18.65, 410, 0.5)
   90% done       (0.007618, 7, 0.16, 18.65, 410, 0.5)
  100% done       (0.007618, 7, 0.16, 18.65, 410, 0.5)
Best fit params obtained.
Begin bootstrap process (10).
Optimization terminated successfully.
         Current function value: -34.582321
         Iterations: 15
         Function evaluations: 41
Optimization terminated successfully.
         Current function value: -23.913616
         Iterations: 15
         Function evaluations: 42
  10% done
Optimization terminated successfully.
         Current function value: -35.614178
         Iterations: 15
         Function evaluations: 42
Optimization terminated successfully.
         Current function value: -26.705048
         Iterations: 15
         Function evaluations: 42
  20% done
Optimization terminated successfully.
         Current function value: -22.859464
         Iterations: 14
         Function evaluations: 41
Optimization terminated successfully.
         Current function value: -9.357497
         Iterations: 15
         Function evaluations: 42
  30% done
Optimization terminated successfully.
         Current function value: -55.248546
         Iterations: 16
         Function evaluations: 45
Optimization terminated successfully.
         Current function value: -16.914253
         Iterations: 15
         Function evaluations: 42
  40% done
Optimization terminated successfully.
         Current function value: -42.545914
         Iterations: 15
         Function evaluations: 42
Optimization terminated successfully.
         Current function value: -25.040682
         Iterations: 15
         Function evaluations: 42
  50% done
Optimization terminated successfully.
         Current function value: -29.453491
         Iterations: 14
         Function evaluations: 41
Optimization terminated successfully.
         Current function value: -22.518853
         Iterations: 14
         Function evaluations: 41
  60% done
Optimization terminated successfully.
         Current function value: -29.491969
         Iterations: 14
         Function evaluations: 41
Optimization terminated successfully.
         Current function value: -22.038467
         Iterations: 14
         Function evaluations: 41
  70% done
Optimization terminated successfully.
         Current function value: -43.837127
         Iterations: 15
         Function evaluations: 44
Optimization terminated successfully.
         Current function value: -18.095654
         Iterations: 15
         Function evaluations: 42
  80% done
Optimization terminated successfully.
         Current function value: -34.971150
         Iterations: 16
         Function evaluations: 45
Optimization terminated successfully.
         Current function value: -33.056941
         Iterations: 15
         Function evaluations: 42
  90% done
Optimization terminated successfully.
         Current function value: -28.617042
         Iterations: 14
         Function evaluations: 41
Optimization terminated successfully.
         Current function value: -16.097896
         Iterations: 13
         Function evaluations: 38
  100% done
Best fit synthetic cluster saved to file.
Cluster's parameters and flags added to output file.
Plots created.
Photometric data file moved.
End of analysis for BSDL779 in 1472m 3s.

Analizing cluster H88-55 (semi).
 Set max extinction value: 0.16
Data obtained from input file (N_stars: 92203).
Frame's 2D histogram obtained
Semi center found: (4990.09, 5390.16) px.
Radial density profile (RDP) calculated.
Field density calculated (7.7E-03 stars/px^2).
Auto radius found: 179.833 px.
Tidal radius obtained: 712.536 px.
Stars accepted/rejected based on their errors.
Stars separated in/out of cluster's boundaries.
Area of cluster obtained.
Approximate number of members in cluster obtained (153).
Contamination index obtained (0.84).
Using defined number of field regions (10).
LF and completeness magnitude levels obtained.
Integrated color magnitude distribution obtained (0.24).
Skipping KDE p-value test for cluster.
Applying decontamination algorithm.
  25% done
  50% done
  75% done
  MPs converged. Breaking out (957).
  WARNING: the number of estimated true cluster members
  (structural vs. photometric) differ greatly.
Reduced membership function applied.
Membership probabilities saved to file.
Searching for optimal parameters.
Optimization terminated successfully.
         Current function value: -164.118940
         Iterations: 15
         Function evaluations: 44
Optimization terminated successfully.
         Current function value: -92.123130
         Iterations: 15
         Function evaluations: 42
Using Genetic Algorithm (dolphin/knuth).
   10% done       (0.007618, 8.9, 0, 18.7, 810, 0.5)
   20% done       (0.007618, 8.8, 0.02, 18.65, 610, 0.5)
   30% done       (0.007618, 8.8, 0.02, 18.65, 610, 0.5)
   40% done       (0.007618, 8.8, 0.02, 18.65, 610, 0.5)
   50% done       (0.007618, 8.8, 0.02, 18.65, 610, 0.5)
   60% done       (0.007618, 8.8, 0.02, 18.65, 610, 0.5)
Best fit params obtained.
Begin bootstrap process (10).
Optimization terminated successfully.
         Current function value: -100.523443
         Iterations: 15
         Function evaluations: 44
Optimization terminated successfully.
         Current function value: -120.369398
         Iterations: 15
         Function evaluations: 43
  10% done
Optimization terminated successfully.
         Current function value: -143.786682
         Iterations: 15
         Function evaluations: 42
Optimization terminated successfully.
         Current function value: -87.556764
         Iterations: 16
         Function evaluations: 45
  20% done
Optimization terminated successfully.
         Current function value: -119.770592
         Iterations: 16
         Function evaluations: 44
Optimization terminated successfully.
         Current function value: -115.826977
         Iterations: 15
         Function evaluations: 44
  30% done
Optimization terminated successfully.
         Current function value: -152.932987
         Iterations: 15
         Function evaluations: 42
Optimization terminated successfully.
         Current function value: -100.759490
         Iterations: 14
         Function evaluations: 41
  40% done
Optimization terminated successfully.
         Current function value: -149.582927
         Iterations: 15
         Function evaluations: 44
Optimization terminated successfully.
         Current function value: -91.550032
         Iterations: 15
         Function evaluations: 42
  50% done
Optimization terminated successfully.
         Current function value: -169.586506
         Iterations: 15
         Function evaluations: 42
Optimization terminated successfully.
         Current function value: -134.504260
         Iterations: 15
         Function evaluations: 43
  60% done
Optimization terminated successfully.
         Current function value: -177.758858
         Iterations: 15
         Function evaluations: 44
Optimization terminated successfully.
         Current function value: -95.778801
         Iterations: 15
         Function evaluations: 42
  70% done
Optimization terminated successfully.
         Current function value: -119.016489
         Iterations: 16
         Function evaluations: 44
Optimization terminated successfully.
         Current function value: -105.763007
         Iterations: 14
         Function evaluations: 41
  80% done
Optimization terminated successfully.
         Current function value: -173.793910
         Iterations: 15
         Function evaluations: 43
Optimization terminated successfully.
         Current function value: -109.499176
         Iterations: 14
         Function evaluations: 41
  90% done
Optimization terminated successfully.
         Current function value: -151.915812
         Iterations: 15
         Function evaluations: 42
Optimization terminated successfully.
         Current function value: -98.664002
         Iterations: 17
         Function evaluations: 47
  100% done
Best fit synthetic cluster saved to file.
Cluster's parameters and flags added to output file.
Top tier models saved to file and plotted.
Plots created.
Photometric data file moved.
End of analysis for H88-55 in 1411m 40s.

Analizing cluster HS151 (semi).
 Set max extinction value: 0.2
Data obtained from input file (N_stars: 45834).
Frame's 2D histogram obtained
Semi center found: (711.465, 8138.48) px.
Radial density profile (RDP) calculated.
Field density calculated (9.9E-03 stars/px^2).
Auto radius found: 59.6997 px.
Tidal radius obtained: 196.544 px.
Stars accepted/rejected based on their errors.
Stars separated in/out of cluster's boundaries.
Area of cluster obtained.
  WARNING: only 5 true members estimated in cluster region.
Contamination index obtained (0.96).
Using defined number of field regions (10).
LF and completeness magnitude levels obtained.
Integrated color magnitude distribution obtained (1.04).
Skipping KDE p-value test for cluster.
Applying decontamination algorithm.
  25% done
  50% done
  MPs converged. Breaking out (612).
  WARNING: the number of estimated true cluster members
  (structural vs. photometric) differ greatly.
Reduced membership function applied.
Membership probabilities saved to file.
Searching for optimal parameters.
Optimization terminated successfully.
         Current function value: -10.063250
         Iterations: 13
         Function evaluations: 38
Optimization terminated successfully.
         Current function value: 0.233066
         Iterations: 13
         Function evaluations: 38
Using Genetic Algorithm (dolphin/knuth).
   10% done       (0.012074, 8.95, 0.1, 18.45, 210, 0.5)
   20% done       (0.012074, 8.95, 0.1, 18.45, 210, 0.5)
   30% done       (0.012074, 8.95, 0.1, 18.45, 210, 0.5)
   40% done       (0.006051, 9, 0.2, 18.45, 410, 0.5)
   50% done       (0.006051, 9, 0.2, 18.45, 410, 0.5)
   60% done       (0.006051, 9, 0.2, 18.45, 410, 0.5)
   70% done       (0.006051, 9, 0.2, 18.45, 410, 0.5)
   80% done       (0.006051, 9, 0.2, 18.45, 410, 0.5)
Best fit params obtained.
Begin bootstrap process (10).
Optimization terminated successfully.
         Current function value: -3.711352
         Iterations: 14
         Function evaluations: 39
Optimization terminated successfully.
         Current function value: -0.235125
         Iterations: 12
         Function evaluations: 35
  10% done
Optimization terminated successfully.
         Current function value: -10.511321
         Iterations: 13
         Function evaluations: 38
Optimization terminated successfully.
         Current function value: -2.388838
         Iterations: 13
         Function evaluations: 38
  20% done
Optimization terminated successfully.
         Current function value: -6.704659
         Iterations: 13
         Function evaluations: 38
Optimization terminated successfully.
         Current function value: 2.678736
         Iterations: 12
         Function evaluations: 35
  30% done
Optimization terminated successfully.
         Current function value: -8.314097
         Iterations: 13
         Function evaluations: 38
Optimization terminated successfully.
         Current function value: 1.676594
         Iterations: 13
         Function evaluations: 36
  40% done
Optimization terminated successfully.
         Current function value: -6.303532
         Iterations: 13
         Function evaluations: 38
Optimization terminated successfully.
         Current function value: 0.265183
         Iterations: 13
         Function evaluations: 38
  50% done
Optimization terminated successfully.
         Current function value: -12.178329
         Iterations: 13
         Function evaluations: 38
Optimization terminated successfully.
         Current function value: -9.242269
         Iterations: 13
         Function evaluations: 38
  60% done
Optimization terminated successfully.
         Current function value: -9.412709
         Iterations: 14
         Function evaluations: 39
Optimization terminated successfully.
         Current function value: 0.107903
         Iterations: 13
         Function evaluations: 38
  70% done
Optimization terminated successfully.
         Current function value: -15.627770
         Iterations: 13
         Function evaluations: 38
Optimization terminated successfully.
         Current function value: 0.549105
         Iterations: 14
         Function evaluations: 39
  80% done
Optimization terminated successfully.
         Current function value: -10.000496
         Iterations: 13
         Function evaluations: 38
Optimization terminated successfully.
         Current function value: -6.416930
         Iterations: 13
         Function evaluations: 38
  90% done
Optimization terminated successfully.
         Current function value: -14.529158
         Iterations: 13
         Function evaluations: 38
Optimization terminated successfully.
         Current function value: -6.416930
         Iterations: 13
         Function evaluations: 38
  100% done
Best fit synthetic cluster saved to file.
Cluster's parameters and flags added to output file.
Top tier models saved to file and plotted.
Plots created.
Photometric data file moved.
End of analysis for HS151 in 1343m 40s.

Analizing cluster HS247 (semi).
 Set max extinction value: 0.24
Data obtained from input file (N_stars: 5327).
Frame's 2D histogram obtained
Semi center found: (4816.42, 8066.15) px.
Radial density profile (RDP) calculated.
Field density calculated (9.5E-03 stars/px^2).
Auto radius found: 47.7852 px.
Tidal radius obtained: 76.1249 px.
Stars accepted/rejected based on their errors.
Stars separated in/out of cluster's boundaries.
Area of cluster obtained.
  WARNING: only 7 true members estimated in cluster region.
Contamination index obtained (0.91).
Using defined number of field regions (10).
LF and completeness magnitude levels obtained.
Integrated color magnitude distribution obtained (0.59).
Skipping KDE p-value test for cluster.
Applying decontamination algorithm.
  25% done
  50% done
  MPs converged. Breaking out (657).
  WARNING: the number of estimated true cluster members
  (structural vs. photometric) differ greatly.
Reduced membership function applied.
Membership probabilities saved to file.
Searching for optimal parameters.
Optimization terminated successfully.
         Current function value: -1.560965
         Iterations: 13
         Function evaluations: 38
Optimization terminated successfully.
         Current function value: 1.475907
         Iterations: 12
         Function evaluations: 35
Using Genetic Algorithm (dolphin/knuth).
   10% done       (0.007618, 6.65, 0.22, 18.45, 210, 0.5)
   20% done       (0.006051, 6.5, 0.24, 18.7, 210, 0.5)
   30% done       (0.006051, 6.5, 0.24, 18.7, 210, 0.5)
   40% done       (0.006051, 6.5, 0.24, 18.7, 210, 0.5)
   50% done       (0.006051, 6.5, 0.24, 18.7, 210, 0.5)
   60% done       (0.006051, 6.5, 0.24, 18.7, 210, 0.5)
   70% done       (0.012074, 6.55, 0.24, 18.7, 210, 0.5)
   80% done       (0.012074, 6.55, 0.24, 18.7, 210, 0.5)
   90% done       (0.012074, 6.55, 0.24, 18.7, 210, 0.5)
  100% done       (0.012074, 6.55, 0.24, 18.7, 210, 0.5)
Best fit params obtained.
Begin bootstrap process (10).
Optimization terminated successfully.
         Current function value: -3.178054
         Iterations: 14
         Function evaluations: 39
Optimization terminated successfully.
         Current function value: -0.133531
         Iterations: 12
         Function evaluations: 35
  10% done
Optimization terminated successfully.
         Current function value: -1.401601
         Iterations: 14
         Function evaluations: 39
Optimization terminated successfully.
         Current function value: 2.424184
         Iterations: 13
         Function evaluations: 36
  20% done
Optimization terminated successfully.
         Current function value: -3.814043
         Iterations: 14
         Function evaluations: 39
Optimization terminated successfully.
         Current function value: -3.178054
         Iterations: 12
         Function evaluations: 35
  30% done
Optimization terminated successfully.
         Current function value: 0.984743
         Iterations: 13
         Function evaluations: 36
Optimization terminated successfully.
         Current function value: -8.867257
         Iterations: 16
         Function evaluations: 45
  40% done
Optimization terminated successfully.
         Current function value: -5.165686
         Iterations: 13
         Function evaluations: 38
Optimization terminated successfully.
         Current function value: 1.217358
         Iterations: 12
         Function evaluations: 35
  50% done
Optimization terminated successfully.
         Current function value: 0.237529
         Iterations: 13
         Function evaluations: 36
Optimization terminated successfully.
         Current function value: 1.043005
         Iterations: 12
         Function evaluations: 35
  60% done
Optimization terminated successfully.
         Current function value: -1.401562
         Iterations: 14
         Function evaluations: 39
Optimization terminated successfully.
         Current function value: -0.081925
         Iterations: 13
         Function evaluations: 36
  70% done
Optimization terminated successfully.
         Current function value: -0.361790
         Iterations: 14
         Function evaluations: 39
Optimization terminated successfully.
         Current function value: 0.996333
         Iterations: 12
         Function evaluations: 35
  80% done
Optimization terminated successfully.
         Current function value: -4.109651
         Iterations: 13
         Function evaluations: 38
Optimization terminated successfully.
         Current function value: -2.789975
         Iterations: 12
         Function evaluations: 35
  90% done
Optimization terminated successfully.
         Current function value: -4.898108
         Iterations: 13
         Function evaluations: 38
Optimization terminated successfully.
         Current function value: -0.392079
         Iterations: 13
         Function evaluations: 36
  100% done
Best fit synthetic cluster saved to file.
Cluster's parameters and flags added to output file.
Plots created.
Photometric data file moved.
End of analysis for HS247 in 1513m 30s.

Analizing cluster LW469 (semi).
 Set max extinction value: 0.16
Data obtained from input file (N_stars: 18901).
Frame's 2D histogram obtained
Semi center found: (3109.74, 6221.13) px.
Radial density profile (RDP) calculated.
Field density calculated (1.5E-03 stars/px^2).
Auto radius found: 228.675 px.
Tidal radius obtained: 511.605 px.
Stars accepted/rejected based on their errors.
Stars separated in/out of cluster's boundaries.
Area of cluster obtained.
Approximate number of members in cluster obtained (342).
Contamination index obtained (0.42).
Using defined number of field regions (10).
LF and completeness magnitude levels obtained.
Integrated color magnitude distribution obtained (0.90).
Skipping KDE p-value test for cluster.
Applying decontamination algorithm.
  25% done
  MPs converged. Breaking out (264).
Reduced membership function applied.
Membership probabilities saved to file.
Searching for optimal parameters.
Optimization terminated successfully.
         Current function value: -171.406386
         Iterations: 15
         Function evaluations: 44
Optimization terminated successfully.
         Current function value: -125.657264
         Iterations: 15
         Function evaluations: 44
Using Genetic Algorithm (dolphin/knuth).
   10% done       (0.006051, 9, 0.06, 18.55, 3210, 0.5)
   20% done       (0.007618, 9, 0.04, 18.55, 3210, 0.5)
   30% done       (0.007618, 9, 0.04, 18.55, 2610, 0.5)
   40% done       (0.007618, 9, 0.04, 18.55, 2610, 0.5)
   50% done       (0.007618, 9, 0.04, 18.55, 2610, 0.5)
   60% done       (0.007618, 9, 0.04, 18.55, 2610, 0.5)
   70% done       (0.004807, 8.95, 0.08, 18.35, 1610, 0.5)
   80% done       (0.004807, 8.95, 0.08, 18.35, 1610, 0.5)
   90% done       (0.004807, 8.95, 0.08, 18.35, 1610, 0.5)
  100% done       (0.004807, 8.95, 0.08, 18.35, 1610, 0.5)
Best fit params obtained.
Begin bootstrap process (10).
Optimization terminated successfully.
         Current function value: -171.266436
         Iterations: 15
         Function evaluations: 44
Optimization terminated successfully.
         Current function value: -145.241953
         Iterations: 14
         Function evaluations: 41
  10% done
Optimization terminated successfully.
         Current function value: -188.943389
         Iterations: 16
         Function evaluations: 45
Optimization terminated successfully.
         Current function value: -149.752512
         Iterations: 16
         Function evaluations: 44
  20% done
Optimization terminated successfully.
         Current function value: -137.413750
         Iterations: 15
         Function evaluations: 42
Optimization terminated successfully.
         Current function value: -104.333390
         Iterations: 16
         Function evaluations: 44
  30% done
Optimization terminated successfully.
         Current function value: -175.290479
         Iterations: 15
         Function evaluations: 44
Optimization terminated successfully.
         Current function value: -114.028402
         Iterations: 14
         Function evaluations: 41
  40% done
Optimization terminated successfully.
         Current function value: -141.392079
         Iterations: 14
         Function evaluations: 41
Optimization terminated successfully.
         Current function value: -82.820740
         Iterations: 16
         Function evaluations: 44
  50% done
Optimization terminated successfully.
         Current function value: -105.810608
         Iterations: 14
         Function evaluations: 41
Optimization terminated successfully.
         Current function value: -124.972986
         Iterations: 16
         Function evaluations: 45
  60% done
Optimization terminated successfully.
         Current function value: -155.112679
         Iterations: 16
         Function evaluations: 44
Optimization terminated successfully.
         Current function value: -91.987116
         Iterations: 14
         Function evaluations: 41
  70% done
Optimization terminated successfully.
         Current function value: -141.646318
         Iterations: 15
         Function evaluations: 44
Optimization terminated successfully.
         Current function value: -110.695786
         Iterations: 15
         Function evaluations: 42
  80% done
Optimization terminated successfully.
         Current function value: -167.315734
         Iterations: 16
         Function evaluations: 45
Optimization terminated successfully.
         Current function value: -117.012239
         Iterations: 16
         Function evaluations: 45
  90% done
Optimization terminated successfully.
         Current function value: -149.128792
         Iterations: 16
         Function evaluations: 45
Optimization terminated successfully.
         Current function value: -114.539168
         Iterations: 14
         Function evaluations: 41
  100% done
Best fit synthetic cluster saved to file.
Cluster's parameters and flags added to output file.
Top tier models saved to file and plotted.
Plots created.
Photometric data file moved.
End of analysis for LW469 in 2020m 28s.

Analizing cluster LW54 (semi).
 Set max extinction value: 0.16
Data obtained from input file (N_stars: 1902).
Frame's 2D histogram obtained
Semi center found: (680.404, 7292.89) px.
Radial density profile (RDP) calculated.
Field density calculated (1.8E-03 stars/px^2).
Auto radius found: 63.9432 px.
Tidal radius obtained: 99.8689 px.
Stars accepted/rejected based on their errors.
Stars separated in/out of cluster's boundaries.
Area of cluster obtained.
Approximate number of members in cluster obtained (15).
Contamination index obtained (0.60).
Using defined number of field regions (10).
LF and completeness magnitude levels obtained.
Integrated color magnitude distribution obtained (-0.56).
Skipping KDE p-value test for cluster.
Applying decontamination algorithm.
  25% done
  MPs converged. Breaking out (345).
  WARNING: the number of estimated true cluster members
  (structural vs. photometric) differ greatly.
Reduced membership function applied.
Membership probabilities saved to file.
Searching for optimal parameters.
Optimization terminated successfully.
         Current function value: -0.550046
         Iterations: 12
         Function evaluations: 35
Optimization terminated successfully.
         Current function value: 0.272178
         Iterations: 13
         Function evaluations: 36
Using Genetic Algorithm (dolphin/knuth).
   10% done       (0.012074, 8.75, 0.14, 18.7, 210, 0.5)
   20% done       (0.006051, 8.9, 0.16, 18.65, 210, 0.5)
   30% done       (0.006051, 8.9, 0.16, 18.65, 210, 0.5)
   40% done       (0.006051, 8.9, 0.16, 18.65, 210, 0.5)
   50% done       (0.006051, 8.9, 0.16, 18.65, 210, 0.5)
   60% done       (0.006051, 8.9, 0.16, 18.65, 210, 0.5)
Best fit params obtained.
Begin bootstrap process (10).
Optimization terminated successfully.
         Current function value: 2.127728
         Iterations: 13
         Function evaluations: 36
Optimization terminated successfully.
         Current function value: 1.402043
         Iterations: 13
         Function evaluations: 36
  10% done
Optimization terminated successfully.
         Current function value: 0.272178
         Iterations: 13
         Function evaluations: 36
Optimization terminated successfully.
         Current function value: -0.127066
         Iterations: 12
         Function evaluations: 35
  20% done
Optimization terminated successfully.
         Current function value: -5.102674
         Iterations: 17
         Function evaluations: 47
Optimization terminated successfully.
         Current function value: -0.951598
         Iterations: 13
         Function evaluations: 36
  30% done
Optimization terminated successfully.
         Current function value: -0.951598
         Iterations: 13
         Function evaluations: 36
Optimization terminated successfully.
         Current function value: 0.383759
         Iterations: 12
         Function evaluations: 35
  40% done
Optimization terminated successfully.
         Current function value: -0.951598
         Iterations: 13
         Function evaluations: 36
Optimization terminated successfully.
         Current function value: -2.072976
         Iterations: 12
         Function evaluations: 35
  50% done
Optimization terminated successfully.
         Current function value: -0.550046
