

-------------------------------------------
            ASteCA v0.1.9-beta
-------------------------------------------

PARSEC v1.1 theoretical isochrones read,
interpolated and stored:
  23 metallicity values (z),
  83 age values (per z),
  21 reddening values,
  9 distance values,
  51 mass values,
  1 binary fraction values.
  = 1.8e+07 approx total models.
Full check done.

(Force matplotlib to not use any Xwindows backend)

Analizing cluster BRHT4B (semi).
 Set max extinction value: 0.16
Data obtained from input file (N_stars: 61269).
Frame's 2D histogram obtained
Semi center found: (1714.95, 1896.97) px.
Radial density profile (RDP) calculated.
Field density calculated (1.6E-02 stars/px^2).
Auto radius found: 114.255 px.
Tidal radius obtained: 359.166 px.
Stars accepted/rejected based on their errors.
Stars separated in/out of cluster's boundaries.
Area of cluster obtained.
Approximate number of members in cluster obtained (30).
Contamination index obtained (0.96).
Using defined number of field regions (10).
LF and completeness magnitude levels obtained.
Integrated color magnitude distribution obtained (0.97).
Skipping KDE p-value test for cluster.
Applying decontamination algorithm.
  25% done
  50% done
  75% done
  100% done
  WARNING: the number of estimated true cluster members
  (structural vs. photometric) differ greatly.
Reduced membership function applied.
Membership probabilities saved to file.
Searching for optimal parameters.
Optimization terminated successfully.
         Current function value: -102.007828
         Iterations: 15
         Function evaluations: 43
Optimization terminated successfully.
         Current function value: -78.088101
         Iterations: 15
         Function evaluations: 43
Using Genetic Algorithm (dolphin/knuth).
   10% done       (0.012074, 6.25, 0.16, 18.35, 2210, 0.5)
   20% done       (0.0152, 6.35, 0.16, 18.5, 2210, 0.5)
   30% done       (0.0152, 6.3, 0.16, 18.5, 1210, 0.5)
   40% done       (0.0152, 6.3, 0.16, 18.5, 1210, 0.5)
   50% done       (0.0152, 6.3, 0.16, 18.5, 1210, 0.5)
   60% done       (0.0152, 6.3, 0.16, 18.5, 1210, 0.5)
   70% done       (0.0152, 6.3, 0.16, 18.5, 1210, 0.5)
Best fit params obtained.
Begin bootstrap process (10).
Optimization terminated successfully.
         Current function value: -116.434928
         Iterations: 15
         Function evaluations: 42
Optimization terminated successfully.
         Current function value: -71.345379
         Iterations: 15
         Function evaluations: 44
  10% done
Optimization terminated successfully.
         Current function value: -106.587142
         Iterations: 16
         Function evaluations: 45
Optimization terminated successfully.
         Current function value: -68.752221
         Iterations: 16
         Function evaluations: 45
  20% done
Optimization terminated successfully.
         Current function value: -63.010832
         Iterations: 15
         Function evaluations: 44
Optimization terminated successfully.
         Current function value: -56.555728
         Iterations: 14
         Function evaluations: 41
  30% done
Optimization terminated successfully.
         Current function value: -87.098861
         Iterations: 15
         Function evaluations: 42
Optimization terminated successfully.
         Current function value: -70.647904
         Iterations: 16
         Function evaluations: 44
  40% done
Optimization terminated successfully.
         Current function value: -109.001237
         Iterations: 15
         Function evaluations: 44
Optimization terminated successfully.
         Current function value: -89.257346
         Iterations: 18
         Function evaluations: 50
  50% done
Optimization terminated successfully.
         Current function value: -105.573957
         Iterations: 15
         Function evaluations: 43
Optimization terminated successfully.
         Current function value: -62.160250
         Iterations: 15
         Function evaluations: 44
  60% done
Optimization terminated successfully.
         Current function value: -93.070299
         Iterations: 15
         Function evaluations: 43
Optimization terminated successfully.
         Current function value: -69.364979
         Iterations: 15
         Function evaluations: 44
  70% done
Optimization terminated successfully.
         Current function value: -109.006342
         Iterations: 15
         Function evaluations: 43
Optimization terminated successfully.
         Current function value: -74.066344
         Iterations: 16
         Function evaluations: 45
  80% done
Optimization terminated successfully.
         Current function value: -93.745080
         Iterations: 17
         Function evaluations: 47
Optimization terminated successfully.
         Current function value: -81.044759
         Iterations: 15
         Function evaluations: 43
  90% done
Optimization terminated successfully.
         Current function value: -105.854462
         Iterations: 16
         Function evaluations: 45
Optimization terminated successfully.
         Current function value: -88.082226
         Iterations: 16
         Function evaluations: 45
  100% done
Best fit synthetic cluster saved to file.
Cluster's parameters and flags added to output file.
Top tier models saved to file and plotted.
Plots created.
Photometric data file moved.
End of analysis for BRHT4B in 1266m 11s.

Analizing cluster BSDL1024 (semi).
 Set max extinction value: 0.22
Data obtained from input file (N_stars: 59309).
Frame's 2D histogram obtained
Semi center found: (5381.31, 152.929) px.
Radial density profile (RDP) calculated.
Field density calculated (7.5E-03 stars/px^2).
Auto radius found: 96.1118 px.
  WARNING: tidal radius could not be obtained.
  WARNING: core radius could not be obtained.
Stars accepted/rejected based on their errors.
Stars separated in/out of cluster's boundaries.
Area of cluster obtained.
  WARNING: only 2 true members estimated in cluster region.
Contamination index obtained (0.99).
Using defined number of field regions (10).
LF and completeness magnitude levels obtained.
Integrated color magnitude distribution obtained (0.26).
Skipping KDE p-value test for cluster.
Applying decontamination algorithm.
  25% done
  MPs converged. Breaking out (431).
  WARNING: the number of estimated true cluster members
  (structural vs. photometric) differ greatly.
Reduced membership function applied.
Membership probabilities saved to file.
Searching for optimal parameters.
Optimization terminated successfully.
         Current function value: -12.103738
         Iterations: 15
         Function evaluations: 42
Optimization terminated successfully.
         Current function value: -0.803042
         Iterations: 14
         Function evaluations: 39
Using Genetic Algorithm (dolphin/knuth).
   10% done       (0.006051, 8.45, 0.02, 18.35, 610, 0.5)
   20% done       (0.006051, 8.45, 0.02, 18.35, 610, 0.5)
   30% done       (0.006051, 8.45, 0.02, 18.35, 610, 0.5)
   40% done       (0.006051, 8.45, 0.02, 18.35, 610, 0.5)
   50% done       (0.006051, 8.45, 0.02, 18.35, 610, 0.5)
   60% done       (0.006051, 8.45, 0.02, 18.35, 610, 0.5)
Best fit params obtained.
Begin bootstrap process (10).
Optimization terminated successfully.
         Current function value: -16.108169
         Iterations: 13
         Function evaluations: 38
Optimization terminated successfully.
         Current function value: -6.381058
         Iterations: 13
         Function evaluations: 38
  10% done
Optimization terminated successfully.
         Current function value: -27.738336
         Iterations: 15
         Function evaluations: 42
Optimization terminated successfully.
         Current function value: -3.195865
         Iterations: 14
         Function evaluations: 39
  20% done
Optimization terminated successfully.
         Current function value: -7.760741
         Iterations: 13
         Function evaluations: 38
Optimization terminated successfully.
         Current function value: 0.398465
         Iterations: 13
         Function evaluations: 38
  30% done
Optimization terminated successfully.
         Current function value: -9.666812
         Iterations: 13
         Function evaluations: 38
Optimization terminated successfully.
         Current function value: -3.835695
         Iterations: 13
         Function evaluations: 38
  40% done
Optimization terminated successfully.
         Current function value: -14.707691
         Iterations: 13
         Function evaluations: 38
Optimization terminated successfully.
         Current function value: -1.462288
         Iterations: 14
         Function evaluations: 39
  50% done
Optimization terminated successfully.
         Current function value: -20.050076
         Iterations: 15
         Function evaluations: 44
Optimization terminated successfully.
         Current function value: 0.275471
         Iterations: 13
         Function evaluations: 38
  60% done
Optimization terminated successfully.
         Current function value: -10.016897
         Iterations: 13
         Function evaluations: 38
Optimization terminated successfully.
         Current function value: 0.901295
         Iterations: 13
         Function evaluations: 38
  70% done
Optimization terminated successfully.
         Current function value: -22.737973
         Iterations: 17
         Function evaluations: 48
Optimization terminated successfully.
         Current function value: 0.729772
         Iterations: 13
         Function evaluations: 38
  80% done
Optimization terminated successfully.
         Current function value: -12.775972
         Iterations: 14
         Function evaluations: 39
Optimization terminated successfully.
         Current function value: -1.692661
         Iterations: 13
         Function evaluations: 38
  90% done
Optimization terminated successfully.
         Current function value: -9.772005
         Iterations: 14
         Function evaluations: 41
Optimization terminated successfully.
         Current function value: 1.655843
         Iterations: 13
         Function evaluations: 38
  100% done
Best fit synthetic cluster saved to file.
Cluster's parameters and flags added to output file.
Plots created.
Photometric data file moved.
End of analysis for BSDL1024 in 977m 3s.

Analizing cluster HS390 (semi).
 Set max extinction value: 0.36
Data obtained from input file (N_stars: 6822).
Frame's 2D histogram obtained
Semi center found: (3769.05, 1827.99) px.
Radial density profile (RDP) calculated.
Field density calculated (8.6E-03 stars/px^2).
Auto radius found: 58.2453 px.
Tidal radius obtained: 121.784 px.
Stars accepted/rejected based on their errors.
Stars separated in/out of cluster's boundaries.
Area of cluster obtained.
Approximate number of members in cluster obtained (36).
Contamination index obtained (0.72).
Using defined number of field regions (10).
LF and completeness magnitude levels obtained.
Integrated color magnitude distribution obtained (0.13).
Skipping KDE p-value test for cluster.
Applying decontamination algorithm.
  25% done
  50% done
  MPs converged. Breaking out (551).
Reduced membership function applied.
Membership probabilities saved to file.
Searching for optimal parameters.
Optimization terminated successfully.
         Current function value: -48.468623
         Iterations: 20
         Function evaluations: 54
Optimization terminated successfully.
         Current function value: 2.386456
         Iterations: 13
         Function evaluations: 38
Using Genetic Algorithm (dolphin/knuth).
   10% done       (0.0152, 8, 0.36, 18.45, 610, 0.5)
   20% done       (0.0152, 8, 0.36, 18.45, 610, 0.5)
   30% done       (0.0152, 8, 0.36, 18.45, 610, 0.5)
   40% done       (0.0152, 8, 0.36, 18.45, 610, 0.5)
   50% done       (0.0152, 8, 0.36, 18.45, 610, 0.5)
   60% done       (0.0152, 8, 0.36, 18.45, 610, 0.5)
   70% done       (0.012074, 8.5, 0.22, 18.3, 410, 0.5)
   80% done       (0.012074, 8.5, 0.22, 18.3, 410, 0.5)
   90% done       (0.012074, 8.5, 0.22, 18.3, 410, 0.5)
  100% done       (0.012074, 8.5, 0.22, 18.3, 410, 0.5)
Best fit params obtained.
Begin bootstrap process (10).
Optimization terminated successfully.
         Current function value: -15.678450
         Iterations: 14
         Function evaluations: 41
Optimization terminated successfully.
         Current function value: 0.215549
         Iterations: 13
         Function evaluations: 38
  10% done
Optimization terminated successfully.
         Current function value: 4.263924
         Iterations: 14
         Function evaluations: 39
Optimization terminated successfully.
         Current function value: -10.246916
         Iterations: 13
         Function evaluations: 38
  20% done
Optimization terminated successfully.
         Current function value: -4.256209
         Iterations: 13
         Function evaluations: 38
Optimization terminated successfully.
         Current function value: -4.468828
         Iterations: 14
         Function evaluations: 39
  30% done
Optimization terminated successfully.
         Current function value: -42.452862
         Iterations: 15
         Function evaluations: 44
Optimization terminated successfully.
         Current function value: -0.836593
         Iterations: 14
         Function evaluations: 39
  40% done
Optimization terminated successfully.
         Current function value: -43.332130
         Iterations: 15
         Function evaluations: 43
Optimization terminated successfully.
         Current function value: -0.151485
         Iterations: 13
         Function evaluations: 38
  50% done
Optimization terminated successfully.
         Current function value: -50.499471
         Iterations: 16
         Function evaluations: 45
Optimization terminated successfully.
         Current function value: -2.268692
         Iterations: 13
         Function evaluations: 38
  60% done
Optimization terminated successfully.
         Current function value: -22.713806
         Iterations: 17
         Function evaluations: 46
Optimization terminated successfully.
         Current function value: 4.113183
         Iterations: 14
         Function evaluations: 39
  70% done
Optimization terminated successfully.
         Current function value: -37.937220
         Iterations: 15
         Function evaluations: 44
Optimization terminated successfully.
         Current function value: -1.481949
         Iterations: 13
         Function evaluations: 38
  80% done
Optimization terminated successfully.
         Current function value: -51.547440
         Iterations: 15
         Function evaluations: 44
Optimization terminated successfully.
         Current function value: 2.963899
         Iterations: 14
         Function evaluations: 39
  90% done
Optimization terminated successfully.
         Current function value: -12.907695
         Iterations: 15
         Function evaluations: 42
Optimization terminated successfully.
         Current function value: 1.569505
         Iterations: 14
         Function evaluations: 39
  100% done
Best fit synthetic cluster saved to file.
Cluster's parameters and flags added to output file.
Plots created.
Photometric data file moved.
End of analysis for HS390 in 1276m 53s.

Analizing cluster KMHK123 (semi).
 Set max extinction value: 0.22
Data obtained from input file (N_stars: 27204).
Frame's 2D histogram obtained
Semi center found: (1660.05, 593.99) px.
Radial density profile (RDP) calculated.
Field density calculated (3.2E-03 stars/px^2).
Auto radius found: 112.051 px.
Tidal radius obtained: 362.957 px.
Stars accepted/rejected based on their errors.
Stars separated in/out of cluster's boundaries.
Area of cluster obtained.
Approximate number of members in cluster obtained (79).
Contamination index obtained (0.62).
Using defined number of field regions (10).
LF and completeness magnitude levels obtained.
Integrated color magnitude distribution obtained (0.78).
Skipping KDE p-value test for cluster.
Applying decontamination algorithm.
  25% done
  MPs converged. Breaking out (404).
Reduced membership function applied.
Membership probabilities saved to file.
Searching for optimal parameters.
Optimization terminated successfully.
         Current function value: -32.702653
         Iterations: 17
         Function evaluations: 47
Optimization terminated successfully.
         Current function value: -23.449808
         Iterations: 15
         Function evaluations: 42
Using Genetic Algorithm (dolphin/knuth).
   10% done       (0.007618, 8.9, 0.14, 18.55, 810, 0.5)
   20% done       (0.006051, 8.95, 0.14, 18.45, 1410, 0.5)
   30% done       (0.006051, 8.95, 0.14, 18.45, 1410, 0.5)
   40% done       (0.006051, 8.85, 0.2, 18.65, 1210, 0.5)
   50% done       (0.003818, 8.95, 0.2, 18.4, 1210, 0.5)
   60% done       (0.003818, 8.95, 0.2, 18.45, 610, 0.5)
   70% done       (0.003818, 8.95, 0.2, 18.45, 610, 0.5)
   80% done       (0.003818, 8.95, 0.2, 18.45, 610, 0.5)
   90% done       (0.003818, 8.95, 0.2, 18.45, 610, 0.5)
  100% done       (0.003818, 8.95, 0.2, 18.45, 610, 0.5)
Best fit params obtained.
Begin bootstrap process (10).
Optimization terminated successfully.
         Current function value: -45.483817
         Iterations: 15
         Function evaluations: 41
Optimization terminated successfully.
         Current function value: -18.172544
         Iterations: 14
         Function evaluations: 41
  10% done
Optimization terminated successfully.
         Current function value: -42.784128
         Iterations: 15
         Function evaluations: 42
Optimization terminated successfully.
         Current function value: -36.982939
         Iterations: 15
         Function evaluations: 42
  20% done
Optimization terminated successfully.
         Current function value: -36.025729
         Iterations: 16
         Function evaluations: 44
Optimization terminated successfully.
         Current function value: -30.826367
         Iterations: 14
         Function evaluations: 41
  30% done
Optimization terminated successfully.
         Current function value: -34.271756
         Iterations: 14
         Function evaluations: 41
Optimization terminated successfully.
         Current function value: -14.521007
         Iterations: 14
         Function evaluations: 41
  40% done
Optimization terminated successfully.
         Current function value: -23.674801
         Iterations: 15
         Function evaluations: 42
Optimization terminated successfully.
         Current function value: -17.518057
         Iterations: 14
         Function evaluations: 39
  50% done
Optimization terminated successfully.
         Current function value: -32.257664
         Iterations: 14
         Function evaluations: 41
Optimization terminated successfully.
         Current function value: -21.274774
         Iterations: 16
         Function evaluations: 44
  60% done
Optimization terminated successfully.
         Current function value: -31.306132
         Iterations: 14
         Function evaluations: 41
Optimization terminated successfully.
         Current function value: -27.633903
         Iterations: 14
         Function evaluations: 41
  70% done
Optimization terminated successfully.
         Current function value: -44.931382
         Iterations: 14
         Function evaluations: 41
Optimization terminated successfully.
         Current function value: -17.547574
         Iterations: 15
         Function evaluations: 42
  80% done
Optimization terminated successfully.
         Current function value: -40.000554
         Iterations: 15
         Function evaluations: 41
Optimization terminated successfully.
         Current function value: -36.418130
         Iterations: 14
         Function evaluations: 41
  90% done
Optimization terminated successfully.
         Current function value: -33.500094
         Iterations: 14
         Function evaluations: 41
Optimization terminated successfully.
         Current function value: -16.966992
         Iterations: 13
         Function evaluations: 38
  100% done
Best fit synthetic cluster saved to file.
Cluster's parameters and flags added to output file.
Plots created.
Photometric data file moved.
End of analysis for KMHK123 in 1483m 5s.

Analizing cluster LW69 (semi).
 Set max extinction value: 0.16
Data obtained from input file (N_stars: 30083).
Frame's 2D histogram obtained
Semi center found: (197.071, 1864.85) px.
Radial density profile (RDP) calculated.
Field density calculated (3.6E-03 stars/px^2).
Auto radius found: 174.92 px.
  WARNING: tidal radius could not be obtained.
Stars accepted/rejected based on their errors.
Stars separated in/out of cluster's boundaries.
Area of cluster obtained.
Approximate number of members in cluster obtained (146).
Contamination index obtained (0.70).
Using defined number of field regions (10).
LF and completeness magnitude levels obtained.
Integrated color magnitude distribution obtained (1.86).
Skipping KDE p-value test for cluster.
Applying decontamination algorithm.
  25% done
  50% done
  MPs converged. Breaking out (563).
Reduced membership function applied.
Membership probabilities saved to file.
Searching for optimal parameters.
Optimization terminated successfully.
         Current function value: -124.088337
         Iterations: 16
         Function evaluations: 45
Optimization terminated successfully.
         Current function value: -70.471078
         Iterations: 16
         Function evaluations: 44
Using Genetic Algorithm (dolphin/knuth).
   10% done       (0.007618, 9.3, 0.04, 18.5, 1810, 0.5)
   20% done       (0.007618, 9.3, 0.04, 18.5, 1810, 0.5)
   30% done       (0.007618, 9.3, 0.04, 18.5, 1810, 0.5)
   40% done       (0.007618, 9.3, 0.04, 18.5, 1810, 0.5)
   50% done       (0.007618, 9.3, 0.04, 18.5, 1810, 0.5)
Best fit params obtained.
Begin bootstrap process (10).
Optimization terminated successfully.
         Current function value: -118.968477
         Iterations: 16
         Function evaluations: 45
Optimization terminated successfully.
         Current function value: -72.933401
         Iterations: 17
         Function evaluations: 47
  10% done
Optimization terminated successfully.
         Current function value: -107.975839
         Iterations: 16
         Function evaluations: 44
Optimization terminated successfully.
         Current function value: -65.574242
         Iterations: 14
         Function evaluations: 41
  20% done
Optimization terminated successfully.
         Current function value: -130.633214
         Iterations: 16
         Function evaluations: 45
Optimization terminated successfully.
         Current function value: -89.343181
         Iterations: 15
         Function evaluations: 43
  30% done
Optimization terminated successfully.
         Current function value: -135.672611
         Iterations: 17
         Function evaluations: 48
Optimization terminated successfully.
         Current function value: -95.256487
         Iterations: 14
         Function evaluations: 41
  40% done
Optimization terminated successfully.
         Current function value: -147.704702
         Iterations: 18
         Function evaluations: 48
Optimization terminated successfully.
         Current function value: -84.137398
         Iterations: 18
         Function evaluations: 49
  50% done
Optimization terminated successfully.
         Current function value: -114.247347
         Iterations: 15
         Function evaluations: 42
Optimization terminated successfully.
         Current function value: -69.796569
         Iterations: 16
         Function evaluations: 44
  60% done
Optimization terminated successfully.
         Current function value: -115.793018
         Iterations: 15
         Function evaluations: 42
Optimization terminated successfully.
         Current function value: -52.901473
         Iterations: 14
         Function evaluations: 41
  70% done
Optimization terminated successfully.
         Current function value: -138.129961
         Iterations: 16
         Function evaluations: 46
Optimization terminated successfully.
         Current function value: -68.506087
         Iterations: 15
         Function evaluations: 44
  80% done
Optimization terminated successfully.
         Current function value: -134.044070
         Iterations: 17
         Function evaluations: 47
Optimization terminated successfully.
         Current function value: -89.466550
         Iterations: 15
         Function evaluations: 44
  90% done
Optimization terminated successfully.
         Current function value: -113.847998
         Iterations: 15
         Function evaluation