

-------------------------------------------
             [ASteCA v0.1.9-beta]
-------------------------------------------

PARSEC v1.1 theoretical isochrones read,
interpolated and stored:
  23 metallicity values (z),
  83 age values (per z),
  21 reddening values,
  9 distance values,
  51 mass values,
  1 binary fraction values.
  = 1.8e+07 approx total models.
Full check done.

(Force matplotlib to not use any Xwindows backend)

Analyzing cluster HS264 (semi).
 Set max extinction value: 0.07, step: 0.01
 LMC cluster
Data obtained from input file (N_stars: 64011).
Frame's 2D histogram obtained
Semi center found: (3248.03, 253.99) px.
Radial density profile (RDP) calculated.
Field density calculated (9.1E-03 stars/px^2).
Auto radius found: 93.9601 px.
Tidal radius obtained: 252.949 px.
Stars accepted/rejected based on their errors.
Stars separated in/out of cluster's boundaries.
Area of cluster obtained.
Approximate number of members in cluster obtained (63).
Contamination index obtained (0.80).
Using defined number of field regions (10).
LF and completeness magnitude levels obtained.
Integrated color magnitude distribution obtained (0.88).
Obtaining KDE p-value for cluster vs field regions.
  15% done
  30% done
  50% done
  70% done
  85% done
  100% done
Probability of physical cluster obtained (1.00).
Applying decontamination algorithm.
  25% done
  50% done
  MPs converged. Breaking out (708).
Reduced membership function applied.
Membership probabilities saved to file.
Searching for optimal parameters.
Optimization terminated successfully.
         Current function value: -38.537277
         Iterations: 15
         Function evaluations: 41
Optimization terminated successfully.
         Current function value: -16.118422
         Iterations: 14
         Function evaluations: 41
Using Genetic Algorithm (dolphin; knuth).
   10% done       (0.006051, 9.05, 0.05, 18.42, 1410, 0.5)
   20% done       (0.006051, 9.05, 0.05, 18.42, 1410, 0.5)
   30% done       (0.006051, 9.05, 0.05, 18.42, 1410, 0.5)
   40% done       (0.003818, 9.1, 0.07, 18.42, 1210, 0.5)
   50% done       (0.003818, 9.1, 0.07, 18.42, 1210, 0.5)
   60% done       (0.003818, 9.1, 0.07, 18.42, 1210, 0.5)
   70% done       (0.003818, 9.1, 0.07, 18.42, 1210, 0.5)
Best fit params obtained.
Begin bootstrap process (10).
Optimization terminated successfully.
         Current function value: -45.061389
         Iterations: 15
         Function evaluations: 42
Optimization terminated successfully.
         Current function value: -18.315647
         Iterations: 14
         Function evaluations: 41
  10% done
Optimization terminated successfully.
         Current function value: -35.783780
         Iterations: 14
         Function evaluations: 41
Optimization terminated successfully.
         Current function value: -6.863739
         Iterations: 13
         Function evaluations: 38
  20% done
Optimization terminated successfully.
         Current function value: -24.990199
         Iterations: 14
         Function evaluations: 41
Optimization terminated successfully.
         Current function value: -12.805226
         Iterations: 14
         Function evaluations: 41
  30% done
Optimization terminated successfully.
         Current function value: -40.654071
         Iterations: 16
         Function evaluations: 45
Optimization terminated successfully.
         Current function value: -4.720342
         Iterations: 15
         Function evaluations: 42
  40% done
Optimization terminated successfully.
         Current function value: -30.442419
         Iterations: 16
         Function evaluations: 44
Optimization terminated successfully.
         Current function value: -12.395468
         Iterations: 14
         Function evaluations: 41
  50% done
Optimization terminated successfully.
         Current function value: -44.984604
         Iterations: 15
         Function evaluations: 42
Optimization terminated successfully.
         Current function value: -0.704192
         Iterations: 15
         Function evaluations: 42
  60% done
Optimization terminated successfully.
         Current function value: -55.602519
         Iterations: 15
         Function evaluations: 44
Optimization terminated successfully.
         Current function value: -20.659219
         Iterations: 14
         Function evaluations: 41
  70% done
Optimization terminated successfully.
         Current function value: -49.925752
         Iterations: 15
         Function evaluations: 42
Optimization terminated successfully.
         Current function value: -20.809301
         Iterations: 17
         Function evaluations: 47
  80% done
Optimization terminated successfully.
         Current function value: -48.250722
         Iterations: 15
         Function evaluations: 42
Optimization terminated successfully.
         Current function value: -18.789353
         Iterations: 14
         Function evaluations: 41
  90% done
Optimization terminated successfully.
         Current function value: -51.721424
         Iterations: 16
         Function evaluations: 44
Optimization terminated successfully.
         Current function value: -23.129538
         Iterations: 14
         Function evaluations: 41
  100% done
Best fit synthetic cluster saved to file.
Output data file created.
Cluster's parameters and flags added to output file.
Plots created.
Photometric data file moved.
End of analysis for HS264 in 841m 30s.

Full iteration completed in 841m 39s.
