

-------------------------------------------
             [ASteCA v0.1.9-beta]
-------------------------------------------

PARSEC v1.1 theoretical isochrones read,
interpolated and stored:
  23 metallicity values (z),
  83 age values (per z),
  21 reddening values,
  9 distance values,
  51 mass values,
  1 binary fraction values.
  = 1.8e+07 approx total models.
Full check done.

(Force matplotlib to not use any Xwindows backend)

Analyzing cluster H88-333 (semi).
 Set max extinction value: 0.18, step: 0.02
 LMC cluster
Data obtained from input file (N_stars: 88027).
Frame's 2D histogram obtained
Semi center fixed: (1785, 6540) px.
Radial density profile (RDP) calculated.
Field density calculated (7.6E-03 stars/px^2).
Semi radius set: 90 px.
Tidal radius obtained: 557.542 px.
Stars accepted/rejected based on their errors.
Stars separated in/out of cluster's boundaries.
Area of cluster obtained.
Approximate number of members in cluster obtained (73).
Contamination index obtained (0.73).
Using defined number of field regions (15).
LF and completeness magnitude levels obtained.
Integrated color magnitude distribution obtained (1.05).
Obtaining KDE p-value for cluster vs field regions.
  15% done
  30% done
  50% done
  70% done
  85% done
  100% done
Probability of physical cluster obtained (0.43).
Applying decontamination algorithm.
  25% done
  MPs converged. Breaking out (458).
Reduced membership function applied.
Membership probabilities saved to file.
Searching for optimal parameters.
Optimization terminated successfully.
         Current function value: -30.347026
         Iterations: 14
         Function evaluations: 41
Optimization terminated successfully.
         Current function value: -6.785684
         Iterations: 14
         Function evaluations: 39
Using Genetic Algorithm (dolphin; knuth).
   10% done       (0.0152, 8.75, 0.04, 18.48, 410, 0.5)
   20% done       (0.0152, 8.75, 0.04, 18.48, 410, 0.5)
   30% done       (0.0152, 8.75, 0.04, 18.48, 410, 0.5)
   40% done       (0.0152, 8.75, 0.04, 18.48, 410, 0.5)
Best fit params obtained.
Begin bootstrap process (10).
Optimization terminated successfully.
         Current function value: -27.015389
         Iterations: 14
         Function evaluations: 41
Optimization terminated successfully.
         Current function value: -4.041448
         Iterations: 13
         Function evaluations: 38
  10% done
Optimization terminated successfully.
         Current function value: -22.754037
         Iterations: 14
         Function evaluations: 39
Optimization terminated successfully.
         Current function value: -8.574257
         Iterations: 13
         Function evaluations: 38
  20% done
Optimization terminated successfully.
         Current function value: -34.053605
         Iterations: 14
         Function evaluations: 41
Optimization terminated successfully.
         Current function value: -12.349555
         Iterations: 13
         Function evaluations: 38
  30% done
Optimization terminated successfully.
         Current function value: -34.190606
         Iterations: 14
         Function evaluations: 39
Optimization terminated successfully.
         Current function value: -3.448532
         Iterations: 13
         Function evaluations: 38
  40% done
Optimization terminated successfully.
         Current function value: -35.116522
         Iterations: 13
         Function evaluations: 38
Optimization terminated successfully.
         Current function value: -9.032003
         Iterations: 14
         Function evaluations: 39
  50% done
Optimization terminated successfully.
         Current function value: -33.259048
         Iterations: 14
         Function evaluations: 39
Optimization terminated successfully.
         Current function value: -14.282985
         Iterations: 13
         Function evaluations: 38
  60% done
Optimization terminated successfully.
         Current function value: -37.693932
         Iterations: 15
         Function evaluations: 42
Optimization terminated successfully.
         Current function value: -3.124414
         Iterations: 14
         Function evaluations: 39
  70% done
Optimization terminated successfully.
         Current function value: -33.614390
         Iterations: 13
         Function evaluations: 38
Optimization terminated successfully.
         Current function value: -14.741536
         Iterations: 14
         Function evaluations: 39
  80% done
Optimization terminated successfully.
         Current function value: -21.817774
         Iterations: 13
         Function evaluations: 38
Optimization terminated successfully.
         Current function value: -4.057065
         Iterations: 14
         Function evaluations: 41
  90% done
Optimization terminated successfully.
         Current function value: -27.148993
         Iterations: 13
         Function evaluations: 38
Optimization terminated successfully.
         Current function value: -9.772161
         Iterations: 14
         Function evaluations: 39
  100% done
Best fit synthetic cluster saved to file.
Cluster's parameters and flags added to output file.
Plots created.
Photometric data file moved.
End of analysis for H88-333 in 1207m 51s.

Full iteration completed in 1207m 59s.
