

-------------------------------------------
             [ASteCA v0.1.9-beta]
-------------------------------------------

PARSEC v1.1 theoretical isochrones read,
interpolated and stored:
  23 metallicity values (z),
  83 age values (per z),
  21 reddening values,
  9 distance values,
  51 mass values,
  1 binary fraction values.
  = 1.8e+07 approx total models.
Full check done.

(Force matplotlib to not use any Xwindows backend)

Analyzing cluster KMHK1045 (semi).
 Set max extinction value: 0.3, step: 0.02
 LMC cluster
Data obtained from input file (N_stars: 62033).
Frame's 2D histogram obtained
Semi center found: (5858.23, 3656.97) px.
Radial density profile (RDP) calculated.
Field density calculated (5.0E-03 stars/px^2).
Semi radius set: 100 px.
Tidal radius obtained: 1736.51 px.
Stars accepted/rejected based on their errors.
Stars separated in/out of cluster's boundaries.
Area of cluster obtained.
Approximate number of members in cluster obtained (20).
Contamination index obtained (0.89).
Using defined number of field regions (10).
LF and completeness magnitude levels obtained.
Integrated color magnitude distribution obtained (0.90).
Obtaining KDE p-value for cluster vs field regions.
  15% done
  30% done
  50% done
  70% done
  85% done
  100% done
Probability of physical cluster obtained (0.79).
Applying decontamination algorithm.
  25% done
  50% done
  MPs converged. Breaking out (743).
  WARNING: the number of estimated true cluster members
  (structural vs. photometric) differ greatly.
Reduced membership function applied.
Membership probabilities saved to file.
Searching for optimal parameters.
Optimization terminated successfully.
         Current function value: -6.886588
         Iterations: 14
         Function evaluations: 41
Optimization terminated successfully.
         Current function value: -1.097603
         Iterations: 13
         Function evaluations: 38
Using Genetic Algorithm (dolphin; knuth).
   10% done       (0.007618, 8.9, 0.02, 18.44, 210, 0.5)
   20% done       (0.007618, 8.9, 0.02, 18.44, 210, 0.5)
   30% done       (0.007618, 8.9, 0.02, 18.44, 210, 0.5)
   40% done       (0.009591, 8.8, 0.06, 18.44, 210, 0.5)
   50% done       (0.009591, 8.8, 0.06, 18.44, 210, 0.5)
   60% done       (0.009591, 8.8, 0.06, 18.44, 210, 0.5)
   70% done       (0.009591, 8.8, 0.06, 18.44, 210, 0.5)
Best fit params obtained.
Begin bootstrap process (10).
Optimization terminated successfully.
         Current function value: -10.861757
         Iterations: 15
         Function evaluations: 42
Optimization terminated successfully.
         Current function value: 0.368734
         Iterations: 14
         Function evaluations: 39
  10% done
Optimization terminated successfully.
         Current function value: -12.873414
         Iterations: 15
         Function evaluations: 44
Optimization terminated successfully.
         Current function value: -5.053586
         Iterations: 15
         Function evaluations: 44
  20% done
Optimization terminated successfully.
         Current function value: -11.837178
         Iterations: 15
         Function evaluations: 44
Optimization terminated successfully.
         Current function value: -4.446108
         Iterations: 13
         Function evaluations: 38
  30% done
Optimization terminated successfully.
         Current function value: -19.580051
         Iterations: 15
         Function evaluations: 43
Optimization terminated successfully.
         Current function value: -1.912411
         Iterations: 13
         Function evaluations: 38
  40% done
Optimization terminated successfully.
         Current function value: -15.076979
         Iterations: 15
         Function evaluations: 42
Optimization terminated successfully.
         Current function value: -0.821894
         Iterations: 14
         Function evaluations: 39
  50% done
Optimization terminated successfully.
         Current function value: -0.830092
         Iterations: 13
         Function evaluations: 38
Optimization terminated successfully.
         Current function value: 3.269360
         Iterations: 13
         Function evaluations: 38
  60% done
Optimization terminated successfully.
         Current function value: -3.104276
         Iterations: 13
         Function evaluations: 38
Optimization terminated successfully.
         Current function value: -6.791874
         Iterations: 13
         Function evaluations: 38
  70% done
Optimization terminated successfully.
         Current function value: -2.256978
         Iterations: 13
         Function evaluations: 38
Optimization terminated successfully.
         Current function value: 0.820719
         Iterations: 14
         Function evaluations: 39
  80% done
Optimization terminated successfully.
         Current function value: -9.744972
         Iterations: 15
         Function evaluations: 44
Optimization terminated successfully.
         Current function value: -1.607339
         Iterations: 14
         Function evaluations: 39
  90% done
Optimization terminated successfully.
         Current function value: 0.737336
         Iterations: 13
         Function evaluations: 36
Optimization terminated successfully.
         Current function value: -1.074446
         Iterations: 13
         Function evaluations: 38
  100% done
Best fit synthetic cluster saved to file.
Cluster's parameters and flags added to output file.
Top tier models saved to file and plotted.
Plots created.
Photometric data file moved.
End of analysis for KMHK1045 in 971m 29s.

Full iteration completed in 971m 39s.
