

-------------------------------------------
             [ASteCA v0.1.9-beta]
-------------------------------------------

PARSEC v1.1 theoretical isochrones read,
interpolated and stored:
  23 metallicity values (z),
  83 age values (per z),
  21 reddening values,
  9 distance values,
  51 mass values,
  1 binary fraction values.
  = 1.8e+07 approx total models.
Full check done.

(Force matplotlib to not use any Xwindows backend)

Analyzing cluster SL218 (semi).
 Set max extinction value: 0.07, step: 0.01
 LMC cluster
Data obtained from input file (N_stars: 61269).
Frame's 2D histogram obtained
Semi center fixed: (1930, 660) px.
Radial density profile (RDP) calculated.
Field density calculated (1.4E-02 stars/px^2).
Semi radius set: 100 px.
  WARNING: tidal radius could not be obtained.
  WARNING: core radius could not be obtained.
Stars accepted/rejected based on their errors.
Stars separated in/out of cluster's boundaries.
Area of cluster obtained.
  WARNING: only 0 true members estimated in cluster region.
  WARNING: CI value obtained is too high: 1.01
Using defined number of field regions (15).
LF and completeness magnitude levels obtained.
Integrated color magnitude distribution obtained (-0.10).
Obtaining KDE p-value for cluster vs field regions.
  15% done
  30% done
  50% done
  70% done
  85% done
  100% done
Probability of physical cluster obtained (0.88).
Applying decontamination algorithm.
  MPs converged. Breaking out (239).
  WARNING: the number of estimated true cluster members
  (structural vs. photometric) differ greatly.
Reduced membership function applied.
Membership probabilities saved to file.
Searching for optimal parameters.
Optimization terminated successfully.
         Current function value: -30.214718
         Iterations: 14
         Function evaluations: 41
Optimization terminated successfully.
         Current function value: -23.991694
         Iterations: 14
         Function evaluations: 41
Using Genetic Algorithm (dolphin; knuth).
   10% done       (0.0152, 6.35, 0.03, 18.52, 1410, 0.5)
   20% done       (0.0152, 6.35, 0.03, 18.52, 1410, 0.5)
   30% done       (0.006051, 6.15, 0.06, 18.44, 810, 0.5)
   40% done       (0.006051, 6.15, 0.06, 18.44, 810, 0.5)
   50% done       (0.009591, 6.25, 0.03, 18.54, 1010, 0.5)
   60% done       (0.009591, 6.25, 0.03, 18.54, 1010, 0.5)
   70% done       (0.009591, 6.25, 0.03, 18.54, 1010, 0.5)
   80% done       (0.009591, 6.25, 0.03, 18.54, 1010, 0.5)
   90% done       (0.009591, 6.25, 0.03, 18.54, 1010, 0.5)
Best fit params obtained.
Begin bootstrap process (10).
Optimization terminated successfully.
         Current function value: -54.437548
         Iterations: 15
         Function evaluations: 42
Optimization terminated successfully.
         Current function value: -6.858837
         Iterations: 15
         Function evaluations: 42
  10% done
Optimization terminated successfully.
         Current function value: -25.565137
         Iterations: 15
         Function evaluations: 44
Optimization terminated successfully.
         Current function value: -33.419599
         Iterations: 15
         Function evaluations: 42
  20% done
Optimization terminated successfully.
         Current function value: -13.523873
         Iterations: 13
         Function evaluations: 38
Optimization terminated successfully.
         Current function value: -11.032623
         Iterations: 18
         Function evaluations: 50
  30% done
Optimization terminated successfully.
         Current function value: -32.051027
         Iterations: 16
         Function evaluations: 44
Optimization terminated successfully.
         Current function value: -22.682022
         Iterations: 16
         Function evaluations: 45
  40% done
Optimization terminated successfully.
         Current function value: -34.634160
         Iterations: 15
         Function evaluations: 44
Optimization terminated successfully.
         Current function value: -23.602093
         Iterations: 14
         Function evaluations: 41
  50% done
Optimization terminated successfully.
         Current function value: 0.525917
         Iterations: 14
         Function evaluations: 39
Optimization terminated successfully.
         Current function value: -18.254726
         Iterations: 15
         Function evaluations: 42
  60% done
Optimization terminated successfully.
         Current function value: -9.901554
         Iterations: 13
         Function evaluations: 38
Optimization terminated successfully.
         Current function value: -31.089559
         Iterations: 15
         Function evaluations: 42
  70% done
Optimization terminated successfully.
         Current function value: -30.537164
         Iterations: 15
         Function evaluations: 42
Optimization terminated successfully.
         Current function value: -1.965416
         Iterations: 15
         Function evaluations: 42
  80% done
Optimization terminated successfully.
         Current function value: -14.734569
         Iterations: 15
         Function evaluations: 42
Optimization terminated successfully.
         Current function value: -39.440455
         Iterations: 16
         Function evaluations: 45
  90% done
Optimization terminated successfully.
         Current function value: -15.571046
         Iterations: 13
         Function evaluations: 38
Optimization terminated successfully.
         Current function value: -31.703673
         Iterations: 15
         Function evaluations: 44
  100% done
Best fit synthetic cluster saved to file.
Cluster's parameters and flags added to output file.
Top tier models saved to file and plotted.
Plots created.
Photometric data file moved.
End of analysis for SL218 in 1158m 52s.

Full iteration completed in 1158m 60s.
