

-------------------------------------------
             [ASteCA v0.1.9-beta]
-------------------------------------------

PARSEC v1.1 theoretical isochrones read,
interpolated and stored:
  23 metallicity values (z),
  83 age values (per z),
  21 reddening values,
  9 distance values,
  51 mass values,
  1 binary fraction values.
  = 1.8e+07 approx total models.
Full check done.

(Force matplotlib to not use any Xwindows backend)

Analyzing cluster L114 (semi).
 Set max extinction value: 0.04, step: 0.005
 SMC cluster
Data obtained from input file (N_stars: 1949).
  WARNING: 11% of stars in file were rejected.
Frame's 2D histogram obtained
Semi center found: (1108.84, 1035.73) px.
Radial density profile (RDP) calculated.
Field density calculated (4.6E-04 stars/px^2).
Auto radius found: 145.047 px.
Tidal radius obtained: 310.334 px.
Stars accepted/rejected based on their errors.
Stars separated in/out of cluster's boundaries.
Area of cluster obtained.
Approximate number of members in cluster obtained (138).
Contamination index obtained (0.18).
Using defined number of field regions (10).
LF and completeness magnitude levels obtained.
Integrated color magnitude distribution obtained (-0.34).
Obtaining KDE p-value for cluster vs field regions.
  15% done
  30% done
  50% done
  70% done
  85% done
  100% done
Probability of physical cluster obtained (0.92).
Applying decontamination algorithm.
  MPs converged. Breaking out (119).
Reduced membership function applied.
Membership probabilities saved to file.
Searching for optimal parameters.
Optimization terminated successfully.
         Current function value: -11.134756
         Iterations: 15
         Function evaluations: 42
Optimization terminated successfully.
         Current function value: -8.455366
         Iterations: 13
         Function evaluations: 38
Using Genetic Algorithm (dolphin; knuth).
   10% done       (0.012074, 8.15, 0.01, 18.96, 1210, 0.5)
   20% done       (0.012074, 8.15, 0.01, 18.96, 1210, 0.5)
   30% done       (0.012074, 8.15, 0.01, 18.96, 1210, 0.5)
   40% done       (0.012074, 8.15, 0.01, 18.96, 1210, 0.5)
Best fit params obtained.
Begin bootstrap process (10).
Optimization terminated successfully.
         Current function value: -7.824523
         Iterations: 15
         Function evaluations: 42
Optimization terminated successfully.
         Current function value: -20.568665
         Iterations: 13
         Function evaluations: 38
  10% done
Optimization terminated successfully.
         Current function value: -15.212495
         Iterations: 14
         Function evaluations: 41
Optimization terminated successfully.
         Current function value: -19.652493
         Iterations: 13
         Function evaluations: 38
  20% done
Optimization terminated successfully.
         Current function value: -8.406415
         Iterations: 14
         Function evaluations: 39
Optimization terminated successfully.
         Current function value: -9.029250
         Iterations: 14
         Function evaluations: 39
  30% done
Optimization terminated successfully.
         Current function value: -8.011065
         Iterations: 15
         Function evaluations: 42
Optimization terminated successfully.
         Current function value: -17.575955
         Iterations: 13
         Function evaluations: 38
  40% done
Optimization terminated successfully.
         Current function value: -29.814375
         Iterations: 14
         Function evaluations: 41
Optimization terminated successfully.
         Current function value: -20.784752
         Iterations: 13
         Function evaluations: 38
  50% done
Optimization terminated successfully.
         Current function value: -9.515509
         Iterations: 15
         Function evaluations: 42
Optimization terminated successfully.
         Current function value: -16.914766
         Iterations: 14
         Function evaluations: 39
  60% done
Optimization terminated successfully.
         Current function value: -18.436876
         Iterations: 14
         Function evaluations: 39
Optimization terminated successfully.
         Current function value: -10.015845
         Iterations: 13
         Function evaluations: 38
  70% done
Optimization terminated successfully.
         Current function value: -16.646999
         Iterations: 14
         Function evaluations: 41
Optimization terminated successfully.
         Current function value: -25.559496
         Iterations: 14
         Function evaluations: 41
  80% done
Optimization terminated successfully.
         Current function value: -9.295463
         Iterations: 15
         Function evaluations: 42
Optimization terminated successfully.
         Current function value: -11.200941
         Iterations: 13
         Function evaluations: 38
  90% done
Optimization terminated successfully.
         Current function value: -9.209767
         Iterations: 14
         Function evaluations: 41
Optimization terminated successfully.
         Current function value: -31.989050
         Iterations: 14
         Function evaluations: 41
  100% done
Best fit synthetic cluster saved to file.
Cluster's parameters and flags added to output file.
Plots created.
Photometric data file moved.
End of analysis for L114 in 957m 44s.

Full iteration completed in 957m 53s.
