

-------------------------------------------
             [ASteCA v0.1.9-beta]
-------------------------------------------

PARSEC v1.1 theoretical isochrones read,
interpolated and stored:
  23 metallicity values (z),
  83 age values (per z),
  21 reddening values,
  9 distance values,
  51 mass values,
  1 binary fraction values.
  = 1.8e+07 approx total models.
Full check done.

(Force matplotlib to not use any Xwindows backend)

Analyzing cluster SL551 (semi).
 Set max extinction value: 0.3, step: 0.02
 LMC cluster
Data obtained from input file (N_stars: 3898).
Frame's 2D histogram obtained
Semi center found: (5940.85, 2961.73) px.
Radial density profile (RDP) calculated.
Field density calculated (5.6E-03 stars/px^2).
Auto radius found: 104.641 px.
  WARNING: tidal radius could not be obtained.
Stars accepted/rejected based on their errors.
Stars separated in/out of cluster's boundaries.
Area of cluster obtained.
Approximate number of members in cluster obtained (13).
Contamination index obtained (0.94).
Using defined number of field regions (10).
LF and completeness magnitude levels obtained.
Integrated color magnitude distribution obtained (-0.50).
Obtaining KDE p-value for cluster vs field regions.
  15% done
  30% done
  50% done
  70% done
  85% done
  100% done
Probability of physical cluster obtained (1.00).
Applying decontamination algorithm.
  25% done
  50% done
  75% done
  MPs converged. Breaking out (767).
Reduced membership function applied.
Membership probabilities saved to file.
Searching for optimal parameters.
Optimization terminated successfully.
         Current function value: -45.679984
         Iterations: 17
         Function evaluations: 47
Optimization terminated successfully.
         Current function value: 0.894685
         Iterations: 13
         Function evaluations: 38
Using Genetic Algorithm (dolphin; knuth).
   10% done       (0.012074, 7, 0.04, 18.52, 410, 0.5)
   20% done       (0.012074, 7, 0.04, 18.52, 410, 0.5)
   30% done       (0.012074, 7, 0.04, 18.52, 410, 0.5)
   40% done       (0.012074, 7, 0.04, 18.52, 410, 0.5)
Best fit params obtained.
Begin bootstrap process (10).
Optimization terminated successfully.
         Current function value: -48.565638
         Iterations: 17
         Function evaluations: 46
Optimization terminated successfully.
         Current function value: -9.811436
         Iterations: 13
         Function evaluations: 38
  10% done
Optimization terminated successfully.
         Current function value: -22.944977
         Iterations: 14
         Function evaluations: 41
Optimization terminated successfully.
         Current function value: 5.010145
         Iterations: 14
         Function evaluations: 39
  20% done
Optimization terminated successfully.
         Current function value: -42.067468
         Iterations: 14
         Function evaluations: 41
Optimization terminated successfully.
         Current function value: -2.868324
         Iterations: 13
         Function evaluations: 38
  30% done
Optimization terminated successfully.
         Current function value: -58.221034
         Iterations: 19
         Function evaluations: 51
Optimization terminated successfully.
         Current function value: -1.101935
         Iterations: 14
         Function evaluations: 39
  40% done
Optimization terminated successfully.
         Current function value: -27.446696
         Iterations: 17
         Function evaluations: 47
Optimization terminated successfully.
         Current function value: 2.662522
         Iterations: 14
         Function evaluations: 39
  50% done
Optimization terminated successfully.
         Current function value: -36.314588
         Iterations: 14
         Function evaluations: 41
Optimization terminated successfully.
         Current function value: 1.173972
         Iterations: 14
         Function evaluations: 39
  60% done
Optimization terminated successfully.
         Current function value: -46.310965
         Iterations: 14
         Function evaluations: 41
Optimization terminated successfully.
         Current function value: -7.055662
         Iterations: 14
         Function evaluations: 39
  70% done
Optimization terminated successfully.
         Current function value: -50.895486
         Iterations: 15
         Function evaluations: 44
Optimization terminated successfully.
         Current function value: 4.145861
         Iterations: 13
         Function evaluations: 38
  80% done
Optimization terminated successfully.
         Current function value: -51.400545
         Iterations: 15
         Function evaluations: 41
Optimization terminated successfully.
         Current function value: -7.720544
         Iterations: 13
         Function evaluations: 38
  90% done
Optimization terminated successfully.
         Current function value: -50.434588
         Iterations: 15
         Function evaluations: 41
Optimization terminated successfully.
         Current function value: -0.819078
         Iterations: 14
         Function evaluations: 39
  100% done
Best fit synthetic cluster saved to file.
Cluster's parameters and flags added to output file.
Top tier models saved to file and plotted.
Plots created.
Photometric data file moved.
End of analysis for SL551 in 991m 58s.

Full iteration completed in 992m 8s.
