

-------------------------------------------
             [ASteCA v0.1.9-beta]
-------------------------------------------

PARSEC v1.1 theoretical isochrones read,
interpolated and stored:
  23 metallicity values (z),
  83 age values (per z),
  21 reddening values,
  9 distance values,
  51 mass values,
  1 binary fraction values.
  = 1.8e+07 approx total models.
Full check done.

(Force matplotlib to not use any Xwindows backend)

Analyzing cluster BSDL654 (semi).
 Set max extinction value: 0.06, step: 0.01
 LMC cluster
Data obtained from input file (N_stars: 57755).
Frame's 2D histogram obtained
Semi center fixed: (1062, 3302) px.
Radial density profile (RDP) calculated.
Field density calculated (6.8E-03 stars/px^2).
Semi radius set: 112.5 px.
Tidal radius obtained: 226.678 px.
Stars accepted/rejected based on their errors.
Stars separated in/out of cluster's boundaries.
Area of cluster obtained.
Approximate number of members in cluster obtained (70).
Contamination index obtained (0.80).
Using defined number of field regions (10).
LF and completeness magnitude levels obtained.
Integrated color magnitude distribution obtained (-0.13).
Obtaining KDE p-value for cluster vs field regions.
  15% done
  30% done
  50% done
  70% done
  85% done
  100% done
Probability of physical cluster obtained (0.57).
Applying decontamination algorithm.
  25% done
  50% done
  75% done
  MPs converged. Breaking out (881).
  WARNING: the number of estimated true cluster members
  (structural vs. photometric) differ greatly.
Reduced membership function applied.
Membership probabilities saved to file.
Searching for optimal parameters.
Optimization terminated successfully.
         Current function value: -34.489316
         Iterations: 14
         Function evaluations: 41
Optimization terminated successfully.
         Current function value: -19.051050
         Iterations: 14
         Function evaluations: 41
Using Genetic Algorithm (dolphin; knuth).
   10% done       (0.009591, 7, 0.05, 18.42, 410, 0.5)
   20% done       (0.009591, 7, 0.05, 18.42, 410, 0.5)
   30% done       (0.009591, 7, 0.05, 18.42, 410, 0.5)
   40% done       (0.009591, 7, 0.05, 18.42, 410, 0.5)
Best fit params obtained.
Begin bootstrap process (10).
Optimization terminated successfully.
         Current function value: -37.810904
         Iterations: 16
         Function evaluations: 44
Optimization terminated successfully.
         Current function value: -30.441763
         Iterations: 16
         Function evaluations: 44
  10% done
Optimization terminated successfully.
         Current function value: -30.783121
         Iterations: 14
         Function evaluations: 41
Optimization terminated successfully.
         Current function value: -17.412260
         Iterations: 13
         Function evaluations: 38
  20% done
Optimization terminated successfully.
         Current function value: -40.192724
         Iterations: 14
         Function evaluations: 41
Optimization terminated successfully.
         Current function value: -17.499640
         Iterations: 13
         Function evaluations: 38
  30% done
Optimization terminated successfully.
         Current function value: -27.377851
         Iterations: 15
         Function evaluations: 42
Optimization terminated successfully.
         Current function value: -9.693790
         Iterations: 13
         Function evaluations: 38
  40% done
Optimization terminated successfully.
         Current function value: -24.767527
         Iterations: 15
         Function evaluations: 42
Optimization terminated successfully.
         Current function value: -36.348800
         Iterations: 14
         Function evaluations: 41
  50% done
Optimization terminated successfully.
         Current function value: -43.235397
         Iterations: 15
         Function evaluations: 42
Optimization terminated successfully.
         Current function value: -24.477936
         Iterations: 15
         Function evaluations: 42
  60% done
Optimization terminated successfully.
         Current function value: -30.102480
         Iterations: 14
         Function evaluations: 41
Optimization terminated successfully.
         Current function value: -4.628879
         Iterations: 13
         Function evaluations: 38
  70% done
Optimization terminated successfully.
         Current function value: -19.579504
         Iterations: 14
         Function evaluations: 39
Optimization terminated successfully.
         Current function value: -11.049645
         Iterations: 13
         Function evaluations: 38
  80% done
Optimization terminated successfully.
         Current function value: -45.139479
         Iterations: 14
         Function evaluations: 41
Optimization terminated successfully.
         Current function value: -10.902375
         Iterations: 13
         Function evaluations: 38
  90% done
Optimization terminated successfully.
         Current function value: -40.260272
         Iterations: 14
         Function evaluations: 41
Optimization terminated successfully.
         Current function value: -4.651527
         Iterations: 14
         Function evaluations: 39
  100% done
Best fit synthetic cluster saved to file.
Cluster's parameters and flags added to output file.
Plots created.
Photometric data file moved.
End of analysis for BSDL654 in 918m 45s.

Full iteration completed in 918m 54s.
