

-------------------------------------------
             [ASteCA v0.1.9-beta]
-------------------------------------------

PARSEC v1.1 theoretical isochrones read,
interpolated and stored:
  23 metallicity values (z),
  83 age values (per z),
  21 reddening values,
  9 distance values,
  51 mass values,
  1 binary fraction values.
  = 1.8e+07 approx total models.
Full check done.

(Force matplotlib to not use any Xwindows backend)

Analyzing cluster KMHK586 (semi).
 Set max extinction value: 0.07, step: 0.01
 LMC cluster
Data obtained from input file (N_stars: 111093).
Frame's 2D histogram obtained
Semi center found: (6493.13, 6223.03) px.
Radial density profile (RDP) calculated.
Field density calculated (9.1E-03 stars/px^2).
Auto radius found: 99.2349 px.
Tidal radius obtained: 522.077 px.
Stars accepted/rejected based on their errors.
Stars separated in/out of cluster's boundaries.
Area of cluster obtained.
Approximate number of members in cluster obtained (32).
Contamination index obtained (0.90).
Using defined number of field regions (10).
LF and completeness magnitude levels obtained.
Integrated color magnitude distribution obtained (1.57).
Obtaining KDE p-value for cluster vs field regions.
  15% done
  30% done
  50% done
  70% done
  85% done
  100% done
Probability of physical cluster obtained (0.72).
Applying decontamination algorithm.
  25% done
  50% done
  MPs converged. Breaking out (721).
  WARNING: the number of estimated true cluster members
  (structural vs. photometric) differ greatly.
Reduced membership function applied.
Membership probabilities saved to file.
Searching for optimal parameters.
Optimization terminated successfully.
         Current function value: -14.094074
         Iterations: 15
         Function evaluations: 42
Optimization terminated successfully.
         Current function value: -48.114249
         Iterations: 14
         Function evaluations: 41
Using Genetic Algorithm (dolphin; knuth).
   10% done       (0.009591, 9.55, 0.01, 18.4, 1210, 0.5)
   20% done       (0.009591, 9.55, 0.01, 18.4, 1210, 0.5)
   30% done       (0.009591, 9.55, 0.01, 18.4, 1210, 0.5)
   40% done       (0.009591, 9.55, 0.01, 18.4, 1210, 0.5)
Best fit params obtained.
Begin bootstrap process (10).
Optimization terminated successfully.
         Current function value: -3.281742
         Iterations: 15
         Function evaluations: 42
Optimization terminated successfully.
         Current function value: -50.227388
         Iterations: 16
         Function evaluations: 44
  10% done
Optimization terminated successfully.
         Current function value: -37.168070
         Iterations: 14
         Function evaluations: 41
Optimization terminated successfully.
         Current function value: -92.254584
         Iterations: 15
         Function evaluations: 43
  20% done
Optimization terminated successfully.
         Current function value: -10.082931
         Iterations: 14
         Function evaluations: 41
Optimization terminated successfully.
         Current function value: -50.788833
         Iterations: 16
         Function evaluations: 44
  30% done
Optimization terminated successfully.
         Current function value: -0.286835
         Iterations: 13
         Function evaluations: 38
Optimization terminated successfully.
         Current function value: -48.573702
         Iterations: 13
         Function evaluations: 38
  40% done
Optimization terminated successfully.
         Current function value: -22.063408
         Iterations: 15
         Function evaluations: 41
Optimization terminated successfully.
         Current function value: -54.817682
         Iterations: 16
         Function evaluations: 44
  50% done
Optimization terminated successfully.
         Current function value: -26.340519
         Iterations: 14
         Function evaluations: 41
Optimization terminated successfully.
         Current function value: -47.378108
         Iterations: 14
         Function evaluations: 41
  60% done
Optimization terminated successfully.
         Current function value: -21.715623
         Iterations: 15
         Function evaluations: 41
Optimization terminated successfully.
         Current function value: -78.700855
         Iterations: 15
         Function evaluations: 43
  70% done
Optimization terminated successfully.
         Current function value: -26.466598
         Iterations: 15
         Function evaluations: 41
Optimization terminated successfully.
         Current function value: -69.829971
         Iterations: 15
         Function evaluations: 43
  80% done
Optimization terminated successfully.
         Current function value: -14.491655
         Iterations: 15
         Function evaluations: 42
Optimization terminated successfully.
         Current function value: -35.843824
         Iterations: 14
         Function evaluations: 41
  90% done
Optimization terminated successfully.
         Current function value: -5.685256
         Iterations: 14
         Function evaluations: 41
Optimization terminated successfully.
         Current function value: -51.770849
         Iterations: 15
         Function evaluations: 42
  100% done
Best fit synthetic cluster saved to file.
Cluster's parameters and flags added to output file.
Top tier models saved to file and plotted.
Plots created.
Photometric data file moved.
End of analysis for KMHK586 in 977m 24s.

Full iteration completed in 977m 33s.
