

-------------------------------------------
             [ASteCA v0.1.9-beta]
-------------------------------------------

PARSEC v1.1 theoretical isochrones read,
interpolated and stored:
  23 metallicity values (z),
  83 age values (per z),
  21 reddening values,
  9 distance values,
  51 mass values,
  1 binary fraction values.
  = 1.8e+07 approx total models.
Full check done.

(Force matplotlib to not use any Xwindows backend)

Analyzing cluster SL218 (semi).
 Set max extinction value: 0.07, step: 0.01
 LMC cluster
Data obtained from input file (N_stars: 61269).
Frame's 2D histogram obtained
Semi center fixed: (1930, 660) px.
Radial density profile (RDP) calculated.
Field density calculated (1.4E-02 stars/px^2).
Semi radius set: 100 px.
  WARNING: tidal radius could not be obtained.
  WARNING: core radius could not be obtained.
Stars accepted/rejected based on their errors.
Stars separated in/out of cluster's boundaries.
Area of cluster obtained.
  WARNING: only 0 true members estimated in cluster region.
  WARNING: CI value obtained is too high: 1.01
Using defined number of field regions (15).
LF and completeness magnitude levels obtained.
Integrated color magnitude distribution obtained (-0.10).
Obtaining KDE p-value for cluster vs field regions.
  15% done
  30% done
  50% done
  70% done
  85% done
  100% done
Probability of physical cluster obtained (0.86).
Applying decontamination algorithm.
  MPs converged. Breaking out (246).
  WARNING: the number of estimated true cluster members
  (structural vs. photometric) differ greatly.
Reduced membership function applied.
Membership probabilities saved to file.
Searching for optimal parameters.
Optimization terminated successfully.
         Current function value: -30.737525
         Iterations: 14
         Function evaluations: 41
Optimization terminated successfully.
         Current function value: -23.991694
         Iterations: 14
         Function evaluations: 41
Using Genetic Algorithm (dolphin; knuth).
   10% done       (0.007618, 8.1, 0.04, 18.52, 410, 0.5)
   20% done       (0.007618, 8.1, 0.04, 18.52, 410, 0.5)
   30% done       (0.009591, 8.05, 0.05, 18.48, 410, 0.5)
   40% done       (0.009591, 6.25, 0.06, 18.52, 610, 0.5)
   50% done       (0.009591, 6.25, 0.06, 18.52, 610, 0.5)
   60% done       (0.009591, 6.25, 0.06, 18.52, 610, 0.5)
   70% done       (0.009591, 6.25, 0.06, 18.52, 610, 0.5)
   80% done       (0.009591, 6.25, 0.06, 18.52, 610, 0.5)
Best fit params obtained.
Begin bootstrap process (10).
Optimization terminated successfully.
         Current function value: -13.523873
         Iterations: 13
         Function evaluations: 38
Optimization terminated successfully.
         Current function value: -9.462584
         Iterations: 16
         Function evaluations: 44
  10% done
Optimization terminated successfully.
         Current function value: -44.046731
         Iterations: 15
         Function evaluations: 43
Optimization terminated successfully.
         Current function value: -23.720358
         Iterations: 16
         Function evaluations: 45
  20% done
Optimization terminated successfully.
         Current function value: -25.680913
         Iterations: 18
         Function evaluations: 49
Optimization terminated successfully.
         Current function value: -28.365012
         Iterations: 17
         Function evaluations: 47
  30% done
Optimization terminated successfully.
         Current function value: -13.986084
         Iterations: 14
         Function evaluations: 41
Optimization terminated successfully.
         Current function value: -34.361132
         Iterations: 15
         Function evaluations: 42
  40% done
Optimization terminated successfully.
         Current function value: -29.303005
         Iterations: 15
         Function evaluations: 44
Optimization terminated successfully.
         Current function value: -24.556917
         Iterations: 15
         Function evaluations: 42
  50% done
Optimization terminated successfully.
         Current function value: -27.397751
         Iterations: 14
         Function evaluations: 41
Optimization terminated successfully.
         Current function value: -23.285964
         Iterations: 16
         Function evaluations: 45
  60% done
Optimization terminated successfully.
         Current function value: -13.048956
         Iterations: 14
         Function evaluations: 39
Optimization terminated successfully.
         Current function value: -34.235799
         Iterations: 16
         Function evaluations: 45
  70% done
Optimization terminated successfully.
         Current function value: -29.922698
         Iterations: 15
         Function evaluations: 42
Optimization terminated successfully.
         Current function value: -28.366883
         Iterations: 16
         Function evaluations: 44
  80% done
Optimization terminated successfully.
         Current function value: -27.479385
         Iterations: 15
         Function evaluations: 42
Optimization terminated successfully.
         Current function value: -13.619705
         Iterations: 16
         Function evaluations: 45
  90% done
Optimization terminated successfully.
         Current function value: -35.506189
         Iterations: 15
         Function evaluations: 44
Optimization terminated successfully.
         Current function value: -19.496994
         Iterations: 15
         Function evaluations: 41
  100% done
Best fit synthetic cluster saved to file.
Output data file created.
Cluster's parameters and flags added to output file.
Top tier models saved to file and plotted.
Plots created.
Photometric data file moved.
End of analysis for SL218 in 1474m 39s.

Full iteration completed in 1474m 43s.
