

-------------------------------------------
             [ASteCA v0.1.9-beta]
-------------------------------------------

  WARNING: params_input_02.dat file does not exist.
  Falling back to 'params_input.dat' file.

PARSEC v1.1 theoretical isochrones read,
interpolated and stored:
  23 metallicity values (z),
  83 age values (per z),
  21 reddening values,
  9 distance values,
  51 mass values,
  1 binary fraction values.
  = 1.8e+07 approx total models.
Full check done.

(Force matplotlib to not use any Xwindows backend)

Analyzing cluster SL510 (semi).
 Set max extinction value: 0.1, step: 0.02
 LMC cluster
Data obtained from input file (N_stars: 94851).
Frame's 2D histogram obtained
Semi center fixed: (5890, 7115) px.
Radial density profile (RDP) calculated.
Field density calculated (9.4E-03 stars/px^2).
Semi radius set: 70 px.
  WARNING: tidal radius could not be obtained.
Stars accepted/rejected based on their errors.
Stars separated in/out of cluster's boundaries.
Area of cluster obtained.
  WARNING: only 9 true members estimated in cluster region.
Contamination index obtained (0.94).
Using defined number of field regions (15).
LF and completeness magnitude levels obtained.
Integrated color magnitude distribution obtained (0.24).
Obtaining KDE p-value for cluster vs field regions.
  15% done
  30% done
  50% done
  70% done
  85% done
  100% done
Probability of physical cluster obtained (0.97).
Applying decontamination algorithm.
  MPs converged. Breaking out (224).
  WARNING: the number of estimated true cluster members
  (structural vs. photometric) differ greatly.
Reduced membership function skipped.
Membership probabilities saved to file.
Searching for optimal parameters.
Optimization terminated successfully.
         Current function value: -56.722564
         Iterations: 14
         Function evaluations: 41
Optimization terminated successfully.
         Current function value: -18.606520
         Iterations: 14
         Function evaluations: 41
Using Genetic Algorithm (dolphin; knuth).
   10% done       (0.009591, 8.5, 0.04, 18.58, 1210, 0.5)
   20% done       (0.009591, 8.5, 0.04, 18.58, 1210, 0.5)
   30% done       (0.009591, 8.5, 0.04, 18.58, 1210, 0.5)
   40% done       (0.0152, 6.95, 0.08, 18.6, 610, 0.5)
   50% done       (0.0152, 6.95, 0.08, 18.6, 610, 0.5)
   60% done       (0.0152, 6.95, 0.08, 18.6, 610, 0.5)
   70% done       (0.0152, 6.95, 0.08, 18.6, 610, 0.5)
Best fit params obtained.
Begin bootstrap process (10).
Optimization terminated successfully.
         Current function value: -64.587765
         Iterations: 15
         Function evaluations: 44
Optimization terminated successfully.
         Current function value: -22.633395
         Iterations: 16
         Function evaluations: 45
  10% done
Optimization terminated successfully.
         Current function value: -63.006714
         Iterations: 14
         Function evaluations: 41
Optimization terminated successfully.
         Current function value: -26.780870
         Iterations: 15
         Function evaluations: 42
  20% done
Optimization terminated successfully.
         Current function value: -52.590933
         Iterations: 14
         Function evaluations: 41
Optimization terminated successfully.
         Current function value: -16.560041
         Iterations: 15
         Function evaluations: 42
  30% done
Optimization terminated successfully.
         Current function value: -50.996278
         Iterations: 14
         Function evaluations: 41
Optimization terminated successfully.
         Current function value: -19.622830
         Iterations: 15
         Function evaluations: 42
  40% done
Optimization terminated successfully.
         Current function value: -66.740892
         Iterations: 16
         Function evaluations: 44
Optimization terminated successfully.
         Current function value: -14.365468
         Iterations: 14
         Function evaluations: 41
  50% done
Optimization terminated successfully.
         Current function value: -69.056295
         Iterations: 17
         Function evaluations: 47
Optimization terminated successfully.
         Current function value: -20.185050
         Iterations: 14
         Function evaluations: 41
  60% done
Optimization terminated successfully.
         Current function value: -56.097441
         Iterations: 16
         Function evaluations: 45
Optimization terminated successfully.
         Current function value: -20.565964
         Iterations: 14
         Function evaluations: 41
  70% done
Optimization terminated successfully.
         Current function value: -54.430653
         Iterations: 16
         Function evaluations: 44
Optimization terminated successfully.
         Current function value: -23.467563
         Iterations: 15
         Function evaluations: 42
  80% done
Optimization terminated successfully.
         Current function value: -37.563890
         Iterations: 14
         Function evaluations: 41
Optimization terminated successfully.
         Current function value: -10.076955
         Iterations: 14
         Function evaluations: 41
  90% done
Optimization terminated successfully.
         Current function value: -52.814698
         Iterations: 15
         Function evaluations: 42
Optimization terminated successfully.
         Current function value: -30.746052
         Iterations: 14
         Function evaluations: 41
  100% done
Best fit synthetic cluster saved to file.
Cluster's parameters and flags added to output file.
Top tier models saved to file and plotted.
Plots created.
Photometric data file moved.
End of analysis for SL510 in 1009m 49s.

Full iteration completed in 1010m 7s.
