

-------------------------------------------
             [ASteCA v0.1.9-beta]
-------------------------------------------

  WARNING: params_input_13.dat file does not exist.
  Falling back to 'params_input.dat' file.

PARSEC v1.1 theoretical isochrones read,
interpolated and stored:
  23 metallicity values (z),
  83 age values (per z),
  21 reddening values,
  9 distance values,
  51 mass values,
  1 binary fraction values.
  = 1.8e+07 approx total models.
Full check done.

(Force matplotlib to not use any Xwindows backend)

Analyzing cluster BSDL761 (semi).
 Set max extinction value: 0.06, step: 0.01
 LMC cluster
Data obtained from input file (N_stars: 54351).
Frame's 2D histogram obtained
Semi center fixed: (720, 2725) px.
Radial density profile (RDP) calculated.
Field density calculated (6.4E-03 stars/px^2).
Semi radius set: 87.5 px.
Tidal radius obtained: 338.606 px.
Stars accepted/rejected based on their errors.
Stars separated in/out of cluster's boundaries.
Area of cluster obtained.
Approximate number of members in cluster obtained (34).
Contamination index obtained (0.82).
Using defined number of field regions (15).
LF and completeness magnitude levels obtained.
Integrated color magnitude distribution obtained (-0.72).
Obtaining KDE p-value for cluster vs field regions.
  15% done
  30% done
  50% done
  70% done
  85% done
  100% done
Probability of physical cluster obtained (0.66).
Applying decontamination algorithm.
  25% done
  50% done
  MPs converged. Breaking out (593).
  WARNING: the number of estimated true cluster members
  (structural vs. photometric) differ greatly.
Reduced membership function skipped.
Membership probabilities saved to file.
Searching for optimal parameters.
Optimization terminated successfully.
         Current function value: -103.824748
         Iterations: 16
         Function evaluations: 45
Optimization terminated successfully.
         Current function value: -32.963201
         Iterations: 14
         Function evaluations: 41
Using Genetic Algorithm (dolphin; knuth).
   10% done       (0.012074, 8.25, 0.03, 18.54, 610, 0.5)
   20% done       (0.012074, 8.25, 0.03, 18.54, 610, 0.5)
   30% done       (0.012074, 8.25, 0.03, 18.54, 610, 0.5)
   40% done       (0.012074, 8.25, 0.03, 18.54, 610, 0.5)
Best fit params obtained.
Begin bootstrap process (10).
Optimization terminated successfully.
         Current function value: -91.920908
         Iterations: 15
         Function evaluations: 42
Optimization terminated successfully.
         Current function value: -32.860238
         Iterations: 16
         Function evaluations: 44
  10% done
Optimization terminated successfully.
         Current function value: -100.148558
         Iterations: 15
         Function evaluations: 44
Optimization terminated successfully.
         Current function value: -33.746522
         Iterations: 14
         Function evaluations: 41
  20% done
Optimization terminated successfully.
         Current function value: -103.677737
         Iterations: 15
         Function evaluations: 44
Optimization terminated successfully.
         Current function value: -41.982404
         Iterations: 14
         Function evaluations: 41
  30% done
Optimization terminated successfully.
         Current function value: -99.922059
         Iterations: 15
         Function evaluations: 42
Optimization terminated successfully.
         Current function value: -41.262990
         Iterations: 14
         Function evaluations: 41
  40% done
Optimization terminated successfully.
         Current function value: -110.750674
         Iterations: 15
         Function evaluations: 43
Optimization terminated successfully.
         Current function value: -53.740676
         Iterations: 16
         Function evaluations: 44
  50% done
Optimization terminated successfully.
         Current function value: -33.719043
         Iterations: 15
         Function evaluations: 42
Optimization terminated successfully.
         Current function value: -43.091334
         Iterations: 15
         Function evaluations: 42
  60% done
Optimization terminated successfully.
         Current function value: -47.092433
         Iterations: 15
         Function evaluations: 42
Optimization terminated successfully.
         Current function value: -34.999838
         Iterations: 14
         Function evaluations: 41
  70% done
Optimization terminated successfully.
         Current function value: -111.689649
         Iterations: 15
         Function evaluations: 42
Optimization terminated successfully.
         Current function value: -34.873167
         Iterations: 17
         Function evaluations: 47
  80% done
Optimization terminated successfully.
         Current function value: -112.698549
         Iterations: 16
         Function evaluations: 44
Optimization terminated successfully.
         Current function value: -46.791591
         Iterations: 15
         Function evaluations: 42
  90% done
Optimization terminated successfully.
         Current function value: -107.945136
         Iterations: 16
         Function evaluations: 44
Optimization terminated successfully.
         Current function value: -26.875528
         Iterations: 15
         Function evaluations: 42
  100% done
Best fit synthetic cluster saved to file.
Cluster's parameters and flags added to output file.
Top tier models saved to file and plotted.
Plots created.
Photometric data file moved.
End of analysis for BSDL761 in 1291m 14s.

Full iteration completed in 1291m 30s.
