

-------------------------------------------
             [ASteCA v0.1.9-beta]
-------------------------------------------

  WARNING: params_input_18.dat file does not exist.
  Falling back to 'params_input.dat' file.

PARSEC v1.1 theoretical isochrones read,
interpolated and stored:
  23 metallicity values (z),
  83 age values (per z),
  21 reddening values,
  9 distance values,
  51 mass values,
  1 binary fraction values.
  = 1.8e+07 approx total models.
Full check done.

(Force matplotlib to not use any Xwindows backend)

Analyzing cluster L35 (semi).
 Set max extinction value: 0.1, step: 0.02
 SMC cluster
Data obtained from input file (N_stars: 28354).
  WARNING: 13% of stars in file were rejected.
Frame's 2D histogram obtained
Semi center found: (1063.23, 997.071) px.
Radial density profile (RDP) calculated.
Field density calculated (7.9E-03 stars/px^2).
Auto radius found: 87.4251 px.
Tidal radius obtained: 289.865 px.
Stars accepted/rejected based on their errors.
Stars separated in/out of cluster's boundaries.
Area of cluster obtained.
Approximate number of members in cluster obtained (23).
Contamination index obtained (0.89).
Using defined number of field regions (10).
LF and completeness magnitude levels obtained.
Integrated color magnitude distribution obtained (-0.54).
Obtaining KDE p-value for cluster vs field regions.
  15% done
  30% done
  50% done
  70% done
  85% done
  100% done
Probability of physical cluster obtained (0.99).
Applying decontamination algorithm.
  25% done
  50% done
  75% done
  100% done
  WARNING: the number of estimated true cluster members
  (structural vs. photometric) differ greatly.
Reduced membership function skipped.
Membership probabilities saved to file.
Searching for optimal parameters.
Optimization terminated successfully.
         Current function value: -81.525343
         Iterations: 15
         Function evaluations: 41
Optimization terminated successfully.
         Current function value: -39.194328
         Iterations: 14
         Function evaluations: 41
Using Genetic Algorithm (dolphin; knuth).
   10% done       (0.012074, 7.05, 0.08, 19.02, 1010, 0.5)
   20% done       (0.0152, 6.7, 0.06, 18.98, 1010, 0.5)
   30% done       (0.0152, 6.9, 0.1, 18.88, 610, 0.5)
   40% done       (0.0152, 6.9, 0.1, 18.88, 610, 0.5)
   50% done       (0.0152, 6.9, 0.1, 18.88, 610, 0.5)
   60% done       (0.0152, 6.9, 0.1, 18.88, 610, 0.5)
Best fit params obtained.
Begin bootstrap process (10).
Optimization terminated successfully.
         Current function value: -78.263130
         Iterations: 15
         Function evaluations: 42
Optimization terminated successfully.
         Current function value: -36.603843
         Iterations: 14
         Function evaluations: 41
  10% done
Optimization terminated successfully.
         Current function value: -72.375059
         Iterations: 17
         Function evaluations: 47
Optimization terminated successfully.
         Current function value: -47.587281
         Iterations: 14
         Function evaluations: 41
  20% done
Optimization terminated successfully.
         Current function value: -65.574873
         Iterations: 14
         Function evaluations: 41
Optimization terminated successfully.
         Current function value: -34.801636
         Iterations: 14
         Function evaluations: 41
  30% done
Optimization terminated successfully.
         Current function value: -75.586476
         Iterations: 14
         Function evaluations: 41
Optimization terminated successfully.
         Current function value: -15.824004
         Iterations: 15
         Function evaluations: 42
  40% done
Optimization terminated successfully.
         Current function value: -56.017913
         Iterations: 14
         Function evaluations: 41
Optimization terminated successfully.
         Current function value: -46.403695
         Iterations: 14
         Function evaluations: 41
  50% done
Optimization terminated successfully.
         Current function value: -112.654951
         Iterations: 15
         Function evaluations: 43
Optimization terminated successfully.
         Current function value: -45.904733
         Iterations: 17
         Function evaluations: 47
  60% done
Optimization terminated successfully.
         Current function value: -99.291304
         Iterations: 15
         Function evaluations: 42
Optimization terminated successfully.
         Current function value: -52.984694
         Iterations: 15
         Function evaluations: 41
  70% done
Optimization terminated successfully.
         Current function value: -74.028548
         Iterations: 14
         Function evaluations: 41
Optimization terminated successfully.
         Current function value: -53.722905
         Iterations: 15
         Function evaluations: 41
  80% done
Optimization terminated successfully.
         Current function value: -110.282587
         Iterations: 15
         Function evaluations: 43
Optimization terminated successfully.
         Current function value: -40.606024
         Iterations: 16
         Function evaluations: 44
  90% done
Optimization terminated successfully.
         Current function value: -94.300173
         Iterations: 16
         Function evaluations: 44
Optimization terminated successfully.
         Current function value: -44.737321
         Iterations: 14
         Function evaluations: 41
  100% done
Best fit synthetic cluster saved to file.
Cluster's parameters and flags added to output file.
Top tier models saved to file and plotted.
Plots created.
Photometric data file moved.
End of analysis for L35 in 1459m 15s.

Full iteration completed in 1459m 30s.
