

-------------------------------------------
             [ASteCA v0.1.9-beta]
-------------------------------------------

  WARNING: params_input_30.dat file does not exist.
  Falling back to 'params_input.dat' file.

PARSEC v1.1 theoretical isochrones read,
interpolated and stored:
  23 metallicity values (z),
  83 age values (per z),
  21 reddening values,
  9 distance values,
  51 mass values,
  1 binary fraction values.
  = 1.8e+07 approx total models.
Full check done.

(Force matplotlib to not use any Xwindows backend)

Analyzing cluster KMHK975 (semi).
 Set max extinction value: 0.3, step: 0.02
 LMC cluster
Data obtained from input file (N_stars: 3969).
Frame's 2D histogram obtained
Semi center found: (7463.97, 560.788) px.
Radial density profile (RDP) calculated.
Field density calculated (5.1E-03 stars/px^2).
Auto radius found: 91.4457 px.
Tidal radius obtained: 268.385 px.
Stars accepted/rejected based on their errors.
Stars separated in/out of cluster's boundaries.
Area of cluster obtained.
Approximate number of members in cluster obtained (23).
Contamination index obtained (0.85).
Using defined number of field regions (10).
LF and completeness magnitude levels obtained.
Integrated color magnitude distribution obtained (-0.85).
Obtaining KDE p-value for cluster vs field regions.
  15% done
  30% done
  50% done
  70% done
  85% done
  100% done
Probability of physical cluster obtained (0.78).
Applying decontamination algorithm.
  25% done
  50% done
  75% done
  100% done
  WARNING: the number of estimated true cluster members
  (structural vs. photometric) differ greatly.
Reduced membership function skipped.
Membership probabilities saved to file.
Searching for optimal parameters.
Optimization terminated successfully.
         Current function value: -6.253411
         Iterations: 15
         Function evaluations: 42
Optimization terminated successfully.
         Current function value: -7.671256
         Iterations: 15
         Function evaluations: 42
Using Genetic Algorithm (dolphin; knuth).
   10% done       (0.003033, 6.7, 0.22, 18.56, 610, 0.5)
   20% done       (0.003033, 6.7, 0.22, 18.56, 610, 0.5)
   30% done       (0.003033, 6.7, 0.22, 18.56, 610, 0.5)
   40% done       (0.003033, 6.7, 0.22, 18.56, 610, 0.5)
Best fit params obtained.
Begin bootstrap process (10).
Optimization terminated successfully.
         Current function value: -13.937862
         Iterations: 15
         Function evaluations: 42
Optimization terminated successfully.
         Current function value: -13.726822
         Iterations: 15
         Function evaluations: 42
  10% done
Optimization terminated successfully.
         Current function value: -18.491366
         Iterations: 15
         Function evaluations: 42
Optimization terminated successfully.
         Current function value: -12.789084
         Iterations: 13
         Function evaluations: 38
  20% done
Optimization terminated successfully.
         Current function value: 2.579127
         Iterations: 15
         Function evaluations: 42
Optimization terminated successfully.
         Current function value: -0.765164
         Iterations: 14
         Function evaluations: 39
  30% done
Optimization terminated successfully.
         Current function value: 2.188007
         Iterations: 15
         Function evaluations: 42
Optimization terminated successfully.
         Current function value: -4.412715
         Iterations: 13
         Function evaluations: 38
  40% done
Optimization terminated successfully.
         Current function value: -4.567256
         Iterations: 15
         Function evaluations: 42
Optimization terminated successfully.
         Current function value: -11.265369
         Iterations: 14
         Function evaluations: 41
  50% done
Optimization terminated successfully.
         Current function value: -5.203665
         Iterations: 14
         Function evaluations: 39
Optimization terminated successfully.
         Current function value: -12.050417
         Iterations: 14
         Function evaluations: 41
  60% done
Optimization terminated successfully.
         Current function value: -8.785029
         Iterations: 15
         Function evaluations: 42
Optimization terminated successfully.
         Current function value: -11.321954
         Iterations: 14
         Function evaluations: 39
  70% done
Optimization terminated successfully.
         Current function value: -14.883588
         Iterations: 14
         Function evaluations: 41
Optimization terminated successfully.
         Current function value: -20.026944
         Iterations: 14
         Function evaluations: 41
  80% done
Optimization terminated successfully.
         Current function value: -7.891053
         Iterations: 14
         Function evaluations: 41
Optimization terminated successfully.
         Current function value: -4.715309
         Iterations: 15
         Function evaluations: 42
  90% done
Optimization terminated successfully.
         Current function value: -12.373678
         Iterations: 15
         Function evaluations: 42
Optimization terminated successfully.
         Current function value: -16.580441
         Iterations: 15
         Function evaluations: 42
  100% done
Best fit synthetic cluster saved to file.
Cluster's parameters and flags added to output file.
Top tier models saved to file and plotted.
Plots created.
Photometric data file moved.
End of analysis for KMHK975 in 1289m 30s.

Analyzing cluster SL579 (semi).
 Set max extinction value: 0.14, step: 0.02
 LMC cluster
Data obtained from input file (N_stars: 3889).
Frame's 2D histogram obtained
Semi center fixed: (7723, 5989) px.
Radial density profile (RDP) calculated.
Field density calculated (4.8E-03 stars/px^2).
Semi radius set: 100 px.
  WARNING: tidal radius could not be obtained.
Stars accepted/rejected based on their errors.
Stars separated in/out of cluster's boundaries.
Area of cluster obtained.
Approximate number of members in cluster obtained (24).
Contamination index obtained (0.86).
Using defined number of field regions (10).
LF and completeness magnitude levels obtained.
Integrated color magnitude distribution obtained (-0.61).
Obtaining KDE p-value for cluster vs field regions.
  15% done
  30% done
  50% done
  70% done
  85% done
  100% done
Probability of physical cluster obtained (1.00).
Applying decontamination algorithm.
  25% done
  50% done
  MPs converged. Breaking out (696).
Reduced membership function skipped.
Membership probabilities saved to file.
Searching for optimal parameters.
Optimization terminated successfully.
         Current function value: -89.461292
         Iterations: 16
         Function evaluations: 44
Optimization terminated successfully.
         Current function value: -3.352150
         Iterations: 14
         Function evaluations: 41
Using Genetic Algorithm (dolphin; knuth).
   10% done       (0.003818, 6.85, 0.1, 18.42, 610, 0.5)
   20% done       (0.003818, 6.85, 0.1, 18.42, 610, 0.5)
   30% done       (0.003818, 6.85, 0.1, 18.42, 610, 0.5)
   40% done       (0.003818, 6.85, 0.1, 18.42, 610, 0.5)
Best fit params obtained.
Begin bootstrap process (10).
Optimization terminated successfully.
         Current function value: -96.493326
         Iterations: 17
         Function evaluations: 47
Optimization terminated successfully.
         Current function value: -0.696870
         Iterations: 15
         Function evaluations: 42
  10% done
Optimization terminated successfully.
         Current function value: -93.282020
         Iterations: 15
         Function evaluations: 44
Optimization terminated successfully.
         Current function value: 3.709796
         Iterations: 15
         Function evaluations: 42
  20% done
Optimization terminated successfully.
         Current function value: -78.808760
         Iterations: 17
         Function evaluations: 47
Optimization terminated successfully.
         Current function value: -18.645406
         Iterations: 15
         Function evaluations: 42
  30% done
Optimization terminated successfully.
         Current function value: -99.773164
         Iterations: 17
         Function evaluations: 48
Optimization terminated successfully.
         Current function value: -5.347854
         Iterations: 14
         Function evaluations: 41
  40% done
Optimization terminated successfully.
         Current function value: -101.719145
         Iterations: 16
         Function evaluations: 44
Optimization terminated successfully.
         Current function value: -4.874669
         Iterations: 15
         Function evaluations: 42
  50% done
Optimization terminated successfully.
         Current function value: -93.188725
         Iterations: 16
         Function evaluations: 44
Optimization terminated successfully.
         Current function value: 3.676643
         Iterations: 13
         Function evaluations: 38
  60% done
Optimization terminated successfully.
         Current function value: -38.541136
         Iterations: 15
         Function evaluations: 42
Optimization terminated successfully.
         Current function value: -8.394840
         Iterations: 14
         Function evaluations: 41
  70% done
Optimization terminated successfully.
         Current function value: -95.702669
         Iterations: 15
         Function evaluations: 43
Optimization terminated successfully.
         Current function value: -10.107673
         Iterations: 15
         Function evaluations: 42
  80% done
Optimization terminated successfully.
         Current function value: -43.442425
         Iterations: 16
         Function evaluations: 45
Optimization terminated successfully.
         Current function value: -5.290479
         Iterations: 13
         Function evaluations: 38
  90% done
Optimization terminated successfully.
         Current function value: -125.217271
         Iterations: 17
         Function evaluations: 48
Optimization terminated successfully.
         Current function value: -3.720513
         Iterations: 13
         Function evaluations: 38
  100% done
Best fit synthetic cluster saved to file.
Cluster's parameters and flags added to output file.
Plots created.
Photometric data file moved.
End of analysis for SL579 in 983m 49s.

Full iteration completed in 2273m 35s.
