

-------------------------------------------
             [ASteCA v0.1.9-beta]
-------------------------------------------

  WARNING: params_input_11.dat file does not exist.
  Falling back to 'params_input.dat' file.

PARSEC v1.1 theoretical isochrones read,
interpolated and stored:
  23 metallicity values (z),
  83 age values (per z),
  21 reddening values,
  9 distance values,
  51 mass values,
  1 binary fraction values.
  = 1.8e+07 approx total models.
Full check done.

(Force matplotlib to not use any Xwindows backend)

Analyzing cluster HS329 (semi).
 Set max extinction value: 0.08, step: 0.01
 LMC cluster
Data obtained from input file (N_stars: 40621).
Frame's 2D histogram obtained
Semi center found: (169.192, 7486.87) px.
Radial density profile (RDP) calculated.
Field density calculated (8.2E-03 stars/px^2).
Auto radius found: 105.73 px.
Tidal radius obtained: 327.177 px.
Stars accepted/rejected based on their errors.
Stars separated in/out of cluster's boundaries.
Area of cluster obtained.
Approximate number of members in cluster obtained (85).
Contamination index obtained (0.77).
Using defined number of field regions (10).
LF and completeness magnitude levels obtained.
Integrated color magnitude distribution obtained (4.32).
Obtaining KDE p-value for cluster vs field regions.
  15% done
  30% done
  50% done
  70% done
  85% done
  100% done
Probability of physical cluster obtained (0.83).
Applying decontamination algorithm.
  25% done
  50% done
  MPs converged. Breaking out (649).
Reduced membership function skipped.
Membership probabilities saved to file.
Searching for optimal parameters.
Optimization terminated successfully.
         Current function value: -163.000484
         Iterations: 16
         Function evaluations: 45
Optimization terminated successfully.
         Current function value: -136.813908
         Iterations: 16
         Function evaluations: 45
Using Genetic Algorithm (dolphin; knuth).
   10% done       (0.001914, 9.5, 0.01, 18.58, 5610, 0.5)
   20% done       (0.001914, 9.5, 0.01, 18.58, 5610, 0.5)
   30% done       (0.001914, 9.5, 0.01, 18.58, 5610, 0.5)
   40% done       (0.001914, 9.5, 0.01, 18.58, 5610, 0.5)
Best fit params obtained.
Begin bootstrap process (10).
Optimization terminated successfully.
         Current function value: -183.819017
         Iterations: 15
         Function evaluations: 43
Optimization terminated successfully.
         Current function value: -134.142742
         Iterations: 15
         Function evaluations: 43
  10% done
Optimization terminated successfully.
         Current function value: -159.624975
         Iterations: 15
         Function evaluations: 44
Optimization terminated successfully.
         Current function value: -100.534137
         Iterations: 15
         Function evaluations: 44
  20% done
Optimization terminated successfully.
         Current function value: -130.011264
         Iterations: 15
         Function evaluations: 42
Optimization terminated successfully.
         Current function value: -79.357861
         Iterations: 15
         Function evaluations: 44
  30% done
Optimization terminated successfully.
         Current function value: -156.707239
         Iterations: 15
         Function evaluations: 44
Optimization terminated successfully.
         Current function value: -142.888095
         Iterations: 16
         Function evaluations: 44
  40% done
Optimization terminated successfully.
         Current function value: -173.217165
         Iterations: 16
         Function evaluations: 45
Optimization terminated successfully.
         Current function value: -115.398693
         Iterations: 16
         Function evaluations: 44
  50% done
Optimization terminated successfully.
         Current function value: -146.419305
         Iterations: 16
         Function evaluations: 44
Optimization terminated successfully.
         Current function value: -103.688759
         Iterations: 18
         Function evaluations: 49
  60% done
Optimization terminated successfully.
         Current function value: -180.988051
         Iterations: 16
         Function evaluations: 45
Optimization terminated successfully.
         Current function value: -166.432743
         Iterations: 15
         Function evaluations: 43
  70% done
Optimization terminated successfully.
         Current function value: -120.374494
         Iterations: 15
         Function evaluations: 41
Optimization terminated successfully.
         Current function value: -119.666374
         Iterations: 15
         Function evaluations: 43
  80% done
Optimization terminated successfully.
         Current function value: -144.572257
         Iterations: 15
         Function evaluations: 44
Optimization terminated successfully.
         Current function value: -136.289344
         Iterations: 16
         Function evaluations: 45
  90% done
Optimization terminated successfully.
         Current function value: -165.209646
         Iterations: 16
         Function evaluations: 45
Optimization terminated successfully.
         Current function value: -97.773809
         Iterations: 16
         Function evaluations: 44
  100% done
Best fit synthetic cluster saved to file.
Cluster's parameters and flags added to output file.
Top tier models saved to file and plotted.
Plots created.
Photometric data file moved.
End of analysis for HS329 in 1134m 35s.

Full iteration completed in 1134m 51s.
