

-------------------------------------------
             [ASteCA v0.1.9-beta]
-------------------------------------------

  WARNING: params_input_04.dat file does not exist.
  Falling back to 'params_input.dat' file.

PARSEC v1.1 theoretical isochrones read,
interpolated and stored:
  23 metallicity values (z),
  83 age values (per z),
  21 reddening values,
  9 distance values,
  51 mass values,
  1 binary fraction values.
  = 1.8e+07 approx total models.
Full check done.

(Force matplotlib to not use any Xwindows backend)

Analyzing cluster SL218 (semi).
 Set max extinction value: 0.07, step: 0.01
 LMC cluster
Data obtained from input file (N_stars: 61269).
Frame's 2D histogram obtained
Semi center fixed: (1930, 660) px.
Radial density profile (RDP) calculated.
Field density calculated (1.4E-02 stars/px^2).
Semi radius set: 100 px.
  WARNING: tidal radius could not be obtained.
  WARNING: core radius could not be obtained.
Stars accepted/rejected based on their errors.
Stars separated in/out of cluster's boundaries.
Area of cluster obtained.
  WARNING: only 0 true members estimated in cluster region.
  WARNING: CI value obtained is too high: 1.01
Using defined number of field regions (15).
LF and completeness magnitude levels obtained.
Integrated color magnitude distribution obtained (-0.10).
Obtaining KDE p-value for cluster vs field regions.
  15% done
  30% done
  50% done
  70% done
  85% done
  100% done
Probability of physical cluster obtained (0.83).
Applying decontamination algorithm.
  MPs converged. Breaking out (244).
  WARNING: the number of estimated true cluster members
  (structural vs. photometric) differ greatly.
Reduced membership function skipped.
Membership probabilities saved to file.
Searching for optimal parameters.
Optimization terminated successfully.
         Current function value: -214.990938
         Iterations: 16
         Function evaluations: 45
Optimization terminated successfully.
         Current function value: -217.847378
         Iterations: 15
         Function evaluations: 44
Using Genetic Algorithm (dolphin; knuth).
   10% done       (0.009591, 9.15, 0.03, 18.52, 4210, 0.5)
   20% done       (0.009591, 9.15, 0.03, 18.52, 4210, 0.5)
   30% done       (0.009591, 9.15, 0.03, 18.52, 4210, 0.5)
   40% done       (0.009591, 9.15, 0.03, 18.52, 4210, 0.5)
Best fit params obtained.
Begin bootstrap process (10).
Optimization terminated successfully.
         Current function value: -171.095638
         Iterations: 17
         Function evaluations: 47
Optimization terminated successfully.
         Current function value: -222.706570
         Iterations: 15
         Function evaluations: 44
  10% done
Optimization terminated successfully.
         Current function value: -169.127350
         Iterations: 15
         Function evaluations: 42
Optimization terminated successfully.
         Current function value: -116.833438
         Iterations: 15
         Function evaluations: 42
  20% done
Optimization terminated successfully.
         Current function value: -226.156736
         Iterations: 15
         Function evaluations: 43
Optimization terminated successfully.
         Current function value: -226.641921
         Iterations: 15
         Function evaluations: 44
  30% done
Optimization terminated successfully.
         Current function value: -180.877293
         Iterations: 18
         Function evaluations: 49
Optimization terminated successfully.
         Current function value: -100.753677
         Iterations: 16
         Function evaluations: 44
  40% done
Optimization terminated successfully.
         Current function value: -237.606987
         Iterations: 15
         Function evaluations: 43
Optimization terminated successfully.
         Current function value: -228.541639
         Iterations: 15
         Function evaluations: 43
  50% done
Optimization terminated successfully.
         Current function value: -234.324935
         Iterations: 16
         Function evaluations: 44
Optimization terminated successfully.
         Current function value: -232.174022
         Iterations: 15
         Function evaluations: 43
  60% done
Optimization terminated successfully.
         Current function value: -196.594877
         Iterations: 15
         Function evaluations: 44
Optimization terminated successfully.
         Current function value: -101.574402
         Iterations: 14
         Function evaluations: 41
  70% done
Optimization terminated successfully.
         Current function value: -127.613033
         Iterations: 15
         Function evaluations: 41
Optimization terminated successfully.
         Current function value: -218.189540
         Iterations: 17
         Function evaluations: 48
  80% done
Optimization terminated successfully.
         Current function value: -210.437885
         Iterations: 16
         Function evaluations: 45
Optimization terminated successfully.
         Current function value: -121.158722
         Iterations: 15
         Function evaluations: 42
  90% done
Optimization terminated successfully.
         Current function value: -118.284427
         Iterations: 16
         Function evaluations: 44
Optimization terminated successfully.
         Current function value: -222.255821
         Iterations: 15
         Function evaluations: 43
  100% done
Best fit synthetic cluster saved to file.
Cluster's parameters and flags added to output file.
Top tier models saved to file and plotted.
Plots created.
Photometric data file moved.
End of analysis for SL218 in 1205m 6s.

Full iteration completed in 1205m 24s.
