

-------------------------------------------
             [ASteCA v0.1.9-beta]
-------------------------------------------

  WARNING: params_input_16.dat file does not exist.
  Falling back to 'params_input.dat' file.

PARSEC v1.1 theoretical isochrones read,
interpolated and stored:
  23 metallicity values (z),
  83 age values (per z),
  21 reddening values,
  9 distance values,
  51 mass values,
  1 binary fraction values.
  = 1.8e+07 approx total models.
Full check done.

(Force matplotlib to not use any Xwindows backend)

Analyzing cluster L72 (semi).
 Set max extinction value: 0.07, step: 0.01
 SMC cluster
Data obtained from input file (N_stars: 43815).
Frame's 2D histogram obtained
Semi center fixed: (1501.56, 968.93) px.
Radial density profile (RDP) calculated.
Field density calculated (1.1E-02 stars/px^2).
Semi radius set: 100 px.
Tidal radius obtained: 766.439 px.
Stars accepted/rejected based on their errors.
Stars separated in/out of cluster's boundaries.
Area of cluster obtained.
Approximate number of members in cluster obtained (215).
Contamination index obtained (0.62).
Using defined number of field regions (10).
LF and completeness magnitude levels obtained.
Integrated color magnitude distribution obtained (0.42).
Obtaining KDE p-value for cluster vs field regions.
  15% done
  30% done
  50% done
  70% done
  85% done
  100% done
Probability of physical cluster obtained (1.00).
Applying decontamination algorithm.
  25% done
  50% done
  MPs converged. Breaking out (543).
Reduced membership function skipped.
Membership probabilities saved to file.
Searching for optimal parameters.
Optimization terminated successfully.
         Current function value: -401.886193
         Iterations: 15
         Function evaluations: 42
Optimization terminated successfully.
         Current function value: -219.955859
         Iterations: 15
         Function evaluations: 43
Using Genetic Algorithm (dolphin; knuth).
   10% done       (0.002409, 7.55, 0.06, 18.94, 2210, 0.5)
   20% done       (0.002409, 7.55, 0.06, 18.94, 2210, 0.5)
   30% done       (0.002409, 7.55, 0.06, 18.94, 2210, 0.5)
   40% done       (0.006051, 7.75, 0, 18.9, 3410, 0.5)
   50% done       (0.006051, 7.75, 0, 18.9, 3410, 0.5)
   60% done       (0.006051, 7.75, 0, 18.9, 3410, 0.5)
   70% done       (0.006051, 7.75, 0, 18.9, 3410, 0.5)
   80% done       (0.006051, 7.75, 0, 18.9, 3410, 0.5)
Best fit params obtained.
Begin bootstrap process (10).
Optimization terminated successfully.
         Current function value: -377.574548
         Iterations: 15
         Function evaluations: 42
Optimization terminated successfully.
         Current function value: -216.365260
         Iterations: 15
         Function evaluations: 43
  10% done
Optimization terminated successfully.
         Current function value: -384.327414
         Iterations: 17
         Function evaluations: 46
Optimization terminated successfully.
         Current function value: -258.886964
         Iterations: 15
         Function evaluations: 44
  20% done
Optimization terminated successfully.
         Current function value: -350.850261
         Iterations: 15
         Function evaluations: 42
Optimization terminated successfully.
         Current function value: -204.514217
         Iterations: 17
         Function evaluations: 47
  30% done
Optimization terminated successfully.
         Current function value: -367.538853
         Iterations: 16
         Function evaluations: 44
Optimization terminated successfully.
         Current function value: -236.014863
         Iterations: 15
         Function evaluations: 42
  40% done
Optimization terminated successfully.
         Current function value: -416.349892
         Iterations: 16
         Function evaluations: 45
Optimization terminated successfully.
         Current function value: -238.434879
         Iterations: 15
         Function evaluations: 42
  50% done
Optimization terminated successfully.
         Current function value: -424.058750
         Iterations: 16
         Function evaluations: 47
Optimization terminated successfully.
         Current function value: -238.300171
         Iterations: 15
         Function evaluations: 43
  60% done
Optimization terminated successfully.
         Current function value: -394.308405
         Iterations: 15
         Function evaluations: 43
Optimization terminated successfully.
         Current function value: -233.690675
         Iterations: 16
         Function evaluations: 45
  70% done
Optimization terminated successfully.
         Current function value: -382.579165
         Iterations: 16
         Function evaluations: 44
Optimization terminated successfully.
         Current function value: -257.328678
         Iterations: 16
         Function evaluations: 45
  80% done
Optimization terminated successfully.
         Current function value: -391.978027
         Iterations: 17
         Function evaluations: 48
Optimization terminated successfully.
         Current function value: -223.513245
         Iterations: 15
         Function evaluations: 43
  90% done
Optimization terminated successfully.
         Current function value: -401.025374
         Iterations: 15
         Function evaluations: 44
Optimization terminated successfully.
         Current function value: -242.605322
         Iterations: 15
         Function evaluations: 43
  100% done
Best fit synthetic cluster saved to file.
Cluster's parameters and flags added to output file.
Top tier models saved to file and plotted.
Plots created.
Photometric data file moved.
End of analysis for L72 in 1710m 56s.

Full iteration completed in 1711m 11s.
