

-------------------------------------------
             [ASteCA v0.1.9-beta]
-------------------------------------------

  WARNING: params_input_14.dat file does not exist.
  Falling back to 'params_input.dat' file.

PARSEC v1.1 theoretical isochrones read,
interpolated and stored:
  23 metallicity values (z),
  83 age values (per z),
  21 reddening values,
  9 distance values,
  51 mass values,
  1 binary fraction values.
  = 1.8e+07 approx total models.
Full check done.

(Force matplotlib to not use any Xwindows backend)

Analyzing cluster BSDL779 (semi).
 Set max extinction value: 0.06, step: 0.01
 LMC cluster
Data obtained from input file (N_stars: 47795).
Frame's 2D histogram obtained
Semi center found: (923.99, 881.01) px.
Radial density profile (RDP) calculated.
Field density calculated (5.5E-03 stars/px^2).
Auto radius found: 127.016 px.
Tidal radius obtained: 171.463 px.
Stars accepted/rejected based on their errors.
Stars separated in/out of cluster's boundaries.
Area of cluster obtained.
Approximate number of members in cluster obtained (83).
Contamination index obtained (0.77).
Using defined number of field regions (10).
LF and completeness magnitude levels obtained.
Integrated color magnitude distribution obtained (-0.14).
Obtaining KDE p-value for cluster vs field regions.
  15% done
  30% done
  50% done
  70% done
  85% done
  100% done
Probability of physical cluster obtained (0.84).
Applying decontamination algorithm.
  25% done
  50% done
  MPs converged. Breaking out (705).
Reduced membership function skipped.
Membership probabilities saved to file.
Searching for optimal parameters.
Optimization terminated successfully.
         Current function value: -159.612767
         Iterations: 16
         Function evaluations: 45
Optimization terminated successfully.
         Current function value: -129.666313
         Iterations: 17
         Function evaluations: 48
Using Genetic Algorithm (dolphin; knuth).
   10% done       (0.0152, 8, 0.03, 18.42, 1010, 0.5)
   20% done       (0.0152, 7.5, 0.06, 18.46, 1210, 0.5)
   30% done       (0.0152, 7.5, 0.06, 18.46, 1210, 0.5)
   40% done       (0.0152, 7.5, 0.06, 18.46, 1210, 0.5)
   50% done       (0.0152, 7.5, 0.06, 18.46, 1210, 0.5)
Best fit params obtained.
Begin bootstrap process (10).
Optimization terminated successfully.
         Current function value: -144.092549
         Iterations: 15
         Function evaluations: 44
Optimization terminated successfully.
         Current function value: -109.539516
         Iterations: 18
         Function evaluations: 49
  10% done
Optimization terminated successfully.
         Current function value: -170.199728
         Iterations: 15
         Function evaluations: 43
Optimization terminated successfully.
         Current function value: -118.709603
         Iterations: 14
         Function evaluations: 41
  20% done
Optimization terminated successfully.
         Current function value: -108.379404
         Iterations: 16
         Function evaluations: 44
Optimization terminated successfully.
         Current function value: -119.825296
         Iterations: 15
         Function evaluations: 41
  30% done
Optimization terminated successfully.
         Current function value: -145.113722
         Iterations: 15
         Function evaluations: 43
Optimization terminated successfully.
         Current function value: -144.922150
         Iterations: 16
         Function evaluations: 45
  40% done
Optimization terminated successfully.
         Current function value: -140.471228
         Iterations: 15
         Function evaluations: 42
Optimization terminated successfully.
         Current function value: -145.521419
         Iterations: 15
         Function evaluations: 44
  50% done
Optimization terminated successfully.
         Current function value: -212.298530
         Iterations: 15
         Function evaluations: 42
Optimization terminated successfully.
         Current function value: -172.297099
         Iterations: 15
         Function evaluations: 44
  60% done
Optimization terminated successfully.
         Current function value: -162.515725
         Iterations: 15
         Function evaluations: 43
Optimization terminated successfully.
         Current function value: -128.434756
         Iterations: 16
         Function evaluations: 44
  70% done
Optimization terminated successfully.
         Current function value: -163.281137
         Iterations: 16
         Function evaluations: 45
Optimization terminated successfully.
         Current function value: -126.564422
         Iterations: 15
         Function evaluations: 44
  80% done
Optimization terminated successfully.
         Current function value: -159.523323
         Iterations: 15
         Function evaluations: 42
Optimization terminated successfully.
         Current function value: -117.058457
         Iterations: 16
         Function evaluations: 44
  90% done
Optimization terminated successfully.
         Current function value: -164.325531
         Iterations: 16
         Function evaluations: 44
Optimization terminated successfully.
         Current function value: -137.282180
         Iterations: 15
         Function evaluations: 44
  100% done
Best fit synthetic cluster saved to file.
Cluster's parameters and flags added to output file.
Plots created.
Photometric data file moved.
End of analysis for BSDL779 in 1300m 3s.

Full iteration completed in 1300m 18s.
