

-------------------------------------------
             [ASteCA v0.1.9-beta]
-------------------------------------------

  WARNING: params_input_08.dat file does not exist.
  Falling back to 'params_input.dat' file.

PARSEC v1.1 theoretical isochrones read,
interpolated and stored:
  23 metallicity values (z),
  83 age values (per z),
  21 reddening values,
  9 distance values,
  51 mass values,
  1 binary fraction values.
  = 1.8e+07 approx total models.
Full check done.

(Force matplotlib to not use any Xwindows backend)

Analyzing cluster SL588 (semi).
 Set max extinction value: 0.3, step: 0.02
 LMC cluster
Data obtained from input file (N_stars: 57326).
Frame's 2D histogram obtained
Semi center fixed: (1690.05, 6424.63) px.
Radial density profile (RDP) calculated.
Field density calculated (4.9E-03 stars/px^2).
Semi radius set: 162.5 px.
Tidal radius obtained: 680.242 px.
Stars accepted/rejected based on their errors.
Stars separated in/out of cluster's boundaries.
Area of cluster obtained.
Approximate number of members in cluster obtained (101).
Contamination index obtained (0.80).
Using defined number of field regions (10).
LF and completeness magnitude levels obtained.
Integrated color magnitude distribution obtained (0.47).
Obtaining KDE p-value for cluster vs field regions.
  15% done
  30% done
  50% done
  70% done
  85% done
  100% done
Probability of physical cluster obtained (1.00).
Applying decontamination algorithm.
  25% done
  50% done
  MPs converged. Breaking out (743).
Reduced membership function skipped.
Membership probabilities saved to file.
Searching for optimal parameters.
Optimization terminated successfully.
         Current function value: -362.145337
         Iterations: 17
         Function evaluations: 47
Optimization terminated successfully.
         Current function value: -134.676525
         Iterations: 15
         Function evaluations: 44
Using Genetic Algorithm (dolphin; knuth).
   10% done       (0.009591, 8.7, 0.1, 18.6, 4210, 0.5)
   20% done       (0.009591, 8.85, 0.04, 18.42, 1610, 0.5)
   30% done       (0.009591, 8.85, 0.04, 18.42, 1610, 0.5)
   40% done       (0.009591, 8.85, 0.04, 18.42, 1610, 0.5)
   50% done       (0.009591, 8.85, 0.04, 18.42, 1610, 0.5)
   60% done       (0.009591, 8.85, 0.04, 18.42, 1610, 0.5)
Best fit params obtained.
Begin bootstrap process (10).
Optimization terminated successfully.
         Current function value: -356.280195
         Iterations: 15
         Function evaluations: 42
Optimization terminated successfully.
         Current function value: -116.577851
         Iterations: 16
         Function evaluations: 44
  10% done
Optimization terminated successfully.
         Current function value: -373.434051
         Iterations: 16
         Function evaluations: 44
Optimization terminated successfully.
         Current function value: -71.991747
         Iterations: 17
         Function evaluations: 48
  20% done
Optimization terminated successfully.
         Current function value: -382.969063
         Iterations: 16
         Function evaluations: 45
Optimization terminated successfully.
         Current function value: -140.174741
         Iterations: 15
         Function evaluations: 44
  30% done
Optimization terminated successfully.
         Current function value: -367.374514
         Iterations: 16
         Function evaluations: 44
Optimization terminated successfully.
         Current function value: -128.351675
         Iterations: 16
         Function evaluations: 44
  40% done
Optimization terminated successfully.
         Current function value: -361.052438
         Iterations: 15
         Function evaluations: 43
Optimization terminated successfully.
         Current function value: -80.438339
         Iterations: 16
         Function evaluations: 44
  50% done
Optimization terminated successfully.
         Current function value: -351.011508
         Iterations: 16
         Function evaluations: 44
Optimization terminated successfully.
         Current function value: -65.879835
         Iterations: 15
         Function evaluations: 41
  60% done
Optimization terminated successfully.
         Current function value: -317.800517
         Iterations: 16
         Function evaluations: 45
Optimization terminated successfully.
         Current function value: -104.304249
         Iterations: 17
         Function evaluations: 47
  70% done
Optimization terminated successfully.
         Current function value: -404.013213
         Iterations: 16
         Function evaluations: 45
Optimization terminated successfully.
         Current function value: -141.804968
         Iterations: 16
         Function evaluations: 44
  80% done
Optimization terminated successfully.
         Current function value: -335.176731
         Iterations: 16
         Function evaluations: 45
Optimization terminated successfully.
         Current function value: -112.919448
         Iterations: 16
         Function evaluations: 45
  90% done
Optimization terminated successfully.
         Current function value: -376.073116
         Iterations: 16
         Function evaluations: 45
Optimization terminated successfully.
         Current function value: -155.791672
         Iterations: 17
         Function evaluations: 47
  100% done
Best fit synthetic cluster saved to file.
Cluster's parameters and flags added to output file.
Plots created.
Photometric data file moved.
End of analysis for SL588 in 1425m 33s.

Full iteration completed in 1425m 50s.
