

-------------------------------------------
             [ASteCA v0.1.9-beta]
-------------------------------------------

  WARNING: params_input_09.dat file does not exist.
  Falling back to 'params_input.dat' file.

PARSEC v1.1 theoretical isochrones read,
interpolated and stored:
  23 metallicity values (z),
  83 age values (per z),
  21 reddening values,
  9 distance values,
  51 mass values,
  1 binary fraction values.
  = 1.8e+07 approx total models.
Full check done.

(Force matplotlib to not use any Xwindows backend)

Analyzing cluster HS130 (semi).
 Set max extinction value: 0.07, step: 0.01
 LMC cluster
Data obtained from input file (N_stars: 74286).
Frame's 2D histogram obtained
Semi center fixed: (280, 1945) px.
Radial density profile (RDP) calculated.
Field density calculated (9.1E-03 stars/px^2).
Semi radius set: 87.5 px.
  WARNING: tidal radius could not be obtained.
Stars accepted/rejected based on their errors.
Stars separated in/out of cluster's boundaries.
Area of cluster obtained.
Approximate number of members in cluster obtained (95).
Contamination index obtained (0.70).
Using defined number of field regions (10).
LF and completeness magnitude levels obtained.
Integrated color magnitude distribution obtained (-0.29).
Obtaining KDE p-value for cluster vs field regions.
  15% done
  30% done
  50% done
  70% done
  85% done
  100% done
Probability of physical cluster obtained (0.71).
Applying decontamination algorithm.
  25% done
  50% done
  MPs converged. Breaking out (649).
  WARNING: the number of estimated true cluster members
  (structural vs. photometric) differ greatly.
Reduced membership function skipped.
Membership probabilities saved to file.
Searching for optimal parameters.
Optimization terminated successfully.
         Current function value: -147.077100
         Iterations: 15
         Function evaluations: 44
Optimization terminated successfully.
         Current function value: -119.663136
         Iterations: 17
         Function evaluations: 47
Using Genetic Algorithm (dolphin; knuth).
   10% done       (0.012074, 7.9, 0.06, 18.5, 1210, 0.5)
   20% done       (0.012074, 7.9, 0.06, 18.5, 1210, 0.5)
   30% done       (0.012074, 7.9, 0.06, 18.5, 1210, 0.5)
   40% done       (0.012074, 7.9, 0.06, 18.5, 1210, 0.5)
Best fit params obtained.
Begin bootstrap process (10).
Optimization terminated successfully.
         Current function value: -89.615009
         Iterations: 15
         Function evaluations: 44
Optimization terminated successfully.
         Current function value: -136.666489
         Iterations: 18
         Function evaluations: 49
  10% done
Optimization terminated successfully.
         Current function value: -129.313968
         Iterations: 15
         Function evaluations: 42
Optimization terminated successfully.
         Current function value: -116.943898
         Iterations: 15
         Function evaluations: 44
  20% done
Optimization terminated successfully.
         Current function value: -139.866446
         Iterations: 15
         Function evaluations: 42
Optimization terminated successfully.
         Current function value: -146.030122
         Iterations: 16
         Function evaluations: 44
  30% done
Optimization terminated successfully.
         Current function value: -148.380197
         Iterations: 15
         Function evaluations: 43
Optimization terminated successfully.
         Current function value: -55.402047
         Iterations: 15
         Function evaluations: 42
  40% done
Optimization terminated successfully.
         Current function value: -90.589594
         Iterations: 15
         Function evaluations: 41
Optimization terminated successfully.
         Current function value: -129.725902
         Iterations: 17
         Function evaluations: 48
  50% done
Optimization terminated successfully.
         Current function value: -83.950807
         Iterations: 14
         Function evaluations: 41
Optimization terminated successfully.
         Current function value: -130.704562
         Iterations: 15
         Function evaluations: 44
  60% done
Optimization terminated successfully.
         Current function value: -92.639453
         Iterations: 14
         Function evaluations: 41
Optimization terminated successfully.
         Current function value: -121.544496
         Iterations: 17
         Function evaluations: 48
  70% done
Optimization terminated successfully.
         Current function value: -142.851681
         Iterations: 16
         Function evaluations: 45
Optimization terminated successfully.
         Current function value: -51.124328
         Iterations: 15
         Function evaluations: 42
  80% done
Optimization terminated successfully.
         Current function value: -153.395743
         Iterations: 15
         Function evaluations: 43
Optimization terminated successfully.
         Current function value: -48.115543
         Iterations: 14
         Function evaluations: 41
  90% done
Optimization terminated successfully.
         Current function value: -112.382360
         Iterations: 16
         Function evaluations: 44
Optimization terminated successfully.
         Current function value: -105.544472
         Iterations: 15
         Function evaluations: 41
  100% done
Best fit synthetic cluster saved to file.
Cluster's parameters and flags added to output file.
Top tier models saved to file and plotted.
Plots created.
Photometric data file moved.
End of analysis for HS130 in 1229m 28s.

Full iteration completed in 1229m 45s.
