

-------------------------------------------
            ASteCA v0.1.9-beta
-------------------------------------------

PARSEC v1.1 theoretical isochrones read,
interpolated and stored:
  23 metallicity values (z),
  83 age values (per z),
  21 reddening values,
  9 distance values,
  51 mass values,
  1 binary fraction values.
  = 1.8e+07 approx total models.
Full check done.

(Force matplotlib to not use any Xwindows backend)

Analizing cluster BS265 (semi).
 Set max extinction value: 0.16
Data obtained from input file (N_stars: 2405).
Frame's 2D histogram obtained
Semi center found: (8138.69, 2123.43) px.
Radial density profile (RDP) calculated.
Field density calculated (4.2E-03 stars/px^2).
Auto radius found: 43.651 px.
  WARNING: tidal radius could not be obtained.
  WARNING: core radius could not be obtained.
Stars accepted/rejected based on their errors.
Stars separated in/out of cluster's boundaries.
Area of cluster obtained.
Approximate number of members in cluster obtained (10).
Contamination index obtained (0.72).
Using defined number of field regions (10).
LF and completeness magnitude levels obtained.
Integrated color magnitude distribution obtained (2.70).
Skipping KDE p-value test for cluster.
Applying decontamination algorithm.
  25% done
  MPs converged. Breaking out (421).
Reduced membership function applied.
Membership probabilities saved to file.
Searching for optimal parameters.
Optimization terminated successfully.
         Current function value: 1.513624
         Iterations: 13
         Function evaluations: 36
Optimization terminated successfully.
         Current function value: -0.430783
         Iterations: 12
         Function evaluations: 35
Using Genetic Algorithm (dolphin/knuth).
   10% done       (0.003818, 9.1, 0.06, 18.9, 210, 0.5)
   20% done       (0.003818, 9.1, 0.06, 18.9, 210, 0.5)
   30% done       (0.003818, 9.1, 0.06, 18.9, 210, 0.5)
   40% done       (0.003818, 9.1, 0.06, 18.9, 210, 0.5)
   50% done       (0.003818, 9.1, 0.06, 18.9, 210, 0.5)
   60% done       (0.003818, 9.1, 0.06, 18.9, 210, 0.5)
Best fit params obtained.
Begin bootstrap process (10).
Optimization terminated successfully.
         Current function value: 0.811174
         Iterations: 13
         Function evaluations: 36
Optimization terminated successfully.
         Current function value: 0.811174
         Iterations: 13
         Function evaluations: 36
  10% done
Optimization terminated successfully.
         Current function value: 0.811174
         Iterations: 13
         Function evaluations: 36
Optimization terminated successfully.
         Current function value: -0.566584
         Iterations: 12
         Function evaluations: 35
  20% done
Optimization terminated successfully.
         Current function value: -2.149937
         Iterations: 13
         Function evaluations: 36
Optimization terminated successfully.
         Current function value: 1.322000
         Iterations: 13
         Function evaluations: 36
  30% done
Optimization terminated successfully.
         Current function value: 2.218427
         Iterations: 12
         Function evaluations: 35
Optimization terminated successfully.
         Current function value: -0.430783
         Iterations: 12
         Function evaluations: 35
  40% done
Optimization terminated successfully.
         Current function value: -0.642404
         Iterations: 13
         Function evaluations: 38
Optimization terminated successfully.
         Current function value: -8.285822
         Iterations: 16
         Function evaluations: 47
  50% done
Optimization terminated successfully.
         Current function value: 2.435572
         Iterations: 13
         Function evaluations: 38
Optimization terminated successfully.
         Current function value: -4.539992
         Iterations: 15
         Function evaluations: 42
  60% done
Optimization terminated successfully.
         Current function value: 1.077449
         Iterations: 14
         Function evaluations: 39
Optimization terminated successfully.
         Current function value: -11.134877
         Iterations: 15
         Function evaluations: 42
  70% done
Optimization terminated successfully.
         Current function value: -1.428660
         Iterations: 14
         Function evaluations: 39
Optimization terminated successfully.
         Current function value: -2.149937
         Iterations: 12
         Function evaluations: 35
  80% done
Optimization terminated successfully.
         Current function value: 0.415012
         Iterations: 13
         Function evaluations: 36
Optimization terminated successfully.
         Current function value: 0.811174
         Iterations: 13
         Function evaluations: 36
  90% done
Optimization terminated successfully.
         Current function value: -2.660763
         Iterations: 13
         Function evaluations: 36
Optimization terminated successfully.
         Current function value: -4.937332
         Iterations: 14
         Function evaluations: 41
  100% done
Best fit synthetic cluster saved to file.
Cluster's parameters and flags added to output file.
Plots created.
Photometric data file moved.
End of analysis for BS265 in 1315m 4s.

Analizing cluster L113 (semi).
 Set max extinction value: 0.14
Data obtained from input file (N_stars: 1972).
  WARNING: 18% of stars in file were rejected.
Frame's 2D histogram obtained
Semi center found: (1077.56, 1005.22) px.
Radial density profile (RDP) calculated.
Field density calculated (2.8E-04 stars/px^2).
Auto radius found: 255.739 px.
Tidal radius obtained: 552.431 px.
Stars accepted/rejected based on their errors.
Stars separated in/out of cluster's boundaries.
Area of cluster obtained.
Approximate number of members in cluster obtained (729).
Contamination index obtained (0.07).
Using defined number of field regions (10).
LF and completeness magnitude levels obtained.
Integrated color magnitude distribution obtained (1.55).
Skipping KDE p-value test for cluster.
Applying decontamination algorithm.
  MPs converged. Breaking out (75).
Reduced membership function applied.
Membership probabilities saved to file.
Searching for optimal parameters.
Optimization terminated successfully.
         Current function value: -810.453564
         Iterations: 17
         Function evaluations: 48
Optimization terminated successfully.
         Current function value: -428.198513
         Iterations: 15
         Function evaluations: 43
Using Genetic Algorithm (dolphin/knuth).
   10% done       (0.00152, 9.5, 0.08, 18.8, 8410, 0.5)
   20% done       (0.00152, 9.5, 0.08, 18.8, 8410, 0.5)
   30% done       (0.00152, 9.5, 0.08, 18.8, 8410, 0.5)
   40% done       (0.00152, 9.5, 0.08, 18.8, 8410, 0.5)
   50% done       (0.00152, 9.5, 0.08, 18.8, 8410, 0.5)
Best fit params obtained.
Begin bootstrap process (10).
Optimization terminated successfully.
         Current function value: -797.527228
         Iterations: 15
         Function evaluations: 43
Optimization terminated successfully.
         Current function value: -403.367188
         Iterations: 15
         Function evaluations: 44
  10% done
Optimization terminated successfully.
         Current function value: -625.418065
         Iterations: 15
         Function evaluations: 43
Optimization terminated successfully.
         Current function value: -463.130993
         Iterations: 15
         Function evaluations: 43
  20% done
Optimization terminated successfully.
         Current function value: -571.558732
         Iterations: 15
         Function evaluations: 43
Optimization terminated successfully.
         Current function value: -448.195909
         Iterations: 15
         Function evaluations: 43
  30% done
Optimization terminated successfully.
         Current function value: -809.214241
         Iterations: 15
         Function evaluations: 43
Optimization terminated successfully.
         Current function value: -465.193091
         Iterations: 16
         Function evaluations: 45
  40% done
Optimization terminated successfully.
         Current function value: -596.875820
         Iterations: 17
         Function evaluations: 48
Optimization terminated successfully.
         Current function value: -451.092717
         Iterations: 15
         Function evaluations: 44
  50% done
Optimization terminated successfully.
         Current function value: -794.685452
         Iterations: 15
         Function evaluations: 43
Optimization terminated successfully.
         Current function value: -402.871691
         Iterations: 15
         Function evaluations: 43
  60% done
Optimization terminated successfully.
         Current function value: -586.625793
         Iterations: 15
         Function evaluations: 44
Optimization terminated successfully.
         Current function value: -383.737452
         Iterations: 15
         Function evaluations: 44
  70% done
Optimization terminated successfully.
         Current function value: -790.168036
         Iterations: 16
         Function evaluations: 45
Optimization terminated successfully.
         Current function value: -410.566103
         Iterations: 15
         Function evaluations: 43
  80% done
Optimization terminated successfully.
         Current function value: -393.415884
         Iterations: 15
         Function evaluations: 44
Optimization terminated successfully.
         Current function value: -364.003227
         Iterations: 16
         Function evaluations: 45
  90% done
Optimization terminated successfully.
         Current function value: -814.284070
         Iterations: 16
         Function evaluations: 45
Optimization terminated successfully.
         Current function value: -436.737193
         Iterations: 16
         Function evaluations: 45
  100% done
Best fit synthetic cluster saved to file.
Cluster's parameters and flags added to output file.
Plots created.
Photometric data file moved.
End of analysis for L113 in 1385m 51s.

Analizing cluster L35 (semi).
 Set max extinction value: 0.2
Data obtained from input file (N_stars: 28354).
  WARNING: 13% of stars in file were rejected.
Frame's 2D histogram obtained
Semi center found: (1063.23, 997.071) px.
Radial density profile (RDP) calculated.
Field density calculated (7.9E-03 stars/px^2).
Auto radius found: 87.4251 px.
Tidal radius obtained: 289.865 px.
Stars accepted/rejected based on their errors.
Stars separated in/out of cluster's boundaries.
Area of cluster obtained.
Approximate number of members in cluster obtained (23).
Contamination index obtained (0.89).
Using defined number of field regions (10).
LF and completeness magnitude levels obtained.
Integrated color magnitude distribution obtained (-0.54).
Skipping KDE p-value test for cluster.
Applying decontamination algorithm.
  25% done
  50% done
  75% done
  100% done
  WARNING: the number of estimated true cluster members
  (structural vs. photometric) differ greatly.
Reduced membership function applied.
Membership probabilities saved to file.
Searching for optimal parameters.
Optimization terminated successfully.
         Current function value: -54.033543
         Iterations: 18
         Function evaluations: 50
Optimization terminated successfully.
         Current function value: -13.289535
         Iterations: 14
         Function evaluations: 41
Using Genetic Algorithm (dolphin/knuth).
   10% done       (0.012074, 6.45, 0.02, 19.05, 1010, 0.5)
   20% done       (0.012074, 6.45, 0.04, 18.9, 1010, 0.5)
   30% done       (0.012074, 6.4, 0.02, 19.2, 1010, 0.5)
   40% done       (0.012074, 6.4, 0.02, 19.2, 1010, 0.5)
   50% done       (0.012074, 6.4, 0.02, 19.2, 1010, 0.5)
   60% done       (0.012074, 6.4, 0.02, 19.2, 1010, 0.5)
   70% done       (0.012074, 6.4, 0.02, 19.2, 1010, 0.5)
Best fit params obtained.
Begin bootstrap process (10).
Optimization terminated successfully.
         Current function value: -60.698482
         Iterations: 17
         Function evaluations: 48
Optimization terminated successfully.
         Current function value: -21.270741
         Iterations: 15
         Function evaluations: 42
  10% done
Optimization terminated successfully.
         Current function value: -61.585492
         Iterations: 17
         Function evaluations: 47
Optimization terminated successfully.
         Current function value: -25.582954
         Iterations: 17
         Function evaluations: 48
  20% done
Optimization terminated successfully.
         Current function value: -57.345643
         Iterations: 15
         Function evaluations: 43
Optimization terminated successfully.
         Current function value: -11.363094
         Iterations: 14
         Function evaluations: 41
  30% done
Optimization terminated successfully.
         Current function value: -63.980537
         Iterations: 16
         Function evaluations: 45
Optimization terminated successfully.
         Current function value: -14.767651
         Iterations: 15
         Function evaluations: 42
  40% done
Optimization terminated successfully.
         Current function value: -59.909849
         Iterations: 17
         Function evaluations: 47
Optimization terminated successfully.
         Current function value: -14.269440
         Iterations: 14
         Function evaluations: 41
  50% done
Optimization terminated successfully.
         Current function value: -64.569548
         Iterations: 17
         Function evaluations: 47
Optimization terminated successfully.
         Current function value: -16.674532
         Iterations: 15
         Function evaluations: 42
  60% done
Optimization terminated successfully.
         Current function value: -55.207023
         Iterations: 17
         Function evaluations: 48
Optimization terminated successfully.
         Current function value: -17.397352
         Iterations: 14
         Function evaluations: 41
  70% done
Optimization terminated successfully.
         Current function value: -53.695797
         Iterations: 17
         Function evaluations: 47
Optimization terminated successfully.
         Current function value: -6.607467
         Iterations: 14
         Function evaluations: 41
  80% done
Optimization terminated successfully.
         Current function value: -42.881626
         Iterations: 15
         Function evaluations: 43
Optimization terminated successfully.
         Current function value: -19.423830
         Iterations: 14
         Function evaluations: 41
  90% done
Optimization terminated successfully.
         Current function value: -58.476194
         Iterations: 16
         Function evaluations: 45
Optimization terminated successfully.
         Current function value: -23.144858
         Iterations: 14
         Function evaluations: 41
  100% done
Best fit synthetic cluster saved to file.
Cluster's parameters and flags added to output file.
Top tier models saved to file and plotted.
Plots created.
Photometric data file moved.
End of analysis for L35 in 1475m 46s.

Analizing cluster NGC339 (semi).
 Set max extinction value: 0.12
Data obtained from input file (N_stars: 58048).
Frame's 2D histogram obtained
Semi center found: (1893.98, 4654.39) px.
Radial density profile (RDP) calculated.
Field density calculated (4.3E-03 stars/px^2).
Auto radius found: 425.08 px.
Tidal radius obtained: 750.471 px.
Stars accepted/rejected based on their errors.
Stars separated in/out of cluster's boundaries.
Area of cluster obtained.
Approximate number of members in cluster obtained (2941).
Contamination index obtained (0.45).
Using defined number of field regions (10).
LF and completeness magnitude levels obtained.
Integrated color magnitude distribution obtained (1.42).
Skipping KDE p-value test for cluster.
Applying decontamination algorithm.
  25% done
  MPs converged. Breaking out (385).
Reduced membership function applied.
Membership probabilities saved to file.
Searching for optimal parameters.
Optimization terminated successfully.
         Current function value: -3805.274038
         Iterations: 17
         Function evaluations: 47
Optimization terminated successfully.
         Current function value: -1971.979844
         Iterations: 16
         Function evaluations: 46
Using Genetic Algorithm (dolphin/knuth).
   10% done       (0.0152, 8.9, 0.1, 18.8, 9610, 0.5)
   20% done       (0.0152, 8.9, 0.1, 18.8, 9610, 0.5)
   30% done       (0.0152, 8.9, 0.1, 18.8, 9610, 0.5)
   40% done       (0.0152, 8.9, 0.1, 18.8, 9610, 0.5)
   50% done       (0.0152, 8.9, 0.1, 18.8, 9610, 0.5)
Best fit params obtained.
Begin bootstrap process (10).
Optimization terminated successfully.
         Current function value: -3360.684794
         Iterations: 18
         Function evaluations: 50
Optimization terminated successfully.
         Current function value: -1819.689192
         Iterations: 16
         Function evaluations: 45
  10% done
Optimization terminated successfully.
         Current function value: -3867.005578
         Iterations: 17
         Function evaluations: 50
Optimization terminated successfully.
         Current function value: -2044.725243
         Iterations: 17
         Function evaluations: 49
  20% done
Optimization terminated successfully.
         Current function value: -3460.609444
         Iterations: 19
         Function evaluations: 52
Optimization terminated successfully.
         Current function value: -2052.162540
         Iterations: 17
         Function evaluations: 47
  30% done
Optimization terminated successfully.
         Current function value: -3427.560794
         Iterations: 17
         Function evaluations: 50
Optimization terminated successfully.
         Current function value: -1907.808391
         Iterations: 17
         Function evaluations: 48
  40% done
Optimization terminated successfully.
         Current function value: -3817.324560
         Iterations: 17
         Function evaluations: 48
Optimization terminated successfully.
         Current function value: -1978.720555
         Iterations: 16
         Function evaluations: 46
  50% done
Optimization terminated successfully.
         Current function value: -3323.612362
         Iterations: 18
         Function evaluations: 50
Optimization terminated successfully.
         Current function value: -1850.418345
         Iterations: 16
         Function evaluations: 46
  60% done
Optimization terminated successfully.
         Current function value: -2762.241434
         Iterations: 18
         Function evaluations: 49
Optimization terminated successfully.
         Current function value: -1965.353521
         Iterations: 16
         Function evaluations: 45
  70% done
Optimization terminated successfully.
         Current function value: -3792.023761
         Iterations: 17
         Function evaluations: 48
Optimization terminated successfully.
         Current function value: -1957.429816
         Iterations: 16
         Function evaluations: 47
  80% done
Optimization terminated successfully.
         Current function value: -3888.091712
         Iterations: 18
         Function evaluations: 50
Optimization terminated successfully.
         Current function value: -1994.922076
         Iterations: 16
         Function evaluations: 45
  90% done
Optimization terminated successfully.
         Current function value: -3540.503989
         Iterations: 18
         Function evaluations: 51
Optimization terminated successfully.
         Current function value: -2047.217392
         Iterations: 17
         Function evaluations: 48
  100% done
Best fit synthetic cluster saved to file.
Cluster's parameters and flags added to output file.
Top tier models saved to file and plotted.
Plots created.
Photometric data file moved.
End of analysis for NGC339 in 2939m 18s.

Full iteration completed in 7116m 6s.
