

-------------------------------------------
            ASteCA v0.1.9-beta
-------------------------------------------

PARSEC v1.1 theoretical isochrones read,
interpolated and stored:
  23 metallicity values (z),
  83 age values (per z),
  21 reddening values,
  9 distance values,
  51 mass values,
  1 binary fraction values.
  = 1.8e+07 approx total models.
Full check done.

(Force matplotlib to not use any Xwindows backend)

Analizing cluster HW59 (semi).
 Set max extinction value: 0.2
Data obtained from input file (N_stars: 93250).
Frame's 2D histogram obtained
Semi center found: (2193.33, 2531.01) px.
Radial density profile (RDP) calculated.
Field density calculated (7.6E-03 stars/px^2).
Auto radius found: 59.8638 px.
  WARNING: tidal radius could not be obtained.
  WARNING: core radius could not be obtained.
Stars accepted/rejected based on their errors.
Stars separated in/out of cluster's boundaries.
Area of cluster obtained.
Approximate number of members in cluster obtained (10).
Contamination index obtained (0.89).
Using defined number of field regions (10).
LF and completeness magnitude levels obtained.
Integrated color magnitude distribution obtained (0.07).
Skipping KDE p-value test for cluster.
Applying decontamination algorithm.
  MPs converged. Breaking out (152).
  WARNING: the number of estimated true cluster members
  (structural vs. photometric) differ greatly.
Reduced membership function applied.
Membership probabilities saved to file.
Searching for optimal parameters.
Optimization terminated successfully.
         Current function value: -4.740662
         Iterations: 15
         Function evaluations: 42
Optimization terminated successfully.
         Current function value: 0.383759
         Iterations: 12
         Function evaluations: 35
Using Genetic Algorithm (dolphin/knuth).
   10% done       (0.00152, 9.65, 0.14, 19, 610, 0.5)
   20% done       (0.00152, 9.65, 0.14, 19, 610, 0.5)
   30% done       (0.00152, 9.65, 0.14, 19, 610, 0.5)
   40% done       (0.00152, 9.65, 0.14, 19, 610, 0.5)
   50% done       (0.00152, 9.65, 0.14, 19, 610, 0.5)
Best fit params obtained.
Begin bootstrap process (10).
Optimization terminated successfully.
         Current function value: -7.385178
         Iterations: 14
         Function evaluations: 39
Optimization terminated successfully.
         Current function value: -4.290807
         Iterations: 14
         Function evaluations: 41
  10% done
Optimization terminated successfully.
         Current function value: -4.738661
         Iterations: 15
         Function evaluations: 41
Optimization terminated successfully.
         Current function value: 1.145899
         Iterations: 12
         Function evaluations: 35
  20% done
Optimization terminated successfully.
         Current function value: 3.065725
         Iterations: 14
         Function evaluations: 39
Optimization terminated successfully.
         Current function value: -4.727430
         Iterations: 14
         Function evaluations: 41
  30% done
Optimization terminated successfully.
         Current function value: -1.049822
         Iterations: 12
         Function evaluations: 35
Optimization terminated successfully.
         Current function value: -2.995732
         Iterations: 12
         Function evaluations: 35
  40% done
Optimization terminated successfully.
         Current function value: -2.660763
         Iterations: 12
         Function evaluations: 35
Optimization terminated successfully.
         Current function value: -2.660763
         Iterations: 13
         Function evaluations: 36
  50% done
Optimization terminated successfully.
         Current function value: -3.686926
         Iterations: 14
         Function evaluations: 39
Optimization terminated successfully.
         Current function value: -2.660763
         Iterations: 13
         Function evaluations: 36
  60% done
Optimization terminated successfully.
         Current function value: -8.040281
         Iterations: 15
         Function evaluations: 44
Optimization terminated successfully.
         Current function value: 0.214341
         Iterations: 12
         Function evaluations: 35
  70% done
Optimization terminated successfully.
         Current function value: -5.546320
         Iterations: 15
         Function evaluations: 42
Optimization terminated successfully.
         Current function value: -0.463538
         Iterations: 12
         Function evaluations: 35
  80% done
Optimization terminated successfully.
         Current function value: 1.178655
         Iterations: 12
         Function evaluations: 35
Optimization terminated successfully.
         Current function value: 1.489054
         Iterations: 13
         Function evaluations: 36
  90% done
Optimization terminated successfully.
         Current function value: -2.350608
         Iterations: 12
         Function evaluations: 35
Optimization terminated successfully.
         Current function value: -2.350608
         Iterations: 13
         Function evaluations: 36
  100% done
Best fit synthetic cluster saved to file.
Cluster's parameters and flags added to output file.
Plots created.
Photometric data file moved.
End of analysis for HW59 in 1063m 7s.

Full iteration completed in 1063m 13s.
