

-------------------------------------------
            ASteCA v0.1.9-beta
-------------------------------------------

PARSEC v1.1 theoretical isochrones read,
interpolated and stored:
  23 metallicity values (z),
  83 age values (per z),
  21 reddening values,
  9 distance values,
  51 mass values,
  1 binary fraction values.
  = 1.8e+07 approx total models.
Full check done.

(Force matplotlib to not use any Xwindows backend)

Analizing cluster BS121 (semi).
 Set max extinction value: 0.16
Data obtained from input file (N_stars: 43815).
Frame's 2D histogram obtained
Semi center found: (1164.75, 1211.11) px.
Radial density profile (RDP) calculated.
Field density calculated (1.2E-02 stars/px^2).
Auto radius found: 114.193 px.
  WARNING: tidal radius could not be obtained.
Stars accepted/rejected based on their errors.
Stars separated in/out of cluster's boundaries.
Area of cluster obtained.
Approximate number of members in cluster obtained (56).
Contamination index obtained (0.89).
Using defined number of field regions (10).
LF and completeness magnitude levels obtained.
Integrated color magnitude distribution obtained (-0.03).
Skipping KDE p-value test for cluster.
Applying decontamination algorithm.
  25% done
  50% done
  75% done
  100% done
  WARNING: the number of estimated true cluster members
  (structural vs. photometric) differ greatly.
Reduced membership function applied.
Membership probabilities saved to file.
Searching for optimal parameters.
Optimization terminated successfully.
         Current function value: -51.065974
         Iterations: 14
         Function evaluations: 41
Optimization terminated successfully.
         Current function value: -49.584765
         Iterations: 14
         Function evaluations: 41
Using Genetic Algorithm (dolphin/knuth).
   10% done       (0.000605, 9.4, 0.16, 18.95, 2610, 0.5)
   20% done       (0.000382, 9.35, 0.14, 18.95, 2610, 0.5)
   30% done       (0.000382, 9.35, 0.14, 18.95, 2610, 0.5)
   40% done       (0.000382, 9.35, 0.14, 18.95, 2610, 0.5)
   50% done       (0.000382, 9.35, 0.14, 18.95, 2610, 0.5)
   60% done       (0.000382, 9.35, 0.14, 18.95, 2610, 0.5)
Best fit params obtained.
Begin bootstrap process (10).
Optimization terminated successfully.
         Current function value: -49.855983
         Iterations: 14
         Function evaluations: 41
Optimization terminated successfully.
         Current function value: -51.648608
         Iterations: 14
         Function evaluations: 41
  10% done
Optimization terminated successfully.
         Current function value: -59.587079
         Iterations: 14
         Function evaluations: 41
Optimization terminated successfully.
         Current function value: -51.591957
         Iterations: 14
         Function evaluations: 41
  20% done
Optimization terminated successfully.
         Current function value: -50.138793
         Iterations: 16
         Function evaluations: 44
Optimization terminated successfully.
         Current function value: -37.518986
         Iterations: 14
         Function evaluations: 41
  30% done
Optimization terminated successfully.
         Current function value: -52.760328
         Iterations: 14
         Function evaluations: 41
Optimization terminated successfully.
         Current function value: -47.301157
         Iterations: 14
         Function evaluations: 41
  40% done
Optimization terminated successfully.
         Current function value: -40.989011
         Iterations: 14
         Function evaluations: 41
Optimization terminated successfully.
         Current function value: -62.298062
         Iterations: 15
         Function evaluations: 41
  50% done
Optimization terminated successfully.
         Current function value: -25.281603
         Iterations: 15
         Function evaluations: 42
Optimization terminated successfully.
         Current function value: -57.290878
         Iterations: 15
         Function evaluations: 42
  60% done
Optimization terminated successfully.
         Current function value: -64.599349
         Iterations: 15
         Function evaluations: 41
Optimization terminated successfully.
         Current function value: -45.595210
         Iterations: 16
         Function evaluations: 45
  70% done
Optimization terminated successfully.
         Current function value: -43.777820
         Iterations: 14
         Function evaluations: 41
Optimization terminated successfully.
         Current function value: -36.223850
         Iterations: 14
         Function evaluations: 41
  80% done
Optimization terminated successfully.
         Current function value: -50.351149
         Iterations: 14
         Function evaluations: 41
Optimization terminated successfully.
         Current function value: -41.076237
         Iterations: 14
         Function evaluations: 41
  90% done
Optimization terminated successfully.
         Current function value: -63.077777
         Iterations: 16
         Function evaluations: 44
Optimization terminated successfully.
         Current function value: -32.965586
         Iterations: 14
         Function evaluations: 41
  100% done
Best fit synthetic cluster saved to file.
Cluster's parameters and flags added to output file.
Plots created.
Photometric data file moved.
End of analysis for BS121 in 2507m 42s.

Analizing cluster HW66 (semi).
 Set max extinction value: 0.14
Data obtained from input file (N_stars: 3671).
  WARNING: 61% of stars in file were rejected.
Frame's 2D histogram obtained
Semi center found: (946.869, 1149.19) px.
Radial density profile (RDP) calculated.
Field density calculated (1.0E-03 stars/px^2).
Auto radius found: 132.49 px.
  WARNING: tidal radius could not be obtained.
Stars accepted/rejected based on their errors.
Stars separated in/out of cluster's boundaries.
Area of cluster obtained.
Approximate number of members in cluster obtained (116).
Contamination index obtained (0.33).
Using defined number of field regions (10).
LF and completeness magnitude levels obtained.
Integrated color magnitude distribution obtained (0.92).
Skipping KDE p-value test for cluster.
Applying decontamination algorithm.
  MPs converged. Breaking out (117).
Reduced membership function applied.
Membership probabilities saved to file.
Searching for optimal parameters.
Optimization terminated successfully.
         Current function value: -47.660179
         Iterations: 15
         Function evaluations: 42
Optimization terminated successfully.
         Current function value: -36.213236
         Iterations: 14
         Function evaluations: 41
Using Genetic Algorithm (dolphin/knuth).
   10% done       (0.000959, 9.55, 0.02, 19.2, 5810, 0.5)
   20% done       (0.000762, 9.45, 0.1, 19.15, 5810, 0.5)
   30% done       (0.000762, 9.45, 0.1, 19.15, 5810, 0.5)
   40% done       (0.000762, 9.45, 0.1, 19.15, 5810, 0.5)
   50% done       (0.000762, 9.45, 0.1, 19.15, 5810, 0.5)
   60% done       (0.000762, 9.45, 0.1, 19.15, 5810, 0.5)
Best fit params obtained.
Begin bootstrap process (10).
Optimization terminated successfully.
         Current function value: -42.985874
         Iterations: 15
         Function evaluations: 42
Optimization terminated successfully.
         Current function value: -34.396601
         Iterations: 14
         Function evaluations: 41
  10% done
Optimization terminated successfully.
         Current function value: -46.074486
         Iterations: 14
         Function evaluations: 41
Optimization terminated successfully.
         Current function value: -52.099270
         Iterations: 14
         Function evaluations: 41
  20% done
Optimization terminated successfully.
         Current function value: -11.487684
         Iterations: 14
         Function evaluations: 39
Optimization terminated successfully.
         Current function value: -4.879229
         Iterations: 13
         Function evaluations: 38
  30% done
Optimization terminated successfully.
         Current function value: -57.564023
         Iterations: 14
         Function evaluations: 41
Optimization terminated successfully.
         Current function value: -30.309218
         Iterations: 15
         Function evaluations: 42
  40% done
Optimization terminated successfully.
         Current function value: -43.944676
         Iterations: 14
         Function evaluations: 41
Optimization terminated successfully.
         Current function value: -40.926134
         Iterations: 16
         Function evaluations: 45
  50% done
Optimization terminated successfully.
         Current function value: -41.980814
         Iterations: 15
         Function evaluations: 42
Optimization terminated successfully.
         Current function value: -44.591966
         Iterations: 15
         Function evaluations: 42
  60% done
Optimization terminated successfully.
         Current function value: -10.245968
         Iterations: 14
         Function evaluations: 39
Optimization terminated successfully.
         Current function value: -18.047178
         Iterations: 14
         Function evaluations: 39
  70% done
Optimization terminated successfully.
         Current function value: -45.005497
         Iterations: 14
         Function evaluations: 41
Optimization terminated successfully.
         Current function value: -36.142089
         Iterations: 14
         Function evaluations: 41
  80% done
Optimization terminated successfully.
         Current function value: -45.677633
         Iterations: 15
         Function evaluations: 42
Optimization terminated successfully.
         Current function value: -33.791901
         Iterations: 13
         Function evaluations: 38
  90% done
Optimization terminated successfully.
         Current function value: -9.250766
         Iterations: 13
         Function evaluations: 38
Optimization terminated successfully.
         Current function value: -25.921816
         Iterations: 14
         Function evaluations: 39
  100% done
Best fit synthetic cluster saved to file.
Cluster's parameters and flags added to output file.
Plots created.
Photometric data file moved.
End of analysis for HW66 in 2061m 53s.

Analizing cluster L19 (semi).
 Set max extinction value: 0.14
Data obtained from input file (N_stars: 19070).
Frame's 2D histogram obtained
Semi center found: (1336.11, 1267.96) px.
Radial density profile (RDP) calculated.
Field density calculated (4.3E-03 stars/px^2).
Auto radius found: 169.919 px.
Tidal radius obtained: 695.901 px.
Stars accepted/rejected based on their errors.
Stars separated in/out of cluster's boundaries.
Area of cluster obtained.
Approximate number of members in cluster obtained (243).
Contamination index obtained (0.62).
Using defined number of field regions (10).
LF and completeness magnitude levels obtained.
Integrated color magnitude distribution obtained (2.97).
Skipping KDE p-value test for cluster.
Applying decontamination algorithm.
  25% done
  MPs converged. Breaking out (466).
Reduced membership function applied.
Membership probabilities saved to file.
Searching for optimal parameters.
Optimization terminated successfully.
         Current function value: -62.032829
         Iterations: 15
         Function evaluations: 42
Optimization terminated successfully.
         Current function value: -106.142165
         Iterations: 14
         Function evaluations: 41
Using Genetic Algorithm (dolphin/knuth).
   10% done       (0.00152, 9.3, 0.08, 19.1, 9210, 0.5)
   20% done       (0.00152, 9.3, 0.08, 19.1, 9210, 0.5)
   30% done       (0.00152, 9.3, 0.08, 19.1, 9210, 0.5)
   40% done       (0.00152, 9.3, 0.08, 19.1, 9210, 0.5)
   50% done       (0.00152, 9.3, 0.08, 19.1, 9210, 0.5)
   60% done       (0.00152, 9.3, 0.08, 19.1, 9210, 0.5)
Best fit params obtained.
Begin bootstrap process (10).
Optimization terminated successfully.
         Current function value: -72.829142
         Iterations: 15
         Function evaluations: 42
Optimization terminated successfully.
         Current function value: -136.081040
         Iterations: 16
         Function evaluations: 44
  10% done
Optimization terminated successfully.
         Current function value: -54.168501
         Iterations: 15
         Function evaluations: 42
Optimization terminated successfully.
         Current function value: -86.288875
         Iterations: 14
         Function evaluations: 41
  20% done
Optimization terminated successfully.
         Current function value: -58.887069
         Iterations: 16
         Function evaluations: 44
Optimization terminated successfully.
         Current function value: -97.901690
         Iterations: 15
         Function evaluations: 42
  30% done
Optimization terminated successfully.
         Current function value: -77.754964
         Iterations: 14
         Function evaluations: 41
Optimization terminated successfully.
         Current function value: -122.551458
         Iterations: 14
         Function evaluations: 41
  40% done
Optimization terminated successfully.
         Current function value: -70.921594
         Iterations: 15
         Function evaluations: 42
Optimization terminated successfully.
         Current function value: -104.380822
         Iterations: 14
         Function evaluations: 41
  50% done
Optimization terminated successfully.
         Current function value: -38.833212
         Iterations: 14
         Function evaluations: 41
Optimization terminated successfully.
         Current function value: -81.851598
         Iterations: 14
         Function evaluations: 41
  60% done
Optimization terminated successfully.
         Current function value: -46.183526
         Iterations: 14
         Function evaluations: 41
Optimization terminated successfully.
         Current function value: -122.396071
         Iterations: 14
         Function evaluations: 41
  70% done
Optimization terminated successfully.
         Current function value: -53.363998
         Iterations: 15
         Function evaluations: 42
Optimization terminated successfully.
         Current function value: -87.626168
         Iterations: 16
         Function evaluations: 44
  80% done
Optimization terminated successfully.
         Current function value: -61.918526
         Iterations: 15
         Function evaluations: 42
Optimization terminated successfully.
         Current function value: -128.560265
         Iterations: 14
         Function evaluations: 41
  90% done
Optimization terminated successfully.
         Current function value: -71.162526
         Iterations: 15
         Function evaluations: 42
Optimization terminated successfully.
         Current function value: -132.163351
         Iterations: 14
         Function evaluations: 41
  100% done
Best fit synthetic cluster saved to file.
Cluster's parameters and flags added to output file.
Plots created.
Photometric data file moved.
End of analysis for L19 in 2213m 26s.

Analizing cluster L30 (semi).
 Set max extinction value: 0.2
Data obtained from input file (N_stars: 57983).
Frame's 2D histogram obtained
Semi center found: (1915.05, 1425.05) px.
Radial density profile (RDP) calculated.
Field density calculated (8.1E-03 stars/px^2).
Auto radius found: 72.5347 px.
Tidal radius obtained: 127.451 px.
Stars accepted/rejected based on their errors.
Stars separated in/out of cluster's boundaries.
Area of cluster obtained.
Approximate number of members in cluster obtained (77).
Contamination index obtained (0.63).
Using defined number of field regions (10).
LF and completeness magnitude levels obtained.
Integrated color magnitude distribution obtained (0.44).
Skipping KDE p-value test for cluster.
Applying decontamination algorithm.
  25% done
  50% done
  MPs converged. Breaking out (583).
Reduced membership function applied.
Membership probabilities saved to file.
Searching for optimal parameters.
Optimization terminated successfully.
         Current function value: -58.977744
         Iterations: 16
         Function evaluations: 46
Optimization terminated successfully.
         Current function value: -14.026962
         Iterations: 15
         Function evaluations: 42
Using Genetic Algorithm (dolphin/knuth).
   10% done       (0.012074, 6.45, 0, 18.9, 1210, 0.5)
   20% done       (0.004807, 6.1, 0.18, 18.85, 1810, 0.5)
   30% done       (0.004807, 6.1, 0.18, 18.85, 1810, 0.5)
   40% done       (0.004807, 6, 0.18, 18.95, 2210, 0.5)
   50% done       (0.004807, 6, 0.18, 18.95, 2210, 0.5)
