

-------------------------------------------
            ASteCA v0.1.9-beta
-------------------------------------------

PARSEC v1.1 theoretical isochrones read,
interpolated and stored:
  23 metallicity values (z),
  83 age values (per z),
  21 reddening values,
  9 distance values,
  51 mass values,
  1 binary fraction values.
  = 1.8e+07 approx total models.
Full check done.

(Force matplotlib to not use any Xwindows backend)

Analizing cluster B112 (semi).
 Set max extinction value: 0.16
Data obtained from input file (N_stars: 105826).
Frame's 2D histogram obtained
Semi center found: (7063.23, 5154.55) px.
Radial density profile (RDP) calculated.
Field density calculated (1.0E-02 stars/px^2).
Auto radius found: 304.172 px.
  WARNING: tidal radius could not be obtained.
  WARNING: core radius could not be obtained.
Stars accepted/rejected based on their errors.
Stars separated in/out of cluster's boundaries.
Area of cluster obtained.
Approximate number of members in cluster obtained (34).
Contamination index obtained (0.99).
Using defined number of field regions (10).
LF and completeness magnitude levels obtained.
Integrated color magnitude distribution obtained (1.79).
Skipping KDE p-value test for cluster.
Applying decontamination algorithm.
  25% done
  50% done
  75% done
  MPs converged. Breaking out (763).
  WARNING: the number of estimated true cluster members
  (structural vs. photometric) differ greatly.
Reduced membership function applied.
Membership probabilities saved to file.
Searching for optimal parameters.
Optimization terminated successfully.
         Current function value: -108.296207
         Iterations: 16
         Function evaluations: 44
Optimization terminated successfully.
         Current function value: -93.337121
         Iterations: 15
         Function evaluations: 44
Using Genetic Algorithm (dolphin/knuth).
   10% done       (0.0152, 9, 0.02, 18.95, 1210, 0.5)
   20% done       (0.0152, 9, 0.02, 18.95, 1210, 0.5)
   30% done       (0.0152, 9, 0.02, 18.95, 1210, 0.5)
   40% done       (0.0152, 9, 0.02, 18.95, 1210, 0.5)
   50% done       (0.0152, 9, 0.02, 18.95, 1210, 0.5)
   60% done       (0.0152, 9, 0.02, 18.95, 1210, 0.5)
Best fit params obtained.
Begin bootstrap process (10).
Optimization terminated successfully.
         Current function value: -115.191185
         Iterations: 17
         Function evaluations: 48
Optimization terminated successfully.
         Current function value: -62.726895
         Iterations: 15
         Function evaluations: 41
  10% done
Optimization terminated successfully.
         Current function value: -115.676438
         Iterations: 15
         Function evaluations: 44
Optimization terminated successfully.
         Current function value: -88.392547
         Iterations: 16
         Function evaluations: 45
  20% done
Optimization terminated successfully.
         Current function value: -118.602760
         Iterations: 16
         Function evaluations: 45
Optimization terminated successfully.
         Current function value: -108.237961
         Iterations: 15
         Function evaluations: 44
  30% done
Optimization terminated successfully.
         Current function value: -121.662694
         Iterations: 15
         Function evaluations: 44
Optimization terminated successfully.
         Current function value: -52.576010
         Iterations: 15
         Function evaluations: 42
  40% done
Optimization terminated successfully.
         Current function value: -127.302622
         Iterations: 15
         Function evaluations: 44
Optimization terminated successfully.
         Current function value: -78.716926
         Iterations: 17
         Function evaluations: 48
  50% done
Optimization terminated successfully.
         Current function value: -90.807011
         Iterations: 14
         Function evaluations: 41
Optimization terminated successfully.
         Current function value: -76.126486
         Iterations: 15
         Function evaluations: 41
  60% done
Optimization terminated successfully.
         Current function value: -126.506333
         Iterations: 15
         Function evaluations: 43
Optimization terminated successfully.
         Current function value: -100.999022
         Iterations: 15
         Function evaluations: 44
  70% done
Optimization terminated successfully.
         Current function value: -112.078258
         Iterations: 16
         Function evaluations: 44
Optimization terminated successfully.
         Current function value: -82.087365
         Iterations: 16
         Function evaluations: 44
  80% done
Optimization terminated successfully.
         Current function value: -99.983063
         Iterations: 15
         Function evaluations: 44
Optimization terminated successfully.
         Current function value: -96.705912
         Iterations: 17
         Function evaluations: 47
  90% done
Optimization terminated successfully.
         Current function value: -101.958530
         Iterations: 14
         Function evaluations: 41
Optimization terminated successfully.
         Current function value: -77.227282
         Iterations: 15
         Function evaluations: 41
  100% done
Best fit synthetic cluster saved to file.
Cluster's parameters and flags added to output file.
Top tier models saved to file and plotted.
Plots created.
Photometric data file moved.
End of analysis for B112 in 1686m 13s.

Full iteration completed in 1686m 21s.
