

-------------------------------------------
            ASteCA v0.1.9-beta
-------------------------------------------

PARSEC v1.1 theoretical isochrones read,
interpolated and stored:
  23 metallicity values (z),
  83 age values (per z),
  21 reddening values,
  9 distance values,
  51 mass values,
  1 binary fraction values.
  = 1.8e+07 approx total models.
Full check done.

(Force matplotlib to not use any Xwindows backend)

Analizing cluster L72 (semi).
 Set max extinction value: 0.16
Data obtained from input file (N_stars: 43815).
Frame's 2D histogram obtained
Semi center found: (1536.91, 996.203) px.
Radial density profile (RDP) calculated.
Field density calculated (1.1E-02 stars/px^2).
Auto radius found: 192.349 px.
  WARNING: tidal radius could not be obtained.
Stars accepted/rejected based on their errors.
Stars separated in/out of cluster's boundaries.
Area of cluster obtained.
Approximate number of members in cluster obtained (374).
Contamination index obtained (0.77).
Using defined number of field regions (10).
LF and completeness magnitude levels obtained.
Integrated color magnitude distribution obtained (0.40).
Skipping KDE p-value test for cluster.
Applying decontamination algorithm.
  25% done
  50% done
  75% done
  MPs converged. Breaking out (904).
  WARNING: the number of estimated true cluster members
  (structural vs. photometric) differ greatly.
Reduced membership function applied.
Membership probabilities saved to file.
Searching for optimal parameters.
Optimization terminated successfully.
         Current function value: -425.663675
         Iterations: 18
         Function evaluations: 49
Optimization terminated successfully.
         Current function value: -151.837332
         Iterations: 16
         Function evaluations: 45
Using Genetic Algorithm (dolphin/knuth).
   10% done       (0.000605, 7.7, 0.08, 19.1, 2610, 0.5)
   20% done       (0.000605, 7.7, 0.08, 19.1, 2610, 0.5)
   30% done       (0.000605, 7.7, 0.08, 19.1, 2610, 0.5)
   40% done       (0.000605, 7.7, 0.08, 19.1, 2610, 0.5)
   50% done       (0.000605, 7.7, 0.08, 19.1, 2610, 0.5)
Best fit params obtained.
Begin bootstrap process (10).
Optimization terminated successfully.
         Current function value: -406.291974
         Iterations: 17
         Function evaluations: 48
Optimization terminated successfully.
         Current function value: -160.239383
         Iterations: 16
         Function evaluations: 45
  10% done
Optimization terminated successfully.
         Current function value: -451.917261
         Iterations: 17
         Function evaluations: 48
Optimization terminated successfully.
         Current function value: -143.673636
         Iterations: 15
         Function evaluations: 44
  20% done
Optimization terminated successfully.
         Current function value: -441.922041
         Iterations: 17
         Function evaluations: 48
Optimization terminated successfully.
         Current function value: -148.939446
         Iterations: 14
         Function evaluations: 41
  30% done
Optimization terminated successfully.
         Current function value: -426.329776
         Iterations: 16
         Function evaluations: 45
Optimization terminated successfully.
         Current function value: -171.086052
         Iterations: 16
         Function evaluations: 45
  40% done
Optimization terminated successfully.
         Current function value: -428.765851
         Iterations: 17
         Function evaluations: 46
Optimization terminated successfully.
         Current function value: -155.793190
         Iterations: 15
         Function evaluations: 44
  50% done
Optimization terminated successfully.
         Current function value: -323.900037
         Iterations: 17
         Function evaluations: 47
Optimization terminated successfully.
         Current function value: -210.229458
         Iterations: 17
         Function evaluations: 47
  60% done
Optimization terminated successfully.
         Current function value: -408.364184
         Iterations: 16
         Function evaluations: 46
Optimization terminated successfully.
         Current function value: -174.307869
         Iterations: 15
         Function evaluations: 43
  70% done
Optimization terminated successfully.
         Current function value: -465.546482
         Iterations: 17
         Function evaluations: 50
Optimization terminated successfully.
         Current function value: -169.462063
         Iterations: 17
         Function evaluations: 47
  80% done
Optimization terminated successfully.
         Current function value: -422.073046
         Iterations: 17
         Function evaluations: 47
Optimization terminated successfully.
         Current function value: -157.056744
         Iterations: 16
         Function evaluations: 44
  90% done
Optimization terminated successfully.
         Current function value: -473.126895
         Iterations: 17
         Function evaluations: 48
Optimization terminated successfully.
         Current function value: -159.370230
         Iterations: 15
         Function evaluations: 43
  100% done
Best fit synthetic cluster saved to file.
Cluster's parameters and flags added to output file.
Top tier models saved to file and plotted.
Plots created.
Photometric data file moved.
End of analysis for L72 in 1343m 38s.

Full iteration completed in 1343m 43s.
