

-------------------------------------------
            ASteCA v0.1.9-beta
-------------------------------------------

PARSEC v1.1 theoretical isochrones read,
interpolated and stored:
  23 metallicity values (z),
  83 age values (per z),
  21 reddening values,
  9 distance values,
  51 mass values,
  1 binary fraction values.
  = 1.8e+07 approx total models.
Full check done.

(Force matplotlib to not use any Xwindows backend)

Analizing cluster BS35 (semi).
 Set max extinction value: 0.2
Data obtained from input file (N_stars: 9099).
Frame's 2D histogram obtained
Semi center found: (405.455, 4678.54) px.
Radial density profile (RDP) calculated.
Field density calculated (1.4E-02 stars/px^2).
Auto radius found: 57.8071 px.
Tidal radius obtained: 169.03 px.
Stars accepted/rejected based on their errors.
Stars separated in/out of cluster's boundaries.
Area of cluster obtained.
Approximate number of members in cluster obtained (13).
Contamination index obtained (0.92).
Using defined number of field regions (10).
LF and completeness magnitude levels obtained.
Integrated color magnitude distribution obtained (0.46).
Skipping KDE p-value test for cluster.
Applying decontamination algorithm.
  25% done
  50% done
  75% done
  100% done
  WARNING: the number of estimated true cluster members
  (structural vs. photometric) differ greatly.
Reduced membership function applied.
Membership probabilities saved to file.
Searching for optimal parameters.
Optimization terminated successfully.
         Current function value: -2.612186
         Iterations: 13
         Function evaluations: 38
Optimization terminated successfully.
         Current function value: -8.314668
         Iterations: 13
         Function evaluations: 38
Using Genetic Algorithm (dolphin/knuth).
   10% done       (0.009591, 7, 0.18, 19, 210, 0.5)
   20% done       (0.0152, 7.4, 0.18, 18.9, 210, 0.5)
   30% done       (0.0152, 7.4, 0.18, 18.9, 210, 0.5)
   40% done       (0.0152, 7.4, 0.18, 18.9, 210, 0.5)
   50% done       (0.0152, 7.4, 0.18, 18.9, 210, 0.5)
   60% done       (0.0152, 7.4, 0.18, 18.9, 210, 0.5)
   70% done       (0.0152, 7.4, 0.18, 18.9, 210, 0.5)
Best fit params obtained.
Begin bootstrap process (10).
Optimization terminated successfully.
         Current function value: -0.356121
         Iterations: 14
         Function evaluations: 39
Optimization terminated successfully.
         Current function value: 0.911973
         Iterations: 13
         Function evaluations: 36
  10% done
Optimization terminated successfully.
         Current function value: -0.990070
         Iterations: 13
         Function evaluations: 38
Optimization terminated successfully.
         Current function value: -17.775455
         Iterations: 15
         Function evaluations: 43
  20% done
Optimization terminated successfully.
         Current function value: -3.441560
         Iterations: 15
         Function evaluations: 42
Optimization terminated successfully.
         Current function value: -13.421355
         Iterations: 13
         Function evaluations: 38
  30% done
Optimization terminated successfully.
         Current function value: 0.613195
         Iterations: 14
         Function evaluations: 39
Optimization terminated successfully.
         Current function value: -18.267804
         Iterations: 15
         Function evaluations: 44
  40% done
Optimization terminated successfully.
         Current function value: -9.136716
         Iterations: 13
         Function evaluations: 38
Optimization terminated successfully.
         Current function value: -6.383669
         Iterations: 13
         Function evaluations: 38
  50% done
Optimization terminated successfully.
         Current function value: -3.195508
         Iterations: 13
         Function evaluations: 38
Optimization terminated successfully.
         Current function value: -16.877019
         Iterations: 15
         Function evaluations: 43
  60% done
Optimization terminated successfully.
         Current function value: -10.065169
         Iterations: 13
         Function evaluations: 38
Optimization terminated successfully.
         Current function value: -11.870758
         Iterations: 13
         Function evaluations: 38
  70% done
Optimization terminated successfully.
         Current function value: 0.601818
         Iterations: 13
         Function evaluations: 36
Optimization terminated successfully.
         Current function value: -4.138243
         Iterations: 14
         Function evaluations: 39
  80% done
Optimization terminated successfully.
         Current function value: -0.328187
         Iterations: 14
         Function evaluations: 39
Optimization terminated successfully.
         Current function value: -7.991067
         Iterations: 13
         Function evaluations: 38
  90% done
Optimization terminated successfully.
         Current function value: -4.695230
         Iterations: 14
         Function evaluations: 39
Optimization terminated successfully.
         Current function value: -18.286281
         Iterations: 15
         Function evaluations: 44
  100% done
Best fit synthetic cluster saved to file.
Cluster's parameters and flags added to output file.
Plots created.
Photometric data file moved.
End of analysis for BS35 in 1911m 22s.

Analizing cluster HW22 (semi).
 Set max extinction value: 0.14
Data obtained from input file (N_stars: 36617).
Frame's 2D histogram obtained
Semi center found: (1076.89, 7072.63) px.
Radial density profile (RDP) calculated.
Field density calculated (4.5E-03 stars/px^2).
Auto radius found: 445.904 px.
Tidal radius obtained: 1967.59 px.
Stars accepted/rejected based on their errors.
Stars separated in/out of cluster's boundaries.
Area of cluster obtained.
Approximate number of members in cluster obtained (313).
Contamination index obtained (0.90).
Using defined number of field regions (10).
LF and completeness magnitude levels obtained.
Integrated color magnitude distribution obtained (2.12).
Skipping KDE p-value test for cluster.
Applying decontamination algorithm.
  25% done
  50% done
  75% done
  100% done
  WARNING: the number of estimated true cluster members
  (structural vs. photometric) differ greatly.
Reduced membership function applied.
Membership probabilities saved to file.
Searching for optimal parameters.
Optimization terminated successfully.
         Current function value: -593.513373
         Iterations: 15
         Function evaluations: 42
Optimization terminated successfully.
         Current function value: -487.544555
         Iterations: 15
         Function evaluations: 42
Using Genetic Algorithm (dolphin/knuth).
   10% done       (0.003033, 9.8, 0.04, 18.85, 9410, 0.5)
   20% done       (0.002409, 9.65, 0.08, 19, 9210, 0.5)
   30% done       (0.002409, 9.65, 0.08, 19, 9210, 0.5)
   40% done       (0.002409, 9.65, 0.08, 19, 9210, 0.5)
   50% done       (0.002409, 9.65, 0.08, 19, 9210, 0.5)
   60% done       (0.002409, 9.65, 0.08, 19, 9210, 0.5)
Best fit params obtained.
Begin bootstrap process (10).
Optimization terminated successfully.
         Current function value: -582.545902
         Iterations: 15
         Function evaluations: 43
Optimization terminated successfully.
         Current function value: -475.347280
         Iterations: 15
         Function evaluations: 42
  10% done
Optimization terminated successfully.
         Current function value: -490.710047
         Iterations: 15
         Function evaluations: 43
Optimization terminated successfully.
         Current function value: -442.544787
         Iterations: 16
         Function evaluations: 44
  20% done
Optimization terminated successfully.
         Current function value: -632.334986
         Iterations: 16
         Function evaluations: 46
Optimization terminated successfully.
         Current function value: -470.091826
         Iterations: 16
         Function evaluations: 44
  30% done
Optimization terminated successfully.
         Current function value: -602.402690
         Iterations: 15
         Function evaluations: 42
Optimization terminated successfully.
         Current function value: -419.606413
         Iterations: 15
         Function evaluations: 43
  40% done
Optimization terminated successfully.
         Current function value: -651.313070
         Iterations: 16
         Function evaluations: 44
Optimization terminated successfully.
         Current function value: -593.339870
         Iterations: 16
         Function evaluations: 46
  50% done
Optimization terminated successfully.
         Current function value: -578.270988
         Iterations: 15
         Function evaluations: 43
Optimization terminated successfully.
         Current function value: -569.497099
         Iterations: 15
         Function evaluations: 42
  60% done
Optimization terminated successfully.
         Current function value: -580.314352
         Iterations: 15
         Function evaluations: 43
Optimization terminated successfully.
         Current function value: -533.317907
         Iterations: 15
         Function evaluations: 42
  70% done
Optimization terminated successfully.
         Current function value: -569.246278
         Iterations: 15
         Function evaluations: 43
Optimization terminated successfully.
         Current function value: -545.968242
         Iterations: 18
         Function evaluations: 50
  80% done
Optimization terminated successfully.
         Current function value: -589.653097
         Iterations: 16
         Function evaluations: 46
Optimization terminated successfully.
         Current function value: -499.979332
         Iterations: 16
         Function evaluations: 45
  90% done
Optimization terminated successfully.
         Current function value: -526.377031
         Iterations: 16
         Function evaluations: 45
Optimization terminated successfully.
         Current function value: -401.886428
         Iterations: 15
         Function evaluations: 43
  100% done
Best fit synthetic cluster saved to file.
Cluster's parameters and flags added to output file.
Top tier models saved to file and plotted.
Plots created.
Photometric data file moved.
End of analysis for HW22 in 3273m 59s.

Analizing cluster L102 (semi).
 Set max extinction value: 0.12
Data obtained from input file (N_stars: 3455).
  WARNING: 67% of stars in file were rejected.
Frame's 2D histogram obtained
Semi center found: (956.419, 1124.62) px.
Radial density profile (RDP) calculated.
Field density calculated (7.3E-04 stars/px^2).
Auto radius found: 120.629 px.
Tidal radius obtained: 247.653 px.
Stars accepted/rejected based on their errors.
Stars separated in/out of cluster's boundaries.
Area of cluster obtained.
Approximate number of members in cluster obtained (175).
Contamination index obtained (0.16).
Using defined number of field regions (10).
LF and completeness magnitude levels obtained.
Integrated color magnitude distribution obtained (0.55).
Skipping KDE p-value test for cluster.
Applying decontamination algorithm.
  MPs converged. Breaking out (57).
Reduced membership function applied.
Membership probabilities saved to file.
Searching for optimal parameters.
Optimization terminated successfully.
         Current function value: -52.875889
         Iterations: 15
         Function evaluations: 43
Optimization terminated successfully.
         Current function value: -9.524407
         Iterations: 14
         Function evaluations: 39
Using Genetic Algorithm (dolphin/knuth).
   10% done       (0.001914, 9.05, 0.02, 19.1, 2810, 0.5)
   20% done       (0.001914, 9.05, 0.02, 19.1, 2810, 0.5)
   30% done       (0.001914, 9.05, 0.02, 19.1, 2810, 0.5)
   40% done       (0.001914, 9.05, 0.02, 19.1, 2810, 0.5)
   50% done       (0.001914, 9, 0.02, 19.1, 2610, 0.5)
   60% done       (0.001914, 9, 0.02, 19.1, 2610, 0.5)
   70% done       (0.001914, 9, 0.02, 19.1, 2610, 0.5)
   80% done       (0.001914, 9, 0.02, 19.1, 2610, 0.5)
   90% done       (0.001914, 9, 0.02, 19.1, 2610, 0.5)
Best fit params obtained.
Begin bootstrap process (10).
Optimization terminated successfully.
         Current function value: -45.327456
         Iterations: 15
         Function evaluations: 43
Optimization terminated successfully.
         Current function value: -19.219751
         Iterations: 14
         Function evaluations: 39
  10% done
Optimization terminated successfully.
         Current function value: -62.022929
         Iterations: 17
         Function evaluations: 47
Optimization terminated successfully.
         Current function value: -7.680916
         Iterations: 13
         Function evaluations: 38
  20% done
Optimization terminated successfully.
         Current function value: -51.993593
         Iterations: 15
         Function evaluations: 43
Optimization terminated successfully.
         Current function value: -16.297269
         Iterations: 16
         Function evaluations: 44
  30% done
Optimization terminated successfully.
         Current function value: -53.042896
         Iterations: 16
         Function evaluations: 45
Optimization terminated successfully.
         Current function value: -24.415411
         Iterations: 16
         Function evaluations: 44
  40% done
Optimization terminated successfully.
         Current function value: -50.536372
         Iterations: 15
         Function evaluations: 42
Optimization terminated successfully.
         Current function value: 0.248751
         Iterations: 14
         Function evaluations: 39
  50% done
Optimization terminated successfully.
         Current function value: -56.951126
         Iterations: 15
         Function evaluations: 42
Optimization terminated successfully.
         Current function value: -12.470514
         Iterations: 14
         Function evaluations: 41
  60% done
Optimization terminated successfully.
         Current function value: -56.003996
         Iterations: 17
         Function evaluations: 48
Optimization terminated successfully.
         Current function value: -12.122421
         Iterations: 13
         Function evaluations: 38
  70% done
Optimization terminated successfully.
         Current function value: -50.250782
         Iterations: 15
         Function evaluations: 42
Optimization terminated successfully.
         Current function value: -3.963393
         Iterations: 13
         Function evaluations: 38
  80% done
Optimization terminated successfully.
         Current function value: -61.148008
         Iterations: 16
         Function evaluations: 44
Optimization terminated successfully.
         Current function value: -28.238621
         Iterations: 14
         Function evaluations: 41
  90% done
Optimization terminated successfully.
         Current function value: -58.010107
         Iterations: 16
         Function evaluations: 44
Optimization terminated successfully.
         Current function value: -7.746340
         Iterations: 13
         Function evaluations: 38
  100% done
Best fit synthetic cluster saved to file.
Cluster's parameters and flags added to output file.
Top tier models saved to file and plotted.
Plots created.
Photometric data file moved.
End of analysis for L102 in 2100m 17s.

Analizing cluster L72 (semi).
 Set max extinction value: 0.16
Data obtained from input file (N_stars: 43815).
Frame's 2D histogram obtained
Semi center found: (1536.91, 996.203) px.
Radial density profile (RDP) calculated.
Field density calculated (1.1E-02 stars/px^2).
Auto radius found: 192.349 px.
  WARNING: tidal radius could not be obtained.
Stars accepted/rejected based on their errors.
Stars separated in/out of cluster's boundaries.
Area of cluster obtained.
Approximate number of members in cluster obtained (374).
Contamination index obtained (0.77).
Using defined number of field regions (10).
LF and completeness magnitude levels obtained.
Integrated color magnitude distribution obtained (0.40).
Skipping KDE p-value test for cluster.
Applying decontamination algorithm.
  25% done
  50% done
  75% done
  MPs converged. Breaking out (985).
  WARNING: the number of estimated true cluster members
  (structural vs. photometric) differ greatly.
Reduced membership function applied.
Membership probabilities saved to file.
Searching for optimal parameters.
Optimization terminated successfully.
         Current function value: -426.035219
         Iterations: 18
         Function evaluations: 49
