

-------------------------------------------
            ASteCA v0.1.9-beta
-------------------------------------------

PARSEC v1.1 theoretical isochrones read,
interpolated and stored:
  23 metallicity values (z),
  83 age values (per z),
  21 reddening values,
  9 distance values,
  51 mass values,
  1 binary fraction values.
  = 1.8e+07 approx total models.
Full check done.

(Force matplotlib to not use any Xwindows backend)

Analizing cluster BS88 (semi).
 Set max extinction value: 0.16
Data obtained from input file (N_stars: 71425).
Frame's 2D histogram obtained
Semi center found: (7345.61, 851.869) px.
Radial density profile (RDP) calculated.
Field density calculated (1.0E-02 stars/px^2).
Auto radius found: 120.815 px.
  WARNING: tidal radius could not be obtained.
Stars accepted/rejected based on their errors.
Stars separated in/out of cluster's boundaries.
Area of cluster obtained.
Approximate number of members in cluster obtained (39).
Contamination index obtained (0.92).
Using defined number of field regions (10).
LF and completeness magnitude levels obtained.
Integrated color magnitude distribution obtained (3.50).
Skipping KDE p-value test for cluster.
Applying decontamination algorithm.
  25% done
  50% done
  75% done
  MPs converged. Breaking out (999).
  WARNING: the number of estimated true cluster members
  (structural vs. photometric) differ greatly.
Reduced membership function applied.
Membership probabilities saved to file.
Searching for optimal parameters.
Optimization terminated successfully.
         Current function value: -32.136500
         Iterations: 16
         Function evaluations: 45
Optimization terminated successfully.
         Current function value: -10.591977
         Iterations: 14
         Function evaluations: 41
Using Genetic Algorithm (dolphin/knuth).
   10% done       (0.003818, 9.45, 0.04, 18.85, 1010, 0.5)
   20% done       (0.003033, 9.15, 0.16, 19, 610, 0.5)
   30% done       (0.003033, 9.15, 0.16, 19, 610, 0.5)
   40% done       (0.003033, 9.15, 0.16, 19, 610, 0.5)
   50% done       (0.006051, 9.1, 0.14, 19.15, 810, 0.5)
   60% done       (0.006051, 9.1, 0.14, 19.15, 810, 0.5)
   70% done       (0.006051, 9.1, 0.14, 19.05, 810, 0.5)
   80% done       (0.006051, 9.1, 0.14, 19.05, 810, 0.5)
   90% done       (0.006051, 9.1, 0.14, 19.05, 810, 0.5)
  100% done       (0.006051, 9.1, 0.14, 19.05, 810, 0.5)
Best fit params obtained.
Begin bootstrap process (10).
Optimization terminated successfully.
         Current function value: -36.404177
         Iterations: 14
         Function evaluations: 41
Optimization terminated successfully.
         Current function value: -23.152605
         Iterations: 14
         Function evaluations: 39
  10% done
Optimization terminated successfully.
         Current function value: -46.627765
         Iterations: 15
         Function evaluations: 43
Optimization terminated successfully.
         Current function value: -32.938422
         Iterations: 16
         Function evaluations: 45
  20% done
Optimization terminated successfully.
         Current function value: -38.505902
         Iterations: 16
         Function evaluations: 45
Optimization terminated successfully.
         Current function value: -7.136883
         Iterations: 14
         Function evaluations: 39
  30% done
Optimization terminated successfully.
         Current function value: -34.062879
         Iterations: 15
         Function evaluations: 44
Optimization terminated successfully.
         Current function value: -13.720721
         Iterations: 15
         Function evaluations: 42
  40% done
Optimization terminated successfully.
         Current function value: -29.701689
         Iterations: 14
         Function evaluations: 41
Optimization terminated successfully.
         Current function value: -9.319011
         Iterations: 14
         Function evaluations: 41
  50% done
Optimization terminated successfully.
         Current function value: -36.168230
         Iterations: 16
         Function evaluations: 45
Optimization terminated successfully.
         Current function value: -31.991399
         Iterations: 14
         Function evaluations: 41
  60% done
Optimization terminated successfully.
         Current function value: -13.588395
         Iterations: 15
         Function evaluations: 42
Optimization terminated successfully.
         Current function value: -9.837643
         Iterations: 14
         Function evaluations: 39
  70% done
Optimization terminated successfully.
         Current function value: -33.903952
         Iterations: 16
         Function evaluations: 44
Optimization terminated successfully.
         Current function value: -11.454299
         Iterations: 13
         Function evaluations: 38
  80% done
Optimization terminated successfully.
         Current function value: -27.516837
         Iterations: 15
         Function evaluations: 43
Optimization terminated successfully.
         Current function value: -0.682249
         Iterations: 15
         Function evaluations: 42
  90% done
Optimization terminated successfully.
         Current function value: -33.996925
         Iterations: 16
         Function evaluations: 45
Optimization terminated successfully.
         Current function value: -9.828851
         Iterations: 14
         Function evaluations: 39
  100% done
Best fit synthetic cluster saved to file.
Cluster's parameters and flags added to output file.
Plots created.
Photometric data file moved.
End of analysis for BS88 in 1340m 1s.

Analizing cluster L4 (semi).
 Set max extinction value: 0.12
Data obtained from input file (N_stars: 6134).
Frame's 2D histogram obtained
Semi center found: (1141.35, 1221.68) px.
Radial density profile (RDP) calculated.
Field density calculated (1.3E-03 stars/px^2).
Auto radius found: 144.461 px.
  WARNING: tidal radius could not be obtained.
Stars accepted/rejected based on their errors.
Stars separated in/out of cluster's boundaries.
Area of cluster obtained.
Approximate number of members in cluster obtained (256).
Contamination index obtained (0.24).
Using defined number of field regions (10).
LF and completeness magnitude levels obtained.
Integrated color magnitude distribution obtained (1.61).
Skipping KDE p-value test for cluster.
Applying decontamination algorithm.
  MPs converged. Breaking out (182).
Reduced membership function applied.
Membership probabilities saved to file.
Searching for optimal parameters.
Optimization terminated successfully.
         Current function value: -123.610594
         Iterations: 15
         Function evaluations: 44
Optimization terminated successfully.
         Current function value: -81.865482
         Iterations: 14
         Function evaluations: 41
Using Genetic Algorithm (dolphin/knuth).
   10% done       (0.002409, 9.5, 0.04, 19, 9810, 0.5)
   20% done       (0.002409, 9.5, 0.04, 18.95, 9610, 0.5)
   30% done       (0.002409, 9.5, 0.04, 18.95, 9610, 0.5)
   40% done       (0.002409, 9.5, 0.04, 18.95, 9610, 0.5)
   50% done       (0.002409, 9.5, 0.04, 18.95, 9610, 0.5)
   60% done       (0.002409, 9.5, 0.04, 18.95, 9610, 0.5)
Best fit params obtained.
Begin bootstrap process (10).
Optimization terminated successfully.
         Current function value: -136.137059
         Iterations: 16
         Function evaluations: 45
Optimization terminated successfully.
         Current function value: -46.622825
         Iterations: 15
         Function evaluations: 42
  10% done
Optimization terminated successfully.
         Current function value: -129.061934
         Iterations: 15
         Function evaluations: 44
Optimization terminated successfully.
         Current function value: -53.982207
         Iterations: 14
         Function evaluations: 41
  20% done
Optimization terminated successfully.
         Current function value: -145.975857
         Iterations: 15
         Function evaluations: 44
Optimization terminated successfully.
         Current function value: -99.035823
         Iterations: 14
         Function evaluations: 41
  30% done
Optimization terminated successfully.
         Current function value: -124.850223
         Iterations: 15
         Function evaluations: 44
Optimization terminated successfully.
         Current function value: -68.035171
         Iterations: 14
         Function evaluations: 41
  40% done
Optimization terminated successfully.
         Current function value: -110.853333
         Iterations: 16
         Function evaluations: 44
Optimization terminated successfully.
         Current function value: -66.747525
         Iterations: 14
         Function evaluations: 41
  50% done
Optimization terminated successfully.
         Current function value: -125.392722
         Iterations: 16
         Function evaluations: 45
Optimization terminated successfully.
         Current function value: -55.355775
         Iterations: 14
         Function evaluations: 41
  60% done
Optimization terminated successfully.
         Current function value: -117.358681
         Iterations: 17
         Function evaluations: 48
Optimization terminated successfully.
         Current function value: -77.320288
         Iterations: 15
         Function evaluations: 42
  70% done
Optimization terminated successfully.
         Current function value: -144.171418
         Iterations: 15
         Function evaluations: 43
Optimization terminated successfully.
         Current function value: -71.513739
         Iterations: 14
         Function evaluations: 41
  80% done
Optimization terminated successfully.
         Current function value: -126.907209
         Iterations: 15
         Function evaluations: 44
Optimization terminated successfully.
         Current function value: -102.368044
         Iterations: 15
         Function evaluations: 42
  90% done
Optimization terminated successfully.
         Current function value: -124.849908
         Iterations: 15
         Function evaluations: 44
Optimization terminated successfully.
         Current function value: -84.460484
         Iterations: 14
         Function evaluations: 41
  100% done
Best fit synthetic cluster saved to file.
Cluster's parameters and flags added to output file.
Top tier models saved to file and plotted.
Plots created.
Photometric data file moved.
End of analysis for L4 in 1682m 12s.

Analizing cluster L49 (semi).
 Set max extinction value: 0.16
Data obtained from input file (N_stars: 24060).
  WARNING: 9% of stars in file were rejected.
Frame's 2D histogram obtained
Semi center found: (1091.01, 1061.52) px.
Radial density profile (RDP) calculated.
Field density calculated (6.2E-03 stars/px^2).
Auto radius found: 55.9773 px.
Tidal radius obtained: 186.75 px.
Stars accepted/rejected based on their errors.
Stars separated in/out of cluster's boundaries.
Area of cluster obtained.
  WARNING: only 0 true members estimated in cluster region.
  WARNING: CI value obtained is too high: 1.06
Using defined number of field regions (10).
LF and completeness magnitude levels obtained.
Integrated color magnitude distribution obtained (-1.00).
Skipping KDE p-value test for cluster.
Applying decontamination algorithm.
  MPs converged. Breaking out (1).
  WARNING: the number of estimated true cluster members
  (structural vs. photometric) differ greatly.
  WARNING: less than 10 stars left after reducing
  by 'local' method. Using full list.
Reduced membership function applied.
Membership probabilities saved to file.
Searching for optimal parameters.
Optimization terminated successfully.
         Current function value: -11.399355
         Iterations: 14
         Function evaluations: 39
Optimization terminated successfully.
         Current function value: -2.019788
         Iterations: 15
         Function evaluations: 42
Using Genetic Algorithm (dolphin/knuth).
   10% done       (0.0152, 7.55, 0.04, 18.8, 610, 0.5)
   20% done       (0.0152, 7.55, 0.04, 18.8, 610, 0.5)
   30% done       (0.0152, 7.55, 0.04, 18.8, 610, 0.5)
   40% done       (0.0152, 7.55, 0.04, 18.8, 610, 0.5)
   50% done       (0.0152, 7.55, 0.04, 18.8, 610, 0.5)
   60% done       (0.0152, 7.55, 0.04, 18.8, 610, 0.5)
Best fit params obtained.
Begin bootstrap process (10).
Optimization terminated successfully.
         Current function value: -14.305715
         Iterations: 14
         Function evaluations: 39
Optimization terminated successfully.
         Current function value: -3.342213
         Iterations: 14
         Function evaluations: 39
  10% done
Optimization terminated successfully.
         Current function value: -18.106290
         Iterations: 16
         Function evaluations: 45
Optimization terminated successfully.
         Current function value: -4.520755
         Iterations: 13
         Function evaluations: 38
  20% done
Optimization terminated successfully.
         Current function value: -11.975205
         Iterations: 13
         Function evaluations: 38
Optimization terminated successfully.
         Current function value: -4.054498
         Iterations: 14
         Function evaluations: 41
  30% done
Optimization terminated successfully.
         Current function value: -8.064202
         Iterations: 14
         Function evaluations: 39
Optimization terminated successfully.
         Current function value: -2.051838
         Iterations: 13
         Function evaluations: 38
  40% done
Optimization terminated successfully.
         Current function value: -16.842767
         Iterations: 14
         Function evaluations: 41
Optimization terminated successfully.
         Current function value: -9.167471
         Iterations: 15
         Function evaluations: 42
  50% done
Optimization terminated successfully.
         Current function value: -12.306220
         Iterations: 14
         Function evaluations: 39
Optimization terminated successfully.
         Current function value: -6.904500
         Iterations: 14
         Function evaluations: 41
  60% done
Optimization terminated successfully.
         Current function value: -17.932501
         Iterations: 15
         Function evaluations: 42
Optimization terminated successfully.
         Current function value: -3.662142
         Iterations: 14
         Function evaluations: 39
  70% done
Optimization terminated successfully.
         Current function value: -10.747801
         Iterations: 13
         Function evaluations: 38
Optimization terminated successfully.
         Current function value: -3.656532
         Iterations: 15
         Function evaluations: 42
  80% done
Optimization terminated successfully.
         Current function value: -9.680457
         Iterations: 14
         Function evaluations: 39
Optimization terminated successfully.
         Current function value: -12.277719
         Iterations: 14
         Function evaluations: 39
  90% done
Optimization terminated successfully.
         Current function value: -15.985082
         Iterations: 14
         Function evaluations: 39
Optimization terminated successfully.
         Current function value: -5.315746
         Iterations: 14
         Function evaluations: 39
  100% done
Best fit synthetic cluster saved to file.
Cluster's parameters and flags added to output file.
Top tier models saved to file and plotted.
Plots created.
Photometric data file moved.
End of analysis for L49 in 1379m 0s.

Full iteration completed in 4401m 21s.
