

-------------------------------------------
            ASteCA v0.1.9-beta
-------------------------------------------

PARSEC v1.1 theoretical isochrones read,
interpolated and stored:
  23 metallicity values (z),
  83 age values (per z),
  21 reddening values,
  9 distance values,
  51 mass values,
  1 binary fraction values.
  = 1.8e+07 approx total models.
Full check done.

(Force matplotlib to not use any Xwindows backend)

Analizing cluster L30 (semi).
 Set max extinction value: 0.2
Data obtained from input file (N_stars: 57983).
Frame's 2D histogram obtained
Semi center found: (1915.05, 1425.05) px.
Radial density profile (RDP) calculated.
Field density calculated (8.1E-03 stars/px^2).
Auto radius found: 72.5347 px.
Tidal radius obtained: 127.451 px.
Stars accepted/rejected based on their errors.
Stars separated in/out of cluster's boundaries.
Area of cluster obtained.
Approximate number of members in cluster obtained (77).
Contamination index obtained (0.63).
Using defined number of field regions (10).
LF and completeness magnitude levels obtained.
Integrated color magnitude distribution obtained (0.44).
Skipping KDE p-value test for cluster.
Applying decontamination algorithm.
  25% done
  50% done
  MPs converged. Breaking out (511).
Reduced membership function applied.
Membership probabilities saved to file.
Searching for optimal parameters.
Optimization terminated successfully.
         Current function value: -70.512547
         Iterations: 17
         Function evaluations: 48
Optimization terminated successfully.
         Current function value: -14.363434
         Iterations: 15
         Function evaluations: 42
Using Genetic Algorithm (dolphin/knuth).
   10% done       (0.012074, 6.15, 0.14, 19.2, 3610, 0.5)
   20% done       (0.007618, 8.05, 0.08, 19.05, 1210, 0.5)
   30% done       (0.007618, 6.15, 0.14, 18.85, 1810, 0.5)
   40% done       (0.007618, 6.15, 0.14, 18.85, 1810, 0.5)
   50% done       (0.007618, 6.15, 0.14, 18.85, 1810, 0.5)
   60% done       (0.007618, 6.15, 0.14, 18.85, 1810, 0.5)
   70% done       (0.006051, 6.15, 0.14, 18.85, 1810, 0.5)
   80% done       (0.006051, 6.15, 0.14, 18.85, 1810, 0.5)
   90% done       (0.006051, 6.15, 0.14, 18.85, 1810, 0.5)
  100% done       (0.006051, 6.15, 0.14, 18.85, 1810, 0.5)
Best fit params obtained.
Begin bootstrap process (10).
Optimization terminated successfully.
         Current function value: -72.875658
         Iterations: 17
         Function evaluations: 48
Optimization terminated successfully.
         Current function value: -15.260137
         Iterations: 14
         Function evaluations: 41
  10% done
Optimization terminated successfully.
         Current function value: -72.506212
         Iterations: 16
         Function evaluations: 45
Optimization terminated successfully.
         Current function value: -6.286874
         Iterations: 13
         Function evaluations: 38
  20% done
Optimization terminated successfully.
         Current function value: -68.115039
         Iterations: 16
         Function evaluations: 45
Optimization terminated successfully.
         Current function value: -12.688631
         Iterations: 15
         Function evaluations: 42
  30% done
Optimization terminated successfully.
         Current function value: -70.372175
         Iterations: 17
         Function evaluations: 47
Optimization terminated successfully.
         Current function value: -13.118353
         Iterations: 15
         Function evaluations: 42
  40% done
Optimization terminated successfully.
         Current function value: -66.960548
         Iterations: 15
         Function evaluations: 43
Optimization terminated successfully.
         Current function value: -26.692801
         Iterations: 14
         Function evaluations: 41
  50% done
Optimization terminated successfully.
         Current function value: -80.430719
         Iterations: 20
         Function evaluations: 55
Optimization terminated successfully.
         Current function value: -26.225692
         Iterations: 14
         Function evaluations: 41
  60% done
Optimization terminated successfully.
         Current function value: -62.449575
         Iterations: 16
         Function evaluations: 44
Optimization terminated successfully.
         Current function value: -8.798122
         Iterations: 13
         Function evaluations: 38
  70% done
Optimization terminated successfully.
         Current function value: -87.114371
         Iterations: 17
         Function evaluations: 47
Optimization terminated successfully.
         Current function value: -5.616220
         Iterations: 14
         Function evaluations: 41
  80% done
Optimization terminated successfully.
         Current function value: -73.933472
         Iterations: 15
         Function evaluations: 43
Optimization terminated successfully.
         Current function value: -9.677430
         Iterations: 14
         Function evaluations: 39
  90% done
Optimization terminated successfully.
         Current function value: -88.564459
         Iterations: 18
         Function evaluations: 50
Optimization terminated successfully.
         Current function value: -18.059069
         Iterations: 14
         Function evaluations: 41
  100% done
Best fit synthetic cluster saved to file.
Output data file created.
Cluster's parameters and flags added to output file.
Top tier models saved to file and plotted.
Plots created.
Photometric data file moved.
End of analysis for L30 in 1295m 31s.

Full iteration completed in 1295m 39s.
