

-------------------------------------------
            ASteCA v0.1.9-beta
-------------------------------------------

PARSEC v1.1 theoretical isochrones read,
interpolated and stored:
  23 metallicity values (z),
  83 age values (per z),
  21 reddening values,
  9 distance values,
  51 mass values,
  1 binary fraction values.
  = 1.8e+07 approx total models.
Full check done.

(Force matplotlib to not use any Xwindows backend)

Analizing cluster L110 (semi).
 Set max extinction value: 0.14
Data obtained from input file (N_stars: 3261).
  WARNING: 9% of stars in file were rejected.
Frame's 2D histogram obtained
Semi center found: (1108.08, 1057.38) px.
Radial density profile (RDP) calculated.
Field density calculated (8.6E-04 stars/px^2).
Auto radius found: 173.03 px.
Tidal radius obtained: 1560.92 px.
Stars accepted/rejected based on their errors.
Stars separated in/out of cluster's boundaries.
Area of cluster obtained.
Approximate number of members in cluster obtained (383).
Contamination index obtained (0.17).
Using defined number of field regions (10).
LF and completeness magnitude levels obtained.
Integrated color magnitude distribution obtained (1.43).
Skipping KDE p-value test for cluster.
Applying decontamination algorithm.
  MPs converged. Breaking out (109).
Reduced membership function applied.
Membership probabilities saved to file.
Searching for optimal parameters.
Optimization terminated successfully.
         Current function value: -271.582516
         Iterations: 15
         Function evaluations: 44
Optimization terminated successfully.
         Current function value: -191.303512
         Iterations: 14
         Function evaluations: 41
Using Genetic Algorithm (dolphin/knuth).
   10% done       (0.001914, 9.45, 0.08, 19, 8410, 0.5)
   20% done       (0.001914, 9.45, 0.08, 19, 8410, 0.5)
   30% done       (0.001914, 9.45, 0.08, 19, 8410, 0.5)
   40% done       (0.001914, 9.45, 0.08, 19, 8410, 0.5)
   50% done       (0.001914, 9.45, 0.08, 19, 8410, 0.5)
Best fit params obtained.
Begin bootstrap process (10).
Optimization terminated successfully.
         Current function value: -280.638448
         Iterations: 15
         Function evaluations: 44
Optimization terminated successfully.
         Current function value: -177.488317
         Iterations: 15
         Function evaluations: 42
  10% done
Optimization terminated successfully.
         Current function value: -274.709672
         Iterations: 15
         Function evaluations: 44
Optimization terminated successfully.
         Current function value: -201.836759
         Iterations: 15
         Function evaluations: 41
  20% done
Optimization terminated successfully.
         Current function value: -250.103702
         Iterations: 16
         Function evaluations: 45
Optimization terminated successfully.
         Current function value: -153.013767
         Iterations: 15
         Function evaluations: 42
  30% done
Optimization terminated successfully.
         Current function value: -277.528174
         Iterations: 16
         Function evaluations: 45
Optimization terminated successfully.
         Current function value: -185.037202
         Iterations: 14
         Function evaluations: 41
  40% done
Optimization terminated successfully.
         Current function value: -276.312656
         Iterations: 16
         Function evaluations: 45
Optimization terminated successfully.
         Current function value: -189.301467
         Iterations: 15
         Function evaluations: 42
  50% done
Optimization terminated successfully.
         Current function value: -282.910340
         Iterations: 16
         Function evaluations: 45
Optimization terminated successfully.
         Current function value: -219.484917
         Iterations: 15
         Function evaluations: 42
  60% done
Optimization terminated successfully.
         Current function value: -272.722028
         Iterations: 16
         Function evaluations: 45
Optimization terminated successfully.
         Current function value: -200.500140
         Iterations: 14
         Function evaluations: 41
  70% done
Optimization terminated successfully.
         Current function value: -284.096748
         Iterations: 15
         Function evaluations: 44
Optimization terminated successfully.
         Current function value: -191.178142
         Iterations: 15
         Function evaluations: 42
  80% done
Optimization terminated successfully.
         Current function value: -237.735773
         Iterations: 16
         Function evaluations: 44
Optimization terminated successfully.
         Current function value: -158.681317
         Iterations: 16
         Function evaluations: 45
  90% done
Optimization terminated successfully.
         Current function value: -269.725027
         Iterations: 15
         Function evaluations: 43
Optimization terminated successfully.
         Current function value: -177.585528
         Iterations: 14
         Function evaluations: 41
  100% done
Best fit synthetic cluster saved to file.
Cluster's parameters and flags added to output file.
Plots created.
Photometric data file moved.
End of analysis for L110 in 1662m 39s.

Analizing cluster L50 (semi).
 Set max extinction value: 0.16
Data obtained from input file (N_stars: 24060).
  WARNING: 9% of stars in file were rejected.
Frame's 2D histogram obtained
Semi center found: (456.768, 575.051) px.
Radial density profile (RDP) calculated.
Field density calculated (7.1E-03 stars/px^2).
Auto radius found: 165.44 px.
Tidal radius obtained: 453.545 px.
Stars accepted/rejected based on their errors.
Stars separated in/out of cluster's boundaries.
Area of cluster obtained.
Approximate number of members in cluster obtained (38).
Contamination index obtained (0.94).
Using defined number of field regions (10).
LF and completeness magnitude levels obtained.
Integrated color magnitude distribution obtained (0.46).
Skipping KDE p-value test for cluster.
Applying decontamination algorithm.
  25% done
  50% done
  75% done
  100% done
  WARNING: the number of estimated true cluster members
  (structural vs. photometric) differ greatly.
Reduced membership function applied.
Membership probabilities saved to file.
Searching for optimal parameters.
Optimization terminated successfully.
         Current function value: -75.863545
         Iterations: 15
         Function evaluations: 43
Optimization terminated successfully.
         Current function value: -27.862918
         Iterations: 16
         Function evaluations: 44
Using Genetic Algorithm (dolphin/knuth).
   10% done       (0.012074, 7.8, 0.06, 19, 410, 0.5)
   20% done       (0.012074, 7.8, 0.06, 19, 410, 0.5)
   30% done       (0.012074, 7.8, 0.06, 19, 410, 0.5)
   40% done       (0.012074, 7.8, 0.06, 19, 410, 0.5)
   50% done       (0.012074, 7.8, 0.06, 19, 410, 0.5)
   60% done       (0.012074, 7.8, 0.06, 19, 410, 0.5)
Best fit params obtained.
Begin bootstrap process (10).
Optimization terminated successfully.
         Current function value: -85.046575
         Iterations: 17
         Function evaluations: 46
Optimization terminated successfully.
         Current function value: -18.792713
         Iterations: 14
         Function evaluations: 41
  10% done
Optimization terminated successfully.
         Current function value: -59.492929
         Iterations: 15
         Function evaluations: 44
Optimization terminated successfully.
         Current function value: -15.407404
         Iterations: 15
         Function evaluations: 42
  20% done
Optimization terminated successfully.
         Current function value: -82.600918
         Iterations: 16
         Function evaluations: 45
Optimization terminated successfully.
         Current function value: -44.362291
         Iterations: 14
         Function evaluations: 41
  30% done
Optimization terminated successfully.
         Current function value: -91.027829
         Iterations: 17
         Function evaluations: 47
Optimization terminated successfully.
         Current function value: -39.695496
         Iterations: 15
         Function evaluations: 42
  40% done
Optimization terminated successfully.
         Current function value: -82.120421
         Iterations: 15
         Function evaluations: 43
Optimization terminated successfully.
         Current function value: -22.649475
         Iterations: 15
         Function evaluations: 42
  50% done
Optimization terminated successfully.
         Current function value: -74.889690
         Iterations: 17
         Function evaluations: 47
Optimization terminated successfully.
         Current function value: -24.172590
         Iterations: 14
         Function evaluations: 41
  60% done
Optimization terminated successfully.
         Current function value: -69.697171
         Iterations: 15
         Function evaluations: 43
Optimization terminated successfully.
         Current function value: -36.570768
         Iterations: 15
         Function evaluations: 42
  70% done
Optimization terminated successfully.
         Current function value: -83.775934
         Iterations: 15
         Function evaluations: 43
Optimization terminated successfully.
         Current function value: -39.964256
         Iterations: 17
         Function evaluations: 47
  80% done
Optimization terminated successfully.
         Current function value: -56.399498
         Iterations: 18
         Function evaluations: 49
Optimization terminated successfully.
         Current function value: -27.165533
         Iterations: 14
         Function evaluations: 41
  90% done
Optimization terminated successfully.
         Current function value: -80.180884
         Iterations: 15
         Function evaluations: 42
Optimization terminated successfully.
         Current function value: -27.545771
         Iterations: 14
         Function evaluations: 41
  100% done
Best fit synthetic cluster saved to file.
Cluster's parameters and flags added to output file.
Plots created.
Photometric data file moved.
End of analysis for L50 in 1670m 16s.

Analizing cluster L58 (semi).
 Set max extinction value: 0.12
Data obtained from input file (N_stars: 68285).
Frame's 2D histogram obtained
Semi center found: (3835.08, 4652.79) px.
Radial density profile (RDP) calculated.
Field density calculated (5.4E-03 stars/px^2).
Auto radius found: 266.318 px.
Tidal radius obtained: 582.229 px.
Stars accepted/rejected based on their errors.
Stars separated in/out of cluster's boundaries.
Area of cluster obtained.
Approximate number of members in cluster obtained (644).
Contamination index obtained (0.65).
Using defined number of field regions (10).
LF and completeness magnitude levels obtained.
Integrated color magnitude distribution obtained (1.03).
Skipping KDE p-value test for cluster.
Applying decontamination algorithm.
  25% done
  50% done
  MPs converged. Breaking out (598).
Reduced membership function applied.
Membership probabilities saved to file.
Searching for optimal parameters.
Optimization terminated successfully.
         Current function value: -497.377957
         Iterations: 15
         Function evaluations: 42
Optimization terminated successfully.
         Current function value: -484.444924
         Iterations: 16
         Function evaluations: 45
Using Genetic Algorithm (dolphin/knuth).
   10% done       (0.003033, 9, 0.1, 18.85, 5210, 0.5)
   20% done       (0.003033, 9, 0.1, 18.85, 5210, 0.5)
   30% done       (0.003033, 9, 0.1, 18.85, 5210, 0.5)
   40% done       (0.003033, 9, 0.1, 18.85, 5210, 0.5)
   50% done       (0.003033, 9, 0.1, 18.85, 5210, 0.5)
Best fit params obtained.
Begin bootstrap process (10).
Optimization terminated successfully.
         Current function value: -384.535758
         Iterations: 15
         Function evaluations: 43
Optimization terminated successfully.
         Current function value: -432.156423
         Iterations: 15
         Function evaluations: 43
  10% done
Optimization terminated successfully.
         Current function value: -500.116491
         Iterations: 16
         Function evaluations: 45
Optimization terminated successfully.
         Current function value: -483.966043
         Iterations: 15
         Function evaluations: 44
  20% done
Optimization terminated successfully.
         Current function value: -562.399096
         Iterations: 16
         Function evaluations: 44
Optimization terminated successfully.
         Current function value: -495.443198
         Iterations: 15
         Function evaluations: 42
  30% done
Optimization terminated successfully.
         Current function value: -533.919699
         Iterations: 15
         Function evaluations: 42
Optimization terminated successfully.
         Current function value: -421.377691
         Iterations: 15
         Function evaluations: 43
  40% done
Optimization terminated successfully.
         Current function value: -410.089786
         Iterations: 16
         Function evaluations: 45
Optimization terminated successfully.
         Current function value: -396.415931
         Iterations: 15
         Function evaluations: 43
  50% done
Optimization terminated successfully.
         Current function value: -485.675665
         Iterations: 15
         Function evaluations: 42
Optimization terminated successfully.
         Current function value: -423.590378
         Iterations: 16
         Function evaluations: 45
  60% done
Optimization terminated successfully.
         Current function value: -558.354573
         Iterations: 15
         Function evaluations: 42
Optimization terminated successfully.
         Current function value: -522.430039
         Iterations: 16
         Function evaluations: 45
  70% done
Optimization terminated successfully.
         Current function value: -486.555724
         Iterations: 15
         Function evaluations: 43
Optimization terminated successfully.
         Current function value: -431.973815
         Iterations: 16
         Function evaluations: 45
  80% done
Optimization terminated successfully.
         Current function value: -396.708721
         Iterations: 15
         Function evaluations: 42
Optimization terminated successfully.
         Current function value: -471.137239
         Iterations: 16
         Function evaluations: 44
  90% done
Optimization terminated successfully.
         Current function value: -501.755511
         Iterations: 15
         Function evaluations: 44
Optimization terminated successfully.
         Current function value: -537.723171
         Iterations: 16
         Function evaluations: 45
  100% done
Best fit synthetic cluster saved to file.
Cluster's parameters and flags added to output file.
Top tier models saved to file and plotted.
Plots created.
Photometric data file moved.
End of analysis for L58 in 2041m 15s.

Full iteration completed in 5374m 18s.
