

-------------------------------------------
            ASteCA v0.1.9-beta
-------------------------------------------

PARSEC v1.1 theoretical isochrones read,
interpolated and stored:
  23 metallicity values (z),
  83 age values (per z),
  21 reddening values,
  9 distance values,
  51 mass values,
  1 binary fraction values.
  = 1.8e+07 approx total models.
Full check done.

(Force matplotlib to not use any Xwindows backend)

Analizing cluster B47 (semi).
 Set max extinction value: 0.2
Data obtained from input file (N_stars: 135071).
Frame's 2D histogram obtained
Semi center found: (2641.87, 5333.89) px.
Radial density profile (RDP) calculated.
Field density calculated (1.2E-02 stars/px^2).
Auto radius found: 374.997 px.
Tidal radius obtained: 964.145 px.
Stars accepted/rejected based on their errors.
Stars separated in/out of cluster's boundaries.
Area of cluster obtained.
Approximate number of members in cluster obtained (274).
Contamination index obtained (0.95).
Using defined number of field regions (10).
LF and completeness magnitude levels obtained.
Integrated color magnitude distribution obtained (1.42).
Skipping KDE p-value test for cluster.
Applying decontamination algorithm.
  25% done
  50% done
  75% done
  100% done
  WARNING: the number of estimated true cluster members
  (structural vs. photometric) differ greatly.
Reduced membership function applied.
Membership probabilities saved to file.
Searching for optimal parameters.
Optimization terminated successfully.
         Current function value: -869.027785
         Iterations: 19
         Function evaluations: 53
Optimization terminated successfully.
         Current function value: -390.573014
         Iterations: 15
         Function evaluations: 43
Using Genetic Algorithm (dolphin/knuth).
   10% done       (0.006051, 9, 0, 19.15, 4810, 0.5)
   20% done       (0.006051, 9, 0, 19.15, 4810, 0.5)
   30% done       (0.006051, 9, 0.02, 19.15, 4210, 0.5)
   40% done       (0.006051, 9, 0.02, 19.15, 4210, 0.5)
   50% done       (0.006051, 9, 0.02, 19.15, 4210, 0.5)
   60% done       (0.006051, 9, 0.02, 19.1, 4210, 0.5)
   70% done       (0.003033, 9, 0.1, 18.85, 4410, 0.5)
   80% done       (0.003033, 9, 0.1, 18.85, 4410, 0.5)
   90% done       (0.003033, 9, 0.1, 18.85, 4410, 0.5)
  100% done       (0.003033, 9, 0.1, 18.85, 4410, 0.5)
Best fit params obtained.
Begin bootstrap process (10).
Optimization terminated successfully.
         Current function value: -623.529694
         Iterations: 16
         Function evaluations: 45
Optimization terminated successfully.
         Current function value: -356.054975
         Iterations: 16
         Function evaluations: 45
  10% done
Optimization terminated successfully.
         Current function value: -530.948318
         Iterations: 16
         Function evaluations: 46
Optimization terminated successfully.
         Current function value: -387.296363
         Iterations: 16
         Function evaluations: 45
  20% done
Optimization terminated successfully.
         Current function value: -867.031293
         Iterations: 19
         Function evaluations: 52
Optimization terminated successfully.
         Current function value: -375.475926
         Iterations: 15
         Function evaluations: 43
  30% done
Optimization terminated successfully.
         Current function value: -913.418467
         Iterations: 16
         Function evaluations: 44
Optimization terminated successfully.
         Current function value: -391.953255
         Iterations: 15
         Function evaluations: 43
  40% done
Optimization terminated successfully.
         Current function value: -871.669744
         Iterations: 17
         Function evaluations: 48
Optimization terminated successfully.
         Current function value: -374.069345
         Iterations: 16
         Function evaluations: 45
  50% done
Optimization terminated successfully.
         Current function value: -650.049675
         Iterations: 17
         Function evaluations: 48
Optimization terminated successfully.
         Current function value: -373.573419
         Iterations: 15
         Function evaluations: 44
  60% done
Optimization terminated successfully.
         Current function value: -894.847868
         Iterations: 16
         Function evaluations: 46
Optimization terminated successfully.
         Current function value: -357.208567
         Iterations: 17
         Function evaluations: 47
  70% done
Optimization terminated successfully.
         Current function value: -866.550328
         Iterations: 18
         Function evaluations: 49
Optimization terminated successfully.
         Current function value: -368.458826
         Iterations: 15
         Function evaluations: 43
  80% done
Optimization terminated successfully.
         Current function value: -754.952505
         Iterations: 16
         Function evaluations: 46
Optimization terminated successfully.
         Current function value: -384.384291
         Iterations: 15
         Function evaluations: 43
  90% done
Optimization terminated successfully.
         Current function value: -603.361126
         Iterations: 16
         Function evaluations: 45
Optimization terminated successfully.
         Current function value: -373.085757
         Iterations: 15
         Function evaluations: 43
  100% done
Best fit synthetic cluster saved to file.
Cluster's parameters and flags added to output file.
Top tier models saved to file and plotted.
Plots created.
Photometric data file moved.
End of analysis for B47 in 2890m 52s.

Full iteration completed in 2890m 58s.
