

-------------------------------------------
            ASteCA v0.1.9-beta
-------------------------------------------

PARSEC v1.1 theoretical isochrones read,
interpolated and stored:
  23 metallicity values (z),
  83 age values (per z),
  21 reddening values,
  9 distance values,
  51 mass values,
  1 binary fraction values.
  = 1.8e+07 approx total models.
Full check done.

(Force matplotlib to not use any Xwindows backend)

Analizing cluster HW41 (semi).
 Set max extinction value: 0.12
Data obtained from input file (N_stars: 56323).
Frame's 2D histogram obtained
Semi center found: (1582.06, 4914.1) px.
Radial density profile (RDP) calculated.
Field density calculated (5.1E-03 stars/px^2).
Auto radius found: 271.999 px.
Tidal radius obtained: 725.282 px.
Stars accepted/rejected based on their errors.
Stars separated in/out of cluster's boundaries.
Area of cluster obtained.
Approximate number of members in cluster obtained (853).
Contamination index obtained (0.58).
Using defined number of field regions (10).
LF and completeness magnitude levels obtained.
Integrated color magnitude distribution obtained (1.53).
Skipping KDE p-value test for cluster.
Applying decontamination algorithm.
  25% done
  50% done
  MPs converged. Breaking out (553).
Reduced membership function applied.
Membership probabilities saved to file.
Searching for optimal parameters.
Optimization terminated successfully.
         Current function value: -941.463366
         Iterations: 16
         Function evaluations: 47
Optimization terminated successfully.
         Current function value: -608.574428
         Iterations: 18
         Function evaluations: 50
Using Genetic Algorithm (dolphin/knuth).
   10% done       (0.007618, 9.2, 0.08, 18.85, 8410, 0.5)
   20% done       (0.007618, 9.2, 0.08, 18.85, 8410, 0.5)
   30% done       (0.007618, 9.2, 0.08, 18.85, 8410, 0.5)
   40% done       (0.007618, 9.2, 0.08, 18.85, 8410, 0.5)
   50% done       (0.007618, 9.2, 0.08, 18.85, 8410, 0.5)
Best fit params obtained.
Begin bootstrap process (10).
Optimization terminated successfully.
         Current function value: -956.839683
         Iterations: 17
         Function evaluations: 48
Optimization terminated successfully.
         Current function value: -505.767633
         Iterations: 16
         Function evaluations: 45
  10% done
Optimization terminated successfully.
         Current function value: -921.973037
         Iterations: 16
         Function evaluations: 46
Optimization terminated successfully.
         Current function value: -574.603603
         Iterations: 17
         Function evaluations: 47
  20% done
Optimization terminated successfully.
         Current function value: -919.029250
         Iterations: 16
         Function evaluations: 46
Optimization terminated successfully.
         Current function value: -633.022817
         Iterations: 16
         Function evaluations: 47
  30% done
Optimization terminated successfully.
         Current function value: -899.244751
         Iterations: 17
         Function evaluations: 47
Optimization terminated successfully.
         Current function value: -510.234939
         Iterations: 17
         Function evaluations: 48
  40% done
Optimization terminated successfully.
         Current function value: -1006.044588
         Iterations: 17
         Function evaluations: 48
Optimization terminated successfully.
         Current function value: -596.596500
         Iterations: 16
         Function evaluations: 46
  50% done
Optimization terminated successfully.
         Current function value: -975.190799
         Iterations: 16
         Function evaluations: 45
Optimization terminated successfully.
         Current function value: -588.250839
         Iterations: 16
         Function evaluations: 45
  60% done
Optimization terminated successfully.
         Current function value: -994.046906
         Iterations: 16
         Function evaluations: 46
Optimization terminated successfully.
         Current function value: -515.263876
         Iterations: 16
         Function evaluations: 46
  70% done
Optimization terminated successfully.
         Current function value: -923.149202
         Iterations: 17
         Function evaluations: 47
Optimization terminated successfully.
         Current function value: -605.200186
         Iterations: 17
         Function evaluations: 47
  80% done
Optimization terminated successfully.
         Current function value: -1038.611027
         Iterations: 17
         Function evaluations: 47
Optimization terminated successfully.
         Current function value: -646.291683
         Iterations: 17
         Function evaluations: 48
  90% done
Optimization terminated successfully.
         Current function value: -929.008041
         Iterations: 16
         Function evaluations: 45
Optimization terminated successfully.
         Current function value: -568.449769
         Iterations: 16
         Function evaluations: 45
  100% done
Best fit synthetic cluster saved to file.
Cluster's parameters and flags added to output file.
Top tier models saved to file and plotted.
Plots created.
Photometric data file moved.
End of analysis for HW41 in 2543m 15s.

Analizing cluster L111 (semi).
 Set max extinction value: 0.14
Data obtained from input file (N_stars: 1464).
  WARNING: 19% of stars in file were rejected.
Frame's 2D histogram obtained
Semi center found: (1386.59, 564.279) px.
Radial density profile (RDP) calculated.
Field density calculated (2.6E-04 stars/px^2).
Auto radius found: 165.016 px.
Tidal radius obtained: 610.217 px.
Stars accepted/rejected based on their errors.
Stars separated in/out of cluster's boundaries.
Area of cluster obtained.
Approximate number of members in cluster obtained (346).
Contamination index obtained (0.06).
Using defined number of field regions (10).
LF and completeness magnitude levels obtained.
Integrated color magnitude distribution obtained (1.12).
Skipping KDE p-value test for cluster.
Applying decontamination algorithm.
  MPs converged. Breaking out (51).
Reduced membership function applied.
Membership probabilities saved to file.
Searching for optimal parameters.
Optimization terminated successfully.
         Current function value: -247.949776
         Iterations: 17
         Function evaluations: 48
Optimization terminated successfully.
         Current function value: -95.163008
         Iterations: 15
         Function evaluations: 41
Using Genetic Algorithm (dolphin/knuth).
   10% done       (0.001914, 8.95, 0.14, 18.8, 6410, 0.5)
   20% done       (0.001914, 8.95, 0.14, 18.8, 6410, 0.5)
   30% done       (0.006051, 9.05, 0, 18.85, 5610, 0.5)
   40% done       (0.006051, 9.05, 0, 18.85, 5610, 0.5)
   50% done       (0.006051, 9.05, 0, 18.85, 5610, 0.5)
   60% done       (0.006051, 9.05, 0, 18.85, 5610, 0.5)
   70% done       (0.006051, 9.05, 0, 18.85, 5610, 0.5)
   80% done       (0.006051, 9.05, 0, 18.85, 5610, 0.5)
Best fit params obtained.
Begin bootstrap process (10).
Optimization terminated successfully.
         Current function value: -266.693376
         Iterations: 15
         Function evaluations: 43
Optimization terminated successfully.
         Current function value: -69.700416
         Iterations: 15
         Function evaluations: 42
  10% done
Optimization terminated successfully.
         Current function value: -250.810663
         Iterations: 15
         Function evaluations: 42
Optimization terminated successfully.
         Current function value: -90.062731
         Iterations: 15
         Function evaluations: 42
  20% done
Optimization terminated successfully.
         Current function value: -213.622160
         Iterations: 17
         Function evaluations: 47
Optimization terminated successfully.
         Current function value: -81.713650
         Iterations: 15
         Function evaluations: 42
  30% done
Optimization terminated successfully.
         Current function value: -220.972431
         Iterations: 16
         Function evaluations: 45
Optimization terminated successfully.
         Current function value: -111.166706
         Iterations: 15
         Function evaluations: 42
  40% done
Optimization terminated successfully.
         Current function value: -294.202205
         Iterations: 16
         Function evaluations: 45
Optimization terminated successfully.
         Current function value: -80.067346
         Iterations: 16
         Function evaluations: 44
  50% done
Optimization terminated successfully.
         Current function value: -255.263735
         Iterations: 17
         Function evaluations: 48
Optimization terminated successfully.
         Current function value: -101.087600
         Iterations: 15
         Function evaluations: 41
  60% done
Optimization terminated successfully.
         Current function value: -247.933376
         Iterations: 17
         Function evaluations: 47
Optimization terminated successfully.
         Current function value: -85.643931
         Iterations: 14
         Function evaluations: 41
  70% done
Optimization terminated successfully.
         Current function value: -215.887974
         Iterations: 15
         Function evaluations: 44
Optimization terminated successfully.
         Current function value: -65.877062
         Iterations: 14
         Function evaluations: 41
  80% done
Optimization terminated successfully.
         Current function value: -233.684058
         Iterations: 15
         Function evaluations: 44
Optimization terminated successfully.
         Current function value: -107.540642
         Iterations: 14
         Function evaluations: 41
  90% done
Optimization terminated successfully.
         Current function value: -241.586550
         Iterations: 15
         Function evaluations: 44
Optimization terminated successfully.
         Current function value: -88.979670
         Iterations: 14
         Function evaluations: 41
  100% done
Best fit synthetic cluster saved to file.
Cluster's parameters and flags added to output file.
Top tier models saved to file and plotted.
Plots created.
Photometric data file moved.
End of analysis for L111 in 1786m 29s.

Analizing cluster L115 (semi).
 Set max extinction value: 0.12
Data obtained from input file (N_stars: 1082).
  WARNING: 20% of stars in file were rejected.
Frame's 2D histogram obtained
Semi center found: (1095.66, 1027.8) px.
Radial density profile (RDP) calculated.
Field density calculated (2.8E-04 stars/px^2).
Auto radius found: 120.802 px.
Tidal radius obtained: 315.746 px.
Stars accepted/rejected based on their errors.
Stars separated in/out of cluster's boundaries.
Area of cluster obtained.
Approximate number of members in cluster obtained (82).
Contamination index obtained (0.14).
Using defined number of field regions (10).
LF and completeness magnitude levels obtained.
Integrated color magnitude distribution obtained (-0.34).
Skipping KDE p-value test for cluster.
Applying decontamination algorithm.
  MPs converged. Breaking out (60).
Reduced membership function applied.
Membership probabilities saved to file.
Searching for optimal parameters.
Optimization terminated successfully.
         Current function value: -42.124922
         Iterations: 15
         Function evaluations: 42
Optimization terminated successfully.
         Current function value: -0.858131
         Iterations: 13
         Function evaluations: 38
Using Genetic Algorithm (dolphin/knuth).
   10% done       (0.012074, 8, 0.02, 18.85, 1810, 0.5)
   20% done       (0.012074, 8, 0.02, 18.85, 1810, 0.5)
   30% done       (0.012074, 8, 0.02, 18.85, 1810, 0.5)
   40% done       (0.012074, 7.9, 0.04, 19, 1210, 0.5)
   50% done       (0.012074, 7.9, 0.04, 19, 1210, 0.5)
   60% done       (0.012074, 8, 0.02, 18.8, 2210, 0.5)
   70% done       (0.012074, 8, 0.02, 18.8, 2210, 0.5)
   80% done       (0.012074, 8, 0.02, 18.8, 2210, 0.5)
   90% done       (0.012074, 8, 0.02, 18.8, 2210, 0.5)
  100% done       (0.012074, 8, 0.02, 18.8, 2210, 0.5)
Best fit params obtained.
Begin bootstrap process (10).
Optimization terminated successfully.
         Current function value: -44.847396
         Iterations: 16
         Function evaluations: 44
Optimization terminated successfully.
         Current function value: -17.099511
         Iterations: 13
         Function evaluations: 38
  10% done
Optimization terminated successfully.
         Current function value: -22.088198
         Iterations: 14
         Function evaluations: 41
Optimization terminated successfully.
         Current function value: 0.614023
         Iterations: 13
         Function evaluations: 38
  20% done
Optimization terminated successfully.
         Current function value: -47.465081
         Iterations: 15
         Function evaluations: 44
Optimization terminated successfully.
         Current function value: 0.289935
         Iterations: 14
         Function evaluations: 39
  30% done
Optimization terminated successfully.
         Current function value: -51.356902
         Iterations: 15
         Function evaluations: 44
Optimization terminated successfully.
         Current function value: -4.934620
         Iterations: 13
         Function evaluations: 38
  40% done
Optimization terminated successfully.
         Current function value: -64.273547
         Iterations: 15
         Function evaluations: 43
Optimization terminated successfully.
         Current function value: -2.861310
         Iterations: 14
         Function evaluations: 39
  50% done
Optimization terminated successfully.
         Current function value: -26.882636
         Iterations: 14
         Function evaluations: 41
Optimization terminated successfully.
         Current function value: 1.379300
         Iterations: 13
         Function evaluations: 38
  60% done
Optimization terminated successfully.
         Current function value: -39.052020
         Iterations: 15
         Function evaluations: 42
Optimization terminated successfully.
         Current function value: -2.123735
         Iterations: 13
         Function evaluations: 38
  70% done
Optimization terminated successfully.
         Current function value: -53.084086
         Iterations: 15
         Function evaluations: 42
Optimization terminated successfully.
         Current function value: 0.243065
         Iterations: 14
         Function evaluations: 39
  80% done
Optimization terminated successfully.
         Current function value: -56.109634
         Iterations: 15
         Function evaluations: 43
Optimization terminated successfully.
         Current function value: -0.102123
         Iterations: 14
         Function evaluations: 39
  90% done
Optimization terminated successfully.
         Current function value: -43.471336
         Iterations: 15
         Function evaluations: 43
Optimization terminated successfully.
         Current function value: -1.211109
         Iterations: 14
         Function evaluations: 39
  100% done
Best fit synthetic cluster saved to file.
Cluster's parameters and flags added to output file.
Top tier models saved to file and plotted.
Plots created.
Photometric data file moved.
End of analysis for L115 in 1260m 35s.

Analizing cluster L27 (semi).
 Set max extinction value: 0.2
Data obtained from input file (N_stars: 38681).
Frame's 2D histogram obtained
Semi center found: (1214.77, 1217.69) px.
Radial density profile (RDP) calculated.
Field density calculated (1.0E-02 stars/px^2).
Auto radius found: 195.634 px.
Tidal radius obtained: 511.42 px.
Stars accepted/rejected based on their errors.
Stars separated in/out of cluster's boundaries.
Area of cluster obtained.
Approximate number of members in cluster obtained (565).
Contamination index obtained (0.68).
Using defined number of field regions (10).
LF and completeness magnitude levels obtained.
Integrated color magnitude distribution obtained (1.39).
Skipping KDE p-value test for cluster.
Applying decontamination algorithm.
  25% done
  50% done
  MPs converged. Breaking out (560).
Reduced membership function applied.
Membership probabilities saved to file.
Searching for optimal parameters.
Optimization terminated successfully.
         Current function value: -384.602341
         Iterations: 15
         Function evaluations: 43
Optimization terminated successfully.
         Current function value: -338.605372
         Iterations: 17
         Function evaluations: 47
Using Genetic Algorithm (dolphin/knuth).
   10% done       (0.00152, 9.35, 0.06, 18.95, 7810, 0.5)
   20% done       (0.00152, 9.35, 0.06, 18.95, 7810, 0.5)
   30% done       (0.00152, 9.35, 0.06, 18.95, 7810, 0.5)
   40% done       (0.00152, 9.35, 0.06, 18.95, 7810, 0.5)
   50% done       (0.00152, 9.35, 0.06, 18.95, 7810, 0.5)
Best fit params obtained.
Begin bootstrap process (10).
Optimization terminated successfully.
         Current function value: -257.124132
         Iterations: 15
         Function evaluations: 43
Optimization terminated successfully.
         Current function value: -265.943079
         Iterations: 15
         Function evaluations: 42
  10% done
Optimization terminated successfully.
         Current function value: -324.315918
         Iterations: 15
         Function evaluations: 43
Optimization terminated successfully.
         Current function value: -313.957440
         Iterations: 15
         Function evaluations: 44
  20% done
Optimization terminated successfully.
         Current function value: -364.732025
         Iterations: 15
         Function evaluations: 44
Optimization terminated successfully.
         Current function value: -330.973460
         Iterations: 17
         Function evaluations: 47
  30% done
Optimization terminated successfully.
         Current function value: -256.499954
         Iterations: 15
         Function evaluations: 42
Optimization terminated successfully.
         Current function value: -304.381077
         Iterations: 15
         Function evaluations: 44
  40% done
Optimization terminated successfully.
         Current function value: -229.662529
         Iterations: 15
         Function evaluations: 44
Optimization terminated successfully.
         Current function value: -285.454099
         Iterations: 16
         Function evaluations: 44
  50% done
Optimization terminated successfully.
         Current function value: -423.540255
         Iterations: 16
         Function evaluations: 45
Optimization terminated successfully.
         Current function value: -328.978342
         Iterations: 15
         Function evaluations: 44
  60% done
Optimization terminated successfully.
         Current function value: -384.009472
         Iterations: 15
         Function evaluations: 42
Optimization terminated successfully.
         Current function value: -279.130695
         Iterations: 14
         Function evaluations: 41
  70% done
Optimization terminated successfully.
         Current function value: -289.966304
         Iterations: 15
         Function evaluations: 43
Optimization terminated successfully.
         Current function value: -327.223970
         Iterations: 18
         Function evaluations: 49
  80% done
Optimization terminated successfully.
         Current function value: -259.038738
         Iterations: 15
         Function evaluations: 43
Optimization terminated successfully.
         Current function value: -321.716989
         Iterations: 17
         Function evaluations: 47
  90% done
Optimization terminated successfully.
         Current function value: -296.116517
         Iterations: 15
         Function evaluations: 43
Optimization terminated successfully.
         Current function value: -261.426632
         Iterations: 15
         Function evaluations: 42
  100% done
Best fit synthetic cluster saved to file.
Cluster's parameters and flags added to output file.
Top tier models saved to file and plotted.
Plots created.
Photometric data file moved.
End of analysis for L27 in 1169m 27s.

Full iteration completed in 6759m 54s.
