

-------------------------------------------
            ASteCA v0.1.9-beta
-------------------------------------------

PARSEC v1.1 theoretical isochrones read,
interpolated and stored:
  23 metallicity values (z),
  83 age values (per z),
  21 reddening values,
  9 distance values,
  51 mass values,
  1 binary fraction values.
  = 1.8e+07 approx total models.
Full check done.

(Force matplotlib to not use any Xwindows backend)

Analizing cluster B39 (semi).
 Set max extinction value: 0.2
Data obtained from input file (N_stars: 100574).
Frame's 2D histogram obtained
Semi center found: (287.626, 2277.32) px.
Radial density profile (RDP) calculated.
Field density calculated (1.4E-02 stars/px^2).
Auto radius found: 95.2158 px.
Tidal radius obtained: 357.725 px.
Stars accepted/rejected based on their errors.
Stars separated in/out of cluster's boundaries.
Area of cluster obtained.
Approximate number of members in cluster obtained (12).
Contamination index obtained (0.97).
Using defined number of field regions (10).
LF and completeness magnitude levels obtained.
Integrated color magnitude distribution obtained (0.89).
Skipping KDE p-value test for cluster.
Applying decontamination algorithm.
  25% done
  MPs converged. Breaking out (372).
  WARNING: the number of estimated true cluster members
  (structural vs. photometric) differ greatly.
Reduced membership function applied.
Membership probabilities saved to file.
Searching for optimal parameters.
Optimization terminated successfully.
         Current function value: -23.381053
         Iterations: 15
         Function evaluations: 42
Optimization terminated successfully.
         Current function value: -4.896106
         Iterations: 15
         Function evaluations: 42
Using Genetic Algorithm (dolphin/knuth).
   10% done       (0.003818, 8.8, 0.06, 18.95, 1410, 0.5)
   20% done       (0.003818, 8.8, 0.06, 18.95, 1410, 0.5)
   30% done       (0.003818, 8.8, 0.06, 18.95, 1410, 0.5)
   40% done       (0.003818, 8.8, 0.06, 18.95, 1410, 0.5)
   50% done       (0.003818, 8.8, 0.06, 18.95, 1410, 0.5)
Best fit params obtained.
Begin bootstrap process (10).
Optimization terminated successfully.
         Current function value: -1.750647
         Iterations: 14
         Function evaluations: 39
Optimization terminated successfully.
         Current function value: -1.826551
         Iterations: 14
         Function evaluations: 39
  10% done
Optimization terminated successfully.
         Current function value: -28.029590
         Iterations: 14
         Function evaluations: 41
Optimization terminated successfully.
         Current function value: -12.386498
         Iterations: 15
         Function evaluations: 42
  20% done
Optimization terminated successfully.
         Current function value: -23.921428
         Iterations: 14
         Function evaluations: 41
Optimization terminated successfully.
         Current function value: -15.403432
         Iterations: 15
         Function evaluations: 42
  30% done
Optimization terminated successfully.
         Current function value: -9.710142
         Iterations: 13
         Function evaluations: 38
Optimization terminated successfully.
         Current function value: -3.243183
         Iterations: 15
         Function evaluations: 42
  40% done
Optimization terminated successfully.
         Current function value: -18.612801
         Iterations: 14
         Function evaluations: 41
Optimization terminated successfully.
         Current function value: -8.014604
         Iterations: 14
         Function evaluations: 41
  50% done
Optimization terminated successfully.
         Current function value: -14.412160
         Iterations: 13
         Function evaluations: 38
Optimization terminated successfully.
         Current function value: -0.283241
         Iterations: 13
         Function evaluations: 38
  60% done
Optimization terminated successfully.
         Current function value: -21.384373
         Iterations: 14
         Function evaluations: 39
Optimization terminated successfully.
         Current function value: -29.003248
         Iterations: 14
         Function evaluations: 41
  70% done
Optimization terminated successfully.
         Current function value: -13.525712
         Iterations: 14
         Function evaluations: 39
Optimization terminated successfully.
         Current function value: -5.381922
         Iterations: 13
         Function evaluations: 38
  80% done
Optimization terminated successfully.
         Current function value: -17.747085
         Iterations: 15
         Function evaluations: 42
Optimization terminated successfully.
         Current function value: -1.389928
         Iterations: 14
         Function evaluations: 41
  90% done
Optimization terminated successfully.
         Current function value: -21.417091
         Iterations: 17
         Function evaluations: 47
Optimization terminated successfully.
         Current function value: -11.128526
         Iterations: 15
         Function evaluations: 42
  100% done
Best fit synthetic cluster saved to file.
Cluster's parameters and flags added to output file.
Plots created.
Photometric data file moved.
End of analysis for B39 in 1177m 38s.

Analizing cluster HW47 (semi).
 Set max extinction value: 0.12
Data obtained from input file (N_stars: 5500).
Frame's 2D histogram obtained
Semi center found: (1214.73, 1331.63) px.
Radial density profile (RDP) calculated.
Field density calculated (1.2E-03 stars/px^2).
Auto radius found: 144.314 px.
Tidal radius obtained: 458.446 px.
Stars accepted/rejected based on their errors.
Stars separated in/out of cluster's boundaries.
Area of cluster obtained.
Approximate number of members in cluster obtained (88).
Contamination index obtained (0.47).
Using defined number of field regions (10).
LF and completeness magnitude levels obtained.
Integrated color magnitude distribution obtained (1.52).
Skipping KDE p-value test for cluster.
Applying decontamination algorithm.
  25% done
  MPs converged. Breaking out (306).
Reduced membership function applied.
Membership probabilities saved to file.
Searching for optimal parameters.
Optimization terminated successfully.
         Current function value: -47.827249
         Iterations: 15
         Function evaluations: 43
Optimization terminated successfully.
         Current function value: -54.068485
         Iterations: 15
         Function evaluations: 42
Using Genetic Algorithm (dolphin/knuth).
   10% done       (0.006051, 9, 0.08, 19.2, 1610, 0.5)
   20% done       (0.006051, 9, 0.08, 19.2, 1610, 0.5)
   30% done       (0.006051, 9, 0.08, 19.2, 1610, 0.5)
   40% done       (0.007618, 8.95, 0.1, 19.1, 2410, 0.5)
   50% done       (0.007618, 8.95, 0.1, 19.1, 2410, 0.5)
   60% done       (0.007618, 8.95, 0.1, 19.1, 2410, 0.5)
   70% done       (0.007618, 8.95, 0.1, 19.1, 2410, 0.5)
   80% done       (0.007618, 8.95, 0.1, 19.1, 2410, 0.5)
Best fit params obtained.
Begin bootstrap process (10).
Optimization terminated successfully.
         Current function value: -28.957921
         Iterations: 13
         Function evaluations: 38
Optimization terminated successfully.
         Current function value: -27.952483
         Iterations: 14
         Function evaluations: 39
  10% done
Optimization terminated successfully.
         Current function value: -43.449785
         Iterations: 15
         Function evaluations: 42
Optimization terminated successfully.
         Current function value: -23.943436
         Iterations: 14
         Function evaluations: 39
  20% done
Optimization terminated successfully.
         Current function value: -58.315037
         Iterations: 15
         Function evaluations: 43
Optimization terminated successfully.
         Current function value: -77.858667
         Iterations: 16
         Function evaluations: 45
  30% done
Optimization terminated successfully.
         Current function value: -63.832568
         Iterations: 15
         Function evaluations: 44
Optimization terminated successfully.
         Current function value: -70.082984
         Iterations: 16
         Function evaluations: 45
  40% done
Optimization terminated successfully.
         Current function value: -41.896329
         Iterations: 14
         Function evaluations: 41
Optimization terminated successfully.
         Current function value: -60.301327
         Iterations: 16
         Function evaluations: 45
  50% done
Optimization terminated successfully.
         Current function value: -53.423040
         Iterations: 15
         Function evaluations: 43
Optimization terminated successfully.
         Current function value: -53.014824
         Iterations: 16
         Function evaluations: 44
  60% done
Optimization terminated successfully.
         Current function value: -58.931399
         Iterations: 16
         Function evaluations: 44
Optimization terminated successfully.
         Current function value: -60.388746
         Iterations: 14
         Function evaluations: 41
  70% done
Optimization terminated successfully.
         Current function value: -28.164697
         Iterations: 16
         Function evaluations: 44
Optimization terminated successfully.
         Current function value: -51.004359
         Iterations: 15
         Function evaluations: 42
  80% done
Optimization terminated successfully.
         Current function value: -36.215025
         Iterations: 14
         Function evaluations: 41
Optimization terminated successfully.
         Current function value: -26.827719
         Iterations: 14
         Function evaluations: 39
  90% done
Optimization terminated successfully.
         Current function value: -32.189195
         Iterations: 15
         Function evaluations: 42
Optimization terminated successfully.
         Current function value: -39.590413
         Iterations: 14
         Function evaluations: 39
  100% done
Best fit synthetic cluster saved to file.
Cluster's parameters and flags added to output file.
Top tier models saved to file and plotted.
Plots created.
Photometric data file moved.
End of analysis for HW47 in 1812m 30s.

Analizing cluster HW67 (semi).
 Set max extinction value: 0.12
Data obtained from input file (N_stars: 15326).
Frame's 2D histogram obtained
Semi center found: (3805.63, 4791.74) px.
Radial density profile (RDP) calculated.
Field density calculated (1.2E-03 stars/px^2).
Auto radius found: 207.565 px.
Tidal radius obtained: 425.913 px.
Stars accepted/rejected based on their errors.
Stars separated in/out of cluster's boundaries.
Area of cluster obtained.
Approximate number of members in cluster obtained (126).
Contamination index obtained (0.57).
Using defined number of field regions (10).
LF and completeness magnitude levels obtained.
Integrated color magnitude distribution obtained (1.14).
Skipping KDE p-value test for cluster.
Applying decontamination algorithm.
  25% done
  MPs converged. Breaking out (323).
Reduced membership function applied.
Membership probabilities saved to file.
Searching for optimal parameters.
Optimization terminated successfully.
         Current function value: -102.123159
         Iterations: 17
         Function evaluations: 47
Optimization terminated successfully.
         Current function value: -71.645750
         Iterations: 15
         Function evaluations: 42
Using Genetic Algorithm (dolphin/knuth).
   10% done       (0.003033, 8.9, 0.06, 18.95, 810, 0.5)
   20% done       (0.003033, 8.9, 0.06, 18.95, 810, 0.5)
   30% done       (0.003033, 8.9, 0.06, 18.95, 810, 0.5)
   40% done       (0.003033, 8.9, 0.06, 18.95, 810, 0.5)
   50% done       (0.003033, 8.9, 0.06, 18.95, 810, 0.5)
   60% done       (0.003818, 8.9, 0.04, 19.05, 2210, 0.5)
   70% done       (0.003818, 8.9, 0.04, 19.05, 2210, 0.5)
   80% done       (0.003033, 8.95, 0.04, 19.1, 1210, 0.5)
   90% done       (0.003818, 8.95, 0, 19, 1210, 0.5)
  100% done       (0.003818, 8.95, 0, 19, 1210, 0.5)
Best fit params obtained.
Begin bootstrap process (10).
Optimization terminated successfully.
         Current function value: -116.160326
         Iterations: 15
         Function evaluations: 43
Optimization terminated successfully.
         Current function value: -72.115142
         Iterations: 15
         Function evaluations: 41
  10% done
Optimization terminated successfully.
         Current function value: -105.100883
         Iterations: 15
         Function evaluations: 43
Optimization terminated successfully.
         Current function value: -68.624325
         Iterations: 15
         Function evaluations: 41
  20% done
Optimization terminated successfully.
         Current function value: -123.220993
         Iterations: 16
         Function evaluations: 45
Optimization terminated successfully.
         Current function value: -73.096758
         Iterations: 15
         Function evaluations: 42
  30% done
Optimization terminated successfully.
         Current function value: -116.058982
         Iterations: 15
         Function evaluations: 43
Optimization terminated successfully.
         Current function value: -47.445014
         Iterations: 15
         Function evaluations: 42
  40% done
Optimization terminated successfully.
         Current function value: -106.077634
         Iterations: 15
         Function evaluations: 43
Optimization terminated successfully.
         Current function value: -62.161658
         Iterations: 15
         Function evaluations: 42
  50% done
Optimization terminated successfully.
         Current function value: -117.037272
         Iterations: 15
         Function evaluations: 43
Optimization terminated successfully.
         Current function value: -95.878970
         Iterations: 16
         Function evaluations: 45
  60% done
Optimization terminated successfully.
         Current function value: -93.613318
         Iterations: 16
         Function evaluations: 45
Optimization terminated successfully.
         Current function value: -74.419973
         Iterations: 14
         Function evaluations: 41
  70% done
Optimization terminated successfully.
         Current function value: -55.506511
         Iterations: 14
         Function evaluations: 41
Optimization terminated successfully.
         Current function value: -55.676524
         Iterations: 14
         Function evaluations: 41
  80% done
Optimization terminated successfully.
         Current function value: -104.305856
         Iterations: 16
         Function evaluations: 44
Optimization terminated successfully.
         Current function value: -73.922993
         Iterations: 15
         Function evaluations: 41
  90% done
Optimization terminated successfully.
         Current function value: -119.597084
         Iterations: 16
         Function evaluations: 45
Optimization terminated successfully.
         Current function value: -83.755464
         Iterations: 14
         Function evaluations: 41
  100% done
Best fit synthetic cluster saved to file.
Cluster's parameters and flags added to output file.
Top tier models saved to file and plotted.
Plots created.
Photometric data file moved.
End of analysis for HW67 in 1361m 54s.

Full iteration completed in 4352m 8s.
