

-------------------------------------------
            ASteCA v0.1.9-beta
-------------------------------------------

PARSEC v1.1 theoretical isochrones read,
interpolated and stored:
  23 metallicity values (z),
  83 age values (per z),
  21 reddening values,
  9 distance values,
  51 mass values,
  1 binary fraction values.
  = 1.8e+07 approx total models.
Full check done.

(Force matplotlib to not use any Xwindows backend)

Analizing cluster NGC419 (semi).
 Set max extinction value: 0.2
Data obtained from input file (N_stars: 102649).
Frame's 2D histogram obtained
Semi center found: (7027.68, 1898.69) px.
Radial density profile (RDP) calculated.
Field density calculated (9.1E-03 stars/px^2).
Auto radius found: 455.921 px.
Tidal radius obtained: 1230.71 px.
Stars accepted/rejected based on their errors.
Stars separated in/out of cluster's boundaries.
Area of cluster obtained.
Approximate number of members in cluster obtained (2315).
Contamination index obtained (0.72).
Using defined number of field regions (10).
LF and completeness magnitude levels obtained.
Integrated color magnitude distribution obtained (1.37).
Skipping KDE p-value test for cluster.
Applying decontamination algorithm.
  25% done
  50% done
  MPs converged. Breaking out (650).
Reduced membership function applied.
Membership probabilities saved to file.
Searching for optimal parameters.
Optimization terminated successfully.
         Current function value: -2855.380293
         Iterations: 19
         Function evaluations: 51
Optimization terminated successfully.
         Current function value: -1504.280683
         Iterations: 16
         Function evaluations: 44
Using Genetic Algorithm (dolphin/knuth).
   10% done       (0.012074, 9, 0.02, 18.9, 10000, 0.5)
   20% done       (0.012074, 9, 0.02, 18.9, 10000, 0.5)
   30% done       (0.012074, 9, 0.02, 18.9, 10000, 0.5)
   40% done       (0.012074, 9, 0.02, 18.9, 10000, 0.5)
   50% done       (0.012074, 9, 0.02, 18.9, 10000, 0.5)
Best fit params obtained.
Begin bootstrap process (10).
Optimization terminated successfully.
         Current function value: -2370.146494
         Iterations: 17
         Function evaluations: 48
Optimization terminated successfully.
         Current function value: -1577.235149
         Iterations: 15
         Function evaluations: 42
  10% done
Optimization terminated successfully.
         Current function value: -2765.348097
         Iterations: 18
         Function evaluations: 51
Optimization terminated successfully.
         Current function value: -1090.433254
         Iterations: 15
         Function evaluations: 44
  20% done
Optimization terminated successfully.
         Current function value: -2841.077426
         Iterations: 16
         Function evaluations: 46
Optimization terminated successfully.
         Current function value: -1534.045446
         Iterations: 15
         Function evaluations: 43
  30% done
Optimization terminated successfully.
         Current function value: -2938.502140
         Iterations: 18
         Function evaluations: 50
Optimization terminated successfully.
         Current function value: -1333.282802
         Iterations: 15
         Function evaluations: 43
  40% done
Optimization terminated successfully.
         Current function value: -2924.008776
         Iterations: 17
         Function evaluations: 48
Optimization terminated successfully.
         Current function value: -1448.709707
         Iterations: 15
         Function evaluations: 43
  50% done
Optimization terminated successfully.
         Current function value: -2853.521914
         Iterations: 17
         Function evaluations: 47
Optimization terminated successfully.
         Current function value: -1170.589870
         Iterations: 15
         Function evaluations: 43
  60% done
Optimization terminated successfully.
         Current function value: -2594.922794
         Iterations: 16
         Function evaluations: 47
Optimization terminated successfully.
         Current function value: -1426.250996
         Iterations: 15
         Function evaluations: 43
  70% done
Optimization terminated successfully.
         Current function value: -2926.699008
         Iterations: 17
         Function evaluations: 48
Optimization terminated successfully.
         Current function value: -1544.668810
         Iterations: 17
         Function evaluations: 47
  80% done
Optimization terminated successfully.
         Current function value: -2767.278854
         Iterations: 16
         Function evaluations: 45
Optimization terminated successfully.
         Current function value: -1471.949198
         Iterations: 16
         Function evaluations: 44
  90% done
Optimization terminated successfully.
         Current function value: -2918.815039
         Iterations: 16
         Function evaluations: 45
Optimization terminated successfully.
         Current function value: -1463.622666
         Iterations: 15
         Function evaluations: 43
  100% done
Best fit synthetic cluster saved to file.
Cluster's parameters and flags added to output file.
Top tier models saved to file and plotted.
Plots created.
Photometric data file moved.
End of analysis for NGC419 in 3002m 34s.

Full iteration completed in 3002m 41s.
