

-------------------------------------------
            ASteCA v0.1.9-beta
-------------------------------------------

PARSEC v1.1 theoretical isochrones read,
interpolated and stored:
  23 metallicity values (z),
  83 age values (per z),
  21 reddening values,
  9 distance values,
  51 mass values,
  1 binary fraction values.
  = 1.8e+07 approx total models.
Full check done.

(Force matplotlib to not use any Xwindows backend)

Analizing cluster HW84 (semi).
 Set max extinction value: 0.12
Data obtained from input file (N_stars: 181).
  WARNING: 69% of stars in file were rejected.
Frame's 2D histogram obtained
Semi center found: (1469.59, 1361.96) px.
Radial density profile (RDP) calculated.
Field density calculated (3.1E-04 stars/px^2).
Auto radius found: 25.3713 px.
  WARNING: tidal radius could not be obtained.
Semi: using method selected: emax.
Stars accepted/rejected based on their errors.
  WARNING: less than 10 stars present in cluster region.
Area of cluster obtained.
Approximate number of members in cluster obtained (10).
Contamination index obtained (0.06).
Using defined number of field regions (10).
  8 field regions with less than 4 stars each were removed.
LF and completeness magnitude levels obtained.
Integrated color magnitude distribution obtained (-0.44).
Skipping KDE p-value test for cluster.
Applying decontamination algorithm.
  MPs converged. Breaking out (247).
  WARNING: less than 10 stars left after reducing
  by 'local' method. Using full list.
Reduced membership function applied.
Membership probabilities saved to file.
Searching for optimal parameters.
Optimization terminated successfully.
         Current function value: -2.088295
         Iterations: 14
         Function evaluations: 41
Optimization terminated successfully.
         Current function value: 1.204384
         Iterations: 13
         Function evaluations: 36
Using Genetic Algorithm (dolphin/knuth).
   10% done       (0.003818, 9, 0.04, 19.05, 1210, 0.5)
   20% done       (0.003818, 9, 0.04, 19.05, 1210, 0.5)
   30% done       (0.0152, 8.8, 0.08, 19.1, 6210, 0.5)
   40% done       (0.0152, 8.8, 0.08, 19.1, 6210, 0.5)
   50% done       (0.0152, 8.8, 0.08, 19.1, 6210, 0.5)
   60% done       (0.0152, 8.75, 0.06, 19.05, 1210, 0.5)
   70% done       (0.0152, 8.75, 0.06, 19.05, 1210, 0.5)
   80% done       (0.0152, 8.75, 0.06, 19.05, 1210, 0.5)
   90% done       (0.0152, 8.75, 0.06, 19.05, 1210, 0.5)
  100% done       (0.0152, 8.75, 0.06, 19.05, 1210, 0.5)
Best fit params obtained.
Begin bootstrap process (10).
Optimization terminated successfully.
         Current function value: -3.428353
         Iterations: 14
         Function evaluations: 41
Optimization terminated successfully.
         Current function value: -1.992430
         Iterations: 12
         Function evaluations: 35
  10% done
Optimization terminated successfully.
         Current function value: -0.741526
         Iterations: 12
         Function evaluations: 35
Optimization terminated successfully.
         Current function value: -0.741526
         Iterations: 12
         Function evaluations: 35
  20% done
Optimization terminated successfully.
         Current function value: -4.005655
         Iterations: 18
         Function evaluations: 49
Optimization terminated successfully.
         Current function value: -0.105361
         Iterations: 12
         Function evaluations: 35
  30% done
Optimization terminated successfully.
         Current function value: 0.616598
         Iterations: 12
         Function evaluations: 35
Optimization terminated successfully.
         Current function value: -0.693147
         Iterations: 12
         Function evaluations: 35
  40% done
Optimization terminated successfully.
         Current function value: -0.000000
         Iterations: 12
         Function evaluations: 33
Optimization terminated successfully.
         Current function value: 0.717092
         Iterations: 13
         Function evaluations: 38
  50% done
Optimization terminated successfully.
         Current function value: -4.088549
         Iterations: 15
         Function evaluations: 43
Optimization terminated successfully.
         Current function value: 0.256910
         Iterations: 13
         Function evaluations: 36
  60% done
Optimization terminated successfully.
         Current function value: 1.296682
         Iterations: 13
         Function evaluations: 36
Optimization terminated successfully.
         Current function value: 1.296682
         Iterations: 13
         Function evaluations: 36
  70% done
Optimization terminated successfully.
         Current function value: -0.000000
         Iterations: 12
         Function evaluations: 33
Optimization terminated successfully.
         Current function value: -0.992840
         Iterations: 12
         Function evaluations: 35
  80% done
Optimization terminated successfully.
         Current function value: -2.741817
         Iterations: 13
         Function evaluations: 38
Optimization terminated successfully.
         Current function value: 1.204384
         Iterations: 12
         Function evaluations: 35
  90% done
Optimization terminated successfully.
         Current function value: -0.682685
         Iterations: 12
         Function evaluations: 35
Optimization terminated successfully.
         Current function value: -0.000000
         Iterations: 12
         Function evaluations: 33
  100% done
Best fit synthetic cluster saved to file.
Cluster's parameters and flags added to output file.
Top tier models saved to file and plotted.
Plots created.
Photometric data file moved.
End of analysis for HW84 in 1423m 47s.

Analizing cluster HW85 (semi).
 Set max extinction value: 0.12
Data obtained from input file (N_stars: 143).
  WARNING: 71% of stars in file were rejected.
Frame's 2D histogram obtained
Semi center found: (506.24, 838.6) px.
Radial density profile (RDP) calculated.
Field density calculated (3.1E-04 stars/px^2).
Auto radius found: 37.1997 px.
Tidal radius obtained: 86.9521 px.
Semi: using method selected: emax.
Stars accepted/rejected based on their errors.
Stars separated in/out of cluster's boundaries.
Area of cluster obtained.
Approximate number of members in cluster obtained (20).
Contamination index obtained (0.06).
Using defined number of field regions (10).
  9 field regions with less than 4 stars each were removed.
LF and completeness magnitude levels obtained.
Integrated color magnitude distribution obtained (1.09).
Skipping KDE p-value test for cluster.
Applying decontamination algorithm.
  MPs converged. Breaking out (225).
Reduced membership function applied.
Membership probabilities saved to file.
Searching for optimal parameters.
Optimization terminated successfully.
         Current function value: 0.214341
         Iterations: 13
         Function evaluations: 36
Optimization terminated successfully.
         Current function value: -2.484907
         Iterations: 12
         Function evaluations: 35
Using Genetic Algorithm (dolphin/knuth).
   10% done       (0.002409, 8.8, 0.12, 18.8, 1210, 0.5)
   20% done       (0.002409, 8.8, 0.12, 18.8, 1210, 0.5)
   30% done       (0.002409, 8.8, 0.12, 18.8, 1210, 0.5)
   40% done       (0.002409, 8.8, 0.12, 18.8, 1210, 0.5)
   50% done       (0.002409, 8.8, 0.12, 18.8, 1210, 0.5)
   60% done       (0.002409, 8.8, 0.12, 18.8, 1210, 0.5)
Best fit params obtained.
Begin bootstrap process (10).
Optimization terminated successfully.
         Current function value: 0.047287
         Iterations: 12
         Function evaluations: 35
Optimization terminated successfully.
         Current function value: -2.484907
         Iterations: 12
         Function evaluations: 35
  10% done
Optimization terminated successfully.
         Current function value: -2.660763
         Iterations: 12
         Function evaluations: 35
Optimization terminated successfully.
         Current function value: -2.484907
         Iterations: 12
         Function evaluations: 35
  20% done
Optimization terminated successfully.
         Current function value: 0.214341
         Iterations: 12
         Function evaluations: 35
Optimization terminated successfully.
         Current function value: -2.484907
         Iterations: 12
         Function evaluations: 35
  30% done
Optimization terminated successfully.
         Current function value: -1.741016
         Iterations: 13
         Function evaluations: 38
Optimization terminated successfully.
         Current function value: -3.296752
         Iterations: 12
         Function evaluations: 35
  40% done
Optimization terminated successfully.
         Current function value: -0.463538
         Iterations: 13
         Function evaluations: 36
Optimization terminated successfully.
         Current function value: -2.484907
         Iterations: 14
         Function evaluations: 39
  50% done
Optimization terminated successfully.
         Current function value: 0.047287
         Iterations: 12
         Function evaluations: 35
Optimization terminated successfully.
         Current function value: -2.660763
         Iterations: 12
         Function evaluations: 35
  60% done
Optimization terminated successfully.
         Current function value: 0.214341
         Iterations: 12
         Function evaluations: 35
Optimization terminated successfully.
         Current function value: -2.484907
         Iterations: 12
         Function evaluations: 35
  70% done
Optimization terminated successfully.
         Current function value: -0.463538
         Iterations: 13
         Function evaluations: 36
Optimization terminated successfully.
         Current function value: -2.484907
         Iterations: 12
         Function evaluations: 35
  80% done
Optimization terminated successfully.
         Current function value: 0.047287
         Iterations: 13
         Function evaluations: 36
Optimization terminated successfully.
         Current function value: -2.995732
         Iterations: 12
         Function evaluations: 35
  90% done
Optimization terminated successfully.
         Current function value: 0.047287
         Iterations: 12
         Function evaluations: 35
Optimization terminated successfully.
         Current function value: -2.484907
         Iterations: 12
         Function evaluations: 35
  100% done
Best fit synthetic cluster saved to file.
Cluster's parameters and flags added to output file.
Plots created.
Photometric data file moved.
End of analysis for HW85 in 1338m 38s.

Full iteration completed in 2762m 36s.
